[0.007s] Invoking command in '/home/rohamzn/ros2_test_ws/build/bag_recorder_nodes': CMAKE_PREFIX_PATH=/opt/ros/humble CONDA_PROMPT_MODIFIER=(base) /home/rohamzn/.local/bin/cmake --build /home/rohamzn/ros2_test_ws/build/bag_recorder_nodes -- -j20 -l20
[0.028s] -- Found ament_cmake: 1.3.5 (/opt/ros/humble/share/ament_cmake/cmake)
[0.154s] -- Found example_interfaces: 0.9.3 (/opt/ros/humble/share/example_interfaces/cmake)
[0.170s] -- Found rosidl_generator_c: 3.1.5 (/opt/ros/humble/share/rosidl_generator_c/cmake)
[0.172s] -- Found rosidl_adapter: 3.1.5 (/opt/ros/humble/share/rosidl_adapter/cmake)
[0.176s] -- Found rosidl_generator_cpp: 3.1.5 (/opt/ros/humble/share/rosidl_generator_cpp/cmake)
[0.183s] -- Using all available rosidl_typesupport_c: rosidl_typesupport_fastrtps_c;rosidl_typesupport_introspection_c
[0.194s] -- Using all available rosidl_typesupport_cpp: rosidl_typesupport_fastrtps_cpp;rosidl_typesupport_introspection_cpp
[0.285s] -- Found rclcpp: 16.0.5 (/opt/ros/humble/share/rclcpp/cmake)
[0.315s] -- Found rmw_implementation_cmake: 6.1.1 (/opt/ros/humble/share/rmw_implementation_cmake/cmake)
[0.316s] -- Found rmw_cyclonedds_cpp: 1.3.4 (/opt/ros/humble/share/rmw_cyclonedds_cpp/cmake)
[0.335s] -- Using RMW implementation 'rmw_cyclonedds_cpp' as default
[0.432s] -- Found rosbag2_cpp: 0.15.7 (/opt/ros/humble/share/rosbag2_cpp/cmake)
[0.452s] -- Found ament_lint_auto: 0.12.7 (/opt/ros/humble/share/ament_lint_auto/cmake)
[0.501s] -- Added test 'cppcheck' to perform static code analysis on C / C++ code
[0.501s] -- Configured cppcheck include dirs: 
[0.501s] -- Configured cppcheck exclude dirs and/or files: 
[0.501s] -- Added test 'lint_cmake' to check CMake code style
[0.502s] -- Added test 'uncrustify' to check C / C++ code style
[0.502s] -- Configured uncrustify additional arguments: 
[0.502s] -- Added test 'xmllint' to check XML markup files
[0.502s] -- Configuring done (0.5s)
[0.511s] [33mCMake Warning at CMakeLists.txt:20 (add_executable):
[0.511s]   Cannot generate a safe runtime search path for target simple_bag_recorder
[0.511s]   because files in some directories may conflict with libraries in implicit
[0.511s]   directories:
[0.511s] 
[0.511s]     runtime library [libpython3.10.so.1.0] in /usr/lib/x86_64-linux-gnu may be hidden by files in:
[0.511s]       /home/rohamzn/anaconda3/lib
[0.511s] 
[0.511s]   Some of these libraries may not be found correctly.
[0.511s] 
[0.511s] [0m
[0.513s] [33mCMake Warning at CMakeLists.txt:22 (add_executable):
[0.513s]   Cannot generate a safe runtime search path for target data_generator_node
[0.513s]   because files in some directories may conflict with libraries in implicit
[0.513s]   directories:
[0.513s] 
[0.513s]     runtime library [libpython3.10.so.1.0] in /usr/lib/x86_64-linux-gnu may be hidden by files in:
[0.513s]       /home/rohamzn/anaconda3/lib
[0.513s] 
[0.513s]   Some of these libraries may not be found correctly.
[0.513s] 
[0.513s] [0m
[0.514s] -- Generating done (0.0s)
[0.515s] -- Build files have been written to: /home/rohamzn/ros2_test_ws/build/bag_recorder_nodes
[0.526s] [ 25%] [32mBuilding CXX object CMakeFiles/data_generator_node.dir/src/data_generator_node.cpp.o[0m
[0.531s] [ 75%] Built target simple_bag_recorder
[2.195s] [100%] [32m[1mLinking CXX executable data_generator_node[0m
[2.286s] [100%] Built target data_generator_node
[2.291s] Invoked command in '/home/rohamzn/ros2_test_ws/build/bag_recorder_nodes' returned '0': CMAKE_PREFIX_PATH=/opt/ros/humble CONDA_PROMPT_MODIFIER=(base) /home/rohamzn/.local/bin/cmake --build /home/rohamzn/ros2_test_ws/build/bag_recorder_nodes -- -j20 -l20
[2.335s] Invoking command in '/home/rohamzn/ros2_test_ws/build/bag_recorder_nodes': CMAKE_PREFIX_PATH=/opt/ros/humble CONDA_PROMPT_MODIFIER=(base) /home/rohamzn/.local/bin/cmake --install /home/rohamzn/ros2_test_ws/build/bag_recorder_nodes
[2.349s] -- Install configuration: ""
[2.350s] -- Up-to-date: /home/rohamzn/ros2_test_ws/install/bag_recorder_nodes/lib/bag_recorder_nodes/simple_bag_recorder
[2.350s] -- Installing: /home/rohamzn/ros2_test_ws/install/bag_recorder_nodes/lib/bag_recorder_nodes/data_generator_node
[2.350s] -- Set runtime path of "/home/rohamzn/ros2_test_ws/install/bag_recorder_nodes/lib/bag_recorder_nodes/data_generator_node" to ""
[2.350s] -- Up-to-date: /home/rohamzn/ros2_test_ws/install/bag_recorder_nodes/share/ament_index/resource_index/package_run_dependencies/bag_recorder_nodes
[2.350s] -- Up-to-date: /home/rohamzn/ros2_test_ws/install/bag_recorder_nodes/share/ament_index/resource_index/parent_prefix_path/bag_recorder_nodes
[2.350s] -- Up-to-date: /home/rohamzn/ros2_test_ws/install/bag_recorder_nodes/share/bag_recorder_nodes/environment/ament_prefix_path.sh
[2.350s] -- Installing: /home/rohamzn/ros2_test_ws/install/bag_recorder_nodes/share/bag_recorder_nodes/environment/ament_prefix_path.dsv
[2.350s] -- Up-to-date: /home/rohamzn/ros2_test_ws/install/bag_recorder_nodes/share/bag_recorder_nodes/environment/path.sh
[2.350s] -- Installing: /home/rohamzn/ros2_test_ws/install/bag_recorder_nodes/share/bag_recorder_nodes/environment/path.dsv
[2.350s] -- Up-to-date: /home/rohamzn/ros2_test_ws/install/bag_recorder_nodes/share/bag_recorder_nodes/local_setup.bash
[2.350s] -- Up-to-date: /home/rohamzn/ros2_test_ws/install/bag_recorder_nodes/share/bag_recorder_nodes/local_setup.sh
[2.351s] -- Up-to-date: /home/rohamzn/ros2_test_ws/install/bag_recorder_nodes/share/bag_recorder_nodes/local_setup.zsh
[2.351s] -- Installing: /home/rohamzn/ros2_test_ws/install/bag_recorder_nodes/share/bag_recorder_nodes/local_setup.dsv
[2.351s] -- Installing: /home/rohamzn/ros2_test_ws/install/bag_recorder_nodes/share/bag_recorder_nodes/package.dsv
[2.351s] -- Up-to-date: /home/rohamzn/ros2_test_ws/install/bag_recorder_nodes/share/ament_index/resource_index/packages/bag_recorder_nodes
[2.351s] -- Up-to-date: /home/rohamzn/ros2_test_ws/install/bag_recorder_nodes/share/bag_recorder_nodes/cmake/bag_recorder_nodesConfig.cmake
[2.351s] -- Up-to-date: /home/rohamzn/ros2_test_ws/install/bag_recorder_nodes/share/bag_recorder_nodes/cmake/bag_recorder_nodesConfig-version.cmake
[2.351s] -- Up-to-date: /home/rohamzn/ros2_test_ws/install/bag_recorder_nodes/share/bag_recorder_nodes/package.xml
[2.355s] Invoked command in '/home/rohamzn/ros2_test_ws/build/bag_recorder_nodes' returned '0': CMAKE_PREFIX_PATH=/opt/ros/humble CONDA_PROMPT_MODIFIER=(base) /home/rohamzn/.local/bin/cmake --install /home/rohamzn/ros2_test_ws/build/bag_recorder_nodes
