[0.046s] Invoking command in '/home/rohamzn/ros2_test_ws/build/cpp_launch_example': CMAKE_PREFIX_PATH=${CMAKE_PREFIX_PATH}:/home/rohamzn/ros2_test_ws/install/py_launch_example:/opt/ros/humble CONDA_PROMPT_MODIFIER=(base) /home/rohamzn/.local/bin/cmake --build /home/rohamzn/ros2_test_ws/build/cpp_launch_example -- -j20 -l20
[0.395s] Invoked command in '/home/rohamzn/ros2_test_ws/build/cpp_launch_example' returned '0': CMAKE_PREFIX_PATH=${CMAKE_PREFIX_PATH}:/home/rohamzn/ros2_test_ws/install/py_launch_example:/opt/ros/humble CONDA_PROMPT_MODIFIER=(base) /home/rohamzn/.local/bin/cmake --build /home/rohamzn/ros2_test_ws/build/cpp_launch_example -- -j20 -l20
[0.456s] Invoking command in '/home/rohamzn/ros2_test_ws/build/cpp_launch_example': CMAKE_PREFIX_PATH=${CMAKE_PREFIX_PATH}:/home/rohamzn/ros2_test_ws/install/py_launch_example:/opt/ros/humble CONDA_PROMPT_MODIFIER=(base) /home/rohamzn/.local/bin/cmake --install /home/rohamzn/ros2_test_ws/build/cpp_launch_example
[0.478s] -- Install configuration: ""
[0.478s] -- Up-to-date: /home/rohamzn/ros2_test_ws/install/cpp_launch_example/share/cpp_launch_example//launch
[0.479s] -- Up-to-date: /home/rohamzn/ros2_test_ws/install/cpp_launch_example/share/cpp_launch_example//launch/my_script_launch.xml
[0.479s] -- Up-to-date: /home/rohamzn/ros2_test_ws/install/cpp_launch_example/share/ament_index/resource_index/package_run_dependencies/cpp_launch_example
[0.479s] -- Up-to-date: /home/rohamzn/ros2_test_ws/install/cpp_launch_example/share/ament_index/resource_index/parent_prefix_path/cpp_launch_example
[0.480s] -- Up-to-date: /home/rohamzn/ros2_test_ws/install/cpp_launch_example/share/cpp_launch_example/environment/ament_prefix_path.sh
[0.480s] -- Up-to-date: /home/rohamzn/ros2_test_ws/install/cpp_launch_example/share/cpp_launch_example/environment/ament_prefix_path.dsv
[0.480s] -- Up-to-date: /home/rohamzn/ros2_test_ws/install/cpp_launch_example/share/cpp_launch_example/environment/path.sh
[0.480s] -- Up-to-date: /home/rohamzn/ros2_test_ws/install/cpp_launch_example/share/cpp_launch_example/environment/path.dsv
[0.480s] -- Up-to-date: /home/rohamzn/ros2_test_ws/install/cpp_launch_example/share/cpp_launch_example/local_setup.bash
[0.480s] -- Up-to-date: /home/rohamzn/ros2_test_ws/install/cpp_launch_example/share/cpp_launch_example/local_setup.sh
[0.480s] -- Up-to-date: /home/rohamzn/ros2_test_ws/install/cpp_launch_example/share/cpp_launch_example/local_setup.zsh
[0.480s] -- Up-to-date: /home/rohamzn/ros2_test_ws/install/cpp_launch_example/share/cpp_launch_example/local_setup.dsv
[0.480s] -- Up-to-date: /home/rohamzn/ros2_test_ws/install/cpp_launch_example/share/cpp_launch_example/package.dsv
[0.480s] -- Up-to-date: /home/rohamzn/ros2_test_ws/install/cpp_launch_example/share/ament_index/resource_index/packages/cpp_launch_example
[0.481s] -- Up-to-date: /home/rohamzn/ros2_test_ws/install/cpp_launch_example/share/cpp_launch_example/cmake/cpp_launch_exampleConfig.cmake
[0.481s] -- Up-to-date: /home/rohamzn/ros2_test_ws/install/cpp_launch_example/share/cpp_launch_example/cmake/cpp_launch_exampleConfig-version.cmake
[0.481s] -- Up-to-date: /home/rohamzn/ros2_test_ws/install/cpp_launch_example/share/cpp_launch_example/package.xml
[0.486s] Invoked command in '/home/rohamzn/ros2_test_ws/build/cpp_launch_example' returned '0': CMAKE_PREFIX_PATH=${CMAKE_PREFIX_PATH}:/home/rohamzn/ros2_test_ws/install/py_launch_example:/opt/ros/humble CONDA_PROMPT_MODIFIER=(base) /home/rohamzn/.local/bin/cmake --install /home/rohamzn/ros2_test_ws/build/cpp_launch_example
