[0.026s] Invoking command in '/home/rohamzn/ros2_test_ws/build/action_tutorials_interfaces': CMAKE_PREFIX_PATH=/opt/ros/humble CONDA_PROMPT_MODIFIER=(base) /home/rohamzn/.local/bin/cmake /home/rohamzn/ros2_test_ws/src/action_tutorials_interfaces -DCMAKE_INSTALL_PREFIX=/home/rohamzn/ros2_test_ws/install/action_tutorials_interfaces
[0.134s] -- The C compiler identification is GNU 13.1.0
[0.200s] -- The CXX compiler identification is GNU 11.4.0
[0.213s] -- Detecting C compiler ABI info
[0.254s] -- Detecting C compiler ABI info - done
[0.263s] -- Check for working C compiler: /home/rohamzn/anaconda3/bin/cc - skipped
[0.264s] -- Detecting C compile features
[0.264s] -- Detecting C compile features - done
[0.270s] -- Detecting CXX compiler ABI info
[0.316s] -- Detecting CXX compiler ABI info - done
[0.325s] -- Check for working CXX compiler: /usr/bin/c++ - skipped
[0.325s] -- Detecting CXX compile features
[0.325s] -- Detecting CXX compile features - done
[0.327s] -- Found ament_cmake: 1.3.5 (/opt/ros/humble/share/ament_cmake/cmake)
[0.741s] -- Found Python3: /home/rohamzn/anaconda3/bin/python3.10 (found version "3.10.6") found components: Interpreter 
[0.793s] -- Found rosidl_default_generators: 1.2.0 (/opt/ros/humble/share/rosidl_default_generators/cmake)
[0.794s] -- Using all available rosidl_typesupport_c: rosidl_typesupport_fastrtps_c;rosidl_typesupport_introspection_c
[0.798s] -- Found rosidl_adapter: 3.1.5 (/opt/ros/humble/share/rosidl_adapter/cmake)
[0.824s] -- Using all available rosidl_typesupport_cpp: rosidl_typesupport_fastrtps_cpp;rosidl_typesupport_introspection_cpp
[1.167s] -- Found ament_cmake_ros: 0.10.0 (/opt/ros/humble/share/ament_cmake_ros/cmake)
[1.426s] -- Using all available rosidl_typesupport_c: rosidl_typesupport_fastrtps_c;rosidl_typesupport_introspection_c
[1.769s] -- Using all available rosidl_typesupport_cpp: rosidl_typesupport_fastrtps_cpp;rosidl_typesupport_introspection_cpp
[1.771s] [33mCMake Warning (dev) at /opt/ros/humble/share/rosidl_generator_py/cmake/rosidl_generator_py_generate_interfaces.cmake:20 (find_package):
[1.771s]   Policy CMP0148 is not set: The FindPythonInterp and FindPythonLibs modules
[1.771s]   are removed.  Run "cmake --help-policy CMP0148" for policy details.  Use
[1.771s]   the cmake_policy command to set the policy and suppress this warning.
[1.772s] 
[1.772s] Call Stack (most recent call first):
[1.772s]   /opt/ros/humble/share/ament_cmake_core/cmake/core/ament_execute_extensions.cmake:48 (include)
[1.772s]   /opt/ros/humble/share/rosidl_cmake/cmake/rosidl_generate_interfaces.cmake:286 (ament_execute_extensions)
[1.772s]   CMakeLists.txt:16 (rosidl_generate_interfaces)
[1.772s] This warning is for project developers.  Use -Wno-dev to suppress it.
[1.772s] [0m
[1.785s] -- Found PythonInterp: /home/rohamzn/anaconda3/bin/python3 (found suitable version "3.10.6", minimum required is "3.6") 
[1.786s] -- Found python_cmake_module: 0.10.0 (/opt/ros/humble/share/python_cmake_module/cmake)
[1.787s] [33mCMake Warning (dev) at /opt/ros/humble/share/python_cmake_module/cmake/Modules/FindPythonExtra.cmake:52 (find_package):
[1.787s]   Policy CMP0148 is not set: The FindPythonInterp and FindPythonLibs modules
[1.787s]   are removed.  Run "cmake --help-policy CMP0148" for policy details.  Use
[1.787s]   the cmake_policy command to set the policy and suppress this warning.
[1.787s] 
[1.787s] Call Stack (most recent call first):
[1.787s]   /opt/ros/humble/share/rosidl_generator_py/cmake/rosidl_generator_py_generate_interfaces.cmake:23 (find_package)
[1.787s]   /opt/ros/humble/share/ament_cmake_core/cmake/core/ament_execute_extensions.cmake:48 (include)
[1.787s]   /opt/ros/humble/share/rosidl_cmake/cmake/rosidl_generate_interfaces.cmake:286 (ament_execute_extensions)
[1.787s]   CMakeLists.txt:16 (rosidl_generate_interfaces)
[1.787s] This warning is for project developers.  Use -Wno-dev to suppress it.
[1.787s] [0m
[1.800s] [33mCMake Warning (dev) at /opt/ros/humble/share/python_cmake_module/cmake/Modules/FindPythonExtra.cmake:140 (find_package):
[1.800s]   Policy CMP0148 is not set: The FindPythonInterp and FindPythonLibs modules
[1.801s]   are removed.  Run "cmake --help-policy CMP0148" for policy details.  Use
[1.801s]   the cmake_policy command to set the policy and suppress this warning.
[1.801s] 
[1.801s] Call Stack (most recent call first):
[1.801s]   /opt/ros/humble/share/rosidl_generator_py/cmake/rosidl_generator_py_generate_interfaces.cmake:23 (find_package)
[1.801s]   /opt/ros/humble/share/ament_cmake_core/cmake/core/ament_execute_extensions.cmake:48 (include)
[1.801s]   /opt/ros/humble/share/rosidl_cmake/cmake/rosidl_generate_interfaces.cmake:286 (ament_execute_extensions)
[1.801s]   CMakeLists.txt:16 (rosidl_generate_interfaces)
[1.801s] This warning is for project developers.  Use -Wno-dev to suppress it.
[1.801s] [0m
[1.804s] -- Found PythonLibs: /home/rohamzn/anaconda3/lib/libpython3.10.so (found suitable version "3.10.6", minimum required is "3.5") 
[1.804s] -- Using PYTHON_EXECUTABLE: /home/rohamzn/anaconda3/bin/python3
[1.804s] -- Using PYTHON_INCLUDE_DIRS: /home/rohamzn/anaconda3/include/python3.10
[1.804s] -- Using PYTHON_LIBRARIES: /home/rohamzn/anaconda3/lib/libpython3.10.so
[1.817s] -- Found PythonExtra: .so  
[1.900s] -- Using numpy include directory: /home/rohamzn/anaconda3/lib/python3.10/site-packages/numpy/core/include
[1.908s] -- Found ament_lint_auto: 0.12.7 (/opt/ros/humble/share/ament_lint_auto/cmake)
[1.918s] -- Added test 'lint_cmake' to check CMake code style
[1.918s] -- Added test 'xmllint' to check XML markup files
[1.920s] -- Configuring done (1.9s)
[1.939s] -- Generating done (0.0s)
[1.940s] -- Build files have been written to: /home/rohamzn/ros2_test_ws/build/action_tutorials_interfaces
[1.947s] Invoked command in '/home/rohamzn/ros2_test_ws/build/action_tutorials_interfaces' returned '0': CMAKE_PREFIX_PATH=/opt/ros/humble CONDA_PROMPT_MODIFIER=(base) /home/rohamzn/.local/bin/cmake /home/rohamzn/ros2_test_ws/src/action_tutorials_interfaces -DCMAKE_INSTALL_PREFIX=/home/rohamzn/ros2_test_ws/install/action_tutorials_interfaces
[1.948s] Invoking command in '/home/rohamzn/ros2_test_ws/build/action_tutorials_interfaces': CMAKE_PREFIX_PATH=/opt/ros/humble CONDA_PROMPT_MODIFIER=(base) /home/rohamzn/.local/bin/cmake --build /home/rohamzn/ros2_test_ws/build/action_tutorials_interfaces -- -j20 -l20
[1.972s] [  3%] [34m[1mGenerating C code for ROS interfaces[0m
[1.975s] [  6%] [34m[1mGenerating C++ code for ROS interfaces[0m
[1.975s] [  6%] Built target ament_cmake_python_copy_action_tutorials_interfaces
[2.087s] running egg_info
[2.087s] creating action_tutorials_interfaces.egg-info
[2.096s] writing action_tutorials_interfaces.egg-info/PKG-INFO
[2.096s] writing dependency_links to action_tutorials_interfaces.egg-info/dependency_links.txt
[2.096s] writing top-level names to action_tutorials_interfaces.egg-info/top_level.txt
[2.097s] writing manifest file 'action_tutorials_interfaces.egg-info/SOURCES.txt'
[2.124s] reading manifest file 'action_tutorials_interfaces.egg-info/SOURCES.txt'
[2.124s] writing manifest file 'action_tutorials_interfaces.egg-info/SOURCES.txt'
[2.136s] [  6%] Built target ament_cmake_python_build_action_tutorials_interfaces_egg
[2.193s] [  6%] Built target action_tutorials_interfaces__cpp
[2.195s] [  9%] [34m[1mGenerating C++ type support dispatch for ROS interfaces[0m
[2.195s] [ 12%] [34m[1mGenerating C++ type support for eProsima Fast-RTPS[0m
[2.195s] [ 16%] [34m[1mGenerating C++ introspection for ROS interfaces[0m
[2.196s] [ 19%] [32mBuilding C object CMakeFiles/action_tutorials_interfaces__rosidl_generator_c.dir/rosidl_generator_c/action_tutorials_interfaces/action/detail/fibonacci__functions.c.o[0m
[2.283s] [ 22%] [32m[1mLinking C shared library libaction_tutorials_interfaces__rosidl_generator_c.so[0m
[2.299s] [ 22%] Built target action_tutorials_interfaces__rosidl_generator_c
[2.301s] [ 25%] [34m[1mGenerating C type support for eProsima Fast-RTPS[0m
[2.301s] [ 29%] [34m[1mGenerating C introspection for ROS interfaces[0m
[2.302s] [ 32%] [34m[1mGenerating C type support dispatch for ROS interfaces[0m
[2.345s] [ 35%] [32mBuilding CXX object CMakeFiles/action_tutorials_interfaces__rosidl_typesupport_cpp.dir/rosidl_typesupport_cpp/action_tutorials_interfaces/action/fibonacci__type_support.cpp.o[0m
[2.374s] [ 38%] [32mBuilding CXX object CMakeFiles/action_tutorials_interfaces__rosidl_typesupport_introspection_cpp.dir/rosidl_typesupport_introspection_cpp/action_tutorials_interfaces/action/detail/fibonacci__type_support.cpp.o[0m
[2.430s] [ 41%] [32mBuilding CXX object CMakeFiles/action_tutorials_interfaces__rosidl_typesupport_fastrtps_cpp.dir/rosidl_typesupport_fastrtps_cpp/action_tutorials_interfaces/action/detail/dds_fastrtps/fibonacci__type_support.cpp.o[0m
[2.454s] [ 45%] [32mBuilding CXX object CMakeFiles/action_tutorials_interfaces__rosidl_typesupport_c.dir/rosidl_typesupport_c/action_tutorials_interfaces/action/fibonacci__type_support.cpp.o[0m
[2.485s] [ 48%] [32m[1mLinking CXX shared library libaction_tutorials_interfaces__rosidl_typesupport_c.so[0m
[2.499s] [ 51%] [32mBuilding C object CMakeFiles/action_tutorials_interfaces__rosidl_typesupport_introspection_c.dir/rosidl_typesupport_introspection_c/action_tutorials_interfaces/action/detail/fibonacci__type_support.c.o[0m
[2.502s] [ 51%] Built target action_tutorials_interfaces__rosidl_typesupport_c
[2.502s] [ 54%] [32mBuilding CXX object CMakeFiles/action_tutorials_interfaces__rosidl_typesupport_fastrtps_c.dir/rosidl_typesupport_fastrtps_c/action_tutorials_interfaces/action/detail/fibonacci__type_support_c.cpp.o[0m
[2.529s] [ 58%] [32m[1mLinking C shared library libaction_tutorials_interfaces__rosidl_typesupport_introspection_c.so[0m
[2.543s] [ 58%] Built target action_tutorials_interfaces__rosidl_typesupport_introspection_c
[2.594s] [ 61%] [32m[1mLinking CXX shared library libaction_tutorials_interfaces__rosidl_typesupport_cpp.so[0m
[2.611s] [ 61%] Built target action_tutorials_interfaces__rosidl_typesupport_cpp
[2.693s] [ 64%] [32m[1mLinking CXX shared library libaction_tutorials_interfaces__rosidl_typesupport_introspection_cpp.so[0m
[2.693s] [ 67%] [32m[1mLinking CXX shared library libaction_tutorials_interfaces__rosidl_typesupport_fastrtps_c.so[0m
[2.728s] [ 67%] Built target action_tutorials_interfaces__rosidl_typesupport_introspection_cpp
[2.729s] [ 67%] Built target action_tutorials_interfaces__rosidl_typesupport_fastrtps_c
[2.756s] [ 70%] [32m[1mLinking CXX shared library libaction_tutorials_interfaces__rosidl_typesupport_fastrtps_cpp.so[0m
[2.789s] [ 70%] Built target action_tutorials_interfaces__rosidl_typesupport_fastrtps_cpp
[2.795s] [ 70%] Built target action_tutorials_interfaces
[2.800s] [ 74%] [34m[1mGenerating Python code for ROS interfaces[0m
[3.121s] [ 74%] Built target action_tutorials_interfaces__py
[3.126s] [ 77%] [32mBuilding C object CMakeFiles/action_tutorials_interfaces__rosidl_generator_py.dir/rosidl_generator_py/action_tutorials_interfaces/action/_fibonacci_s.c.o[0m
[3.211s] [ 80%] [32m[1mLinking C shared library rosidl_generator_py/action_tutorials_interfaces/libaction_tutorials_interfaces__rosidl_generator_py.so[0m
[3.229s] [ 80%] Built target action_tutorials_interfaces__rosidl_generator_py
[3.235s] [ 83%] [32mBuilding C object CMakeFiles/action_tutorials_interfaces__rosidl_typesupport_introspection_c__pyext.dir/rosidl_generator_py/action_tutorials_interfaces/_action_tutorials_interfaces_s.ep.rosidl_typesupport_introspection_c.c.o[0m
[3.235s] [ 87%] [32mBuilding C object CMakeFiles/action_tutorials_interfaces__rosidl_typesupport_fastrtps_c__pyext.dir/rosidl_generator_py/action_tutorials_interfaces/_action_tutorials_interfaces_s.ep.rosidl_typesupport_fastrtps_c.c.o[0m
[3.235s] [ 90%] [32mBuilding C object CMakeFiles/action_tutorials_interfaces__rosidl_typesupport_c__pyext.dir/rosidl_generator_py/action_tutorials_interfaces/_action_tutorials_interfaces_s.ep.rosidl_typesupport_c.c.o[0m
[3.287s] [100%] [32m[1mLinking C shared library rosidl_generator_py/action_tutorials_interfaces/action_tutorials_interfaces_s__rosidl_typesupport_fastrtps_c.cpython-310-x86_64-linux-gnu.so[0m
[3.287s] [100%] [32m[1mLinking C shared library rosidl_generator_py/action_tutorials_interfaces/action_tutorials_interfaces_s__rosidl_typesupport_introspection_c.cpython-310-x86_64-linux-gnu.so[0m
[3.287s] [100%] [32m[1mLinking C shared library rosidl_generator_py/action_tutorials_interfaces/action_tutorials_interfaces_s__rosidl_typesupport_c.cpython-310-x86_64-linux-gnu.so[0m
[3.305s] [100%] Built target action_tutorials_interfaces__rosidl_typesupport_introspection_c__pyext
[3.305s] [100%] Built target action_tutorials_interfaces__rosidl_typesupport_c__pyext
[3.305s] [100%] Built target action_tutorials_interfaces__rosidl_typesupport_fastrtps_c__pyext
[3.311s] Invoked command in '/home/rohamzn/ros2_test_ws/build/action_tutorials_interfaces' returned '0': CMAKE_PREFIX_PATH=/opt/ros/humble CONDA_PROMPT_MODIFIER=(base) /home/rohamzn/.local/bin/cmake --build /home/rohamzn/ros2_test_ws/build/action_tutorials_interfaces -- -j20 -l20
[3.352s] Invoking command in '/home/rohamzn/ros2_test_ws/build/action_tutorials_interfaces': CMAKE_PREFIX_PATH=/opt/ros/humble CONDA_PROMPT_MODIFIER=(base) /home/rohamzn/.local/bin/cmake --install /home/rohamzn/ros2_test_ws/build/action_tutorials_interfaces
[3.367s] -- Install configuration: ""
[3.367s] -- Installing: /home/rohamzn/ros2_test_ws/install/action_tutorials_interfaces/share/ament_index/resource_index/rosidl_interfaces/action_tutorials_interfaces
[3.367s] -- Installing: /home/rohamzn/ros2_test_ws/install/action_tutorials_interfaces/include/action_tutorials_interfaces/action_tutorials_interfaces
[3.368s] -- Installing: /home/rohamzn/ros2_test_ws/install/action_tutorials_interfaces/include/action_tutorials_interfaces/action_tutorials_interfaces/msg
[3.368s] -- Installing: /home/rohamzn/ros2_test_ws/install/action_tutorials_interfaces/include/action_tutorials_interfaces/action_tutorials_interfaces/msg/rosidl_generator_c__visibility_control.h
[3.368s] -- Installing: /home/rohamzn/ros2_test_ws/install/action_tutorials_interfaces/include/action_tutorials_interfaces/action_tutorials_interfaces/action
[3.368s] -- Installing: /home/rohamzn/ros2_test_ws/install/action_tutorials_interfaces/include/action_tutorials_interfaces/action_tutorials_interfaces/action/detail
[3.368s] -- Installing: /home/rohamzn/ros2_test_ws/install/action_tutorials_interfaces/include/action_tutorials_interfaces/action_tutorials_interfaces/action/detail/fibonacci__functions.h
[3.368s] -- Installing: /home/rohamzn/ros2_test_ws/install/action_tutorials_interfaces/include/action_tutorials_interfaces/action_tutorials_interfaces/action/detail/fibonacci__functions.c
[3.368s] -- Installing: /home/rohamzn/ros2_test_ws/install/action_tutorials_interfaces/include/action_tutorials_interfaces/action_tutorials_interfaces/action/detail/fibonacci__struct.h
[3.368s] -- Installing: /home/rohamzn/ros2_test_ws/install/action_tutorials_interfaces/include/action_tutorials_interfaces/action_tutorials_interfaces/action/detail/fibonacci__type_support.h
[3.368s] -- Installing: /home/rohamzn/ros2_test_ws/install/action_tutorials_interfaces/include/action_tutorials_interfaces/action_tutorials_interfaces/action/fibonacci.h
[3.368s] -- Installing: /home/rohamzn/ros2_test_ws/install/action_tutorials_interfaces/share/action_tutorials_interfaces/environment/library_path.sh
[3.368s] -- Installing: /home/rohamzn/ros2_test_ws/install/action_tutorials_interfaces/share/action_tutorials_interfaces/environment/library_path.dsv
[3.368s] -- Installing: /home/rohamzn/ros2_test_ws/install/action_tutorials_interfaces/lib/libaction_tutorials_interfaces__rosidl_generator_c.so
[3.368s] -- Set runtime path of "/home/rohamzn/ros2_test_ws/install/action_tutorials_interfaces/lib/libaction_tutorials_interfaces__rosidl_generator_c.so" to ""
[3.368s] -- Up-to-date: /home/rohamzn/ros2_test_ws/install/action_tutorials_interfaces/include/action_tutorials_interfaces/action_tutorials_interfaces
[3.368s] -- Up-to-date: /home/rohamzn/ros2_test_ws/install/action_tutorials_interfaces/include/action_tutorials_interfaces/action_tutorials_interfaces/msg
[3.368s] -- Installing: /home/rohamzn/ros2_test_ws/install/action_tutorials_interfaces/include/action_tutorials_interfaces/action_tutorials_interfaces/msg/rosidl_typesupport_fastrtps_c__visibility_control.h
[3.369s] -- Up-to-date: /home/rohamzn/ros2_test_ws/install/action_tutorials_interfaces/include/action_tutorials_interfaces/action_tutorials_interfaces/action
[3.369s] -- Up-to-date: /home/rohamzn/ros2_test_ws/install/action_tutorials_interfaces/include/action_tutorials_interfaces/action_tutorials_interfaces/action/detail
[3.369s] -- Installing: /home/rohamzn/ros2_test_ws/install/action_tutorials_interfaces/include/action_tutorials_interfaces/action_tutorials_interfaces/action/detail/fibonacci__rosidl_typesupport_fastrtps_c.h
[3.369s] -- Installing: /home/rohamzn/ros2_test_ws/install/action_tutorials_interfaces/lib/libaction_tutorials_interfaces__rosidl_typesupport_fastrtps_c.so
[3.369s] -- Set runtime path of "/home/rohamzn/ros2_test_ws/install/action_tutorials_interfaces/lib/libaction_tutorials_interfaces__rosidl_typesupport_fastrtps_c.so" to ""
[3.369s] -- Up-to-date: /home/rohamzn/ros2_test_ws/install/action_tutorials_interfaces/include/action_tutorials_interfaces/action_tutorials_interfaces
[3.369s] -- Up-to-date: /home/rohamzn/ros2_test_ws/install/action_tutorials_interfaces/include/action_tutorials_interfaces/action_tutorials_interfaces/msg
[3.369s] -- Installing: /home/rohamzn/ros2_test_ws/install/action_tutorials_interfaces/include/action_tutorials_interfaces/action_tutorials_interfaces/msg/rosidl_typesupport_introspection_c__visibility_control.h
[3.369s] -- Up-to-date: /home/rohamzn/ros2_test_ws/install/action_tutorials_interfaces/include/action_tutorials_interfaces/action_tutorials_interfaces/action
[3.369s] -- Up-to-date: /home/rohamzn/ros2_test_ws/install/action_tutorials_interfaces/include/action_tutorials_interfaces/action_tutorials_interfaces/action/detail
[3.369s] -- Installing: /home/rohamzn/ros2_test_ws/install/action_tutorials_interfaces/include/action_tutorials_interfaces/action_tutorials_interfaces/action/detail/fibonacci__type_support.c
[3.369s] -- Installing: /home/rohamzn/ros2_test_ws/install/action_tutorials_interfaces/include/action_tutorials_interfaces/action_tutorials_interfaces/action/detail/fibonacci__rosidl_typesupport_introspection_c.h
[3.369s] -- Installing: /home/rohamzn/ros2_test_ws/install/action_tutorials_interfaces/lib/libaction_tutorials_interfaces__rosidl_typesupport_introspection_c.so
[3.369s] -- Set runtime path of "/home/rohamzn/ros2_test_ws/install/action_tutorials_interfaces/lib/libaction_tutorials_interfaces__rosidl_typesupport_introspection_c.so" to ""
[3.369s] -- Installing: /home/rohamzn/ros2_test_ws/install/action_tutorials_interfaces/lib/libaction_tutorials_interfaces__rosidl_typesupport_c.so
[3.369s] -- Set runtime path of "/home/rohamzn/ros2_test_ws/install/action_tutorials_interfaces/lib/libaction_tutorials_interfaces__rosidl_typesupport_c.so" to ""
[3.370s] -- Up-to-date: /home/rohamzn/ros2_test_ws/install/action_tutorials_interfaces/include/action_tutorials_interfaces/action_tutorials_interfaces
[3.370s] -- Up-to-date: /home/rohamzn/ros2_test_ws/install/action_tutorials_interfaces/include/action_tutorials_interfaces/action_tutorials_interfaces/action
[3.370s] -- Up-to-date: /home/rohamzn/ros2_test_ws/install/action_tutorials_interfaces/include/action_tutorials_interfaces/action_tutorials_interfaces/action/detail
[3.370s] -- Installing: /home/rohamzn/ros2_test_ws/install/action_tutorials_interfaces/include/action_tutorials_interfaces/action_tutorials_interfaces/action/detail/fibonacci__struct.hpp
[3.370s] -- Installing: /home/rohamzn/ros2_test_ws/install/action_tutorials_interfaces/include/action_tutorials_interfaces/action_tutorials_interfaces/action/detail/fibonacci__builder.hpp
[3.370s] -- Installing: /home/rohamzn/ros2_test_ws/install/action_tutorials_interfaces/include/action_tutorials_interfaces/action_tutorials_interfaces/action/detail/fibonacci__traits.hpp
[3.370s] -- Installing: /home/rohamzn/ros2_test_ws/install/action_tutorials_interfaces/include/action_tutorials_interfaces/action_tutorials_interfaces/action/fibonacci.hpp
[3.370s] -- Up-to-date: /home/rohamzn/ros2_test_ws/install/action_tutorials_interfaces/include/action_tutorials_interfaces/action_tutorials_interfaces
[3.370s] -- Up-to-date: /home/rohamzn/ros2_test_ws/install/action_tutorials_interfaces/include/action_tutorials_interfaces/action_tutorials_interfaces/msg
[3.370s] -- Installing: /home/rohamzn/ros2_test_ws/install/action_tutorials_interfaces/include/action_tutorials_interfaces/action_tutorials_interfaces/msg/rosidl_typesupport_fastrtps_cpp__visibility_control.h
[3.370s] -- Up-to-date: /home/rohamzn/ros2_test_ws/install/action_tutorials_interfaces/include/action_tutorials_interfaces/action_tutorials_interfaces/action
[3.370s] -- Up-to-date: /home/rohamzn/ros2_test_ws/install/action_tutorials_interfaces/include/action_tutorials_interfaces/action_tutorials_interfaces/action/detail
[3.370s] -- Installing: /home/rohamzn/ros2_test_ws/install/action_tutorials_interfaces/include/action_tutorials_interfaces/action_tutorials_interfaces/action/detail/dds_fastrtps
[3.370s] -- Installing: /home/rohamzn/ros2_test_ws/install/action_tutorials_interfaces/include/action_tutorials_interfaces/action_tutorials_interfaces/action/detail/fibonacci__rosidl_typesupport_fastrtps_cpp.hpp
[3.370s] -- Installing: /home/rohamzn/ros2_test_ws/install/action_tutorials_interfaces/lib/libaction_tutorials_interfaces__rosidl_typesupport_fastrtps_cpp.so
[3.370s] -- Set runtime path of "/home/rohamzn/ros2_test_ws/install/action_tutorials_interfaces/lib/libaction_tutorials_interfaces__rosidl_typesupport_fastrtps_cpp.so" to ""
[3.370s] -- Up-to-date: /home/rohamzn/ros2_test_ws/install/action_tutorials_interfaces/include/action_tutorials_interfaces/action_tutorials_interfaces
[3.370s] -- Up-to-date: /home/rohamzn/ros2_test_ws/install/action_tutorials_interfaces/include/action_tutorials_interfaces/action_tutorials_interfaces/action
[3.370s] -- Up-to-date: /home/rohamzn/ros2_test_ws/install/action_tutorials_interfaces/include/action_tutorials_interfaces/action_tutorials_interfaces/action/detail
[3.371s] -- Installing: /home/rohamzn/ros2_test_ws/install/action_tutorials_interfaces/include/action_tutorials_interfaces/action_tutorials_interfaces/action/detail/fibonacci__rosidl_typesupport_introspection_cpp.hpp
[3.371s] -- Installing: /home/rohamzn/ros2_test_ws/install/action_tutorials_interfaces/include/action_tutorials_interfaces/action_tutorials_interfaces/action/detail/fibonacci__type_support.cpp
[3.371s] -- Installing: /home/rohamzn/ros2_test_ws/install/action_tutorials_interfaces/lib/libaction_tutorials_interfaces__rosidl_typesupport_introspection_cpp.so
[3.371s] -- Set runtime path of "/home/rohamzn/ros2_test_ws/install/action_tutorials_interfaces/lib/libaction_tutorials_interfaces__rosidl_typesupport_introspection_cpp.so" to ""
[3.371s] -- Installing: /home/rohamzn/ros2_test_ws/install/action_tutorials_interfaces/lib/libaction_tutorials_interfaces__rosidl_typesupport_cpp.so
[3.371s] -- Set runtime path of "/home/rohamzn/ros2_test_ws/install/action_tutorials_interfaces/lib/libaction_tutorials_interfaces__rosidl_typesupport_cpp.so" to ""
[3.371s] -- Installing: /home/rohamzn/ros2_test_ws/install/action_tutorials_interfaces/share/action_tutorials_interfaces/environment/pythonpath.sh
[3.371s] -- Installing: /home/rohamzn/ros2_test_ws/install/action_tutorials_interfaces/share/action_tutorials_interfaces/environment/pythonpath.dsv
[3.371s] -- Installing: /home/rohamzn/ros2_test_ws/install/action_tutorials_interfaces/lib/python3.10/site-packages/action_tutorials_interfaces-0.0.0-py3.10.egg-info
[3.371s] -- Installing: /home/rohamzn/ros2_test_ws/install/action_tutorials_interfaces/lib/python3.10/site-packages/action_tutorials_interfaces-0.0.0-py3.10.egg-info/dependency_links.txt
[3.371s] -- Installing: /home/rohamzn/ros2_test_ws/install/action_tutorials_interfaces/lib/python3.10/site-packages/action_tutorials_interfaces-0.0.0-py3.10.egg-info/top_level.txt
[3.371s] -- Installing: /home/rohamzn/ros2_test_ws/install/action_tutorials_interfaces/lib/python3.10/site-packages/action_tutorials_interfaces-0.0.0-py3.10.egg-info/SOURCES.txt
[3.371s] -- Installing: /home/rohamzn/ros2_test_ws/install/action_tutorials_interfaces/lib/python3.10/site-packages/action_tutorials_interfaces-0.0.0-py3.10.egg-info/PKG-INFO
[3.371s] -- Installing: /home/rohamzn/ros2_test_ws/install/action_tutorials_interfaces/lib/python3.10/site-packages/action_tutorials_interfaces
[3.371s] -- Installing: /home/rohamzn/ros2_test_ws/install/action_tutorials_interfaces/lib/python3.10/site-packages/action_tutorials_interfaces/libaction_tutorials_interfaces__rosidl_generator_py.so
[3.371s] -- Installing: /home/rohamzn/ros2_test_ws/install/action_tutorials_interfaces/lib/python3.10/site-packages/action_tutorials_interfaces/__init__.py
[3.371s] -- Installing: /home/rohamzn/ros2_test_ws/install/action_tutorials_interfaces/lib/python3.10/site-packages/action_tutorials_interfaces/_action_tutorials_interfaces_s.ep.rosidl_typesupport_fastrtps_c.c
[3.371s] -- Installing: /home/rohamzn/ros2_test_ws/install/action_tutorials_interfaces/lib/python3.10/site-packages/action_tutorials_interfaces/action
[3.371s] -- Installing: /home/rohamzn/ros2_test_ws/install/action_tutorials_interfaces/lib/python3.10/site-packages/action_tutorials_interfaces/action/_fibonacci.py
[3.371s] -- Installing: /home/rohamzn/ros2_test_ws/install/action_tutorials_interfaces/lib/python3.10/site-packages/action_tutorials_interfaces/action/__init__.py
[3.371s] -- Installing: /home/rohamzn/ros2_test_ws/install/action_tutorials_interfaces/lib/python3.10/site-packages/action_tutorials_interfaces/action/_fibonacci_s.c
[3.371s] -- Installing: /home/rohamzn/ros2_test_ws/install/action_tutorials_interfaces/lib/python3.10/site-packages/action_tutorials_interfaces/action_tutorials_interfaces_s__rosidl_typesupport_introspection_c.cpython-310-x86_64-linux-gnu.so
[3.371s] -- Installing: /home/rohamzn/ros2_test_ws/install/action_tutorials_interfaces/lib/python3.10/site-packages/action_tutorials_interfaces/action_tutorials_interfaces_s__rosidl_typesupport_c.cpython-310-x86_64-linux-gnu.so
[3.371s] -- Installing: /home/rohamzn/ros2_test_ws/install/action_tutorials_interfaces/lib/python3.10/site-packages/action_tutorials_interfaces/_action_tutorials_interfaces_s.ep.rosidl_typesupport_introspection_c.c
[3.371s] -- Installing: /home/rohamzn/ros2_test_ws/install/action_tutorials_interfaces/lib/python3.10/site-packages/action_tutorials_interfaces/action_tutorials_interfaces_s__rosidl_typesupport_fastrtps_c.cpython-310-x86_64-linux-gnu.so
[3.371s] -- Installing: /home/rohamzn/ros2_test_ws/install/action_tutorials_interfaces/lib/python3.10/site-packages/action_tutorials_interfaces/_action_tutorials_interfaces_s.ep.rosidl_typesupport_c.c
[3.392s] Listing '/home/rohamzn/ros2_test_ws/install/action_tutorials_interfaces/lib/python3.10/site-packages/action_tutorials_interfaces'...
[3.392s] Compiling '/home/rohamzn/ros2_test_ws/install/action_tutorials_interfaces/lib/python3.10/site-packages/action_tutorials_interfaces/__init__.py'...
[3.392s] Listing '/home/rohamzn/ros2_test_ws/install/action_tutorials_interfaces/lib/python3.10/site-packages/action_tutorials_interfaces/action'...
[3.392s] Compiling '/home/rohamzn/ros2_test_ws/install/action_tutorials_interfaces/lib/python3.10/site-packages/action_tutorials_interfaces/action/__init__.py'...
[3.392s] Compiling '/home/rohamzn/ros2_test_ws/install/action_tutorials_interfaces/lib/python3.10/site-packages/action_tutorials_interfaces/action/_fibonacci.py'...
[3.394s] -- Installing: /home/rohamzn/ros2_test_ws/install/action_tutorials_interfaces/lib/python3.10/site-packages/action_tutorials_interfaces/action_tutorials_interfaces_s__rosidl_typesupport_fastrtps_c.cpython-310-x86_64-linux-gnu.so
[3.394s] -- Set runtime path of "/home/rohamzn/ros2_test_ws/install/action_tutorials_interfaces/lib/python3.10/site-packages/action_tutorials_interfaces/action_tutorials_interfaces_s__rosidl_typesupport_fastrtps_c.cpython-310-x86_64-linux-gnu.so" to ""
[3.395s] -- Installing: /home/rohamzn/ros2_test_ws/install/action_tutorials_interfaces/lib/python3.10/site-packages/action_tutorials_interfaces/action_tutorials_interfaces_s__rosidl_typesupport_introspection_c.cpython-310-x86_64-linux-gnu.so
[3.395s] -- Set runtime path of "/home/rohamzn/ros2_test_ws/install/action_tutorials_interfaces/lib/python3.10/site-packages/action_tutorials_interfaces/action_tutorials_interfaces_s__rosidl_typesupport_introspection_c.cpython-310-x86_64-linux-gnu.so" to ""
[3.395s] -- Installing: /home/rohamzn/ros2_test_ws/install/action_tutorials_interfaces/lib/python3.10/site-packages/action_tutorials_interfaces/action_tutorials_interfaces_s__rosidl_typesupport_c.cpython-310-x86_64-linux-gnu.so
[3.395s] -- Set runtime path of "/home/rohamzn/ros2_test_ws/install/action_tutorials_interfaces/lib/python3.10/site-packages/action_tutorials_interfaces/action_tutorials_interfaces_s__rosidl_typesupport_c.cpython-310-x86_64-linux-gnu.so" to ""
[3.395s] -- Installing: /home/rohamzn/ros2_test_ws/install/action_tutorials_interfaces/lib/libaction_tutorials_interfaces__rosidl_generator_py.so
[3.395s] -- Set runtime path of "/home/rohamzn/ros2_test_ws/install/action_tutorials_interfaces/lib/libaction_tutorials_interfaces__rosidl_generator_py.so" to ""
[3.395s] -- Installing: /home/rohamzn/ros2_test_ws/install/action_tutorials_interfaces/share/action_tutorials_interfaces/action/Fibonacci.idl
[3.395s] -- Installing: /home/rohamzn/ros2_test_ws/install/action_tutorials_interfaces/share/action_tutorials_interfaces/action/Fibonacci.action
[3.395s] -- Installing: /home/rohamzn/ros2_test_ws/install/action_tutorials_interfaces/share/ament_index/resource_index/package_run_dependencies/action_tutorials_interfaces
[3.395s] -- Installing: /home/rohamzn/ros2_test_ws/install/action_tutorials_interfaces/share/ament_index/resource_index/parent_prefix_path/action_tutorials_interfaces
[3.395s] -- Installing: /home/rohamzn/ros2_test_ws/install/action_tutorials_interfaces/share/action_tutorials_interfaces/environment/ament_prefix_path.sh
[3.395s] -- Installing: /home/rohamzn/ros2_test_ws/install/action_tutorials_interfaces/share/action_tutorials_interfaces/environment/ament_prefix_path.dsv
[3.395s] -- Installing: /home/rohamzn/ros2_test_ws/install/action_tutorials_interfaces/share/action_tutorials_interfaces/environment/path.sh
[3.395s] -- Installing: /home/rohamzn/ros2_test_ws/install/action_tutorials_interfaces/share/action_tutorials_interfaces/environment/path.dsv
[3.395s] -- Installing: /home/rohamzn/ros2_test_ws/install/action_tutorials_interfaces/share/action_tutorials_interfaces/local_setup.bash
[3.395s] -- Installing: /home/rohamzn/ros2_test_ws/install/action_tutorials_interfaces/share/action_tutorials_interfaces/local_setup.sh
[3.395s] -- Installing: /home/rohamzn/ros2_test_ws/install/action_tutorials_interfaces/share/action_tutorials_interfaces/local_setup.zsh
[3.395s] -- Installing: /home/rohamzn/ros2_test_ws/install/action_tutorials_interfaces/share/action_tutorials_interfaces/local_setup.dsv
[3.395s] -- Installing: /home/rohamzn/ros2_test_ws/install/action_tutorials_interfaces/share/action_tutorials_interfaces/package.dsv
[3.395s] -- Installing: /home/rohamzn/ros2_test_ws/install/action_tutorials_interfaces/share/ament_index/resource_index/packages/action_tutorials_interfaces
[3.395s] -- Installing: /home/rohamzn/ros2_test_ws/install/action_tutorials_interfaces/share/action_tutorials_interfaces/cmake/export_action_tutorials_interfaces__rosidl_generator_cExport.cmake
[3.395s] -- Installing: /home/rohamzn/ros2_test_ws/install/action_tutorials_interfaces/share/action_tutorials_interfaces/cmake/export_action_tutorials_interfaces__rosidl_generator_cExport-noconfig.cmake
[3.395s] -- Installing: /home/rohamzn/ros2_test_ws/install/action_tutorials_interfaces/share/action_tutorials_interfaces/cmake/export_action_tutorials_interfaces__rosidl_typesupport_fastrtps_cExport.cmake
[3.396s] -- Installing: /home/rohamzn/ros2_test_ws/install/action_tutorials_interfaces/share/action_tutorials_interfaces/cmake/export_action_tutorials_interfaces__rosidl_typesupport_fastrtps_cExport-noconfig.cmake
[3.396s] -- Installing: /home/rohamzn/ros2_test_ws/install/action_tutorials_interfaces/share/action_tutorials_interfaces/cmake/action_tutorials_interfaces__rosidl_typesupport_introspection_cExport.cmake
[3.396s] -- Installing: /home/rohamzn/ros2_test_ws/install/action_tutorials_interfaces/share/action_tutorials_interfaces/cmake/action_tutorials_interfaces__rosidl_typesupport_introspection_cExport-noconfig.cmake
[3.396s] -- Installing: /home/rohamzn/ros2_test_ws/install/action_tutorials_interfaces/share/action_tutorials_interfaces/cmake/action_tutorials_interfaces__rosidl_typesupport_cExport.cmake
[3.396s] -- Installing: /home/rohamzn/ros2_test_ws/install/action_tutorials_interfaces/share/action_tutorials_interfaces/cmake/action_tutorials_interfaces__rosidl_typesupport_cExport-noconfig.cmake
[3.396s] -- Installing: /home/rohamzn/ros2_test_ws/install/action_tutorials_interfaces/share/action_tutorials_interfaces/cmake/export_action_tutorials_interfaces__rosidl_generator_cppExport.cmake
[3.396s] -- Installing: /home/rohamzn/ros2_test_ws/install/action_tutorials_interfaces/share/action_tutorials_interfaces/cmake/export_action_tutorials_interfaces__rosidl_typesupport_fastrtps_cppExport.cmake
[3.396s] -- Installing: /home/rohamzn/ros2_test_ws/install/action_tutorials_interfaces/share/action_tutorials_interfaces/cmake/export_action_tutorials_interfaces__rosidl_typesupport_fastrtps_cppExport-noconfig.cmake
[3.396s] -- Installing: /home/rohamzn/ros2_test_ws/install/action_tutorials_interfaces/share/action_tutorials_interfaces/cmake/action_tutorials_interfaces__rosidl_typesupport_introspection_cppExport.cmake
[3.396s] -- Installing: /home/rohamzn/ros2_test_ws/install/action_tutorials_interfaces/share/action_tutorials_interfaces/cmake/action_tutorials_interfaces__rosidl_typesupport_introspection_cppExport-noconfig.cmake
[3.396s] -- Installing: /home/rohamzn/ros2_test_ws/install/action_tutorials_interfaces/share/action_tutorials_interfaces/cmake/action_tutorials_interfaces__rosidl_typesupport_cppExport.cmake
[3.396s] -- Installing: /home/rohamzn/ros2_test_ws/install/action_tutorials_interfaces/share/action_tutorials_interfaces/cmake/action_tutorials_interfaces__rosidl_typesupport_cppExport-noconfig.cmake
[3.396s] -- Installing: /home/rohamzn/ros2_test_ws/install/action_tutorials_interfaces/share/action_tutorials_interfaces/cmake/export_action_tutorials_interfaces__rosidl_generator_pyExport.cmake
[3.396s] -- Installing: /home/rohamzn/ros2_test_ws/install/action_tutorials_interfaces/share/action_tutorials_interfaces/cmake/export_action_tutorials_interfaces__rosidl_generator_pyExport-noconfig.cmake
[3.396s] -- Installing: /home/rohamzn/ros2_test_ws/install/action_tutorials_interfaces/share/action_tutorials_interfaces/cmake/rosidl_cmake-extras.cmake
[3.396s] -- Installing: /home/rohamzn/ros2_test_ws/install/action_tutorials_interfaces/share/action_tutorials_interfaces/cmake/ament_cmake_export_dependencies-extras.cmake
[3.396s] -- Installing: /home/rohamzn/ros2_test_ws/install/action_tutorials_interfaces/share/action_tutorials_interfaces/cmake/ament_cmake_export_include_directories-extras.cmake
[3.396s] -- Installing: /home/rohamzn/ros2_test_ws/install/action_tutorials_interfaces/share/action_tutorials_interfaces/cmake/ament_cmake_export_libraries-extras.cmake
[3.396s] -- Installing: /home/rohamzn/ros2_test_ws/install/action_tutorials_interfaces/share/action_tutorials_interfaces/cmake/ament_cmake_export_targets-extras.cmake
[3.396s] -- Installing: /home/rohamzn/ros2_test_ws/install/action_tutorials_interfaces/share/action_tutorials_interfaces/cmake/rosidl_cmake_export_typesupport_targets-extras.cmake
[3.396s] -- Installing: /home/rohamzn/ros2_test_ws/install/action_tutorials_interfaces/share/action_tutorials_interfaces/cmake/rosidl_cmake_export_typesupport_libraries-extras.cmake
[3.396s] -- Installing: /home/rohamzn/ros2_test_ws/install/action_tutorials_interfaces/share/action_tutorials_interfaces/cmake/action_tutorials_interfacesConfig.cmake
[3.396s] -- Installing: /home/rohamzn/ros2_test_ws/install/action_tutorials_interfaces/share/action_tutorials_interfaces/cmake/action_tutorials_interfacesConfig-version.cmake
[3.396s] -- Installing: /home/rohamzn/ros2_test_ws/install/action_tutorials_interfaces/share/action_tutorials_interfaces/package.xml
[3.402s] Invoked command in '/home/rohamzn/ros2_test_ws/build/action_tutorials_interfaces' returned '0': CMAKE_PREFIX_PATH=/opt/ros/humble CONDA_PROMPT_MODIFIER=(base) /home/rohamzn/.local/bin/cmake --install /home/rohamzn/ros2_test_ws/build/action_tutorials_interfaces
