-- The C compiler identification is GNU 13.1.0
-- The CXX compiler identification is GNU 11.4.0
-- Detecting C compiler ABI info
-- Detecting C compiler ABI info - done
-- Check for working C compiler: /home/rohamzn/anaconda3/bin/cc - skipped
-- Detecting C compile features
-- Detecting C compile features - done
-- Detecting CXX compiler ABI info
-- Detecting CXX compiler ABI info - done
-- Check for working CXX compiler: /usr/bin/c++ - skipped
-- Detecting CXX compile features
-- Detecting CXX compile features - done
-- Found ament_cmake: 1.3.5 (/opt/ros/humble/share/ament_cmake/cmake)
-- Found Python3: /home/rohamzn/anaconda3/bin/python3.10 (found version "3.10.6") found components: Interpreter 
-- Found rclcpp: 16.0.5 (/opt/ros/humble/share/rclcpp/cmake)
-- Found rosidl_generator_c: 3.1.5 (/opt/ros/humble/share/rosidl_generator_c/cmake)
-- Found rosidl_adapter: 3.1.5 (/opt/ros/humble/share/rosidl_adapter/cmake)
-- Found rosidl_generator_cpp: 3.1.5 (/opt/ros/humble/share/rosidl_generator_cpp/cmake)
-- Using all available rosidl_typesupport_c: rosidl_typesupport_fastrtps_c;rosidl_typesupport_introspection_c
-- Using all available rosidl_typesupport_cpp: rosidl_typesupport_fastrtps_cpp;rosidl_typesupport_introspection_cpp
-- Found rmw_implementation_cmake: 6.1.1 (/opt/ros/humble/share/rmw_implementation_cmake/cmake)
-- Found rmw_cyclonedds_cpp: 1.3.4 (/opt/ros/humble/share/rmw_cyclonedds_cpp/cmake)
-- Using RMW implementation 'rmw_cyclonedds_cpp' as default
-- Performing Test CMAKE_HAVE_LIBC_PTHREAD
-- Performing Test CMAKE_HAVE_LIBC_PTHREAD - Failed
-- Looking for pthread_create in pthreads
-- Looking for pthread_create in pthreads - not found
-- Looking for pthread_create in pthread
-- Looking for pthread_create in pthread - found
-- Found Threads: TRUE  
-- Configuring done (1.0s)
-- Generating done (0.0s)
-- Build files have been written to: /home/rohamzn/ros2_test_ws/build/cpp_pubsub
[ 25%] [32mBuilding CXX object CMakeFiles/talker.dir/src/publisher_member_function.cpp.o[0m
[ 50%] [32mBuilding CXX object CMakeFiles/listener.dir/src/subscriber_member_function.cpp.o[0m
[ 75%] [32m[1mLinking CXX executable talker[0m
[ 75%] Built target talker
[100%] [32m[1mLinking CXX executable listener[0m
[100%] Built target listener
-- Install configuration: ""
-- Installing: /home/rohamzn/ros2_test_ws/install/cpp_pubsub/lib/cpp_pubsub/talker
-- Set runtime path of "/home/rohamzn/ros2_test_ws/install/cpp_pubsub/lib/cpp_pubsub/talker" to ""
-- Installing: /home/rohamzn/ros2_test_ws/install/cpp_pubsub/lib/cpp_pubsub/listener
-- Set runtime path of "/home/rohamzn/ros2_test_ws/install/cpp_pubsub/lib/cpp_pubsub/listener" to ""
-- Installing: /home/rohamzn/ros2_test_ws/install/cpp_pubsub/share/ament_index/resource_index/package_run_dependencies/cpp_pubsub
-- Installing: /home/rohamzn/ros2_test_ws/install/cpp_pubsub/share/ament_index/resource_index/parent_prefix_path/cpp_pubsub
-- Installing: /home/rohamzn/ros2_test_ws/install/cpp_pubsub/share/cpp_pubsub/environment/ament_prefix_path.sh
-- Installing: /home/rohamzn/ros2_test_ws/install/cpp_pubsub/share/cpp_pubsub/environment/ament_prefix_path.dsv
-- Installing: /home/rohamzn/ros2_test_ws/install/cpp_pubsub/share/cpp_pubsub/environment/path.sh
-- Installing: /home/rohamzn/ros2_test_ws/install/cpp_pubsub/share/cpp_pubsub/environment/path.dsv
-- Installing: /home/rohamzn/ros2_test_ws/install/cpp_pubsub/share/cpp_pubsub/local_setup.bash
-- Installing: /home/rohamzn/ros2_test_ws/install/cpp_pubsub/share/cpp_pubsub/local_setup.sh
-- Installing: /home/rohamzn/ros2_test_ws/install/cpp_pubsub/share/cpp_pubsub/local_setup.zsh
-- Installing: /home/rohamzn/ros2_test_ws/install/cpp_pubsub/share/cpp_pubsub/local_setup.dsv
-- Installing: /home/rohamzn/ros2_test_ws/install/cpp_pubsub/share/cpp_pubsub/package.dsv
-- Installing: /home/rohamzn/ros2_test_ws/install/cpp_pubsub/share/ament_index/resource_index/packages/cpp_pubsub
-- Installing: /home/rohamzn/ros2_test_ws/install/cpp_pubsub/share/cpp_pubsub/cmake/cpp_pubsubConfig.cmake
-- Installing: /home/rohamzn/ros2_test_ws/install/cpp_pubsub/share/cpp_pubsub/cmake/cpp_pubsubConfig-version.cmake
-- Installing: /home/rohamzn/ros2_test_ws/install/cpp_pubsub/share/cpp_pubsub/package.xml
