[0.006s] Invoking command in '/home/rohamzn/ros2_test_ws/build/cpp_pubsub': CMAKE_PREFIX_PATH=${CMAKE_PREFIX_PATH}:/opt/ros/humble CONDA_PROMPT_MODIFIER=(base) /home/rohamzn/.local/bin/cmake /home/rohamzn/ros2_test_ws/src/cpp_pubsub -DCMAKE_INSTALL_PREFIX=/home/rohamzn/ros2_test_ws/install/cpp_pubsub
[0.046s] -- The C compiler identification is GNU 13.1.0
[0.080s] -- The CXX compiler identification is GNU 11.4.0
[0.092s] -- Detecting C compiler ABI info
[0.130s] -- Detecting C compiler ABI info - done
[0.137s] -- Check for working C compiler: /home/rohamzn/anaconda3/bin/cc - skipped
[0.137s] -- Detecting C compile features
[0.137s] -- Detecting C compile features - done
[0.142s] -- Detecting CXX compiler ABI info
[0.184s] -- Detecting CXX compiler ABI info - done
[0.191s] -- Check for working CXX compiler: /usr/bin/c++ - skipped
[0.191s] -- Detecting CXX compile features
[0.191s] -- Detecting CXX compile features - done
[0.193s] -- Found ament_cmake: 1.3.5 (/opt/ros/humble/share/ament_cmake/cmake)
[0.566s] -- Found Python3: /home/rohamzn/anaconda3/bin/python3.10 (found version "3.10.6") found components: Interpreter 
[0.614s] -- Found rclcpp: 16.0.5 (/opt/ros/humble/share/rclcpp/cmake)
[0.638s] -- Found rosidl_generator_c: 3.1.5 (/opt/ros/humble/share/rosidl_generator_c/cmake)
[0.641s] -- Found rosidl_adapter: 3.1.5 (/opt/ros/humble/share/rosidl_adapter/cmake)
[0.646s] -- Found rosidl_generator_cpp: 3.1.5 (/opt/ros/humble/share/rosidl_generator_cpp/cmake)
[0.655s] -- Using all available rosidl_typesupport_c: rosidl_typesupport_fastrtps_c;rosidl_typesupport_introspection_c
[0.668s] -- Using all available rosidl_typesupport_cpp: rosidl_typesupport_fastrtps_cpp;rosidl_typesupport_introspection_cpp
[0.711s] -- Found rmw_implementation_cmake: 6.1.1 (/opt/ros/humble/share/rmw_implementation_cmake/cmake)
[0.712s] -- Found rmw_cyclonedds_cpp: 1.3.4 (/opt/ros/humble/share/rmw_cyclonedds_cpp/cmake)
[0.733s] -- Using RMW implementation 'rmw_cyclonedds_cpp' as default
[0.739s] -- Performing Test CMAKE_HAVE_LIBC_PTHREAD
[0.773s] -- Performing Test CMAKE_HAVE_LIBC_PTHREAD - Failed
[0.773s] -- Looking for pthread_create in pthreads
[0.799s] -- Looking for pthread_create in pthreads - not found
[0.799s] -- Looking for pthread_create in pthread
[0.831s] -- Looking for pthread_create in pthread - found
[0.831s] -- Found Threads: TRUE  
[0.973s] -- Configuring done (1.0s)
[0.978s] [33mCMake Warning at CMakeLists.txt:16 (add_executable):
[0.978s]   Cannot generate a safe runtime search path for target talker because files
[0.978s]   in some directories may conflict with libraries in implicit directories:
[0.978s] 
[0.978s]     runtime library [libpython3.10.so.1.0] in /usr/lib/x86_64-linux-gnu may be hidden by files in:
[0.978s]       /home/rohamzn/anaconda3/lib
[0.978s] 
[0.978s]   Some of these libraries may not be found correctly.
[0.978s] 
[0.978s] [0m
[0.979s] [33mCMake Warning at CMakeLists.txt:19 (add_executable):
[0.979s]   Cannot generate a safe runtime search path for target listener because
[0.979s]   files in some directories may conflict with libraries in implicit
[0.979s]   directories:
[0.979s] 
[0.979s]     runtime library [libpython3.10.so.1.0] in /usr/lib/x86_64-linux-gnu may be hidden by files in:
[0.979s]       /home/rohamzn/anaconda3/lib
[0.979s] 
[0.979s]   Some of these libraries may not be found correctly.
[0.979s] 
[0.979s] [0m
[0.979s] -- Generating done (0.0s)
[0.980s] -- Build files have been written to: /home/rohamzn/ros2_test_ws/build/cpp_pubsub
[0.988s] Invoked command in '/home/rohamzn/ros2_test_ws/build/cpp_pubsub' returned '0': CMAKE_PREFIX_PATH=${CMAKE_PREFIX_PATH}:/opt/ros/humble CONDA_PROMPT_MODIFIER=(base) /home/rohamzn/.local/bin/cmake /home/rohamzn/ros2_test_ws/src/cpp_pubsub -DCMAKE_INSTALL_PREFIX=/home/rohamzn/ros2_test_ws/install/cpp_pubsub
[0.988s] Invoking command in '/home/rohamzn/ros2_test_ws/build/cpp_pubsub': CMAKE_PREFIX_PATH=${CMAKE_PREFIX_PATH}:/opt/ros/humble CONDA_PROMPT_MODIFIER=(base) /home/rohamzn/.local/bin/cmake --build /home/rohamzn/ros2_test_ws/build/cpp_pubsub -- -j20 -l20
[1.013s] [ 25%] [32mBuilding CXX object CMakeFiles/talker.dir/src/publisher_member_function.cpp.o[0m
[1.013s] [ 50%] [32mBuilding CXX object CMakeFiles/listener.dir/src/subscriber_member_function.cpp.o[0m
[3.102s] [ 75%] [32m[1mLinking CXX executable talker[0m
[3.192s] [ 75%] Built target talker
[4.932s] [100%] [32m[1mLinking CXX executable listener[0m
[5.102s] [100%] Built target listener
[5.115s] Invoked command in '/home/rohamzn/ros2_test_ws/build/cpp_pubsub' returned '0': CMAKE_PREFIX_PATH=${CMAKE_PREFIX_PATH}:/opt/ros/humble CONDA_PROMPT_MODIFIER=(base) /home/rohamzn/.local/bin/cmake --build /home/rohamzn/ros2_test_ws/build/cpp_pubsub -- -j20 -l20
[5.162s] Invoking command in '/home/rohamzn/ros2_test_ws/build/cpp_pubsub': CMAKE_PREFIX_PATH=${CMAKE_PREFIX_PATH}:/opt/ros/humble CONDA_PROMPT_MODIFIER=(base) /home/rohamzn/.local/bin/cmake --install /home/rohamzn/ros2_test_ws/build/cpp_pubsub
[5.177s] -- Install configuration: ""
[5.177s] -- Installing: /home/rohamzn/ros2_test_ws/install/cpp_pubsub/lib/cpp_pubsub/talker
[5.178s] -- Set runtime path of "/home/rohamzn/ros2_test_ws/install/cpp_pubsub/lib/cpp_pubsub/talker" to ""
[5.178s] -- Installing: /home/rohamzn/ros2_test_ws/install/cpp_pubsub/lib/cpp_pubsub/listener
[5.179s] -- Set runtime path of "/home/rohamzn/ros2_test_ws/install/cpp_pubsub/lib/cpp_pubsub/listener" to ""
[5.179s] -- Installing: /home/rohamzn/ros2_test_ws/install/cpp_pubsub/share/ament_index/resource_index/package_run_dependencies/cpp_pubsub
[5.179s] -- Installing: /home/rohamzn/ros2_test_ws/install/cpp_pubsub/share/ament_index/resource_index/parent_prefix_path/cpp_pubsub
[5.179s] -- Installing: /home/rohamzn/ros2_test_ws/install/cpp_pubsub/share/cpp_pubsub/environment/ament_prefix_path.sh
[5.179s] -- Installing: /home/rohamzn/ros2_test_ws/install/cpp_pubsub/share/cpp_pubsub/environment/ament_prefix_path.dsv
[5.179s] -- Installing: /home/rohamzn/ros2_test_ws/install/cpp_pubsub/share/cpp_pubsub/environment/path.sh
[5.179s] -- Installing: /home/rohamzn/ros2_test_ws/install/cpp_pubsub/share/cpp_pubsub/environment/path.dsv
[5.180s] -- Installing: /home/rohamzn/ros2_test_ws/install/cpp_pubsub/share/cpp_pubsub/local_setup.bash
[5.180s] -- Installing: /home/rohamzn/ros2_test_ws/install/cpp_pubsub/share/cpp_pubsub/local_setup.sh
[5.180s] -- Installing: /home/rohamzn/ros2_test_ws/install/cpp_pubsub/share/cpp_pubsub/local_setup.zsh
[5.180s] -- Installing: /home/rohamzn/ros2_test_ws/install/cpp_pubsub/share/cpp_pubsub/local_setup.dsv
[5.180s] -- Installing: /home/rohamzn/ros2_test_ws/install/cpp_pubsub/share/cpp_pubsub/package.dsv
[5.180s] -- Installing: /home/rohamzn/ros2_test_ws/install/cpp_pubsub/share/ament_index/resource_index/packages/cpp_pubsub
[5.180s] -- Installing: /home/rohamzn/ros2_test_ws/install/cpp_pubsub/share/cpp_pubsub/cmake/cpp_pubsubConfig.cmake
[5.180s] -- Installing: /home/rohamzn/ros2_test_ws/install/cpp_pubsub/share/cpp_pubsub/cmake/cpp_pubsubConfig-version.cmake
[5.180s] -- Installing: /home/rohamzn/ros2_test_ws/install/cpp_pubsub/share/cpp_pubsub/package.xml
[5.185s] Invoked command in '/home/rohamzn/ros2_test_ws/build/cpp_pubsub' returned '0': CMAKE_PREFIX_PATH=${CMAKE_PREFIX_PATH}:/opt/ros/humble CONDA_PROMPT_MODIFIER=(base) /home/rohamzn/.local/bin/cmake --install /home/rohamzn/ros2_test_ws/build/cpp_pubsub
