[0.046s] Invoking command in '/home/rohamzn/ros2_test_ws/build/cpp_parameter_event_handler': CMAKE_PREFIX_PATH=${CMAKE_PREFIX_PATH}:/home/rohamzn/ros2_test_ws/install/py_launch_example:/opt/ros/humble CONDA_PROMPT_MODIFIER=(base) /home/rohamzn/.local/bin/cmake --build /home/rohamzn/ros2_test_ws/build/cpp_parameter_event_handler -- -j20 -l20
[0.389s] [100%] Built target parameter_event_handler
[0.392s] Invoked command in '/home/rohamzn/ros2_test_ws/build/cpp_parameter_event_handler' returned '0': CMAKE_PREFIX_PATH=${CMAKE_PREFIX_PATH}:/home/rohamzn/ros2_test_ws/install/py_launch_example:/opt/ros/humble CONDA_PROMPT_MODIFIER=(base) /home/rohamzn/.local/bin/cmake --build /home/rohamzn/ros2_test_ws/build/cpp_parameter_event_handler -- -j20 -l20
[0.457s] Invoking command in '/home/rohamzn/ros2_test_ws/build/cpp_parameter_event_handler': CMAKE_PREFIX_PATH=${CMAKE_PREFIX_PATH}:/home/rohamzn/ros2_test_ws/install/py_launch_example:/opt/ros/humble CONDA_PROMPT_MODIFIER=(base) /home/rohamzn/.local/bin/cmake --install /home/rohamzn/ros2_test_ws/build/cpp_parameter_event_handler
[0.480s] -- Install configuration: ""
[0.480s] -- Up-to-date: /home/rohamzn/ros2_test_ws/install/cpp_parameter_event_handler/lib/cpp_parameter_event_handler/parameter_event_handler
[0.480s] -- Up-to-date: /home/rohamzn/ros2_test_ws/install/cpp_parameter_event_handler/share/ament_index/resource_index/package_run_dependencies/cpp_parameter_event_handler
[0.481s] -- Up-to-date: /home/rohamzn/ros2_test_ws/install/cpp_parameter_event_handler/share/ament_index/resource_index/parent_prefix_path/cpp_parameter_event_handler
[0.481s] -- Up-to-date: /home/rohamzn/ros2_test_ws/install/cpp_parameter_event_handler/share/cpp_parameter_event_handler/environment/ament_prefix_path.sh
[0.481s] -- Up-to-date: /home/rohamzn/ros2_test_ws/install/cpp_parameter_event_handler/share/cpp_parameter_event_handler/environment/ament_prefix_path.dsv
[0.481s] -- Up-to-date: /home/rohamzn/ros2_test_ws/install/cpp_parameter_event_handler/share/cpp_parameter_event_handler/environment/path.sh
[0.481s] -- Up-to-date: /home/rohamzn/ros2_test_ws/install/cpp_parameter_event_handler/share/cpp_parameter_event_handler/environment/path.dsv
[0.482s] -- Up-to-date: /home/rohamzn/ros2_test_ws/install/cpp_parameter_event_handler/share/cpp_parameter_event_handler/local_setup.bash
[0.482s] -- Up-to-date: /home/rohamzn/ros2_test_ws/install/cpp_parameter_event_handler/share/cpp_parameter_event_handler/local_setup.sh
[0.482s] -- Up-to-date: /home/rohamzn/ros2_test_ws/install/cpp_parameter_event_handler/share/cpp_parameter_event_handler/local_setup.zsh
[0.482s] -- Up-to-date: /home/rohamzn/ros2_test_ws/install/cpp_parameter_event_handler/share/cpp_parameter_event_handler/local_setup.dsv
[0.483s] -- Installing: /home/rohamzn/ros2_test_ws/install/cpp_parameter_event_handler/share/cpp_parameter_event_handler/package.dsv
[0.483s] -- Up-to-date: /home/rohamzn/ros2_test_ws/install/cpp_parameter_event_handler/share/ament_index/resource_index/packages/cpp_parameter_event_handler
[0.483s] -- Up-to-date: /home/rohamzn/ros2_test_ws/install/cpp_parameter_event_handler/share/cpp_parameter_event_handler/cmake/cpp_parameter_event_handlerConfig.cmake
[0.483s] -- Up-to-date: /home/rohamzn/ros2_test_ws/install/cpp_parameter_event_handler/share/cpp_parameter_event_handler/cmake/cpp_parameter_event_handlerConfig-version.cmake
[0.483s] -- Up-to-date: /home/rohamzn/ros2_test_ws/install/cpp_parameter_event_handler/share/cpp_parameter_event_handler/package.xml
[0.506s] Invoked command in '/home/rohamzn/ros2_test_ws/build/cpp_parameter_event_handler' returned '0': CMAKE_PREFIX_PATH=${CMAKE_PREFIX_PATH}:/home/rohamzn/ros2_test_ws/install/py_launch_example:/opt/ros/humble CONDA_PROMPT_MODIFIER=(base) /home/rohamzn/.local/bin/cmake --install /home/rohamzn/ros2_test_ws/build/cpp_parameter_event_handler
