[0.010s] Invoking command in '/home/rohamzn/ros2_test_ws/build/learning_tf2_cpp': CMAKE_PREFIX_PATH=/home/rohamzn/ros2_test_ws/install/turtlesim:/home/rohamzn/ros2_test_ws/install/tutorial_interfaces:/home/rohamzn/ros2_test_ws/install/polygon_plugins:/home/rohamzn/ros2_test_ws/install/polygon_base:/home/rohamzn/ros2_test_ws/install/my_package:/home/rohamzn/ros2_test_ws/install/more_interfaces:/home/rohamzn/ros2_test_ws/install/cpp_srvcli:/home/rohamzn/ros2_test_ws/install/cpp_pubsub:/home/rohamzn/ros2_test_ws/install/cpp_parameters:/home/rohamzn/ros2_test_ws/install/cpp_parameter_event_handler:/home/rohamzn/ros2_test_ws/install/cpp_launch_example:/home/rohamzn/ros2_test_ws/install/action_tutorials_cpp:/home/rohamzn/ros2_test_ws/install/action_tutorials_interfaces:/home/rohamzn/ros2_test_ws/install/learning_tf2_py:/home/rohamzn/ros2_test_ws/install/py_launch_example:/home/rohamzn/ros2_test_ws/install/launch_tutorial:/opt/ros/humble CONDA_PROMPT_MODIFIER=(base) LD_LIBRARY_PATH=/home/rohamzn/ros2_test_ws/install/turtlesim/lib:/home/rohamzn/ros2_test_ws/install/tutorial_interfaces/lib:/home/rohamzn/ros2_test_ws/install/polygon_plugins/lib:/home/rohamzn/ros2_test_ws/install/more_interfaces/lib:/home/rohamzn/ros2_test_ws/install/action_tutorials_cpp/lib:/home/rohamzn/ros2_test_ws/install/action_tutorials_interfaces/lib:/usr/local/cuda/lib64:/opt/ros/humble/opt/rviz_ogre_vendor/lib:/opt/ros/humble/lib/x86_64-linux-gnu:/opt/ros/humble/lib PYTHONPATH=/home/rohamzn/ros2_test_ws/install/turtlesim/lib/python3.10/site-packages:/home/rohamzn/ros2_test_ws/install/tutorial_interfaces/lib/python3.10/site-packages:/home/rohamzn/ros2_test_ws/install/learning_tf2_py/lib/python3.10/site-packages:/home/rohamzn/ros2_test_ws/install/py_launch_example/lib/python3.10/site-packages:/home/rohamzn/ros2_test_ws/install/more_interfaces/lib/python3.10/site-packages:/home/rohamzn/ros2_test_ws/install/launch_tutorial/lib/python3.10/site-packages:/home/rohamzn/ros2_test_ws/install/action_tutorials_interfaces/lib/python3.10/site-packages:/opt/ros/humble/lib/python3.10/site-packages:/opt/ros/humble/local/lib/python3.10/dist-packages /home/rohamzn/.local/bin/cmake /home/rohamzn/ros2_test_ws/src/learning_tf2_cpp -DCMAKE_INSTALL_PREFIX=/home/rohamzn/ros2_test_ws/install/learning_tf2_cpp
[0.106s] -- The C compiler identification is GNU 13.1.0
[0.173s] -- The CXX compiler identification is GNU 11.4.0
[0.189s] -- Detecting C compiler ABI info
[0.238s] -- Detecting C compiler ABI info - done
[0.245s] -- Check for working C compiler: /home/rohamzn/anaconda3/bin/cc - skipped
[0.246s] -- Detecting C compile features
[0.246s] -- Detecting C compile features - done
[0.252s] -- Detecting CXX compiler ABI info
[0.293s] -- Detecting CXX compiler ABI info - done
[0.299s] -- Check for working CXX compiler: /usr/bin/c++ - skipped
[0.299s] -- Detecting CXX compile features
[0.299s] -- Detecting CXX compile features - done
[0.304s] -- Found ament_cmake: 1.3.5 (/opt/ros/humble/share/ament_cmake/cmake)
[0.716s] -- Found Python3: /home/rohamzn/anaconda3/bin/python3.10 (found version "3.10.6") found components: Interpreter 
[0.799s] -- Found geometry_msgs: 4.2.3 (/opt/ros/humble/share/geometry_msgs/cmake)
[0.840s] -- Found rosidl_generator_c: 3.1.5 (/opt/ros/humble/share/rosidl_generator_c/cmake)
[0.845s] -- Found rosidl_adapter: 3.1.5 (/opt/ros/humble/share/rosidl_adapter/cmake)
[0.854s] -- Found rosidl_generator_cpp: 3.1.5 (/opt/ros/humble/share/rosidl_generator_cpp/cmake)
[0.867s] -- Using all available rosidl_typesupport_c: rosidl_typesupport_fastrtps_c;rosidl_typesupport_introspection_c
[0.884s] -- Using all available rosidl_typesupport_cpp: rosidl_typesupport_fastrtps_cpp;rosidl_typesupport_introspection_cpp
[0.969s] -- Found rclcpp: 16.0.5 (/opt/ros/humble/share/rclcpp/cmake)
[1.020s] -- Found rmw_implementation_cmake: 6.1.1 (/opt/ros/humble/share/rmw_implementation_cmake/cmake)
[1.023s] -- Found rmw_cyclonedds_cpp: 1.3.4 (/opt/ros/humble/share/rmw_cyclonedds_cpp/cmake)
[1.054s] -- Using RMW implementation 'rmw_cyclonedds_cpp' as default
[1.064s] -- Performing Test CMAKE_HAVE_LIBC_PTHREAD
[1.102s] -- Performing Test CMAKE_HAVE_LIBC_PTHREAD - Failed
[1.102s] -- Looking for pthread_create in pthreads
[1.133s] -- Looking for pthread_create in pthreads - not found
[1.133s] -- Looking for pthread_create in pthread
[1.172s] -- Looking for pthread_create in pthread - found
[1.173s] -- Found Threads: TRUE  
[1.265s] -- Found tf2: 0.25.3 (/opt/ros/humble/share/tf2/cmake)
[1.277s] -- Found tf2_ros: 0.25.3 (/opt/ros/humble/share/tf2_ros/cmake)
[1.502s] -- Found turtlesim: 1.4.2 (/home/rohamzn/ros2_test_ws/install/turtlesim/share/turtlesim/cmake)
[1.542s] -- Found ament_lint_auto: 0.12.7 (/opt/ros/humble/share/ament_lint_auto/cmake)
[1.610s] -- Added test 'cppcheck' to perform static code analysis on C / C++ code
[1.610s] -- Configured cppcheck include dirs: 
[1.610s] -- Configured cppcheck exclude dirs and/or files: 
[1.610s] -- Added test 'flake8' to check Python code syntax and style conventions
[1.611s] -- Added test 'lint_cmake' to check CMake code style
[1.611s] -- Added test 'pep257' to check Python code against some of the docstring style conventions in PEP 257
[1.612s] -- Added test 'uncrustify' to check C / C++ code style
[1.612s] -- Configured uncrustify additional arguments: 
[1.612s] -- Added test 'xmllint' to check XML markup files
[1.614s] -- Configuring done (1.6s)
[1.620s] [33mCMake Warning at CMakeLists.txt:16 (add_executable):
[1.620s]   Cannot generate a safe runtime search path for target
[1.620s]   static_turtle_tf2_broadcaster because files in some directories may
[1.620s]   conflict with libraries in implicit directories:
[1.620s] 
[1.620s]     runtime library [libpython3.10.so.1.0] in /usr/lib/x86_64-linux-gnu may be hidden by files in:
[1.620s]       /home/rohamzn/anaconda3/lib
[1.620s] 
[1.620s]   Some of these libraries may not be found correctly.
[1.620s] 
[1.620s] [0m
[1.623s] [33mCMake Warning at CMakeLists.txt:25 (add_executable):
[1.623s]   Cannot generate a safe runtime search path for target
[1.623s]   turtle_tf2_broadcaster because files in some directories may conflict with
[1.623s]   libraries in implicit directories:
[1.623s] 
[1.623s]     runtime library [libpython3.10.so.1.0] in /usr/lib/x86_64-linux-gnu may be hidden by files in:
[1.623s]       /home/rohamzn/anaconda3/lib
[1.623s] 
[1.623s]   Some of these libraries may not be found correctly.
[1.623s] 
[1.623s] [0m
[1.624s] -- Generating done (0.0s)
[1.625s] -- Build files have been written to: /home/rohamzn/ros2_test_ws/build/learning_tf2_cpp
[1.632s] Invoked command in '/home/rohamzn/ros2_test_ws/build/learning_tf2_cpp' returned '0': CMAKE_PREFIX_PATH=/home/rohamzn/ros2_test_ws/install/turtlesim:/home/rohamzn/ros2_test_ws/install/tutorial_interfaces:/home/rohamzn/ros2_test_ws/install/polygon_plugins:/home/rohamzn/ros2_test_ws/install/polygon_base:/home/rohamzn/ros2_test_ws/install/my_package:/home/rohamzn/ros2_test_ws/install/more_interfaces:/home/rohamzn/ros2_test_ws/install/cpp_srvcli:/home/rohamzn/ros2_test_ws/install/cpp_pubsub:/home/rohamzn/ros2_test_ws/install/cpp_parameters:/home/rohamzn/ros2_test_ws/install/cpp_parameter_event_handler:/home/rohamzn/ros2_test_ws/install/cpp_launch_example:/home/rohamzn/ros2_test_ws/install/action_tutorials_cpp:/home/rohamzn/ros2_test_ws/install/action_tutorials_interfaces:/home/rohamzn/ros2_test_ws/install/learning_tf2_py:/home/rohamzn/ros2_test_ws/install/py_launch_example:/home/rohamzn/ros2_test_ws/install/launch_tutorial:/opt/ros/humble CONDA_PROMPT_MODIFIER=(base) LD_LIBRARY_PATH=/home/rohamzn/ros2_test_ws/install/turtlesim/lib:/home/rohamzn/ros2_test_ws/install/tutorial_interfaces/lib:/home/rohamzn/ros2_test_ws/install/polygon_plugins/lib:/home/rohamzn/ros2_test_ws/install/more_interfaces/lib:/home/rohamzn/ros2_test_ws/install/action_tutorials_cpp/lib:/home/rohamzn/ros2_test_ws/install/action_tutorials_interfaces/lib:/usr/local/cuda/lib64:/opt/ros/humble/opt/rviz_ogre_vendor/lib:/opt/ros/humble/lib/x86_64-linux-gnu:/opt/ros/humble/lib PYTHONPATH=/home/rohamzn/ros2_test_ws/install/turtlesim/lib/python3.10/site-packages:/home/rohamzn/ros2_test_ws/install/tutorial_interfaces/lib/python3.10/site-packages:/home/rohamzn/ros2_test_ws/install/learning_tf2_py/lib/python3.10/site-packages:/home/rohamzn/ros2_test_ws/install/py_launch_example/lib/python3.10/site-packages:/home/rohamzn/ros2_test_ws/install/more_interfaces/lib/python3.10/site-packages:/home/rohamzn/ros2_test_ws/install/launch_tutorial/lib/python3.10/site-packages:/home/rohamzn/ros2_test_ws/install/action_tutorials_interfaces/lib/python3.10/site-packages:/opt/ros/humble/lib/python3.10/site-packages:/opt/ros/humble/local/lib/python3.10/dist-packages /home/rohamzn/.local/bin/cmake /home/rohamzn/ros2_test_ws/src/learning_tf2_cpp -DCMAKE_INSTALL_PREFIX=/home/rohamzn/ros2_test_ws/install/learning_tf2_cpp
[1.632s] Invoking command in '/home/rohamzn/ros2_test_ws/build/learning_tf2_cpp': CMAKE_PREFIX_PATH=/home/rohamzn/ros2_test_ws/install/turtlesim:/home/rohamzn/ros2_test_ws/install/tutorial_interfaces:/home/rohamzn/ros2_test_ws/install/polygon_plugins:/home/rohamzn/ros2_test_ws/install/polygon_base:/home/rohamzn/ros2_test_ws/install/my_package:/home/rohamzn/ros2_test_ws/install/more_interfaces:/home/rohamzn/ros2_test_ws/install/cpp_srvcli:/home/rohamzn/ros2_test_ws/install/cpp_pubsub:/home/rohamzn/ros2_test_ws/install/cpp_parameters:/home/rohamzn/ros2_test_ws/install/cpp_parameter_event_handler:/home/rohamzn/ros2_test_ws/install/cpp_launch_example:/home/rohamzn/ros2_test_ws/install/action_tutorials_cpp:/home/rohamzn/ros2_test_ws/install/action_tutorials_interfaces:/home/rohamzn/ros2_test_ws/install/learning_tf2_py:/home/rohamzn/ros2_test_ws/install/py_launch_example:/home/rohamzn/ros2_test_ws/install/launch_tutorial:/opt/ros/humble CONDA_PROMPT_MODIFIER=(base) LD_LIBRARY_PATH=/home/rohamzn/ros2_test_ws/install/turtlesim/lib:/home/rohamzn/ros2_test_ws/install/tutorial_interfaces/lib:/home/rohamzn/ros2_test_ws/install/polygon_plugins/lib:/home/rohamzn/ros2_test_ws/install/more_interfaces/lib:/home/rohamzn/ros2_test_ws/install/action_tutorials_cpp/lib:/home/rohamzn/ros2_test_ws/install/action_tutorials_interfaces/lib:/usr/local/cuda/lib64:/opt/ros/humble/opt/rviz_ogre_vendor/lib:/opt/ros/humble/lib/x86_64-linux-gnu:/opt/ros/humble/lib PYTHONPATH=/home/rohamzn/ros2_test_ws/install/turtlesim/lib/python3.10/site-packages:/home/rohamzn/ros2_test_ws/install/tutorial_interfaces/lib/python3.10/site-packages:/home/rohamzn/ros2_test_ws/install/learning_tf2_py/lib/python3.10/site-packages:/home/rohamzn/ros2_test_ws/install/py_launch_example/lib/python3.10/site-packages:/home/rohamzn/ros2_test_ws/install/more_interfaces/lib/python3.10/site-packages:/home/rohamzn/ros2_test_ws/install/launch_tutorial/lib/python3.10/site-packages:/home/rohamzn/ros2_test_ws/install/action_tutorials_interfaces/lib/python3.10/site-packages:/opt/ros/humble/lib/python3.10/site-packages:/opt/ros/humble/local/lib/python3.10/dist-packages /home/rohamzn/.local/bin/cmake --build /home/rohamzn/ros2_test_ws/build/learning_tf2_cpp -- -j20 -l20
[1.661s] [ 25%] [32mBuilding CXX object CMakeFiles/static_turtle_tf2_broadcaster.dir/src/static_turtle_tf2_broadcaster.cpp.o[0m
[1.661s] [ 50%] [32mBuilding CXX object CMakeFiles/turtle_tf2_broadcaster.dir/src/turtle_tf2_broadcaster.cpp.o[0m
[3.636s] [ 75%] [32m[1mLinking CXX executable static_turtle_tf2_broadcaster[0m
[3.742s] [ 75%] Built target static_turtle_tf2_broadcaster
[5.748s] [100%] [32m[1mLinking CXX executable turtle_tf2_broadcaster[0m
[5.965s] [100%] Built target turtle_tf2_broadcaster
[5.978s] Invoked command in '/home/rohamzn/ros2_test_ws/build/learning_tf2_cpp' returned '0': CMAKE_PREFIX_PATH=/home/rohamzn/ros2_test_ws/install/turtlesim:/home/rohamzn/ros2_test_ws/install/tutorial_interfaces:/home/rohamzn/ros2_test_ws/install/polygon_plugins:/home/rohamzn/ros2_test_ws/install/polygon_base:/home/rohamzn/ros2_test_ws/install/my_package:/home/rohamzn/ros2_test_ws/install/more_interfaces:/home/rohamzn/ros2_test_ws/install/cpp_srvcli:/home/rohamzn/ros2_test_ws/install/cpp_pubsub:/home/rohamzn/ros2_test_ws/install/cpp_parameters:/home/rohamzn/ros2_test_ws/install/cpp_parameter_event_handler:/home/rohamzn/ros2_test_ws/install/cpp_launch_example:/home/rohamzn/ros2_test_ws/install/action_tutorials_cpp:/home/rohamzn/ros2_test_ws/install/action_tutorials_interfaces:/home/rohamzn/ros2_test_ws/install/learning_tf2_py:/home/rohamzn/ros2_test_ws/install/py_launch_example:/home/rohamzn/ros2_test_ws/install/launch_tutorial:/opt/ros/humble CONDA_PROMPT_MODIFIER=(base) LD_LIBRARY_PATH=/home/rohamzn/ros2_test_ws/install/turtlesim/lib:/home/rohamzn/ros2_test_ws/install/tutorial_interfaces/lib:/home/rohamzn/ros2_test_ws/install/polygon_plugins/lib:/home/rohamzn/ros2_test_ws/install/more_interfaces/lib:/home/rohamzn/ros2_test_ws/install/action_tutorials_cpp/lib:/home/rohamzn/ros2_test_ws/install/action_tutorials_interfaces/lib:/usr/local/cuda/lib64:/opt/ros/humble/opt/rviz_ogre_vendor/lib:/opt/ros/humble/lib/x86_64-linux-gnu:/opt/ros/humble/lib PYTHONPATH=/home/rohamzn/ros2_test_ws/install/turtlesim/lib/python3.10/site-packages:/home/rohamzn/ros2_test_ws/install/tutorial_interfaces/lib/python3.10/site-packages:/home/rohamzn/ros2_test_ws/install/learning_tf2_py/lib/python3.10/site-packages:/home/rohamzn/ros2_test_ws/install/py_launch_example/lib/python3.10/site-packages:/home/rohamzn/ros2_test_ws/install/more_interfaces/lib/python3.10/site-packages:/home/rohamzn/ros2_test_ws/install/launch_tutorial/lib/python3.10/site-packages:/home/rohamzn/ros2_test_ws/install/action_tutorials_interfaces/lib/python3.10/site-packages:/opt/ros/humble/lib/python3.10/site-packages:/opt/ros/humble/local/lib/python3.10/dist-packages /home/rohamzn/.local/bin/cmake --build /home/rohamzn/ros2_test_ws/build/learning_tf2_cpp -- -j20 -l20
[6.028s] Invoking command in '/home/rohamzn/ros2_test_ws/build/learning_tf2_cpp': CMAKE_PREFIX_PATH=/home/rohamzn/ros2_test_ws/install/turtlesim:/home/rohamzn/ros2_test_ws/install/tutorial_interfaces:/home/rohamzn/ros2_test_ws/install/polygon_plugins:/home/rohamzn/ros2_test_ws/install/polygon_base:/home/rohamzn/ros2_test_ws/install/my_package:/home/rohamzn/ros2_test_ws/install/more_interfaces:/home/rohamzn/ros2_test_ws/install/cpp_srvcli:/home/rohamzn/ros2_test_ws/install/cpp_pubsub:/home/rohamzn/ros2_test_ws/install/cpp_parameters:/home/rohamzn/ros2_test_ws/install/cpp_parameter_event_handler:/home/rohamzn/ros2_test_ws/install/cpp_launch_example:/home/rohamzn/ros2_test_ws/install/action_tutorials_cpp:/home/rohamzn/ros2_test_ws/install/action_tutorials_interfaces:/home/rohamzn/ros2_test_ws/install/learning_tf2_py:/home/rohamzn/ros2_test_ws/install/py_launch_example:/home/rohamzn/ros2_test_ws/install/launch_tutorial:/opt/ros/humble CONDA_PROMPT_MODIFIER=(base) LD_LIBRARY_PATH=/home/rohamzn/ros2_test_ws/install/turtlesim/lib:/home/rohamzn/ros2_test_ws/install/tutorial_interfaces/lib:/home/rohamzn/ros2_test_ws/install/polygon_plugins/lib:/home/rohamzn/ros2_test_ws/install/more_interfaces/lib:/home/rohamzn/ros2_test_ws/install/action_tutorials_cpp/lib:/home/rohamzn/ros2_test_ws/install/action_tutorials_interfaces/lib:/usr/local/cuda/lib64:/opt/ros/humble/opt/rviz_ogre_vendor/lib:/opt/ros/humble/lib/x86_64-linux-gnu:/opt/ros/humble/lib PYTHONPATH=/home/rohamzn/ros2_test_ws/install/turtlesim/lib/python3.10/site-packages:/home/rohamzn/ros2_test_ws/install/tutorial_interfaces/lib/python3.10/site-packages:/home/rohamzn/ros2_test_ws/install/learning_tf2_py/lib/python3.10/site-packages:/home/rohamzn/ros2_test_ws/install/py_launch_example/lib/python3.10/site-packages:/home/rohamzn/ros2_test_ws/install/more_interfaces/lib/python3.10/site-packages:/home/rohamzn/ros2_test_ws/install/launch_tutorial/lib/python3.10/site-packages:/home/rohamzn/ros2_test_ws/install/action_tutorials_interfaces/lib/python3.10/site-packages:/opt/ros/humble/lib/python3.10/site-packages:/opt/ros/humble/local/lib/python3.10/dist-packages /home/rohamzn/.local/bin/cmake --install /home/rohamzn/ros2_test_ws/build/learning_tf2_cpp
[6.043s] -- Install configuration: ""
[6.043s] -- Installing: /home/rohamzn/ros2_test_ws/install/learning_tf2_cpp/lib/learning_tf2_cpp/static_turtle_tf2_broadcaster
[6.044s] -- Set runtime path of "/home/rohamzn/ros2_test_ws/install/learning_tf2_cpp/lib/learning_tf2_cpp/static_turtle_tf2_broadcaster" to ""
[6.044s] -- Installing: /home/rohamzn/ros2_test_ws/install/learning_tf2_cpp/lib/learning_tf2_cpp/turtle_tf2_broadcaster
[6.045s] -- Set runtime path of "/home/rohamzn/ros2_test_ws/install/learning_tf2_cpp/lib/learning_tf2_cpp/turtle_tf2_broadcaster" to ""
[6.045s] -- Installing: /home/rohamzn/ros2_test_ws/install/learning_tf2_cpp/share/learning_tf2_cpp/launch
[6.045s] -- Installing: /home/rohamzn/ros2_test_ws/install/learning_tf2_cpp/share/learning_tf2_cpp/launch/turtle_tf2_demo.launch.py
[6.046s] -- Installing: /home/rohamzn/ros2_test_ws/install/learning_tf2_cpp/share/ament_index/resource_index/package_run_dependencies/learning_tf2_cpp
[6.046s] -- Installing: /home/rohamzn/ros2_test_ws/install/learning_tf2_cpp/share/ament_index/resource_index/parent_prefix_path/learning_tf2_cpp
[6.046s] -- Installing: /home/rohamzn/ros2_test_ws/install/learning_tf2_cpp/share/learning_tf2_cpp/environment/ament_prefix_path.sh
[6.046s] -- Installing: /home/rohamzn/ros2_test_ws/install/learning_tf2_cpp/share/learning_tf2_cpp/environment/ament_prefix_path.dsv
[6.046s] -- Installing: /home/rohamzn/ros2_test_ws/install/learning_tf2_cpp/share/learning_tf2_cpp/environment/path.sh
[6.046s] -- Installing: /home/rohamzn/ros2_test_ws/install/learning_tf2_cpp/share/learning_tf2_cpp/environment/path.dsv
[6.046s] -- Installing: /home/rohamzn/ros2_test_ws/install/learning_tf2_cpp/share/learning_tf2_cpp/local_setup.bash
[6.046s] -- Installing: /home/rohamzn/ros2_test_ws/install/learning_tf2_cpp/share/learning_tf2_cpp/local_setup.sh
[6.046s] -- Installing: /home/rohamzn/ros2_test_ws/install/learning_tf2_cpp/share/learning_tf2_cpp/local_setup.zsh
[6.046s] -- Installing: /home/rohamzn/ros2_test_ws/install/learning_tf2_cpp/share/learning_tf2_cpp/local_setup.dsv
[6.046s] -- Installing: /home/rohamzn/ros2_test_ws/install/learning_tf2_cpp/share/learning_tf2_cpp/package.dsv
[6.046s] -- Installing: /home/rohamzn/ros2_test_ws/install/learning_tf2_cpp/share/ament_index/resource_index/packages/learning_tf2_cpp
[6.046s] -- Installing: /home/rohamzn/ros2_test_ws/install/learning_tf2_cpp/share/learning_tf2_cpp/cmake/learning_tf2_cppConfig.cmake
[6.046s] -- Installing: /home/rohamzn/ros2_test_ws/install/learning_tf2_cpp/share/learning_tf2_cpp/cmake/learning_tf2_cppConfig-version.cmake
[6.046s] -- Installing: /home/rohamzn/ros2_test_ws/install/learning_tf2_cpp/share/learning_tf2_cpp/package.xml
[6.051s] Invoked command in '/home/rohamzn/ros2_test_ws/build/learning_tf2_cpp' returned '0': CMAKE_PREFIX_PATH=/home/rohamzn/ros2_test_ws/install/turtlesim:/home/rohamzn/ros2_test_ws/install/tutorial_interfaces:/home/rohamzn/ros2_test_ws/install/polygon_plugins:/home/rohamzn/ros2_test_ws/install/polygon_base:/home/rohamzn/ros2_test_ws/install/my_package:/home/rohamzn/ros2_test_ws/install/more_interfaces:/home/rohamzn/ros2_test_ws/install/cpp_srvcli:/home/rohamzn/ros2_test_ws/install/cpp_pubsub:/home/rohamzn/ros2_test_ws/install/cpp_parameters:/home/rohamzn/ros2_test_ws/install/cpp_parameter_event_handler:/home/rohamzn/ros2_test_ws/install/cpp_launch_example:/home/rohamzn/ros2_test_ws/install/action_tutorials_cpp:/home/rohamzn/ros2_test_ws/install/action_tutorials_interfaces:/home/rohamzn/ros2_test_ws/install/learning_tf2_py:/home/rohamzn/ros2_test_ws/install/py_launch_example:/home/rohamzn/ros2_test_ws/install/launch_tutorial:/opt/ros/humble CONDA_PROMPT_MODIFIER=(base) LD_LIBRARY_PATH=/home/rohamzn/ros2_test_ws/install/turtlesim/lib:/home/rohamzn/ros2_test_ws/install/tutorial_interfaces/lib:/home/rohamzn/ros2_test_ws/install/polygon_plugins/lib:/home/rohamzn/ros2_test_ws/install/more_interfaces/lib:/home/rohamzn/ros2_test_ws/install/action_tutorials_cpp/lib:/home/rohamzn/ros2_test_ws/install/action_tutorials_interfaces/lib:/usr/local/cuda/lib64:/opt/ros/humble/opt/rviz_ogre_vendor/lib:/opt/ros/humble/lib/x86_64-linux-gnu:/opt/ros/humble/lib PYTHONPATH=/home/rohamzn/ros2_test_ws/install/turtlesim/lib/python3.10/site-packages:/home/rohamzn/ros2_test_ws/install/tutorial_interfaces/lib/python3.10/site-packages:/home/rohamzn/ros2_test_ws/install/learning_tf2_py/lib/python3.10/site-packages:/home/rohamzn/ros2_test_ws/install/py_launch_example/lib/python3.10/site-packages:/home/rohamzn/ros2_test_ws/install/more_interfaces/lib/python3.10/site-packages:/home/rohamzn/ros2_test_ws/install/launch_tutorial/lib/python3.10/site-packages:/home/rohamzn/ros2_test_ws/install/action_tutorials_interfaces/lib/python3.10/site-packages:/opt/ros/humble/lib/python3.10/site-packages:/opt/ros/humble/local/lib/python3.10/dist-packages /home/rohamzn/.local/bin/cmake --install /home/rohamzn/ros2_test_ws/build/learning_tf2_cpp
