[0.007s] Invoking command in '/home/rohamzn/ros2_test_ws/build/cpp_parameters': CMAKE_PREFIX_PATH=${CMAKE_PREFIX_PATH}:/opt/ros/humble CONDA_PROMPT_MODIFIER=(base) /home/rohamzn/.local/bin/cmake /home/rohamzn/ros2_test_ws/src/cpp_parameters -DCMAKE_INSTALL_PREFIX=/home/rohamzn/ros2_test_ws/install/cpp_parameters
[0.047s] -- The C compiler identification is GNU 13.1.0
[0.080s] -- The CXX compiler identification is GNU 11.4.0
[0.092s] -- Detecting C compiler ABI info
[0.132s] -- Detecting C compiler ABI info - done
[0.138s] -- Check for working C compiler: /home/rohamzn/anaconda3/bin/cc - skipped
[0.139s] -- Detecting C compile features
[0.139s] -- Detecting C compile features - done
[0.144s] -- Detecting CXX compiler ABI info
[0.184s] -- Detecting CXX compiler ABI info - done
[0.190s] -- Check for working CXX compiler: /usr/bin/c++ - skipped
[0.190s] -- Detecting CXX compile features
[0.190s] -- Detecting CXX compile features - done
[0.192s] -- Found ament_cmake: 1.3.5 (/opt/ros/humble/share/ament_cmake/cmake)
[0.584s] -- Found Python3: /home/rohamzn/anaconda3/bin/python3.10 (found version "3.10.6") found components: Interpreter 
[0.636s] -- Found rclcpp: 16.0.5 (/opt/ros/humble/share/rclcpp/cmake)
[0.663s] -- Found rosidl_generator_c: 3.1.5 (/opt/ros/humble/share/rosidl_generator_c/cmake)
[0.666s] -- Found rosidl_adapter: 3.1.5 (/opt/ros/humble/share/rosidl_adapter/cmake)
[0.671s] -- Found rosidl_generator_cpp: 3.1.5 (/opt/ros/humble/share/rosidl_generator_cpp/cmake)
[0.680s] -- Using all available rosidl_typesupport_c: rosidl_typesupport_fastrtps_c;rosidl_typesupport_introspection_c
[0.693s] -- Using all available rosidl_typesupport_cpp: rosidl_typesupport_fastrtps_cpp;rosidl_typesupport_introspection_cpp
[0.739s] -- Found rmw_implementation_cmake: 6.1.1 (/opt/ros/humble/share/rmw_implementation_cmake/cmake)
[0.740s] -- Found rmw_cyclonedds_cpp: 1.3.4 (/opt/ros/humble/share/rmw_cyclonedds_cpp/cmake)
[0.762s] -- Using RMW implementation 'rmw_cyclonedds_cpp' as default
[0.769s] -- Performing Test CMAKE_HAVE_LIBC_PTHREAD
[0.803s] -- Performing Test CMAKE_HAVE_LIBC_PTHREAD - Failed
[0.803s] -- Looking for pthread_create in pthreads
[0.829s] -- Looking for pthread_create in pthreads - not found
[0.830s] -- Looking for pthread_create in pthread
[0.867s] -- Looking for pthread_create in pthread - found
[0.868s] -- Found Threads: TRUE  
[0.968s] -- Found ament_lint_auto: 0.12.7 (/opt/ros/humble/share/ament_lint_auto/cmake)
[1.019s] -- Added test 'cppcheck' to perform static code analysis on C / C++ code
[1.019s] -- Configured cppcheck include dirs: 
[1.019s] -- Configured cppcheck exclude dirs and/or files: 
[1.020s] -- Added test 'lint_cmake' to check CMake code style
[1.020s] -- Added test 'uncrustify' to check C / C++ code style
[1.020s] -- Configured uncrustify additional arguments: 
[1.021s] -- Added test 'xmllint' to check XML markup files
[1.021s] -- Configuring done (1.0s)
[1.025s] [33mCMake Warning at CMakeLists.txt:12 (add_executable):
[1.025s]   Cannot generate a safe runtime search path for target minimal_param_node
[1.025s]   because files in some directories may conflict with libraries in implicit
[1.025s]   directories:
[1.025s] 
[1.026s]     runtime library [libpython3.10.so.1.0] in /usr/lib/x86_64-linux-gnu may be hidden by files in:
[1.026s]       /home/rohamzn/anaconda3/lib
[1.026s] 
[1.026s]   Some of these libraries may not be found correctly.
[1.026s] 
[1.026s] [0m
[1.026s] -- Generating done (0.0s)
[1.027s] -- Build files have been written to: /home/rohamzn/ros2_test_ws/build/cpp_parameters
[1.034s] Invoked command in '/home/rohamzn/ros2_test_ws/build/cpp_parameters' returned '0': CMAKE_PREFIX_PATH=${CMAKE_PREFIX_PATH}:/opt/ros/humble CONDA_PROMPT_MODIFIER=(base) /home/rohamzn/.local/bin/cmake /home/rohamzn/ros2_test_ws/src/cpp_parameters -DCMAKE_INSTALL_PREFIX=/home/rohamzn/ros2_test_ws/install/cpp_parameters
[1.034s] Invoking command in '/home/rohamzn/ros2_test_ws/build/cpp_parameters': CMAKE_PREFIX_PATH=${CMAKE_PREFIX_PATH}:/opt/ros/humble CONDA_PROMPT_MODIFIER=(base) /home/rohamzn/.local/bin/cmake --build /home/rohamzn/ros2_test_ws/build/cpp_parameters -- -j20 -l20
[1.060s] [ 50%] [32mBuilding CXX object CMakeFiles/minimal_param_node.dir/src/cpp_parameters_node.cpp.o[0m
[2.548s] [100%] [32m[1mLinking CXX executable minimal_param_node[0m
[2.606s] [100%] Built target minimal_param_node
[2.611s] Invoked command in '/home/rohamzn/ros2_test_ws/build/cpp_parameters' returned '0': CMAKE_PREFIX_PATH=${CMAKE_PREFIX_PATH}:/opt/ros/humble CONDA_PROMPT_MODIFIER=(base) /home/rohamzn/.local/bin/cmake --build /home/rohamzn/ros2_test_ws/build/cpp_parameters -- -j20 -l20
[2.656s] Invoking command in '/home/rohamzn/ros2_test_ws/build/cpp_parameters': CMAKE_PREFIX_PATH=${CMAKE_PREFIX_PATH}:/opt/ros/humble CONDA_PROMPT_MODIFIER=(base) /home/rohamzn/.local/bin/cmake --install /home/rohamzn/ros2_test_ws/build/cpp_parameters
[2.672s] -- Install configuration: ""
[2.672s] -- Installing: /home/rohamzn/ros2_test_ws/install/cpp_parameters/lib/cpp_parameters/minimal_param_node
[2.672s] -- Set runtime path of "/home/rohamzn/ros2_test_ws/install/cpp_parameters/lib/cpp_parameters/minimal_param_node" to ""
[2.672s] -- Installing: /home/rohamzn/ros2_test_ws/install/cpp_parameters/share/ament_index/resource_index/package_run_dependencies/cpp_parameters
[2.672s] -- Installing: /home/rohamzn/ros2_test_ws/install/cpp_parameters/share/ament_index/resource_index/parent_prefix_path/cpp_parameters
[2.673s] -- Installing: /home/rohamzn/ros2_test_ws/install/cpp_parameters/share/cpp_parameters/environment/ament_prefix_path.sh
[2.673s] -- Installing: /home/rohamzn/ros2_test_ws/install/cpp_parameters/share/cpp_parameters/environment/ament_prefix_path.dsv
[2.673s] -- Installing: /home/rohamzn/ros2_test_ws/install/cpp_parameters/share/cpp_parameters/environment/path.sh
[2.673s] -- Installing: /home/rohamzn/ros2_test_ws/install/cpp_parameters/share/cpp_parameters/environment/path.dsv
[2.673s] -- Installing: /home/rohamzn/ros2_test_ws/install/cpp_parameters/share/cpp_parameters/local_setup.bash
[2.673s] -- Installing: /home/rohamzn/ros2_test_ws/install/cpp_parameters/share/cpp_parameters/local_setup.sh
[2.673s] -- Installing: /home/rohamzn/ros2_test_ws/install/cpp_parameters/share/cpp_parameters/local_setup.zsh
[2.673s] -- Installing: /home/rohamzn/ros2_test_ws/install/cpp_parameters/share/cpp_parameters/local_setup.dsv
[2.673s] -- Installing: /home/rohamzn/ros2_test_ws/install/cpp_parameters/share/cpp_parameters/package.dsv
[2.673s] -- Installing: /home/rohamzn/ros2_test_ws/install/cpp_parameters/share/ament_index/resource_index/packages/cpp_parameters
[2.673s] -- Installing: /home/rohamzn/ros2_test_ws/install/cpp_parameters/share/cpp_parameters/cmake/cpp_parametersConfig.cmake
[2.673s] -- Installing: /home/rohamzn/ros2_test_ws/install/cpp_parameters/share/cpp_parameters/cmake/cpp_parametersConfig-version.cmake
[2.673s] -- Installing: /home/rohamzn/ros2_test_ws/install/cpp_parameters/share/cpp_parameters/package.xml
[2.676s] Invoked command in '/home/rohamzn/ros2_test_ws/build/cpp_parameters' returned '0': CMAKE_PREFIX_PATH=${CMAKE_PREFIX_PATH}:/opt/ros/humble CONDA_PROMPT_MODIFIER=(base) /home/rohamzn/.local/bin/cmake --install /home/rohamzn/ros2_test_ws/build/cpp_parameters
