[0.025s] Invoking command in '/home/rohamzn/ros2_test_ws/build/polygon_plugins': AMENT_PREFIX_PATH=/home/rohamzn/ros2_test_ws/install/polygon_base:${AMENT_PREFIX_PATH} CMAKE_PREFIX_PATH=/home/rohamzn/ros2_test_ws/install/polygon_base:/opt/ros/humble CONDA_PROMPT_MODIFIER=(base) /home/rohamzn/.local/bin/cmake --build /home/rohamzn/ros2_test_ws/build/polygon_plugins -- -j20 -l20
[0.053s] [100%] Built target polygon_plugins
[0.060s] Invoked command in '/home/rohamzn/ros2_test_ws/build/polygon_plugins' returned '0': AMENT_PREFIX_PATH=/home/rohamzn/ros2_test_ws/install/polygon_base:${AMENT_PREFIX_PATH} CMAKE_PREFIX_PATH=/home/rohamzn/ros2_test_ws/install/polygon_base:/opt/ros/humble CONDA_PROMPT_MODIFIER=(base) /home/rohamzn/.local/bin/cmake --build /home/rohamzn/ros2_test_ws/build/polygon_plugins -- -j20 -l20
[0.089s] Invoking command in '/home/rohamzn/ros2_test_ws/build/polygon_plugins': AMENT_PREFIX_PATH=/home/rohamzn/ros2_test_ws/install/polygon_base:${AMENT_PREFIX_PATH} CMAKE_PREFIX_PATH=/home/rohamzn/ros2_test_ws/install/polygon_base:/opt/ros/humble CONDA_PROMPT_MODIFIER=(base) /home/rohamzn/.local/bin/cmake --install /home/rohamzn/ros2_test_ws/build/polygon_plugins
[0.104s] -- Install configuration: ""
[0.104s] -- Up-to-date: /home/rohamzn/ros2_test_ws/install/polygon_plugins/share/polygon_plugins/plugins.xml
[0.104s] -- Up-to-date: /home/rohamzn/ros2_test_ws/install/polygon_plugins/include
[0.104s] -- Up-to-date: /home/rohamzn/ros2_test_ws/install/polygon_plugins/include/polygon_plugins
[0.105s] -- Up-to-date: /home/rohamzn/ros2_test_ws/install/polygon_plugins/include/polygon_plugins/polygon_plugins.hpp
[0.105s] -- Up-to-date: /home/rohamzn/ros2_test_ws/install/polygon_plugins/include/polygon_plugins/visibility_control.h
[0.105s] -- Up-to-date: /home/rohamzn/ros2_test_ws/install/polygon_plugins/lib/libpolygon_plugins.so
[0.105s] -- Up-to-date: /home/rohamzn/ros2_test_ws/install/polygon_plugins/share/polygon_plugins/environment/library_path.sh
[0.105s] -- Up-to-date: /home/rohamzn/ros2_test_ws/install/polygon_plugins/share/polygon_plugins/environment/library_path.dsv
[0.105s] -- Up-to-date: /home/rohamzn/ros2_test_ws/install/polygon_plugins/share/ament_index/resource_index/package_run_dependencies/polygon_plugins
[0.105s] -- Up-to-date: /home/rohamzn/ros2_test_ws/install/polygon_plugins/share/ament_index/resource_index/parent_prefix_path/polygon_plugins
[0.105s] -- Up-to-date: /home/rohamzn/ros2_test_ws/install/polygon_plugins/share/polygon_plugins/environment/ament_prefix_path.sh
[0.105s] -- Up-to-date: /home/rohamzn/ros2_test_ws/install/polygon_plugins/share/polygon_plugins/environment/ament_prefix_path.dsv
[0.106s] -- Up-to-date: /home/rohamzn/ros2_test_ws/install/polygon_plugins/share/polygon_plugins/environment/path.sh
[0.106s] -- Up-to-date: /home/rohamzn/ros2_test_ws/install/polygon_plugins/share/polygon_plugins/environment/path.dsv
[0.106s] -- Up-to-date: /home/rohamzn/ros2_test_ws/install/polygon_plugins/share/polygon_plugins/local_setup.bash
[0.106s] -- Up-to-date: /home/rohamzn/ros2_test_ws/install/polygon_plugins/share/polygon_plugins/local_setup.sh
[0.106s] -- Up-to-date: /home/rohamzn/ros2_test_ws/install/polygon_plugins/share/polygon_plugins/local_setup.zsh
[0.106s] -- Up-to-date: /home/rohamzn/ros2_test_ws/install/polygon_plugins/share/polygon_plugins/local_setup.dsv
[0.106s] -- Up-to-date: /home/rohamzn/ros2_test_ws/install/polygon_plugins/share/polygon_plugins/package.dsv
[0.106s] -- Up-to-date: /home/rohamzn/ros2_test_ws/install/polygon_plugins/share/ament_index/resource_index/packages/polygon_plugins
[0.106s] -- Up-to-date: /home/rohamzn/ros2_test_ws/install/polygon_plugins/share/ament_index/resource_index/polygon_base__pluginlib__plugin/polygon_plugins
[0.106s] -- Up-to-date: /home/rohamzn/ros2_test_ws/install/polygon_plugins/share/polygon_plugins/cmake/export_polygon_pluginsExport.cmake
[0.106s] -- Up-to-date: /home/rohamzn/ros2_test_ws/install/polygon_plugins/share/polygon_plugins/cmake/export_polygon_pluginsExport-noconfig.cmake
[0.106s] -- Up-to-date: /home/rohamzn/ros2_test_ws/install/polygon_plugins/share/polygon_plugins/cmake/ament_cmake_export_libraries-extras.cmake
[0.106s] -- Up-to-date: /home/rohamzn/ros2_test_ws/install/polygon_plugins/share/polygon_plugins/cmake/ament_cmake_export_targets-extras.cmake
[0.106s] -- Up-to-date: /home/rohamzn/ros2_test_ws/install/polygon_plugins/share/polygon_plugins/cmake/ament_cmake_export_include_directories-extras.cmake
[0.107s] -- Up-to-date: /home/rohamzn/ros2_test_ws/install/polygon_plugins/share/polygon_plugins/cmake/polygon_pluginsConfig.cmake
[0.107s] -- Up-to-date: /home/rohamzn/ros2_test_ws/install/polygon_plugins/share/polygon_plugins/cmake/polygon_pluginsConfig-version.cmake
[0.107s] -- Up-to-date: /home/rohamzn/ros2_test_ws/install/polygon_plugins/share/polygon_plugins/package.xml
[0.112s] Invoked command in '/home/rohamzn/ros2_test_ws/build/polygon_plugins' returned '0': AMENT_PREFIX_PATH=/home/rohamzn/ros2_test_ws/install/polygon_base:${AMENT_PREFIX_PATH} CMAKE_PREFIX_PATH=/home/rohamzn/ros2_test_ws/install/polygon_base:/opt/ros/humble CONDA_PROMPT_MODIFIER=(base) /home/rohamzn/.local/bin/cmake --install /home/rohamzn/ros2_test_ws/build/polygon_plugins
