[0.007s] Invoking command in '/home/rohamzn/ros2_test_ws/build/action_tutorials_cpp': AMENT_PREFIX_PATH=/home/rohamzn/ros2_test_ws/install/action_tutorials_interfaces:${AMENT_PREFIX_PATH} CMAKE_PREFIX_PATH=/home/rohamzn/ros2_test_ws/install/action_tutorials_interfaces:/opt/ros/humble CONDA_PROMPT_MODIFIER=(base) LD_LIBRARY_PATH=/home/rohamzn/ros2_test_ws/install/action_tutorials_interfaces/lib:${LD_LIBRARY_PATH} PYTHONPATH=/home/rohamzn/ros2_test_ws/install/action_tutorials_interfaces/lib/python3.10/site-packages:${PYTHONPATH} /home/rohamzn/.local/bin/cmake --build /home/rohamzn/ros2_test_ws/build/action_tutorials_cpp -- -j20 -l20
[0.038s] [ 25%] Built target fibonacci_action_server
[0.039s] [ 37%] [32mBuilding CXX object CMakeFiles/action_server.dir/src/fibonacci_action_server.cpp.o[0m
[0.040s] [ 62%] Built target fibonacci_action_client
[0.041s] [ 87%] Built target action_client
[1.941s] [100%] [32m[1mLinking CXX shared library libaction_server.so[0m
[2.032s] [100%] Built target action_server
[2.038s] Invoked command in '/home/rohamzn/ros2_test_ws/build/action_tutorials_cpp' returned '0': AMENT_PREFIX_PATH=/home/rohamzn/ros2_test_ws/install/action_tutorials_interfaces:${AMENT_PREFIX_PATH} CMAKE_PREFIX_PATH=/home/rohamzn/ros2_test_ws/install/action_tutorials_interfaces:/opt/ros/humble CONDA_PROMPT_MODIFIER=(base) LD_LIBRARY_PATH=/home/rohamzn/ros2_test_ws/install/action_tutorials_interfaces/lib:${LD_LIBRARY_PATH} PYTHONPATH=/home/rohamzn/ros2_test_ws/install/action_tutorials_interfaces/lib/python3.10/site-packages:${PYTHONPATH} /home/rohamzn/.local/bin/cmake --build /home/rohamzn/ros2_test_ws/build/action_tutorials_cpp -- -j20 -l20
[2.067s] Invoking command in '/home/rohamzn/ros2_test_ws/build/action_tutorials_cpp': AMENT_PREFIX_PATH=/home/rohamzn/ros2_test_ws/install/action_tutorials_interfaces:${AMENT_PREFIX_PATH} CMAKE_PREFIX_PATH=/home/rohamzn/ros2_test_ws/install/action_tutorials_interfaces:/opt/ros/humble CONDA_PROMPT_MODIFIER=(base) LD_LIBRARY_PATH=/home/rohamzn/ros2_test_ws/install/action_tutorials_interfaces/lib:${LD_LIBRARY_PATH} PYTHONPATH=/home/rohamzn/ros2_test_ws/install/action_tutorials_interfaces/lib/python3.10/site-packages:${PYTHONPATH} /home/rohamzn/.local/bin/cmake --install /home/rohamzn/ros2_test_ws/build/action_tutorials_cpp
[2.082s] -- Install configuration: ""
[2.083s] -- Up-to-date: /home/rohamzn/ros2_test_ws/install/action_tutorials_cpp/lib/action_tutorials_cpp/fibonacci_action_client
[2.083s] -- Up-to-date: /home/rohamzn/ros2_test_ws/install/action_tutorials_cpp/lib/libaction_client.so
[2.083s] -- Up-to-date: /home/rohamzn/ros2_test_ws/install/action_tutorials_cpp/lib/action_tutorials_cpp/fibonacci_action_server
[2.084s] -- Installing: /home/rohamzn/ros2_test_ws/install/action_tutorials_cpp/lib/libaction_server.so
[2.084s] -- Set runtime path of "/home/rohamzn/ros2_test_ws/install/action_tutorials_cpp/lib/libaction_server.so" to ""
[2.084s] -- Up-to-date: /home/rohamzn/ros2_test_ws/install/action_tutorials_cpp/share/ament_index/resource_index/package_run_dependencies/action_tutorials_cpp
[2.085s] -- Up-to-date: /home/rohamzn/ros2_test_ws/install/action_tutorials_cpp/share/ament_index/resource_index/parent_prefix_path/action_tutorials_cpp
[2.085s] -- Up-to-date: /home/rohamzn/ros2_test_ws/install/action_tutorials_cpp/share/action_tutorials_cpp/environment/ament_prefix_path.sh
[2.085s] -- Up-to-date: /home/rohamzn/ros2_test_ws/install/action_tutorials_cpp/share/action_tutorials_cpp/environment/ament_prefix_path.dsv
[2.085s] -- Up-to-date: /home/rohamzn/ros2_test_ws/install/action_tutorials_cpp/share/action_tutorials_cpp/environment/path.sh
[2.085s] -- Up-to-date: /home/rohamzn/ros2_test_ws/install/action_tutorials_cpp/share/action_tutorials_cpp/environment/path.dsv
[2.085s] -- Up-to-date: /home/rohamzn/ros2_test_ws/install/action_tutorials_cpp/share/action_tutorials_cpp/local_setup.bash
[2.085s] -- Up-to-date: /home/rohamzn/ros2_test_ws/install/action_tutorials_cpp/share/action_tutorials_cpp/local_setup.sh
[2.085s] -- Up-to-date: /home/rohamzn/ros2_test_ws/install/action_tutorials_cpp/share/action_tutorials_cpp/local_setup.zsh
[2.085s] -- Up-to-date: /home/rohamzn/ros2_test_ws/install/action_tutorials_cpp/share/action_tutorials_cpp/local_setup.dsv
[2.085s] -- Installing: /home/rohamzn/ros2_test_ws/install/action_tutorials_cpp/share/action_tutorials_cpp/package.dsv
[2.085s] -- Up-to-date: /home/rohamzn/ros2_test_ws/install/action_tutorials_cpp/share/ament_index/resource_index/packages/action_tutorials_cpp
[2.085s] -- Up-to-date: /home/rohamzn/ros2_test_ws/install/action_tutorials_cpp/share/ament_index/resource_index/rclcpp_components/action_tutorials_cpp
[2.085s] -- Up-to-date: /home/rohamzn/ros2_test_ws/install/action_tutorials_cpp/share/action_tutorials_cpp/cmake/action_tutorials_cppConfig.cmake
[2.085s] -- Up-to-date: /home/rohamzn/ros2_test_ws/install/action_tutorials_cpp/share/action_tutorials_cpp/cmake/action_tutorials_cppConfig-version.cmake
[2.085s] -- Up-to-date: /home/rohamzn/ros2_test_ws/install/action_tutorials_cpp/share/action_tutorials_cpp/package.xml
[2.089s] Invoked command in '/home/rohamzn/ros2_test_ws/build/action_tutorials_cpp' returned '0': AMENT_PREFIX_PATH=/home/rohamzn/ros2_test_ws/install/action_tutorials_interfaces:${AMENT_PREFIX_PATH} CMAKE_PREFIX_PATH=/home/rohamzn/ros2_test_ws/install/action_tutorials_interfaces:/opt/ros/humble CONDA_PROMPT_MODIFIER=(base) LD_LIBRARY_PATH=/home/rohamzn/ros2_test_ws/install/action_tutorials_interfaces/lib:${LD_LIBRARY_PATH} PYTHONPATH=/home/rohamzn/ros2_test_ws/install/action_tutorials_interfaces/lib/python3.10/site-packages:${PYTHONPATH} /home/rohamzn/.local/bin/cmake --install /home/rohamzn/ros2_test_ws/build/action_tutorials_cpp
