[0.039s] Invoking command in '/home/rohamzn/ros2_test_ws/build/cpp_launch_example': CMAKE_PREFIX_PATH=${CMAKE_PREFIX_PATH}:/home/rohamzn/ros2_test_ws/install/py_launch_example:/opt/ros/humble CONDA_PROMPT_MODIFIER=(base) /home/rohamzn/.local/bin/cmake /home/rohamzn/ros2_test_ws/src/cpp_launch_example -DCMAKE_INSTALL_PREFIX=/home/rohamzn/ros2_test_ws/install/cpp_launch_example
[0.242s] -- The C compiler identification is GNU 13.1.0
[0.242s] -- The CXX compiler identification is GNU 11.4.0
[0.243s] -- Detecting C compiler ABI info
[0.243s] -- Detecting C compiler ABI info - done
[0.243s] -- Check for working C compiler: /home/rohamzn/anaconda3/bin/cc - skipped
[0.243s] -- Detecting C compile features
[0.243s] -- Detecting C compile features - done
[0.248s] -- Detecting CXX compiler ABI info
[0.304s] -- Detecting CXX compiler ABI info - done
[0.314s] -- Check for working CXX compiler: /usr/bin/c++ - skipped
[0.315s] -- Detecting CXX compile features
[0.315s] -- Detecting CXX compile features - done
[0.317s] -- Found ament_cmake: 1.3.5 (/opt/ros/humble/share/ament_cmake/cmake)
[0.786s] -- Found Python3: /home/rohamzn/anaconda3/bin/python3.10 (found version "3.10.6") found components: Interpreter 
[0.855s] -- Found ament_lint_auto: 0.12.7 (/opt/ros/humble/share/ament_lint_auto/cmake)
[0.920s] -- Added test 'lint_cmake' to check CMake code style
[0.921s] -- Added test 'xmllint' to check XML markup files
[0.922s] -- Configuring done (0.9s)
[0.923s] -- Generating done (0.0s)
[0.924s] -- Build files have been written to: /home/rohamzn/ros2_test_ws/build/cpp_launch_example
[0.929s] Invoked command in '/home/rohamzn/ros2_test_ws/build/cpp_launch_example' returned '0': CMAKE_PREFIX_PATH=${CMAKE_PREFIX_PATH}:/home/rohamzn/ros2_test_ws/install/py_launch_example:/opt/ros/humble CONDA_PROMPT_MODIFIER=(base) /home/rohamzn/.local/bin/cmake /home/rohamzn/ros2_test_ws/src/cpp_launch_example -DCMAKE_INSTALL_PREFIX=/home/rohamzn/ros2_test_ws/install/cpp_launch_example
[0.930s] Invoking command in '/home/rohamzn/ros2_test_ws/build/cpp_launch_example': CMAKE_PREFIX_PATH=${CMAKE_PREFIX_PATH}:/home/rohamzn/ros2_test_ws/install/py_launch_example:/opt/ros/humble CONDA_PROMPT_MODIFIER=(base) /home/rohamzn/.local/bin/cmake --build /home/rohamzn/ros2_test_ws/build/cpp_launch_example -- -j20 -l20
[0.955s] Invoked command in '/home/rohamzn/ros2_test_ws/build/cpp_launch_example' returned '0': CMAKE_PREFIX_PATH=${CMAKE_PREFIX_PATH}:/home/rohamzn/ros2_test_ws/install/py_launch_example:/opt/ros/humble CONDA_PROMPT_MODIFIER=(base) /home/rohamzn/.local/bin/cmake --build /home/rohamzn/ros2_test_ws/build/cpp_launch_example -- -j20 -l20
[0.980s] Invoking command in '/home/rohamzn/ros2_test_ws/build/cpp_launch_example': CMAKE_PREFIX_PATH=${CMAKE_PREFIX_PATH}:/home/rohamzn/ros2_test_ws/install/py_launch_example:/opt/ros/humble CONDA_PROMPT_MODIFIER=(base) /home/rohamzn/.local/bin/cmake --install /home/rohamzn/ros2_test_ws/build/cpp_launch_example
[0.995s] -- Install configuration: ""
[0.995s] -- Installing: /home/rohamzn/ros2_test_ws/install/cpp_launch_example/share/cpp_launch_example//launch
[0.995s] -- Installing: /home/rohamzn/ros2_test_ws/install/cpp_launch_example/share/cpp_launch_example//launch/my_script_launch.xml
[0.995s] -- Installing: /home/rohamzn/ros2_test_ws/install/cpp_launch_example/share/ament_index/resource_index/package_run_dependencies/cpp_launch_example
[0.995s] -- Installing: /home/rohamzn/ros2_test_ws/install/cpp_launch_example/share/ament_index/resource_index/parent_prefix_path/cpp_launch_example
[0.995s] -- Installing: /home/rohamzn/ros2_test_ws/install/cpp_launch_example/share/cpp_launch_example/environment/ament_prefix_path.sh
[0.995s] -- Installing: /home/rohamzn/ros2_test_ws/install/cpp_launch_example/share/cpp_launch_example/environment/ament_prefix_path.dsv
[0.995s] -- Installing: /home/rohamzn/ros2_test_ws/install/cpp_launch_example/share/cpp_launch_example/environment/path.sh
[0.995s] -- Installing: /home/rohamzn/ros2_test_ws/install/cpp_launch_example/share/cpp_launch_example/environment/path.dsv
[0.995s] -- Installing: /home/rohamzn/ros2_test_ws/install/cpp_launch_example/share/cpp_launch_example/local_setup.bash
[0.995s] -- Installing: /home/rohamzn/ros2_test_ws/install/cpp_launch_example/share/cpp_launch_example/local_setup.sh
[0.995s] -- Installing: /home/rohamzn/ros2_test_ws/install/cpp_launch_example/share/cpp_launch_example/local_setup.zsh
[0.995s] -- Installing: /home/rohamzn/ros2_test_ws/install/cpp_launch_example/share/cpp_launch_example/local_setup.dsv
[0.995s] -- Installing: /home/rohamzn/ros2_test_ws/install/cpp_launch_example/share/cpp_launch_example/package.dsv
[0.996s] -- Installing: /home/rohamzn/ros2_test_ws/install/cpp_launch_example/share/ament_index/resource_index/packages/cpp_launch_example
[0.996s] -- Installing: /home/rohamzn/ros2_test_ws/install/cpp_launch_example/share/cpp_launch_example/cmake/cpp_launch_exampleConfig.cmake
[0.996s] -- Installing: /home/rohamzn/ros2_test_ws/install/cpp_launch_example/share/cpp_launch_example/cmake/cpp_launch_exampleConfig-version.cmake
[0.996s] -- Installing: /home/rohamzn/ros2_test_ws/install/cpp_launch_example/share/cpp_launch_example/package.xml
[1.000s] Invoked command in '/home/rohamzn/ros2_test_ws/build/cpp_launch_example' returned '0': CMAKE_PREFIX_PATH=${CMAKE_PREFIX_PATH}:/home/rohamzn/ros2_test_ws/install/py_launch_example:/opt/ros/humble CONDA_PROMPT_MODIFIER=(base) /home/rohamzn/.local/bin/cmake --install /home/rohamzn/ros2_test_ws/build/cpp_launch_example
