[0.011s] Invoking command in '/home/rohamzn/ros2_test_ws/build/action_tutorials_cpp~': AMENT_PREFIX_PATH=/home/rohamzn/ros2_test_ws/install/action_tutorials_interfaces:${AMENT_PREFIX_PATH} CMAKE_PREFIX_PATH=/home/rohamzn/ros2_test_ws/install/action_tutorials_interfaces CONDA_PROMPT_MODIFIER=(base) LD_LIBRARY_PATH=/home/rohamzn/ros2_test_ws/install/action_tutorials_interfaces/lib:${LD_LIBRARY_PATH} PYTHONPATH=/home/rohamzn/ros2_test_ws/install/action_tutorials_interfaces/lib/python3.10/site-packages:${PYTHONPATH} /home/rohamzn/.local/bin/cmake /home/rohamzn/ros2_test_ws/src/action_tutorials_cpp~ -DCMAKE_INSTALL_PREFIX=/home/rohamzn/ros2_test_ws/install/action_tutorials_cpp~
[0.094s] -- The C compiler identification is GNU 13.1.0
[0.146s] -- The CXX compiler identification is GNU 11.4.0
[0.164s] -- Detecting C compiler ABI info
[0.206s] -- Detecting C compiler ABI info - done
[0.213s] -- Check for working C compiler: /home/rohamzn/anaconda3/bin/cc - skipped
[0.213s] -- Detecting C compile features
[0.214s] -- Detecting C compile features - done
[0.220s] -- Detecting CXX compiler ABI info
[0.262s] -- Detecting CXX compiler ABI info - done
[0.269s] -- Check for working CXX compiler: /usr/bin/c++ - skipped
[0.269s] -- Detecting CXX compile features
[0.269s] -- Detecting CXX compile features - done
[0.272s] -- Found ament_cmake: 1.3.5 (/opt/ros/humble/share/ament_cmake/cmake)
[0.645s] -- Found Python3: /home/rohamzn/anaconda3/bin/python3.10 (found version "3.10.6") found components: Interpreter 
[0.694s] [31mCMake Error at /opt/ros/humble/share/ament_cmake_core/cmake/ament_cmake_uninstall_target-extras.cmake:40 (add_custom_target):
[0.694s]   The target name "action_tutorials_cpp~_uninstall" is reserved or not valid
[0.694s]   for certain CMake features, such as generator expressions, and may result
[0.694s]   in undefined behavior.
[0.694s] Call Stack (most recent call first):
[0.694s]   /opt/ros/humble/share/ament_cmake_core/cmake/ament_cmake_coreConfig.cmake:41 (include)
[0.694s]   /opt/ros/humble/share/ament_cmake/cmake/ament_cmake_export_dependencies-extras.cmake:15 (find_package)
[0.694s]   /opt/ros/humble/share/ament_cmake/cmake/ament_cmakeConfig.cmake:41 (include)
[0.694s]   CMakeLists.txt:9 (find_package)
[0.694s] 
[0.694s] [0m
[0.725s] -- Found action_tutorials_interfaces: 0.0.0 (/home/rohamzn/ros2_test_ws/install/action_tutorials_interfaces/share/action_tutorials_interfaces/cmake)
[0.762s] -- Found rosidl_generator_c: 3.1.5 (/opt/ros/humble/share/rosidl_generator_c/cmake)
[0.767s] -- Found rosidl_adapter: 3.1.5 (/opt/ros/humble/share/rosidl_adapter/cmake)
[0.777s] -- Found rosidl_generator_cpp: 3.1.5 (/opt/ros/humble/share/rosidl_generator_cpp/cmake)
[0.790s] -- Using all available rosidl_typesupport_c: rosidl_typesupport_fastrtps_c;rosidl_typesupport_introspection_c
[0.808s] -- Using all available rosidl_typesupport_cpp: rosidl_typesupport_fastrtps_cpp;rosidl_typesupport_introspection_cpp
[0.914s] -- Found rclcpp: 16.0.5 (/opt/ros/humble/share/rclcpp/cmake)
[0.972s] -- Found rmw_implementation_cmake: 6.1.1 (/opt/ros/humble/share/rmw_implementation_cmake/cmake)
[0.975s] -- Found rmw_cyclonedds_cpp: 1.3.4 (/opt/ros/humble/share/rmw_cyclonedds_cpp/cmake)
[1.009s] -- Using RMW implementation 'rmw_cyclonedds_cpp' as default
[1.018s] -- Performing Test CMAKE_HAVE_LIBC_PTHREAD
[1.054s] -- Performing Test CMAKE_HAVE_LIBC_PTHREAD - Failed
[1.054s] -- Looking for pthread_create in pthreads
[1.087s] -- Looking for pthread_create in pthreads - not found
[1.087s] -- Looking for pthread_create in pthread
[1.140s] -- Looking for pthread_create in pthread - found
[1.140s] -- Found Threads: TRUE  
[1.253s] -- Found rclcpp_action: 16.0.5 (/opt/ros/humble/share/rclcpp_action/cmake)
[1.276s] -- Found rclcpp_components: 16.0.5 (/opt/ros/humble/share/rclcpp_components/cmake)
[1.329s] -- Found ament_lint_auto: 0.12.7 (/opt/ros/humble/share/ament_lint_auto/cmake)
[1.369s] Error parsing '/home/rohamzn/ros2_test_ws/src/action_tutorials_cpp~/package.xml':
[1.369s] Traceback (most recent call last):
[1.369s]   File "/opt/ros/humble/share/ament_cmake_core/cmake/core/package_xml_2_cmake.py", line 150, in <module>
[1.369s]     main()
[1.370s]   File "/opt/ros/humble/share/ament_cmake_core/cmake/core/package_xml_2_cmake.py", line 53, in main
[1.370s]     raise e
[1.370s]   File "/opt/ros/humble/share/ament_cmake_core/cmake/core/package_xml_2_cmake.py", line 49, in main
[1.370s]     package = parse_package_string(
[1.370s]   File "/home/rohamzn/anaconda3/lib/python3.10/site-packages/catkin_pkg/package.py", line 788, in parse_package_string
[1.370s]     pkg.validate(warnings=warnings)
[1.370s]   File "/home/rohamzn/anaconda3/lib/python3.10/site-packages/catkin_pkg/package.py", line 330, in validate
[1.370s]     raise InvalidPackage('\n'.join(errors), self.filename)
[1.370s] catkin_pkg.package.InvalidPackage: Error(s) in package '/home/rohamzn/ros2_test_ws/src/action_tutorials_cpp~/package.xml':
[1.370s] Package name "action_tutorials_cpp~" does not follow naming conventions
[1.375s] [31mCMake Error at /opt/ros/humble/share/ament_cmake_core/cmake/core/ament_package_xml.cmake:95 (message):
[1.375s]   execute_process(/home/rohamzn/anaconda3/bin/python3.10
[1.375s]   /opt/ros/humble/share/ament_cmake_core/cmake/core/package_xml_2_cmake.py
[1.376s]   /home/rohamzn/ros2_test_ws/src/action_tutorials_cpp~/package.xml
[1.376s]   /home/rohamzn/ros2_test_ws/build/action_tutorials_cpp~/ament_cmake_core/package.cmake)
[1.376s]   returned error code 1
[1.376s] Call Stack (most recent call first):
[1.376s]   /opt/ros/humble/share/ament_cmake_core/cmake/core/ament_package_xml.cmake:49 (_ament_package_xml)
[1.376s]   /opt/ros/humble/share/ament_lint_auto/cmake/ament_lint_auto_find_test_dependencies.cmake:31 (ament_package_xml)
[1.376s]   CMakeLists.txt:43 (ament_lint_auto_find_test_dependencies)
[1.376s] 
[1.376s] [0m
[1.376s] -- Configuring incomplete, errors occurred!
[1.384s] Invoked command in '/home/rohamzn/ros2_test_ws/build/action_tutorials_cpp~' returned '1': AMENT_PREFIX_PATH=/home/rohamzn/ros2_test_ws/install/action_tutorials_interfaces:${AMENT_PREFIX_PATH} CMAKE_PREFIX_PATH=/home/rohamzn/ros2_test_ws/install/action_tutorials_interfaces CONDA_PROMPT_MODIFIER=(base) LD_LIBRARY_PATH=/home/rohamzn/ros2_test_ws/install/action_tutorials_interfaces/lib:${LD_LIBRARY_PATH} PYTHONPATH=/home/rohamzn/ros2_test_ws/install/action_tutorials_interfaces/lib/python3.10/site-packages:${PYTHONPATH} /home/rohamzn/.local/bin/cmake /home/rohamzn/ros2_test_ws/src/action_tutorials_cpp~ -DCMAKE_INSTALL_PREFIX=/home/rohamzn/ros2_test_ws/install/action_tutorials_cpp~
