running egg_info
creating ../../build/bag_recorder_nodes_py/bag_recorder_nodes_py.egg-info
writing ../../build/bag_recorder_nodes_py/bag_recorder_nodes_py.egg-info/PKG-INFO
writing dependency_links to ../../build/bag_recorder_nodes_py/bag_recorder_nodes_py.egg-info/dependency_links.txt
writing entry points to ../../build/bag_recorder_nodes_py/bag_recorder_nodes_py.egg-info/entry_points.txt
writing requirements to ../../build/bag_recorder_nodes_py/bag_recorder_nodes_py.egg-info/requires.txt
writing top-level names to ../../build/bag_recorder_nodes_py/bag_recorder_nodes_py.egg-info/top_level.txt
writing manifest file '../../build/bag_recorder_nodes_py/bag_recorder_nodes_py.egg-info/SOURCES.txt'
reading manifest file '../../build/bag_recorder_nodes_py/bag_recorder_nodes_py.egg-info/SOURCES.txt'
writing manifest file '../../build/bag_recorder_nodes_py/bag_recorder_nodes_py.egg-info/SOURCES.txt'
running build
running build_py
creating /home/rohamzn/ros2_test_ws/build/bag_recorder_nodes_py/build
creating /home/rohamzn/ros2_test_ws/build/bag_recorder_nodes_py/build/lib
creating /home/rohamzn/ros2_test_ws/build/bag_recorder_nodes_py/build/lib/bag_recorder_nodes_py
copying bag_recorder_nodes_py/simple_bag_recorder.py -> /home/rohamzn/ros2_test_ws/build/bag_recorder_nodes_py/build/lib/bag_recorder_nodes_py
copying bag_recorder_nodes_py/__init__.py -> /home/rohamzn/ros2_test_ws/build/bag_recorder_nodes_py/build/lib/bag_recorder_nodes_py
running install
running install_lib
creating /home/rohamzn/ros2_test_ws/install/bag_recorder_nodes_py/lib/python3.10/site-packages/bag_recorder_nodes_py
copying /home/rohamzn/ros2_test_ws/build/bag_recorder_nodes_py/build/lib/bag_recorder_nodes_py/simple_bag_recorder.py -> /home/rohamzn/ros2_test_ws/install/bag_recorder_nodes_py/lib/python3.10/site-packages/bag_recorder_nodes_py
copying /home/rohamzn/ros2_test_ws/build/bag_recorder_nodes_py/build/lib/bag_recorder_nodes_py/__init__.py -> /home/rohamzn/ros2_test_ws/install/bag_recorder_nodes_py/lib/python3.10/site-packages/bag_recorder_nodes_py
byte-compiling /home/rohamzn/ros2_test_ws/install/bag_recorder_nodes_py/lib/python3.10/site-packages/bag_recorder_nodes_py/simple_bag_recorder.py to simple_bag_recorder.cpython-310.pyc
byte-compiling /home/rohamzn/ros2_test_ws/install/bag_recorder_nodes_py/lib/python3.10/site-packages/bag_recorder_nodes_py/__init__.py to __init__.cpython-310.pyc
running install_data
creating /home/rohamzn/ros2_test_ws/install/bag_recorder_nodes_py/share/ament_index
creating /home/rohamzn/ros2_test_ws/install/bag_recorder_nodes_py/share/ament_index/resource_index
creating /home/rohamzn/ros2_test_ws/install/bag_recorder_nodes_py/share/ament_index/resource_index/packages
copying resource/bag_recorder_nodes_py -> /home/rohamzn/ros2_test_ws/install/bag_recorder_nodes_py/share/ament_index/resource_index/packages
copying package.xml -> /home/rohamzn/ros2_test_ws/install/bag_recorder_nodes_py/share/bag_recorder_nodes_py
running install_egg_info
Copying ../../build/bag_recorder_nodes_py/bag_recorder_nodes_py.egg-info to /home/rohamzn/ros2_test_ws/install/bag_recorder_nodes_py/lib/python3.10/site-packages/bag_recorder_nodes_py-0.0.0-py3.10.egg-info
running install_scripts
Installing simple_bag_recorder script to /home/rohamzn/ros2_test_ws/install/bag_recorder_nodes_py/lib/bag_recorder_nodes_py
writing list of installed files to '/home/rohamzn/ros2_test_ws/build/bag_recorder_nodes_py/install.log'
