[0.476s] Invoking command in '/home/rohamzn/ros2_test_ws/src/bag_recorder_nodes_py': CONDA_PROMPT_MODIFIER=(base) PYTHONPATH=/home/rohamzn/ros2_test_ws/build/bag_recorder_nodes_py/prefix_override:/home/rohamzn/ros2_test_ws/install/bag_recorder_nodes_py/lib/python3.10/site-packages:${PYTHONPATH} /usr/bin/python3 setup.py egg_info --egg-base ../../build/bag_recorder_nodes_py build --build-base /home/rohamzn/ros2_test_ws/build/bag_recorder_nodes_py/build install --record /home/rohamzn/ros2_test_ws/build/bag_recorder_nodes_py/install.log --single-version-externally-managed
[0.614s] running egg_info
[0.614s] creating ../../build/bag_recorder_nodes_py/bag_recorder_nodes_py.egg-info
[0.614s] writing ../../build/bag_recorder_nodes_py/bag_recorder_nodes_py.egg-info/PKG-INFO
[0.614s] writing dependency_links to ../../build/bag_recorder_nodes_py/bag_recorder_nodes_py.egg-info/dependency_links.txt
[0.615s] writing entry points to ../../build/bag_recorder_nodes_py/bag_recorder_nodes_py.egg-info/entry_points.txt
[0.615s] writing requirements to ../../build/bag_recorder_nodes_py/bag_recorder_nodes_py.egg-info/requires.txt
[0.615s] writing top-level names to ../../build/bag_recorder_nodes_py/bag_recorder_nodes_py.egg-info/top_level.txt
[0.615s] writing manifest file '../../build/bag_recorder_nodes_py/bag_recorder_nodes_py.egg-info/SOURCES.txt'
[0.616s] reading manifest file '../../build/bag_recorder_nodes_py/bag_recorder_nodes_py.egg-info/SOURCES.txt'
[0.616s] writing manifest file '../../build/bag_recorder_nodes_py/bag_recorder_nodes_py.egg-info/SOURCES.txt'
[0.616s] running build
[0.616s] running build_py
[0.616s] creating /home/rohamzn/ros2_test_ws/build/bag_recorder_nodes_py/build
[0.616s] creating /home/rohamzn/ros2_test_ws/build/bag_recorder_nodes_py/build/lib
[0.625s] creating /home/rohamzn/ros2_test_ws/build/bag_recorder_nodes_py/build/lib/bag_recorder_nodes_py
[0.625s] copying bag_recorder_nodes_py/simple_bag_recorder.py -> /home/rohamzn/ros2_test_ws/build/bag_recorder_nodes_py/build/lib/bag_recorder_nodes_py
[0.625s] copying bag_recorder_nodes_py/__init__.py -> /home/rohamzn/ros2_test_ws/build/bag_recorder_nodes_py/build/lib/bag_recorder_nodes_py
[0.625s] running install
[0.625s] /usr/lib/python3/dist-packages/setuptools/command/install.py:34: SetuptoolsDeprecationWarning: setup.py install is deprecated. Use build and pip and other standards-based tools.
[0.625s]   warnings.warn(
[0.625s] running install_lib
[0.626s] creating /home/rohamzn/ros2_test_ws/install/bag_recorder_nodes_py/lib/python3.10/site-packages/bag_recorder_nodes_py
[0.626s] copying /home/rohamzn/ros2_test_ws/build/bag_recorder_nodes_py/build/lib/bag_recorder_nodes_py/simple_bag_recorder.py -> /home/rohamzn/ros2_test_ws/install/bag_recorder_nodes_py/lib/python3.10/site-packages/bag_recorder_nodes_py
[0.626s] copying /home/rohamzn/ros2_test_ws/build/bag_recorder_nodes_py/build/lib/bag_recorder_nodes_py/__init__.py -> /home/rohamzn/ros2_test_ws/install/bag_recorder_nodes_py/lib/python3.10/site-packages/bag_recorder_nodes_py
[0.626s] byte-compiling /home/rohamzn/ros2_test_ws/install/bag_recorder_nodes_py/lib/python3.10/site-packages/bag_recorder_nodes_py/simple_bag_recorder.py to simple_bag_recorder.cpython-310.pyc
[0.626s] byte-compiling /home/rohamzn/ros2_test_ws/install/bag_recorder_nodes_py/lib/python3.10/site-packages/bag_recorder_nodes_py/__init__.py to __init__.cpython-310.pyc
[0.626s] running install_data
[0.627s] creating /home/rohamzn/ros2_test_ws/install/bag_recorder_nodes_py/share/ament_index
[0.627s] creating /home/rohamzn/ros2_test_ws/install/bag_recorder_nodes_py/share/ament_index/resource_index
[0.627s] creating /home/rohamzn/ros2_test_ws/install/bag_recorder_nodes_py/share/ament_index/resource_index/packages
[0.627s] copying resource/bag_recorder_nodes_py -> /home/rohamzn/ros2_test_ws/install/bag_recorder_nodes_py/share/ament_index/resource_index/packages
[0.627s] copying package.xml -> /home/rohamzn/ros2_test_ws/install/bag_recorder_nodes_py/share/bag_recorder_nodes_py
[0.627s] running install_egg_info
[0.628s] Copying ../../build/bag_recorder_nodes_py/bag_recorder_nodes_py.egg-info to /home/rohamzn/ros2_test_ws/install/bag_recorder_nodes_py/lib/python3.10/site-packages/bag_recorder_nodes_py-0.0.0-py3.10.egg-info
[0.628s] running install_scripts
[0.640s] Installing simple_bag_recorder script to /home/rohamzn/ros2_test_ws/install/bag_recorder_nodes_py/lib/bag_recorder_nodes_py
[0.640s] writing list of installed files to '/home/rohamzn/ros2_test_ws/build/bag_recorder_nodes_py/install.log'
[0.654s] Invoked command in '/home/rohamzn/ros2_test_ws/src/bag_recorder_nodes_py' returned '0': CONDA_PROMPT_MODIFIER=(base) PYTHONPATH=/home/rohamzn/ros2_test_ws/build/bag_recorder_nodes_py/prefix_override:/home/rohamzn/ros2_test_ws/install/bag_recorder_nodes_py/lib/python3.10/site-packages:${PYTHONPATH} /usr/bin/python3 setup.py egg_info --egg-base ../../build/bag_recorder_nodes_py build --build-base /home/rohamzn/ros2_test_ws/build/bag_recorder_nodes_py/build install --record /home/rohamzn/ros2_test_ws/build/bag_recorder_nodes_py/install.log --single-version-externally-managed
