running egg_info
writing ../../build/launch_tutorial/launch_tutorial.egg-info/PKG-INFO
writing dependency_links to ../../build/launch_tutorial/launch_tutorial.egg-info/dependency_links.txt
writing entry points to ../../build/launch_tutorial/launch_tutorial.egg-info/entry_points.txt
writing requirements to ../../build/launch_tutorial/launch_tutorial.egg-info/requires.txt
writing top-level names to ../../build/launch_tutorial/launch_tutorial.egg-info/top_level.txt
reading manifest file '../../build/launch_tutorial/launch_tutorial.egg-info/SOURCES.txt'
writing manifest file '../../build/launch_tutorial/launch_tutorial.egg-info/SOURCES.txt'
running build
running build_py
/usr/lib/python3/dist-packages/setuptools/command/install.py:34: SetuptoolsDeprecationWarning: setup.py install is deprecated. Use build and pip and other standards-based tools.
  warnings.warn(
running install
running install_lib
running install_data
copying launch/example_event_handlers.launch.py -> /home/rohamzn/ros2_test_ws/install/launch_tutorial/share/launch_tutorial/launch
running install_egg_info
removing '/home/rohamzn/ros2_test_ws/install/launch_tutorial/lib/python3.10/site-packages/launch_tutorial-0.0.0-py3.10.egg-info' (and everything under it)
Copying ../../build/launch_tutorial/launch_tutorial.egg-info to /home/rohamzn/ros2_test_ws/install/launch_tutorial/lib/python3.10/site-packages/launch_tutorial-0.0.0-py3.10.egg-info
running install_scripts
writing list of installed files to '/home/rohamzn/ros2_test_ws/build/launch_tutorial/install.log'
