[0.042s] Invoking command in '/home/rohamzn/ros2_test_ws/build/cpp_parameters': CMAKE_PREFIX_PATH=${CMAKE_PREFIX_PATH}:/home/rohamzn/ros2_test_ws/install/py_launch_example:/opt/ros/humble CONDA_PROMPT_MODIFIER=(base) /home/rohamzn/.local/bin/cmake --build /home/rohamzn/ros2_test_ws/build/cpp_parameters -- -j20 -l20
[0.384s] [100%] Built target minimal_param_node
[0.389s] Invoked command in '/home/rohamzn/ros2_test_ws/build/cpp_parameters' returned '0': CMAKE_PREFIX_PATH=${CMAKE_PREFIX_PATH}:/home/rohamzn/ros2_test_ws/install/py_launch_example:/opt/ros/humble CONDA_PROMPT_MODIFIER=(base) /home/rohamzn/.local/bin/cmake --build /home/rohamzn/ros2_test_ws/build/cpp_parameters -- -j20 -l20
[0.456s] Invoking command in '/home/rohamzn/ros2_test_ws/build/cpp_parameters': CMAKE_PREFIX_PATH=${CMAKE_PREFIX_PATH}:/home/rohamzn/ros2_test_ws/install/py_launch_example:/opt/ros/humble CONDA_PROMPT_MODIFIER=(base) /home/rohamzn/.local/bin/cmake --install /home/rohamzn/ros2_test_ws/build/cpp_parameters
[0.490s] -- Install configuration: ""
[0.490s] -- Up-to-date: /home/rohamzn/ros2_test_ws/install/cpp_parameters/lib/cpp_parameters/minimal_param_node
[0.490s] -- Up-to-date: /home/rohamzn/ros2_test_ws/install/cpp_parameters/share/cpp_parameters/launch
[0.490s] -- Up-to-date: /home/rohamzn/ros2_test_ws/install/cpp_parameters/share/cpp_parameters/launch/cpp_parameters_launch.py
[0.490s] -- Up-to-date: /home/rohamzn/ros2_test_ws/install/cpp_parameters/share/ament_index/resource_index/package_run_dependencies/cpp_parameters
[0.490s] -- Up-to-date: /home/rohamzn/ros2_test_ws/install/cpp_parameters/share/ament_index/resource_index/parent_prefix_path/cpp_parameters
[0.490s] -- Up-to-date: /home/rohamzn/ros2_test_ws/install/cpp_parameters/share/cpp_parameters/environment/ament_prefix_path.sh
[0.491s] -- Up-to-date: /home/rohamzn/ros2_test_ws/install/cpp_parameters/share/cpp_parameters/environment/ament_prefix_path.dsv
[0.491s] -- Up-to-date: /home/rohamzn/ros2_test_ws/install/cpp_parameters/share/cpp_parameters/environment/path.sh
[0.491s] -- Up-to-date: /home/rohamzn/ros2_test_ws/install/cpp_parameters/share/cpp_parameters/environment/path.dsv
[0.491s] -- Up-to-date: /home/rohamzn/ros2_test_ws/install/cpp_parameters/share/cpp_parameters/local_setup.bash
[0.491s] -- Up-to-date: /home/rohamzn/ros2_test_ws/install/cpp_parameters/share/cpp_parameters/local_setup.sh
[0.491s] -- Up-to-date: /home/rohamzn/ros2_test_ws/install/cpp_parameters/share/cpp_parameters/local_setup.zsh
[0.491s] -- Up-to-date: /home/rohamzn/ros2_test_ws/install/cpp_parameters/share/cpp_parameters/local_setup.dsv
[0.491s] -- Installing: /home/rohamzn/ros2_test_ws/install/cpp_parameters/share/cpp_parameters/package.dsv
[0.492s] -- Up-to-date: /home/rohamzn/ros2_test_ws/install/cpp_parameters/share/ament_index/resource_index/packages/cpp_parameters
[0.492s] -- Up-to-date: /home/rohamzn/ros2_test_ws/install/cpp_parameters/share/cpp_parameters/cmake/cpp_parametersConfig.cmake
[0.492s] -- Up-to-date: /home/rohamzn/ros2_test_ws/install/cpp_parameters/share/cpp_parameters/cmake/cpp_parametersConfig-version.cmake
[0.492s] -- Up-to-date: /home/rohamzn/ros2_test_ws/install/cpp_parameters/share/cpp_parameters/package.xml
[0.544s] Invoked command in '/home/rohamzn/ros2_test_ws/build/cpp_parameters' returned '0': CMAKE_PREFIX_PATH=${CMAKE_PREFIX_PATH}:/home/rohamzn/ros2_test_ws/install/py_launch_example:/opt/ros/humble CONDA_PROMPT_MODIFIER=(base) /home/rohamzn/.local/bin/cmake --install /home/rohamzn/ros2_test_ws/build/cpp_parameters
