[33mCMake Warning at CMakeLists.txt:20 (add_executable):
  Cannot generate a safe runtime search path for target simple_bag_recorder
  because files in some directories may conflict with libraries in implicit
  directories:

    runtime library [libpython3.10.so.1.0] in /usr/lib/x86_64-linux-gnu may be hidden by files in:
      /home/rohamzn/anaconda3/lib

  Some of these libraries may not be found correctly.

[0m
[33mCMake Warning at CMakeLists.txt:22 (add_executable):
  Cannot generate a safe runtime search path for target data_generator_node
  because files in some directories may conflict with libraries in implicit
  directories:

    runtime library [libpython3.10.so.1.0] in /usr/lib/x86_64-linux-gnu may be hidden by files in:
      /home/rohamzn/anaconda3/lib

  Some of these libraries may not be found correctly.

[0m
[33mCMake Warning at CMakeLists.txt:24 (add_executable):
  Cannot generate a safe runtime search path for target
  data_generator_executable because files in some directories may conflict
  with libraries in implicit directories:

    runtime library [libpython3.10.so.1.0] in /usr/lib/x86_64-linux-gnu may be hidden by files in:
      /home/rohamzn/anaconda3/lib

  Some of these libraries may not be found correctly.

[0m
