-- Found ament_cmake: 1.3.5 (/opt/ros/humble/share/ament_cmake/cmake)
-- Found example_interfaces: 0.9.3 (/opt/ros/humble/share/example_interfaces/cmake)
-- Found rosidl_generator_c: 3.1.5 (/opt/ros/humble/share/rosidl_generator_c/cmake)
-- Found rosidl_adapter: 3.1.5 (/opt/ros/humble/share/rosidl_adapter/cmake)
-- Found rosidl_generator_cpp: 3.1.5 (/opt/ros/humble/share/rosidl_generator_cpp/cmake)
-- Using all available rosidl_typesupport_c: rosidl_typesupport_fastrtps_c;rosidl_typesupport_introspection_c
-- Using all available rosidl_typesupport_cpp: rosidl_typesupport_fastrtps_cpp;rosidl_typesupport_introspection_cpp
-- Found rclcpp: 16.0.5 (/opt/ros/humble/share/rclcpp/cmake)
-- Found rmw_implementation_cmake: 6.1.1 (/opt/ros/humble/share/rmw_implementation_cmake/cmake)
-- Found rmw_cyclonedds_cpp: 1.3.4 (/opt/ros/humble/share/rmw_cyclonedds_cpp/cmake)
-- Using RMW implementation 'rmw_cyclonedds_cpp' as default
-- Found rosbag2_cpp: 0.15.7 (/opt/ros/humble/share/rosbag2_cpp/cmake)
-- Found ament_lint_auto: 0.12.7 (/opt/ros/humble/share/ament_lint_auto/cmake)
-- Added test 'cppcheck' to perform static code analysis on C / C++ code
-- Configured cppcheck include dirs: 
-- Configured cppcheck exclude dirs and/or files: 
-- Added test 'lint_cmake' to check CMake code style
-- Added test 'uncrustify' to check C / C++ code style
-- Configured uncrustify additional arguments: 
-- Added test 'xmllint' to check XML markup files
-- Configuring done (0.5s)
[33mCMake Warning at CMakeLists.txt:20 (add_executable):
  Cannot generate a safe runtime search path for target simple_bag_recorder
  because files in some directories may conflict with libraries in implicit
  directories:

    runtime library [libpython3.10.so.1.0] in /usr/lib/x86_64-linux-gnu may be hidden by files in:
      /home/rohamzn/anaconda3/lib

  Some of these libraries may not be found correctly.

[0m
[33mCMake Warning at CMakeLists.txt:22 (add_executable):
  Cannot generate a safe runtime search path for target data_generator_node
  because files in some directories may conflict with libraries in implicit
  directories:

    runtime library [libpython3.10.so.1.0] in /usr/lib/x86_64-linux-gnu may be hidden by files in:
      /home/rohamzn/anaconda3/lib

  Some of these libraries may not be found correctly.

[0m
[33mCMake Warning at CMakeLists.txt:24 (add_executable):
  Cannot generate a safe runtime search path for target
  data_generator_executable because files in some directories may conflict
  with libraries in implicit directories:

    runtime library [libpython3.10.so.1.0] in /usr/lib/x86_64-linux-gnu may be hidden by files in:
      /home/rohamzn/anaconda3/lib

  Some of these libraries may not be found correctly.

[0m
-- Generating done (0.0s)
-- Build files have been written to: /home/rohamzn/ros2_test_ws/build/bag_recorder_nodes
[ 16%] [32mBuilding CXX object CMakeFiles/data_generator_executable.dir/src/data_generator_executable.cpp.o[0m
[ 50%] Built target data_generator_node
[ 83%] Built target simple_bag_recorder
[100%] [32m[1mLinking CXX executable data_generator_executable[0m
[100%] Built target data_generator_executable
-- Install configuration: ""
-- Up-to-date: /home/rohamzn/ros2_test_ws/install/bag_recorder_nodes/lib/bag_recorder_nodes/simple_bag_recorder
-- Up-to-date: /home/rohamzn/ros2_test_ws/install/bag_recorder_nodes/lib/bag_recorder_nodes/data_generator_node
-- Installing: /home/rohamzn/ros2_test_ws/install/bag_recorder_nodes/lib/bag_recorder_nodes/data_generator_executable
-- Set runtime path of "/home/rohamzn/ros2_test_ws/install/bag_recorder_nodes/lib/bag_recorder_nodes/data_generator_executable" to ""
-- Up-to-date: /home/rohamzn/ros2_test_ws/install/bag_recorder_nodes/share/ament_index/resource_index/package_run_dependencies/bag_recorder_nodes
-- Installing: /home/rohamzn/ros2_test_ws/install/bag_recorder_nodes/share/ament_index/resource_index/parent_prefix_path/bag_recorder_nodes
-- Up-to-date: /home/rohamzn/ros2_test_ws/install/bag_recorder_nodes/share/bag_recorder_nodes/environment/ament_prefix_path.sh
-- Installing: /home/rohamzn/ros2_test_ws/install/bag_recorder_nodes/share/bag_recorder_nodes/environment/ament_prefix_path.dsv
-- Up-to-date: /home/rohamzn/ros2_test_ws/install/bag_recorder_nodes/share/bag_recorder_nodes/environment/path.sh
-- Installing: /home/rohamzn/ros2_test_ws/install/bag_recorder_nodes/share/bag_recorder_nodes/environment/path.dsv
-- Up-to-date: /home/rohamzn/ros2_test_ws/install/bag_recorder_nodes/share/bag_recorder_nodes/local_setup.bash
-- Up-to-date: /home/rohamzn/ros2_test_ws/install/bag_recorder_nodes/share/bag_recorder_nodes/local_setup.sh
-- Up-to-date: /home/rohamzn/ros2_test_ws/install/bag_recorder_nodes/share/bag_recorder_nodes/local_setup.zsh
-- Installing: /home/rohamzn/ros2_test_ws/install/bag_recorder_nodes/share/bag_recorder_nodes/local_setup.dsv
-- Installing: /home/rohamzn/ros2_test_ws/install/bag_recorder_nodes/share/bag_recorder_nodes/package.dsv
-- Up-to-date: /home/rohamzn/ros2_test_ws/install/bag_recorder_nodes/share/ament_index/resource_index/packages/bag_recorder_nodes
-- Up-to-date: /home/rohamzn/ros2_test_ws/install/bag_recorder_nodes/share/bag_recorder_nodes/cmake/bag_recorder_nodesConfig.cmake
-- Up-to-date: /home/rohamzn/ros2_test_ws/install/bag_recorder_nodes/share/bag_recorder_nodes/cmake/bag_recorder_nodesConfig-version.cmake
-- Up-to-date: /home/rohamzn/ros2_test_ws/install/bag_recorder_nodes/share/bag_recorder_nodes/package.xml
