[0.008s] Invoking command in '/home/rohamzn/ros2_test_ws/build/bag_recorder_nodes': CMAKE_PREFIX_PATH=${CMAKE_PREFIX_PATH}:/home/rohamzn/ros2_test_ws/install/learning_tf2_py:/home/rohamzn/ros2_test_ws/install/py_launch_example:/home/rohamzn/ros2_test_ws/install/launch_tutorial:/opt/ros/humble CONDA_PROMPT_MODIFIER=(base) /home/rohamzn/.local/bin/cmake --build /home/rohamzn/ros2_test_ws/build/bag_recorder_nodes -- -j20 -l20
[0.032s] -- Found ament_cmake: 1.3.5 (/opt/ros/humble/share/ament_cmake/cmake)
[0.163s] -- Found example_interfaces: 0.9.3 (/opt/ros/humble/share/example_interfaces/cmake)
[0.179s] -- Found rosidl_generator_c: 3.1.5 (/opt/ros/humble/share/rosidl_generator_c/cmake)
[0.180s] -- Found rosidl_adapter: 3.1.5 (/opt/ros/humble/share/rosidl_adapter/cmake)
[0.184s] -- Found rosidl_generator_cpp: 3.1.5 (/opt/ros/humble/share/rosidl_generator_cpp/cmake)
[0.192s] -- Using all available rosidl_typesupport_c: rosidl_typesupport_fastrtps_c;rosidl_typesupport_introspection_c
[0.202s] -- Using all available rosidl_typesupport_cpp: rosidl_typesupport_fastrtps_cpp;rosidl_typesupport_introspection_cpp
[0.293s] -- Found rclcpp: 16.0.5 (/opt/ros/humble/share/rclcpp/cmake)
[0.324s] -- Found rmw_implementation_cmake: 6.1.1 (/opt/ros/humble/share/rmw_implementation_cmake/cmake)
[0.325s] -- Found rmw_cyclonedds_cpp: 1.3.4 (/opt/ros/humble/share/rmw_cyclonedds_cpp/cmake)
[0.345s] -- Using RMW implementation 'rmw_cyclonedds_cpp' as default
[0.441s] -- Found rosbag2_cpp: 0.15.7 (/opt/ros/humble/share/rosbag2_cpp/cmake)
[0.464s] -- Found ament_lint_auto: 0.12.7 (/opt/ros/humble/share/ament_lint_auto/cmake)
[0.510s] -- Added test 'cppcheck' to perform static code analysis on C / C++ code
[0.511s] -- Configured cppcheck include dirs: 
[0.511s] -- Configured cppcheck exclude dirs and/or files: 
[0.511s] -- Added test 'lint_cmake' to check CMake code style
[0.511s] -- Added test 'uncrustify' to check C / C++ code style
[0.511s] -- Configured uncrustify additional arguments: 
[0.512s] -- Added test 'xmllint' to check XML markup files
[0.512s] -- Configuring done (0.5s)
[0.517s] [33mCMake Warning at CMakeLists.txt:20 (add_executable):
[0.517s]   Cannot generate a safe runtime search path for target simple_bag_recorder
[0.517s]   because files in some directories may conflict with libraries in implicit
[0.517s]   directories:
[0.517s] 
[0.517s]     runtime library [libpython3.10.so.1.0] in /usr/lib/x86_64-linux-gnu may be hidden by files in:
[0.517s]       /home/rohamzn/anaconda3/lib
[0.517s] 
[0.517s]   Some of these libraries may not be found correctly.
[0.517s] 
[0.517s] [0m
[0.518s] [33mCMake Warning at CMakeLists.txt:22 (add_executable):
[0.518s]   Cannot generate a safe runtime search path for target data_generator_node
[0.519s]   because files in some directories may conflict with libraries in implicit
[0.519s]   directories:
[0.519s] 
[0.519s]     runtime library [libpython3.10.so.1.0] in /usr/lib/x86_64-linux-gnu may be hidden by files in:
[0.519s]       /home/rohamzn/anaconda3/lib
[0.519s] 
[0.519s]   Some of these libraries may not be found correctly.
[0.519s] 
[0.519s] [0m
[0.520s] [33mCMake Warning at CMakeLists.txt:24 (add_executable):
[0.520s]   Cannot generate a safe runtime search path for target
[0.520s]   data_generator_executable because files in some directories may conflict
[0.520s]   with libraries in implicit directories:
[0.520s] 
[0.520s]     runtime library [libpython3.10.so.1.0] in /usr/lib/x86_64-linux-gnu may be hidden by files in:
[0.520s]       /home/rohamzn/anaconda3/lib
[0.520s] 
[0.520s]   Some of these libraries may not be found correctly.
[0.521s] 
[0.521s] [0m
[0.521s] -- Generating done (0.0s)
[0.522s] -- Build files have been written to: /home/rohamzn/ros2_test_ws/build/bag_recorder_nodes
[0.533s] [ 16%] [32mBuilding CXX object CMakeFiles/data_generator_executable.dir/src/data_generator_executable.cpp.o[0m
[0.538s] [ 50%] Built target data_generator_node
[0.538s] [ 83%] Built target simple_bag_recorder
[1.999s] [100%] [32m[1mLinking CXX executable data_generator_executable[0m
[2.058s] [100%] Built target data_generator_executable
[2.065s] Invoked command in '/home/rohamzn/ros2_test_ws/build/bag_recorder_nodes' returned '0': CMAKE_PREFIX_PATH=${CMAKE_PREFIX_PATH}:/home/rohamzn/ros2_test_ws/install/learning_tf2_py:/home/rohamzn/ros2_test_ws/install/py_launch_example:/home/rohamzn/ros2_test_ws/install/launch_tutorial:/opt/ros/humble CONDA_PROMPT_MODIFIER=(base) /home/rohamzn/.local/bin/cmake --build /home/rohamzn/ros2_test_ws/build/bag_recorder_nodes -- -j20 -l20
[2.114s] Invoking command in '/home/rohamzn/ros2_test_ws/build/bag_recorder_nodes': CMAKE_PREFIX_PATH=${CMAKE_PREFIX_PATH}:/home/rohamzn/ros2_test_ws/install/learning_tf2_py:/home/rohamzn/ros2_test_ws/install/py_launch_example:/home/rohamzn/ros2_test_ws/install/launch_tutorial:/opt/ros/humble CONDA_PROMPT_MODIFIER=(base) /home/rohamzn/.local/bin/cmake --install /home/rohamzn/ros2_test_ws/build/bag_recorder_nodes
[2.129s] -- Install configuration: ""
[2.129s] -- Up-to-date: /home/rohamzn/ros2_test_ws/install/bag_recorder_nodes/lib/bag_recorder_nodes/simple_bag_recorder
[2.129s] -- Up-to-date: /home/rohamzn/ros2_test_ws/install/bag_recorder_nodes/lib/bag_recorder_nodes/data_generator_node
[2.129s] -- Installing: /home/rohamzn/ros2_test_ws/install/bag_recorder_nodes/lib/bag_recorder_nodes/data_generator_executable
[2.130s] -- Set runtime path of "/home/rohamzn/ros2_test_ws/install/bag_recorder_nodes/lib/bag_recorder_nodes/data_generator_executable" to ""
[2.130s] -- Up-to-date: /home/rohamzn/ros2_test_ws/install/bag_recorder_nodes/share/ament_index/resource_index/package_run_dependencies/bag_recorder_nodes
[2.130s] -- Installing: /home/rohamzn/ros2_test_ws/install/bag_recorder_nodes/share/ament_index/resource_index/parent_prefix_path/bag_recorder_nodes
[2.130s] -- Up-to-date: /home/rohamzn/ros2_test_ws/install/bag_recorder_nodes/share/bag_recorder_nodes/environment/ament_prefix_path.sh
[2.130s] -- Installing: /home/rohamzn/ros2_test_ws/install/bag_recorder_nodes/share/bag_recorder_nodes/environment/ament_prefix_path.dsv
[2.130s] -- Up-to-date: /home/rohamzn/ros2_test_ws/install/bag_recorder_nodes/share/bag_recorder_nodes/environment/path.sh
[2.130s] -- Installing: /home/rohamzn/ros2_test_ws/install/bag_recorder_nodes/share/bag_recorder_nodes/environment/path.dsv
[2.130s] -- Up-to-date: /home/rohamzn/ros2_test_ws/install/bag_recorder_nodes/share/bag_recorder_nodes/local_setup.bash
[2.130s] -- Up-to-date: /home/rohamzn/ros2_test_ws/install/bag_recorder_nodes/share/bag_recorder_nodes/local_setup.sh
[2.130s] -- Up-to-date: /home/rohamzn/ros2_test_ws/install/bag_recorder_nodes/share/bag_recorder_nodes/local_setup.zsh
[2.130s] -- Installing: /home/rohamzn/ros2_test_ws/install/bag_recorder_nodes/share/bag_recorder_nodes/local_setup.dsv
[2.130s] -- Installing: /home/rohamzn/ros2_test_ws/install/bag_recorder_nodes/share/bag_recorder_nodes/package.dsv
[2.130s] -- Up-to-date: /home/rohamzn/ros2_test_ws/install/bag_recorder_nodes/share/ament_index/resource_index/packages/bag_recorder_nodes
[2.130s] -- Up-to-date: /home/rohamzn/ros2_test_ws/install/bag_recorder_nodes/share/bag_recorder_nodes/cmake/bag_recorder_nodesConfig.cmake
[2.130s] -- Up-to-date: /home/rohamzn/ros2_test_ws/install/bag_recorder_nodes/share/bag_recorder_nodes/cmake/bag_recorder_nodesConfig-version.cmake
[2.130s] -- Up-to-date: /home/rohamzn/ros2_test_ws/install/bag_recorder_nodes/share/bag_recorder_nodes/package.xml
[2.134s] Invoked command in '/home/rohamzn/ros2_test_ws/build/bag_recorder_nodes' returned '0': CMAKE_PREFIX_PATH=${CMAKE_PREFIX_PATH}:/home/rohamzn/ros2_test_ws/install/learning_tf2_py:/home/rohamzn/ros2_test_ws/install/py_launch_example:/home/rohamzn/ros2_test_ws/install/launch_tutorial:/opt/ros/humble CONDA_PROMPT_MODIFIER=(base) /home/rohamzn/.local/bin/cmake --install /home/rohamzn/ros2_test_ws/build/bag_recorder_nodes
