[0.043s] Invoking command in '/home/rohamzn/ros2_test_ws/build/polygon_plugins': CMAKE_PREFIX_PATH=/home/rohamzn/ros2_test_ws/install/polygon_base:/home/rohamzn/ros2_test_ws/install/tutorial_interfaces:/home/rohamzn/ros2_test_ws/install/turtlesim:/home/rohamzn/ros2_test_ws/install/polygon_plugins:/home/rohamzn/ros2_test_ws/install/my_package:/home/rohamzn/ros2_test_ws/install/more_interfaces:/home/rohamzn/ros2_test_ws/install/cpp_srvcli:/home/rohamzn/ros2_test_ws/install/cpp_pubsub:/home/rohamzn/ros2_test_ws/install/cpp_parameters:/home/rohamzn/ros2_test_ws/install/cpp_parameter_event_handler:/home/rohamzn/ros2_test_ws/install/action_tutorials_cpp:/home/rohamzn/ros2_test_ws/install/action_tutorials_interfaces:/home/rohamzn/ros2_test_ws/install/py_launch_example:/opt/ros/humble CONDA_PROMPT_MODIFIER=(base) /home/rohamzn/.local/bin/cmake --build /home/rohamzn/ros2_test_ws/build/polygon_plugins -- -j20 -l20
[0.070s] [100%] Built target polygon_plugins
[0.082s] Invoked command in '/home/rohamzn/ros2_test_ws/build/polygon_plugins' returned '0': CMAKE_PREFIX_PATH=/home/rohamzn/ros2_test_ws/install/polygon_base:/home/rohamzn/ros2_test_ws/install/tutorial_interfaces:/home/rohamzn/ros2_test_ws/install/turtlesim:/home/rohamzn/ros2_test_ws/install/polygon_plugins:/home/rohamzn/ros2_test_ws/install/my_package:/home/rohamzn/ros2_test_ws/install/more_interfaces:/home/rohamzn/ros2_test_ws/install/cpp_srvcli:/home/rohamzn/ros2_test_ws/install/cpp_pubsub:/home/rohamzn/ros2_test_ws/install/cpp_parameters:/home/rohamzn/ros2_test_ws/install/cpp_parameter_event_handler:/home/rohamzn/ros2_test_ws/install/action_tutorials_cpp:/home/rohamzn/ros2_test_ws/install/action_tutorials_interfaces:/home/rohamzn/ros2_test_ws/install/py_launch_example:/opt/ros/humble CONDA_PROMPT_MODIFIER=(base) /home/rohamzn/.local/bin/cmake --build /home/rohamzn/ros2_test_ws/build/polygon_plugins -- -j20 -l20
[0.113s] Invoking command in '/home/rohamzn/ros2_test_ws/build/polygon_plugins': CMAKE_PREFIX_PATH=/home/rohamzn/ros2_test_ws/install/polygon_base:/home/rohamzn/ros2_test_ws/install/tutorial_interfaces:/home/rohamzn/ros2_test_ws/install/turtlesim:/home/rohamzn/ros2_test_ws/install/polygon_plugins:/home/rohamzn/ros2_test_ws/install/my_package:/home/rohamzn/ros2_test_ws/install/more_interfaces:/home/rohamzn/ros2_test_ws/install/cpp_srvcli:/home/rohamzn/ros2_test_ws/install/cpp_pubsub:/home/rohamzn/ros2_test_ws/install/cpp_parameters:/home/rohamzn/ros2_test_ws/install/cpp_parameter_event_handler:/home/rohamzn/ros2_test_ws/install/action_tutorials_cpp:/home/rohamzn/ros2_test_ws/install/action_tutorials_interfaces:/home/rohamzn/ros2_test_ws/install/py_launch_example:/opt/ros/humble CONDA_PROMPT_MODIFIER=(base) /home/rohamzn/.local/bin/cmake --install /home/rohamzn/ros2_test_ws/build/polygon_plugins
[0.139s] -- Install configuration: ""
[0.139s] -- Up-to-date: /home/rohamzn/ros2_test_ws/install/polygon_plugins/share/polygon_plugins/plugins.xml
[0.139s] -- Up-to-date: /home/rohamzn/ros2_test_ws/install/polygon_plugins/include
[0.140s] -- Up-to-date: /home/rohamzn/ros2_test_ws/install/polygon_plugins/include/polygon_plugins
[0.140s] -- Up-to-date: /home/rohamzn/ros2_test_ws/install/polygon_plugins/include/polygon_plugins/polygon_plugins.hpp
[0.140s] -- Up-to-date: /home/rohamzn/ros2_test_ws/install/polygon_plugins/include/polygon_plugins/visibility_control.h
[0.140s] -- Up-to-date: /home/rohamzn/ros2_test_ws/install/polygon_plugins/lib/libpolygon_plugins.so
[0.140s] -- Up-to-date: /home/rohamzn/ros2_test_ws/install/polygon_plugins/share/polygon_plugins/environment/library_path.sh
[0.140s] -- Up-to-date: /home/rohamzn/ros2_test_ws/install/polygon_plugins/share/polygon_plugins/environment/library_path.dsv
[0.140s] -- Up-to-date: /home/rohamzn/ros2_test_ws/install/polygon_plugins/share/ament_index/resource_index/package_run_dependencies/polygon_plugins
[0.140s] -- Up-to-date: /home/rohamzn/ros2_test_ws/install/polygon_plugins/share/ament_index/resource_index/parent_prefix_path/polygon_plugins
[0.140s] -- Up-to-date: /home/rohamzn/ros2_test_ws/install/polygon_plugins/share/polygon_plugins/environment/ament_prefix_path.sh
[0.140s] -- Up-to-date: /home/rohamzn/ros2_test_ws/install/polygon_plugins/share/polygon_plugins/environment/ament_prefix_path.dsv
[0.140s] -- Up-to-date: /home/rohamzn/ros2_test_ws/install/polygon_plugins/share/polygon_plugins/environment/path.sh
[0.140s] -- Up-to-date: /home/rohamzn/ros2_test_ws/install/polygon_plugins/share/polygon_plugins/environment/path.dsv
[0.141s] -- Up-to-date: /home/rohamzn/ros2_test_ws/install/polygon_plugins/share/polygon_plugins/local_setup.bash
[0.141s] -- Up-to-date: /home/rohamzn/ros2_test_ws/install/polygon_plugins/share/polygon_plugins/local_setup.sh
[0.141s] -- Up-to-date: /home/rohamzn/ros2_test_ws/install/polygon_plugins/share/polygon_plugins/local_setup.zsh
[0.141s] -- Up-to-date: /home/rohamzn/ros2_test_ws/install/polygon_plugins/share/polygon_plugins/local_setup.dsv
[0.141s] -- Installing: /home/rohamzn/ros2_test_ws/install/polygon_plugins/share/polygon_plugins/package.dsv
[0.141s] -- Up-to-date: /home/rohamzn/ros2_test_ws/install/polygon_plugins/share/ament_index/resource_index/packages/polygon_plugins
[0.142s] -- Up-to-date: /home/rohamzn/ros2_test_ws/install/polygon_plugins/share/ament_index/resource_index/polygon_base__pluginlib__plugin/polygon_plugins
[0.142s] -- Up-to-date: /home/rohamzn/ros2_test_ws/install/polygon_plugins/share/polygon_plugins/cmake/export_polygon_pluginsExport.cmake
[0.142s] -- Up-to-date: /home/rohamzn/ros2_test_ws/install/polygon_plugins/share/polygon_plugins/cmake/export_polygon_pluginsExport-noconfig.cmake
[0.142s] -- Up-to-date: /home/rohamzn/ros2_test_ws/install/polygon_plugins/share/polygon_plugins/cmake/ament_cmake_export_libraries-extras.cmake
[0.143s] -- Up-to-date: /home/rohamzn/ros2_test_ws/install/polygon_plugins/share/polygon_plugins/cmake/ament_cmake_export_targets-extras.cmake
[0.143s] -- Up-to-date: /home/rohamzn/ros2_test_ws/install/polygon_plugins/share/polygon_plugins/cmake/ament_cmake_export_include_directories-extras.cmake
[0.143s] -- Up-to-date: /home/rohamzn/ros2_test_ws/install/polygon_plugins/share/polygon_plugins/cmake/polygon_pluginsConfig.cmake
[0.143s] -- Up-to-date: /home/rohamzn/ros2_test_ws/install/polygon_plugins/share/polygon_plugins/cmake/polygon_pluginsConfig-version.cmake
[0.144s] -- Up-to-date: /home/rohamzn/ros2_test_ws/install/polygon_plugins/share/polygon_plugins/package.xml
[0.144s] Invoked command in '/home/rohamzn/ros2_test_ws/build/polygon_plugins' returned '0': CMAKE_PREFIX_PATH=/home/rohamzn/ros2_test_ws/install/polygon_base:/home/rohamzn/ros2_test_ws/install/tutorial_interfaces:/home/rohamzn/ros2_test_ws/install/turtlesim:/home/rohamzn/ros2_test_ws/install/polygon_plugins:/home/rohamzn/ros2_test_ws/install/my_package:/home/rohamzn/ros2_test_ws/install/more_interfaces:/home/rohamzn/ros2_test_ws/install/cpp_srvcli:/home/rohamzn/ros2_test_ws/install/cpp_pubsub:/home/rohamzn/ros2_test_ws/install/cpp_parameters:/home/rohamzn/ros2_test_ws/install/cpp_parameter_event_handler:/home/rohamzn/ros2_test_ws/install/action_tutorials_cpp:/home/rohamzn/ros2_test_ws/install/action_tutorials_interfaces:/home/rohamzn/ros2_test_ws/install/py_launch_example:/opt/ros/humble CONDA_PROMPT_MODIFIER=(base) /home/rohamzn/.local/bin/cmake --install /home/rohamzn/ros2_test_ws/build/polygon_plugins
