[0.188s] DEBUG:colcon:Command line arguments: ['/usr/bin/colcon', 'build', '--packages-select', 'cpp_pubsub']
[0.188s] DEBUG:colcon:Parsed command line arguments: Namespace(log_base=None, log_level=None, verb_name='build', build_base='build', install_base='install', merge_install=False, symlink_install=False, test_result_base=None, continue_on_error=False, executor='parallel', parallel_workers=20, event_handlers=None, ignore_user_meta=False, metas=['./colcon.meta'], base_paths=['.'], packages_ignore=None, packages_ignore_regex=None, paths=None, packages_up_to=None, packages_up_to_regex=None, packages_above=None, packages_above_and_dependencies=None, packages_above_depth=None, packages_select_by_dep=None, packages_skip_by_dep=None, packages_skip_up_to=None, packages_select_build_failed=False, packages_skip_build_finished=False, packages_select_test_failures=False, packages_skip_test_passed=False, packages_select=['cpp_pubsub'], packages_skip=None, packages_select_regex=None, packages_skip_regex=None, packages_start=None, packages_end=None, allow_overriding=[], cmake_args=None, cmake_target=None, cmake_target_skip_unavailable=False, cmake_clean_cache=False, cmake_clean_first=False, cmake_force_configure=False, ament_cmake_args=None, catkin_cmake_args=None, catkin_skip_building_tests=False, mixin_files=None, mixin=None, verb_parser=<colcon_mixin.mixin.mixin_argument.MixinArgumentDecorator object at 0x7f589807e5f0>, verb_extension=<colcon_core.verb.build.BuildVerb object at 0x7f589891f3d0>, main=<bound method BuildVerb.main of <colcon_core.verb.build.BuildVerb object at 0x7f589891f3d0>>, mixin_verb=('build',))
[0.200s] Level 1:colcon.colcon_core.package_discovery:discover_packages(colcon_meta) check parameters
[0.200s] Level 1:colcon.colcon_core.package_discovery:discover_packages(recursive) check parameters
[0.200s] Level 1:colcon.colcon_core.package_discovery:discover_packages(ignore) check parameters
[0.200s] Level 1:colcon.colcon_core.package_discovery:discover_packages(path) check parameters
[0.200s] Level 1:colcon.colcon_core.package_discovery:discover_packages(colcon_meta) discover
[0.200s] Level 1:colcon.colcon_core.package_discovery:discover_packages(recursive) discover
[0.200s] INFO:colcon.colcon_core.package_discovery:Crawling recursively for packages in '/home/rohamzn/ros2_test_ws'
[0.200s] Level 1:colcon.colcon_core.package_identification:_identify(.) by extensions ['ignore', 'ignore_ament_install']
[0.200s] Level 1:colcon.colcon_core.package_identification:_identify(.) by extension 'ignore'
[0.200s] Level 1:colcon.colcon_core.package_identification:_identify(.) by extension 'ignore_ament_install'
[0.200s] Level 1:colcon.colcon_core.package_identification:_identify(.) by extensions ['colcon_pkg']
[0.200s] Level 1:colcon.colcon_core.package_identification:_identify(.) by extension 'colcon_pkg'
[0.200s] Level 1:colcon.colcon_core.package_identification:_identify(.) by extensions ['colcon_meta']
[0.200s] Level 1:colcon.colcon_core.package_identification:_identify(.) by extension 'colcon_meta'
[0.200s] Level 1:colcon.colcon_core.package_identification:_identify(.) by extensions ['ros']
[0.200s] Level 1:colcon.colcon_core.package_identification:_identify(.) by extension 'ros'
[0.206s] Level 1:colcon.colcon_core.package_identification:_identify(.) by extensions ['cmake', 'python']
[0.206s] Level 1:colcon.colcon_core.package_identification:_identify(.) by extension 'cmake'
[0.206s] Level 1:colcon.colcon_core.package_identification:_identify(.) by extension 'python'
[0.206s] Level 1:colcon.colcon_core.package_identification:_identify(.) by extensions ['python_setup_py']
[0.206s] Level 1:colcon.colcon_core.package_identification:_identify(.) by extension 'python_setup_py'
[0.207s] Level 1:colcon.colcon_core.package_identification:_identify(build) by extensions ['ignore', 'ignore_ament_install']
[0.207s] Level 1:colcon.colcon_core.package_identification:_identify(build) by extension 'ignore'
[0.207s] Level 1:colcon.colcon_core.package_identification:_identify(build) ignored
[0.207s] Level 1:colcon.colcon_core.package_identification:_identify(install) by extensions ['ignore', 'ignore_ament_install']
[0.207s] Level 1:colcon.colcon_core.package_identification:_identify(install) by extension 'ignore'
[0.207s] Level 1:colcon.colcon_core.package_identification:_identify(install) ignored
[0.207s] Level 1:colcon.colcon_core.package_identification:_identify(log) by extensions ['ignore', 'ignore_ament_install']
[0.207s] Level 1:colcon.colcon_core.package_identification:_identify(log) by extension 'ignore'
[0.207s] Level 1:colcon.colcon_core.package_identification:_identify(log) ignored
[0.207s] Level 1:colcon.colcon_core.package_identification:_identify(src) by extensions ['ignore', 'ignore_ament_install']
[0.207s] Level 1:colcon.colcon_core.package_identification:_identify(src) by extension 'ignore'
[0.207s] Level 1:colcon.colcon_core.package_identification:_identify(src) by extension 'ignore_ament_install'
[0.207s] Level 1:colcon.colcon_core.package_identification:_identify(src) by extensions ['colcon_pkg']
[0.207s] Level 1:colcon.colcon_core.package_identification:_identify(src) by extension 'colcon_pkg'
[0.207s] Level 1:colcon.colcon_core.package_identification:_identify(src) by extensions ['colcon_meta']
[0.207s] Level 1:colcon.colcon_core.package_identification:_identify(src) by extension 'colcon_meta'
[0.207s] Level 1:colcon.colcon_core.package_identification:_identify(src) by extensions ['ros']
[0.207s] Level 1:colcon.colcon_core.package_identification:_identify(src) by extension 'ros'
[0.207s] Level 1:colcon.colcon_core.package_identification:_identify(src) by extensions ['cmake', 'python']
[0.207s] Level 1:colcon.colcon_core.package_identification:_identify(src) by extension 'cmake'
[0.207s] Level 1:colcon.colcon_core.package_identification:_identify(src) by extension 'python'
[0.207s] Level 1:colcon.colcon_core.package_identification:_identify(src) by extensions ['python_setup_py']
[0.207s] Level 1:colcon.colcon_core.package_identification:_identify(src) by extension 'python_setup_py'
[0.207s] Level 1:colcon.colcon_core.package_identification:_identify(src/cpp_pubsub) by extensions ['ignore', 'ignore_ament_install']
[0.207s] Level 1:colcon.colcon_core.package_identification:_identify(src/cpp_pubsub) by extension 'ignore'
[0.207s] Level 1:colcon.colcon_core.package_identification:_identify(src/cpp_pubsub) by extension 'ignore_ament_install'
[0.207s] Level 1:colcon.colcon_core.package_identification:_identify(src/cpp_pubsub) by extensions ['colcon_pkg']
[0.207s] Level 1:colcon.colcon_core.package_identification:_identify(src/cpp_pubsub) by extension 'colcon_pkg'
[0.207s] Level 1:colcon.colcon_core.package_identification:_identify(src/cpp_pubsub) by extensions ['colcon_meta']
[0.207s] Level 1:colcon.colcon_core.package_identification:_identify(src/cpp_pubsub) by extension 'colcon_meta'
[0.207s] Level 1:colcon.colcon_core.package_identification:_identify(src/cpp_pubsub) by extensions ['ros']
[0.207s] Level 1:colcon.colcon_core.package_identification:_identify(src/cpp_pubsub) by extension 'ros'
[0.208s] DEBUG:colcon.colcon_core.package_identification:Package 'src/cpp_pubsub' with type 'ros.ament_cmake' and name 'cpp_pubsub'
[0.208s] Level 1:colcon.colcon_core.package_identification:_identify(src/my_package) by extensions ['ignore', 'ignore_ament_install']
[0.209s] Level 1:colcon.colcon_core.package_identification:_identify(src/my_package) by extension 'ignore'
[0.209s] Level 1:colcon.colcon_core.package_identification:_identify(src/my_package) by extension 'ignore_ament_install'
[0.209s] Level 1:colcon.colcon_core.package_identification:_identify(src/my_package) by extensions ['colcon_pkg']
[0.209s] Level 1:colcon.colcon_core.package_identification:_identify(src/my_package) by extension 'colcon_pkg'
[0.209s] Level 1:colcon.colcon_core.package_identification:_identify(src/my_package) by extensions ['colcon_meta']
[0.209s] Level 1:colcon.colcon_core.package_identification:_identify(src/my_package) by extension 'colcon_meta'
[0.209s] Level 1:colcon.colcon_core.package_identification:_identify(src/my_package) by extensions ['ros']
[0.209s] Level 1:colcon.colcon_core.package_identification:_identify(src/my_package) by extension 'ros'
[0.209s] DEBUG:colcon.colcon_core.package_identification:Package 'src/my_package' with type 'ros.ament_cmake' and name 'my_package'
[0.209s] Level 1:colcon.colcon_core.package_identification:_identify(src/ros_tutorials) by extensions ['ignore', 'ignore_ament_install']
[0.209s] Level 1:colcon.colcon_core.package_identification:_identify(src/ros_tutorials) by extension 'ignore'
[0.209s] Level 1:colcon.colcon_core.package_identification:_identify(src/ros_tutorials) by extension 'ignore_ament_install'
[0.209s] Level 1:colcon.colcon_core.package_identification:_identify(src/ros_tutorials) by extensions ['colcon_pkg']
[0.209s] Level 1:colcon.colcon_core.package_identification:_identify(src/ros_tutorials) by extension 'colcon_pkg'
[0.209s] Level 1:colcon.colcon_core.package_identification:_identify(src/ros_tutorials) by extensions ['colcon_meta']
[0.209s] Level 1:colcon.colcon_core.package_identification:_identify(src/ros_tutorials) by extension 'colcon_meta'
[0.209s] Level 1:colcon.colcon_core.package_identification:_identify(src/ros_tutorials) by extensions ['ros']
[0.209s] Level 1:colcon.colcon_core.package_identification:_identify(src/ros_tutorials) by extension 'ros'
[0.209s] Level 1:colcon.colcon_core.package_identification:_identify(src/ros_tutorials) by extensions ['cmake', 'python']
[0.209s] Level 1:colcon.colcon_core.package_identification:_identify(src/ros_tutorials) by extension 'cmake'
[0.209s] Level 1:colcon.colcon_core.package_identification:_identify(src/ros_tutorials) by extension 'python'
[0.209s] Level 1:colcon.colcon_core.package_identification:_identify(src/ros_tutorials) by extensions ['python_setup_py']
[0.209s] Level 1:colcon.colcon_core.package_identification:_identify(src/ros_tutorials) by extension 'python_setup_py'
[0.209s] Level 1:colcon.colcon_core.package_identification:_identify(src/ros_tutorials/ros_tutorials) by extensions ['ignore', 'ignore_ament_install']
[0.209s] Level 1:colcon.colcon_core.package_identification:_identify(src/ros_tutorials/ros_tutorials) by extension 'ignore'
[0.209s] Level 1:colcon.colcon_core.package_identification:_identify(src/ros_tutorials/ros_tutorials) ignored
[0.209s] Level 1:colcon.colcon_core.package_identification:_identify(src/ros_tutorials/roscpp_tutorials) by extensions ['ignore', 'ignore_ament_install']
[0.209s] Level 1:colcon.colcon_core.package_identification:_identify(src/ros_tutorials/roscpp_tutorials) by extension 'ignore'
[0.209s] Level 1:colcon.colcon_core.package_identification:_identify(src/ros_tutorials/roscpp_tutorials) ignored
[0.209s] Level 1:colcon.colcon_core.package_identification:_identify(src/ros_tutorials/rospy_tutorials) by extensions ['ignore', 'ignore_ament_install']
[0.209s] Level 1:colcon.colcon_core.package_identification:_identify(src/ros_tutorials/rospy_tutorials) by extension 'ignore'
[0.209s] Level 1:colcon.colcon_core.package_identification:_identify(src/ros_tutorials/rospy_tutorials) ignored
[0.209s] Level 1:colcon.colcon_core.package_identification:_identify(src/ros_tutorials/turtlesim) by extensions ['ignore', 'ignore_ament_install']
[0.210s] Level 1:colcon.colcon_core.package_identification:_identify(src/ros_tutorials/turtlesim) by extension 'ignore'
[0.210s] Level 1:colcon.colcon_core.package_identification:_identify(src/ros_tutorials/turtlesim) by extension 'ignore_ament_install'
[0.210s] Level 1:colcon.colcon_core.package_identification:_identify(src/ros_tutorials/turtlesim) by extensions ['colcon_pkg']
[0.210s] Level 1:colcon.colcon_core.package_identification:_identify(src/ros_tutorials/turtlesim) by extension 'colcon_pkg'
[0.210s] Level 1:colcon.colcon_core.package_identification:_identify(src/ros_tutorials/turtlesim) by extensions ['colcon_meta']
[0.210s] Level 1:colcon.colcon_core.package_identification:_identify(src/ros_tutorials/turtlesim) by extension 'colcon_meta'
[0.210s] Level 1:colcon.colcon_core.package_identification:_identify(src/ros_tutorials/turtlesim) by extensions ['ros']
[0.210s] Level 1:colcon.colcon_core.package_identification:_identify(src/ros_tutorials/turtlesim) by extension 'ros'
[0.210s] DEBUG:colcon.colcon_core.package_identification:Package 'src/ros_tutorials/turtlesim' with type 'ros.ament_cmake' and name 'turtlesim'
[0.210s] Level 1:colcon.colcon_core.package_discovery:discover_packages(recursive) using defaults
[0.210s] Level 1:colcon.colcon_core.package_discovery:discover_packages(ignore) discover
[0.210s] Level 1:colcon.colcon_core.package_discovery:discover_packages(ignore) using defaults
[0.210s] Level 1:colcon.colcon_core.package_discovery:discover_packages(path) discover
[0.210s] Level 1:colcon.colcon_core.package_discovery:discover_packages(path) using defaults
[0.222s] INFO:colcon.colcon_core.package_selection:Skipping not selected package 'my_package' in 'src/my_package'
[0.222s] INFO:colcon.colcon_core.package_selection:Skipping not selected package 'turtlesim' in 'src/ros_tutorials/turtlesim'
[0.222s] Level 1:colcon.colcon_core.package_discovery:discover_packages(prefix_path) check parameters
[0.222s] Level 1:colcon.colcon_core.package_discovery:discover_packages(prefix_path) discover
[0.223s] DEBUG:colcon.colcon_installed_package_information.package_discovery:Found 2 installed packages in /home/rohamzn/ros2_test_ws/install
[0.224s] DEBUG:colcon.colcon_installed_package_information.package_discovery:Found 345 installed packages in /opt/ros/humble
[0.225s] Level 1:colcon.colcon_core.package_discovery:discover_packages(prefix_path) using defaults
[0.257s] Level 5:colcon.colcon_core.verb:set package 'cpp_pubsub' build argument 'cmake_args' from command line to 'None'
[0.257s] Level 5:colcon.colcon_core.verb:set package 'cpp_pubsub' build argument 'cmake_target' from command line to 'None'
[0.257s] Level 5:colcon.colcon_core.verb:set package 'cpp_pubsub' build argument 'cmake_target_skip_unavailable' from command line to 'False'
[0.257s] Level 5:colcon.colcon_core.verb:set package 'cpp_pubsub' build argument 'cmake_clean_cache' from command line to 'False'
[0.257s] Level 5:colcon.colcon_core.verb:set package 'cpp_pubsub' build argument 'cmake_clean_first' from command line to 'False'
[0.257s] Level 5:colcon.colcon_core.verb:set package 'cpp_pubsub' build argument 'cmake_force_configure' from command line to 'False'
[0.257s] Level 5:colcon.colcon_core.verb:set package 'cpp_pubsub' build argument 'ament_cmake_args' from command line to 'None'
[0.257s] Level 5:colcon.colcon_core.verb:set package 'cpp_pubsub' build argument 'catkin_cmake_args' from command line to 'None'
[0.257s] Level 5:colcon.colcon_core.verb:set package 'cpp_pubsub' build argument 'catkin_skip_building_tests' from command line to 'False'
[0.257s] DEBUG:colcon.colcon_core.verb:Building package 'cpp_pubsub' with the following arguments: {'ament_cmake_args': None, 'build_base': '/home/rohamzn/ros2_test_ws/build/cpp_pubsub', 'catkin_cmake_args': None, 'catkin_skip_building_tests': False, 'cmake_args': None, 'cmake_clean_cache': False, 'cmake_clean_first': False, 'cmake_force_configure': False, 'cmake_target': None, 'cmake_target_skip_unavailable': False, 'install_base': '/home/rohamzn/ros2_test_ws/install/cpp_pubsub', 'merge_install': False, 'path': '/home/rohamzn/ros2_test_ws/src/cpp_pubsub', 'symlink_install': False, 'test_result_base': None}
[0.257s] INFO:colcon.colcon_core.executor:Executing jobs using 'parallel' executor
[0.259s] DEBUG:colcon.colcon_parallel_executor.executor.parallel:run_until_complete
[0.259s] INFO:colcon.colcon_ros.task.ament_cmake.build:Building ROS package in '/home/rohamzn/ros2_test_ws/src/cpp_pubsub' with build type 'ament_cmake'
[0.259s] INFO:colcon.colcon_cmake.task.cmake.build:Building CMake package in '/home/rohamzn/ros2_test_ws/src/cpp_pubsub'
[0.261s] INFO:colcon.colcon_core.plugin_system:Skipping extension 'colcon_core.shell.bat': Not used on non-Windows systems
[0.262s] INFO:colcon.colcon_core.shell:Skip shell extension 'powershell' for command environment: Not usable outside of PowerShell
[0.262s] DEBUG:colcon.colcon_core.shell:Skip shell extension 'dsv' for command environment
[0.266s] DEBUG:colcon.colcon_core.event_handler.log_command:Invoking command in '/home/rohamzn/ros2_test_ws/build/cpp_pubsub': CMAKE_PREFIX_PATH=${CMAKE_PREFIX_PATH}:/opt/ros/humble CONDA_PROMPT_MODIFIER=(base) /home/rohamzn/.local/bin/cmake /home/rohamzn/ros2_test_ws/src/cpp_pubsub -DCMAKE_INSTALL_PREFIX=/home/rohamzn/ros2_test_ws/install/cpp_pubsub
[1.248s] DEBUG:colcon.colcon_core.event_handler.log_command:Invoked command in '/home/rohamzn/ros2_test_ws/build/cpp_pubsub' returned '0': CMAKE_PREFIX_PATH=${CMAKE_PREFIX_PATH}:/opt/ros/humble CONDA_PROMPT_MODIFIER=(base) /home/rohamzn/.local/bin/cmake /home/rohamzn/ros2_test_ws/src/cpp_pubsub -DCMAKE_INSTALL_PREFIX=/home/rohamzn/ros2_test_ws/install/cpp_pubsub
[1.248s] DEBUG:colcon.colcon_core.event_handler.log_command:Invoking command in '/home/rohamzn/ros2_test_ws/build/cpp_pubsub': CMAKE_PREFIX_PATH=${CMAKE_PREFIX_PATH}:/opt/ros/humble CONDA_PROMPT_MODIFIER=(base) /home/rohamzn/.local/bin/cmake --build /home/rohamzn/ros2_test_ws/build/cpp_pubsub -- -j20 -l20
[5.375s] DEBUG:colcon.colcon_core.event_handler.log_command:Invoked command in '/home/rohamzn/ros2_test_ws/build/cpp_pubsub' returned '0': CMAKE_PREFIX_PATH=${CMAKE_PREFIX_PATH}:/opt/ros/humble CONDA_PROMPT_MODIFIER=(base) /home/rohamzn/.local/bin/cmake --build /home/rohamzn/ros2_test_ws/build/cpp_pubsub -- -j20 -l20
[5.422s] DEBUG:colcon.colcon_core.event_handler.log_command:Invoking command in '/home/rohamzn/ros2_test_ws/build/cpp_pubsub': CMAKE_PREFIX_PATH=${CMAKE_PREFIX_PATH}:/opt/ros/humble CONDA_PROMPT_MODIFIER=(base) /home/rohamzn/.local/bin/cmake --install /home/rohamzn/ros2_test_ws/build/cpp_pubsub
[5.443s] Level 1:colcon.colcon_core.environment:create_environment_scripts_only(cpp_pubsub)
[5.445s] DEBUG:colcon.colcon_core.event_handler.log_command:Invoked command in '/home/rohamzn/ros2_test_ws/build/cpp_pubsub' returned '0': CMAKE_PREFIX_PATH=${CMAKE_PREFIX_PATH}:/opt/ros/humble CONDA_PROMPT_MODIFIER=(base) /home/rohamzn/.local/bin/cmake --install /home/rohamzn/ros2_test_ws/build/cpp_pubsub
[5.446s] Level 1:colcon.colcon_core.environment:checking '/home/rohamzn/ros2_test_ws/install/cpp_pubsub' for CMake module files
[5.446s] Level 1:colcon.colcon_core.environment:checking '/home/rohamzn/ros2_test_ws/install/cpp_pubsub' for CMake config files
[5.446s] Level 1:colcon.colcon_core.shell:create_environment_hook('cpp_pubsub', 'cmake_prefix_path')
[5.447s] INFO:colcon.colcon_core.shell:Creating environment hook '/home/rohamzn/ros2_test_ws/install/cpp_pubsub/share/cpp_pubsub/hook/cmake_prefix_path.ps1'
[5.447s] INFO:colcon.colcon_core.shell:Creating environment descriptor '/home/rohamzn/ros2_test_ws/install/cpp_pubsub/share/cpp_pubsub/hook/cmake_prefix_path.dsv'
[5.447s] INFO:colcon.colcon_core.shell:Creating environment hook '/home/rohamzn/ros2_test_ws/install/cpp_pubsub/share/cpp_pubsub/hook/cmake_prefix_path.sh'
[5.448s] Level 1:colcon.colcon_core.environment:checking '/home/rohamzn/ros2_test_ws/install/cpp_pubsub/lib'
[5.448s] Level 1:colcon.colcon_core.environment:checking '/home/rohamzn/ros2_test_ws/install/cpp_pubsub/bin'
[5.448s] Level 1:colcon.colcon_core.environment:checking '/home/rohamzn/ros2_test_ws/install/cpp_pubsub/lib/pkgconfig/cpp_pubsub.pc'
[5.448s] Level 1:colcon.colcon_core.environment:checking '/home/rohamzn/ros2_test_ws/install/cpp_pubsub/lib/python3.10/site-packages'
[5.448s] Level 1:colcon.colcon_core.environment:checking '/home/rohamzn/ros2_test_ws/install/cpp_pubsub/bin'
[5.449s] INFO:colcon.colcon_core.shell:Creating package script '/home/rohamzn/ros2_test_ws/install/cpp_pubsub/share/cpp_pubsub/package.ps1'
[5.449s] INFO:colcon.colcon_core.shell:Creating package descriptor '/home/rohamzn/ros2_test_ws/install/cpp_pubsub/share/cpp_pubsub/package.dsv'
[5.449s] INFO:colcon.colcon_core.shell:Creating package script '/home/rohamzn/ros2_test_ws/install/cpp_pubsub/share/cpp_pubsub/package.sh'
[5.450s] INFO:colcon.colcon_core.shell:Creating package script '/home/rohamzn/ros2_test_ws/install/cpp_pubsub/share/cpp_pubsub/package.bash'
[5.450s] INFO:colcon.colcon_core.shell:Creating package script '/home/rohamzn/ros2_test_ws/install/cpp_pubsub/share/cpp_pubsub/package.zsh'
[5.451s] Level 1:colcon.colcon_core.environment:create_file_with_runtime_dependencies(/home/rohamzn/ros2_test_ws/install/cpp_pubsub/share/colcon-core/packages/cpp_pubsub)
[5.479s] Level 1:colcon.colcon_core.environment:create_environment_scripts_only(cpp_pubsub)
[5.480s] Level 1:colcon.colcon_core.environment:checking '/home/rohamzn/ros2_test_ws/install/cpp_pubsub' for CMake module files
[5.480s] Level 1:colcon.colcon_core.environment:checking '/home/rohamzn/ros2_test_ws/install/cpp_pubsub' for CMake config files
[5.480s] Level 1:colcon.colcon_core.shell:create_environment_hook('cpp_pubsub', 'cmake_prefix_path')
[5.481s] INFO:colcon.colcon_core.shell:Creating environment hook '/home/rohamzn/ros2_test_ws/install/cpp_pubsub/share/cpp_pubsub/hook/cmake_prefix_path.ps1'
[5.481s] INFO:colcon.colcon_core.shell:Creating environment descriptor '/home/rohamzn/ros2_test_ws/install/cpp_pubsub/share/cpp_pubsub/hook/cmake_prefix_path.dsv'
[5.481s] INFO:colcon.colcon_core.shell:Creating environment hook '/home/rohamzn/ros2_test_ws/install/cpp_pubsub/share/cpp_pubsub/hook/cmake_prefix_path.sh'
[5.481s] Level 1:colcon.colcon_core.environment:checking '/home/rohamzn/ros2_test_ws/install/cpp_pubsub/lib'
[5.481s] Level 1:colcon.colcon_core.environment:checking '/home/rohamzn/ros2_test_ws/install/cpp_pubsub/bin'
[5.481s] Level 1:colcon.colcon_core.environment:checking '/home/rohamzn/ros2_test_ws/install/cpp_pubsub/lib/pkgconfig/cpp_pubsub.pc'
[5.481s] Level 1:colcon.colcon_core.environment:checking '/home/rohamzn/ros2_test_ws/install/cpp_pubsub/lib/python3.10/site-packages'
[5.482s] Level 1:colcon.colcon_core.environment:checking '/home/rohamzn/ros2_test_ws/install/cpp_pubsub/bin'
[5.482s] INFO:colcon.colcon_core.shell:Creating package script '/home/rohamzn/ros2_test_ws/install/cpp_pubsub/share/cpp_pubsub/package.ps1'
[5.482s] INFO:colcon.colcon_core.shell:Creating package descriptor '/home/rohamzn/ros2_test_ws/install/cpp_pubsub/share/cpp_pubsub/package.dsv'
[5.483s] INFO:colcon.colcon_core.shell:Creating package script '/home/rohamzn/ros2_test_ws/install/cpp_pubsub/share/cpp_pubsub/package.sh'
[5.483s] INFO:colcon.colcon_core.shell:Creating package script '/home/rohamzn/ros2_test_ws/install/cpp_pubsub/share/cpp_pubsub/package.bash'
[5.483s] INFO:colcon.colcon_core.shell:Creating package script '/home/rohamzn/ros2_test_ws/install/cpp_pubsub/share/cpp_pubsub/package.zsh'
[5.483s] Level 1:colcon.colcon_core.environment:create_file_with_runtime_dependencies(/home/rohamzn/ros2_test_ws/install/cpp_pubsub/share/colcon-core/packages/cpp_pubsub)
[5.483s] DEBUG:colcon.colcon_parallel_executor.executor.parallel:closing loop
[5.483s] DEBUG:colcon.colcon_parallel_executor.executor.parallel:loop closed
[5.483s] DEBUG:colcon.colcon_parallel_executor.executor.parallel:run_until_complete finished with '0'
[5.483s] DEBUG:colcon.colcon_core.event_reactor:joining thread
[5.486s] INFO:colcon.colcon_core.plugin_system:Skipping extension 'colcon_notification.desktop_notification.terminal_notifier': Not used on non-Darwin systems
[5.486s] INFO:colcon.colcon_core.plugin_system:Skipping extension 'colcon_notification.desktop_notification.win32': Not used on non-Windows systems
[5.486s] INFO:colcon.colcon_notification.desktop_notification:Sending desktop notification using 'notify2'
[5.500s] DEBUG:colcon.colcon_core.event_reactor:joined thread
[5.501s] INFO:colcon.colcon_core.shell:Creating prefix script '/home/rohamzn/ros2_test_ws/install/local_setup.ps1'
[5.501s] INFO:colcon.colcon_core.shell:Creating prefix util module '/home/rohamzn/ros2_test_ws/install/_local_setup_util_ps1.py'
[5.502s] INFO:colcon.colcon_core.shell:Creating prefix chain script '/home/rohamzn/ros2_test_ws/install/setup.ps1'
[5.503s] INFO:colcon.colcon_core.shell:Creating prefix script '/home/rohamzn/ros2_test_ws/install/local_setup.sh'
[5.503s] INFO:colcon.colcon_core.shell:Creating prefix util module '/home/rohamzn/ros2_test_ws/install/_local_setup_util_sh.py'
[5.503s] INFO:colcon.colcon_core.shell:Creating prefix chain script '/home/rohamzn/ros2_test_ws/install/setup.sh'
[5.504s] INFO:colcon.colcon_core.shell:Creating prefix script '/home/rohamzn/ros2_test_ws/install/local_setup.bash'
[5.504s] INFO:colcon.colcon_core.shell:Creating prefix chain script '/home/rohamzn/ros2_test_ws/install/setup.bash'
[5.505s] INFO:colcon.colcon_core.shell:Creating prefix script '/home/rohamzn/ros2_test_ws/install/local_setup.zsh'
[5.505s] INFO:colcon.colcon_core.shell:Creating prefix chain script '/home/rohamzn/ros2_test_ws/install/setup.zsh'
