[0.022s] Invoking command in '/home/rohamzn/ros2_test_ws/build/more_interfaces': CMAKE_PREFIX_PATH=/opt/ros/humble CONDA_PROMPT_MODIFIER=(base) /home/rohamzn/.local/bin/cmake --build /home/rohamzn/ros2_test_ws/build/more_interfaces -- -j20 -l20
[0.058s] -- Found ament_cmake: 1.3.5 (/opt/ros/humble/share/ament_cmake/cmake)
[0.230s] -- Found rosidl_default_generators: 1.2.0 (/opt/ros/humble/share/rosidl_default_generators/cmake)
[0.233s] -- Using all available rosidl_typesupport_c: rosidl_typesupport_fastrtps_c;rosidl_typesupport_introspection_c
[0.238s] -- Found rosidl_adapter: 3.1.5 (/opt/ros/humble/share/rosidl_adapter/cmake)
[0.275s] -- Using all available rosidl_typesupport_cpp: rosidl_typesupport_fastrtps_cpp;rosidl_typesupport_introspection_cpp
[0.575s] -- Found ament_cmake_ros: 0.10.0 (/opt/ros/humble/share/ament_cmake_ros/cmake)
[0.828s] -- Using all available rosidl_typesupport_c: rosidl_typesupport_fastrtps_c;rosidl_typesupport_introspection_c
[1.155s] -- Using all available rosidl_typesupport_cpp: rosidl_typesupport_fastrtps_cpp;rosidl_typesupport_introspection_cpp
[1.156s] [33mCMake Warning (dev) at /opt/ros/humble/share/rosidl_generator_py/cmake/rosidl_generator_py_generate_interfaces.cmake:20 (find_package):
[1.156s]   Policy CMP0148 is not set: The FindPythonInterp and FindPythonLibs modules
[1.156s]   are removed.  Run "cmake --help-policy CMP0148" for policy details.  Use
[1.157s]   the cmake_policy command to set the policy and suppress this warning.
[1.157s] 
[1.157s] Call Stack (most recent call first):
[1.157s]   /opt/ros/humble/share/ament_cmake_core/cmake/core/ament_execute_extensions.cmake:48 (include)
[1.157s]   /opt/ros/humble/share/rosidl_cmake/cmake/rosidl_generate_interfaces.cmake:286 (ament_execute_extensions)
[1.157s]   CMakeLists.txt:20 (rosidl_generate_interfaces)
[1.157s] This warning is for project developers.  Use -Wno-dev to suppress it.
[1.157s] [0m
[1.170s] -- Found python_cmake_module: 0.10.0 (/opt/ros/humble/share/python_cmake_module/cmake)
[1.170s] [33mCMake Warning (dev) at /opt/ros/humble/share/python_cmake_module/cmake/Modules/FindPythonExtra.cmake:52 (find_package):
[1.170s]   Policy CMP0148 is not set: The FindPythonInterp and FindPythonLibs modules
[1.170s]   are removed.  Run "cmake --help-policy CMP0148" for policy details.  Use
[1.170s]   the cmake_policy command to set the policy and suppress this warning.
[1.171s] 
[1.171s] Call Stack (most recent call first):
[1.171s]   /opt/ros/humble/share/rosidl_generator_py/cmake/rosidl_generator_py_generate_interfaces.cmake:23 (find_package)
[1.171s]   /opt/ros/humble/share/ament_cmake_core/cmake/core/ament_execute_extensions.cmake:48 (include)
[1.171s]   /opt/ros/humble/share/rosidl_cmake/cmake/rosidl_generate_interfaces.cmake:286 (ament_execute_extensions)
[1.171s]   CMakeLists.txt:20 (rosidl_generate_interfaces)
[1.171s] This warning is for project developers.  Use -Wno-dev to suppress it.
[1.171s] [0m
[1.183s] [33mCMake Warning (dev) at /opt/ros/humble/share/python_cmake_module/cmake/Modules/FindPythonExtra.cmake:140 (find_package):
[1.183s]   Policy CMP0148 is not set: The FindPythonInterp and FindPythonLibs modules
[1.183s]   are removed.  Run "cmake --help-policy CMP0148" for policy details.  Use
[1.183s]   the cmake_policy command to set the policy and suppress this warning.
[1.184s] 
[1.184s] Call Stack (most recent call first):
[1.184s]   /opt/ros/humble/share/rosidl_generator_py/cmake/rosidl_generator_py_generate_interfaces.cmake:23 (find_package)
[1.184s]   /opt/ros/humble/share/ament_cmake_core/cmake/core/ament_execute_extensions.cmake:48 (include)
[1.184s]   /opt/ros/humble/share/rosidl_cmake/cmake/rosidl_generate_interfaces.cmake:286 (ament_execute_extensions)
[1.184s]   CMakeLists.txt:20 (rosidl_generate_interfaces)
[1.184s] This warning is for project developers.  Use -Wno-dev to suppress it.
[1.184s] [0m
[1.185s] -- Using PYTHON_EXECUTABLE: /home/rohamzn/anaconda3/bin/python3
[1.185s] -- Using PYTHON_INCLUDE_DIRS: /home/rohamzn/anaconda3/include/python3.10
[1.185s] -- Using PYTHON_LIBRARIES: /home/rohamzn/anaconda3/lib/libpython3.10.so
[1.292s] -- Using numpy include directory: /home/rohamzn/anaconda3/lib/python3.10/site-packages/numpy/core/include
[1.296s] -- Found rclcpp: 16.0.5 (/opt/ros/humble/share/rclcpp/cmake)
[1.352s] -- Found rmw_implementation_cmake: 6.1.1 (/opt/ros/humble/share/rmw_implementation_cmake/cmake)
[1.354s] -- Found rmw_cyclonedds_cpp: 1.3.4 (/opt/ros/humble/share/rmw_cyclonedds_cpp/cmake)
[1.381s] -- Using RMW implementation 'rmw_cyclonedds_cpp' as default
[1.498s] -- Found ament_lint_auto: 0.12.7 (/opt/ros/humble/share/ament_lint_auto/cmake)
[1.506s] -- Added test 'cppcheck' to perform static code analysis on C / C++ code
[1.506s] -- Configured cppcheck include dirs: 
[1.506s] -- Configured cppcheck exclude dirs and/or files: 
[1.506s] -- Added test 'lint_cmake' to check CMake code style
[1.507s] -- Added test 'uncrustify' to check C / C++ code style
[1.507s] -- Configured uncrustify additional arguments: 
[1.507s] -- Added test 'xmllint' to check XML markup files
[1.510s] -- Configuring done (1.5s)
[1.540s] [33mCMake Warning at CMakeLists.txt:26 (add_executable):
[1.541s]   Cannot generate a safe runtime search path for target publish_address_book
[1.541s]   because files in some directories may conflict with libraries in implicit
[1.541s]   directories:
[1.541s] 
[1.541s]     runtime library [libpython3.10.so.1.0] in /usr/lib/x86_64-linux-gnu may be hidden by files in:
[1.541s]       /home/rohamzn/anaconda3/lib
[1.541s] 
[1.541s]   Some of these libraries may not be found correctly.
[1.541s] 
[1.541s] [0m
[1.546s] -- Generating done (0.0s)
[1.547s] -- Build files have been written to: /home/rohamzn/ros2_test_ws/build/more_interfaces
[1.559s] [  3%] Built target more_interfaces__cpp
[1.560s] [ 12%] Built target more_interfaces__rosidl_generator_c
[1.563s] [ 12%] Built target ament_cmake_python_copy_more_interfaces
[1.566s] [ 21%] Built target more_interfaces__rosidl_typesupport_fastrtps_cpp
[1.566s] [ 30%] Built target more_interfaces__rosidl_typesupport_introspection_c
[1.567s] [ 39%] Built target more_interfaces__rosidl_typesupport_c
[1.567s] [ 51%] Built target more_interfaces__rosidl_typesupport_introspection_cpp
[1.567s] [ 57%] Built target more_interfaces__rosidl_typesupport_cpp
[1.567s] [ 66%] Built target more_interfaces__rosidl_typesupport_fastrtps_c
[1.572s] [ 66%] Built target more_interfaces
[1.576s] [ 69%] [32mBuilding CXX object CMakeFiles/publish_address_book.dir/src/publish_address_book.cpp.o[0m
[1.577s] [ 72%] Built target more_interfaces__py
[1.584s] [ 78%] Built target more_interfaces__rosidl_generator_py
[1.591s] [ 90%] Built target more_interfaces__rosidl_typesupport_fastrtps_c__pyext
[1.591s] [ 90%] Built target more_interfaces__rosidl_typesupport_introspection_c__pyext
[1.591s] [ 96%] Built target more_interfaces__rosidl_typesupport_c__pyext
[1.676s] running egg_info
[1.686s] writing more_interfaces.egg-info/PKG-INFO
[1.686s] writing dependency_links to more_interfaces.egg-info/dependency_links.txt
[1.686s] writing top-level names to more_interfaces.egg-info/top_level.txt
[1.713s] reading manifest file 'more_interfaces.egg-info/SOURCES.txt'
[1.713s] writing manifest file 'more_interfaces.egg-info/SOURCES.txt'
[1.726s] [ 96%] Built target ament_cmake_python_build_more_interfaces_egg
[3.780s] [100%] [32m[1mLinking CXX executable publish_address_book[0m
[3.863s] [100%] Built target publish_address_book
[3.869s] Invoked command in '/home/rohamzn/ros2_test_ws/build/more_interfaces' returned '0': CMAKE_PREFIX_PATH=/opt/ros/humble CONDA_PROMPT_MODIFIER=(base) /home/rohamzn/.local/bin/cmake --build /home/rohamzn/ros2_test_ws/build/more_interfaces -- -j20 -l20
[3.911s] Invoking command in '/home/rohamzn/ros2_test_ws/build/more_interfaces': CMAKE_PREFIX_PATH=/opt/ros/humble CONDA_PROMPT_MODIFIER=(base) /home/rohamzn/.local/bin/cmake --install /home/rohamzn/ros2_test_ws/build/more_interfaces
[3.926s] -- Install configuration: ""
[3.926s] -- Up-to-date: /home/rohamzn/ros2_test_ws/install/more_interfaces/share/ament_index/resource_index/rosidl_interfaces/more_interfaces
[3.926s] -- Up-to-date: /home/rohamzn/ros2_test_ws/install/more_interfaces/include/more_interfaces/more_interfaces
[3.926s] -- Up-to-date: /home/rohamzn/ros2_test_ws/install/more_interfaces/include/more_interfaces/more_interfaces/msg
[3.926s] -- Up-to-date: /home/rohamzn/ros2_test_ws/install/more_interfaces/include/more_interfaces/more_interfaces/msg/address_book.h
[3.926s] -- Up-to-date: /home/rohamzn/ros2_test_ws/install/more_interfaces/include/more_interfaces/more_interfaces/msg/detail
[3.926s] -- Up-to-date: /home/rohamzn/ros2_test_ws/install/more_interfaces/include/more_interfaces/more_interfaces/msg/detail/address_book__type_support.h
[3.926s] -- Up-to-date: /home/rohamzn/ros2_test_ws/install/more_interfaces/include/more_interfaces/more_interfaces/msg/detail/address_book__functions.h
[3.926s] -- Up-to-date: /home/rohamzn/ros2_test_ws/install/more_interfaces/include/more_interfaces/more_interfaces/msg/detail/address_book__functions.c
[3.926s] -- Up-to-date: /home/rohamzn/ros2_test_ws/install/more_interfaces/include/more_interfaces/more_interfaces/msg/detail/address_book__struct.h
[3.926s] -- Up-to-date: /home/rohamzn/ros2_test_ws/install/more_interfaces/include/more_interfaces/more_interfaces/msg/rosidl_generator_c__visibility_control.h
[3.926s] -- Up-to-date: /home/rohamzn/ros2_test_ws/install/more_interfaces/share/more_interfaces/environment/library_path.sh
[3.926s] -- Installing: /home/rohamzn/ros2_test_ws/install/more_interfaces/share/more_interfaces/environment/library_path.dsv
[3.927s] -- Installing: /home/rohamzn/ros2_test_ws/install/more_interfaces/lib/libmore_interfaces__rosidl_generator_c.so
[3.927s] -- Set runtime path of "/home/rohamzn/ros2_test_ws/install/more_interfaces/lib/libmore_interfaces__rosidl_generator_c.so" to ""
[3.927s] -- Up-to-date: /home/rohamzn/ros2_test_ws/install/more_interfaces/include/more_interfaces/more_interfaces
[3.927s] -- Up-to-date: /home/rohamzn/ros2_test_ws/install/more_interfaces/include/more_interfaces/more_interfaces/msg
[3.927s] -- Up-to-date: /home/rohamzn/ros2_test_ws/install/more_interfaces/include/more_interfaces/more_interfaces/msg/detail
[3.927s] -- Up-to-date: /home/rohamzn/ros2_test_ws/install/more_interfaces/include/more_interfaces/more_interfaces/msg/detail/address_book__rosidl_typesupport_fastrtps_c.h
[3.927s] -- Up-to-date: /home/rohamzn/ros2_test_ws/install/more_interfaces/include/more_interfaces/more_interfaces/msg/rosidl_typesupport_fastrtps_c__visibility_control.h
[3.927s] -- Up-to-date: /home/rohamzn/ros2_test_ws/install/more_interfaces/lib/libmore_interfaces__rosidl_typesupport_fastrtps_c.so
[3.927s] -- Up-to-date: /home/rohamzn/ros2_test_ws/install/more_interfaces/include/more_interfaces/more_interfaces
[3.927s] -- Up-to-date: /home/rohamzn/ros2_test_ws/install/more_interfaces/include/more_interfaces/more_interfaces/msg
[3.927s] -- Up-to-date: /home/rohamzn/ros2_test_ws/install/more_interfaces/include/more_interfaces/more_interfaces/msg/detail
[3.927s] -- Up-to-date: /home/rohamzn/ros2_test_ws/install/more_interfaces/include/more_interfaces/more_interfaces/msg/detail/address_book__type_support.c
[3.927s] -- Up-to-date: /home/rohamzn/ros2_test_ws/install/more_interfaces/include/more_interfaces/more_interfaces/msg/detail/address_book__rosidl_typesupport_introspection_c.h
[3.927s] -- Up-to-date: /home/rohamzn/ros2_test_ws/install/more_interfaces/include/more_interfaces/more_interfaces/msg/rosidl_typesupport_introspection_c__visibility_control.h
[3.928s] -- Installing: /home/rohamzn/ros2_test_ws/install/more_interfaces/lib/libmore_interfaces__rosidl_typesupport_introspection_c.so
[3.928s] -- Set runtime path of "/home/rohamzn/ros2_test_ws/install/more_interfaces/lib/libmore_interfaces__rosidl_typesupport_introspection_c.so" to ""
[3.928s] -- Up-to-date: /home/rohamzn/ros2_test_ws/install/more_interfaces/lib/libmore_interfaces__rosidl_typesupport_c.so
[3.928s] -- Up-to-date: /home/rohamzn/ros2_test_ws/install/more_interfaces/include/more_interfaces/more_interfaces
[3.928s] -- Up-to-date: /home/rohamzn/ros2_test_ws/install/more_interfaces/include/more_interfaces/more_interfaces/msg
[3.928s] -- Up-to-date: /home/rohamzn/ros2_test_ws/install/more_interfaces/include/more_interfaces/more_interfaces/msg/detail
[3.928s] -- Up-to-date: /home/rohamzn/ros2_test_ws/install/more_interfaces/include/more_interfaces/more_interfaces/msg/detail/address_book__traits.hpp
[3.928s] -- Up-to-date: /home/rohamzn/ros2_test_ws/install/more_interfaces/include/more_interfaces/more_interfaces/msg/detail/address_book__builder.hpp
[3.928s] -- Up-to-date: /home/rohamzn/ros2_test_ws/install/more_interfaces/include/more_interfaces/more_interfaces/msg/detail/address_book__struct.hpp
[3.928s] -- Up-to-date: /home/rohamzn/ros2_test_ws/install/more_interfaces/include/more_interfaces/more_interfaces/msg/address_book.hpp
[3.928s] -- Up-to-date: /home/rohamzn/ros2_test_ws/install/more_interfaces/include/more_interfaces/more_interfaces
[3.928s] -- Up-to-date: /home/rohamzn/ros2_test_ws/install/more_interfaces/include/more_interfaces/more_interfaces/msg
[3.928s] -- Up-to-date: /home/rohamzn/ros2_test_ws/install/more_interfaces/include/more_interfaces/more_interfaces/msg/detail
[3.928s] -- Up-to-date: /home/rohamzn/ros2_test_ws/install/more_interfaces/include/more_interfaces/more_interfaces/msg/detail/dds_fastrtps
[3.928s] -- Up-to-date: /home/rohamzn/ros2_test_ws/install/more_interfaces/include/more_interfaces/more_interfaces/msg/detail/address_book__rosidl_typesupport_fastrtps_cpp.hpp
[3.928s] -- Up-to-date: /home/rohamzn/ros2_test_ws/install/more_interfaces/include/more_interfaces/more_interfaces/msg/rosidl_typesupport_fastrtps_cpp__visibility_control.h
[3.929s] -- Up-to-date: /home/rohamzn/ros2_test_ws/install/more_interfaces/lib/libmore_interfaces__rosidl_typesupport_fastrtps_cpp.so
[3.929s] -- Up-to-date: /home/rohamzn/ros2_test_ws/install/more_interfaces/include/more_interfaces/more_interfaces
[3.929s] -- Up-to-date: /home/rohamzn/ros2_test_ws/install/more_interfaces/include/more_interfaces/more_interfaces/msg
[3.929s] -- Up-to-date: /home/rohamzn/ros2_test_ws/install/more_interfaces/include/more_interfaces/more_interfaces/msg/detail
[3.929s] -- Up-to-date: /home/rohamzn/ros2_test_ws/install/more_interfaces/include/more_interfaces/more_interfaces/msg/detail/address_book__rosidl_typesupport_introspection_cpp.hpp
[3.929s] -- Up-to-date: /home/rohamzn/ros2_test_ws/install/more_interfaces/include/more_interfaces/more_interfaces/msg/detail/address_book__type_support.cpp
[3.929s] -- Up-to-date: /home/rohamzn/ros2_test_ws/install/more_interfaces/lib/libmore_interfaces__rosidl_typesupport_introspection_cpp.so
[3.929s] -- Up-to-date: /home/rohamzn/ros2_test_ws/install/more_interfaces/lib/libmore_interfaces__rosidl_typesupport_cpp.so
[3.929s] -- Up-to-date: /home/rohamzn/ros2_test_ws/install/more_interfaces/share/more_interfaces/environment/pythonpath.sh
[3.929s] -- Installing: /home/rohamzn/ros2_test_ws/install/more_interfaces/share/more_interfaces/environment/pythonpath.dsv
[3.929s] -- Up-to-date: /home/rohamzn/ros2_test_ws/install/more_interfaces/lib/python3.10/site-packages/more_interfaces-0.0.0-py3.10.egg-info
[3.930s] -- Installing: /home/rohamzn/ros2_test_ws/install/more_interfaces/lib/python3.10/site-packages/more_interfaces-0.0.0-py3.10.egg-info/dependency_links.txt
[3.930s] -- Installing: /home/rohamzn/ros2_test_ws/install/more_interfaces/lib/python3.10/site-packages/more_interfaces-0.0.0-py3.10.egg-info/top_level.txt
[3.930s] -- Installing: /home/rohamzn/ros2_test_ws/install/more_interfaces/lib/python3.10/site-packages/more_interfaces-0.0.0-py3.10.egg-info/SOURCES.txt
[3.930s] -- Installing: /home/rohamzn/ros2_test_ws/install/more_interfaces/lib/python3.10/site-packages/more_interfaces-0.0.0-py3.10.egg-info/PKG-INFO
[3.930s] -- Up-to-date: /home/rohamzn/ros2_test_ws/install/more_interfaces/lib/python3.10/site-packages/more_interfaces
[3.930s] -- Up-to-date: /home/rohamzn/ros2_test_ws/install/more_interfaces/lib/python3.10/site-packages/more_interfaces/msg
[3.930s] -- Up-to-date: /home/rohamzn/ros2_test_ws/install/more_interfaces/lib/python3.10/site-packages/more_interfaces/msg/__init__.py
[3.930s] -- Up-to-date: /home/rohamzn/ros2_test_ws/install/more_interfaces/lib/python3.10/site-packages/more_interfaces/msg/_address_book_s.c
[3.930s] -- Up-to-date: /home/rohamzn/ros2_test_ws/install/more_interfaces/lib/python3.10/site-packages/more_interfaces/msg/_address_book.py
[3.930s] -- Installing: /home/rohamzn/ros2_test_ws/install/more_interfaces/lib/python3.10/site-packages/more_interfaces/__init__.py
[3.930s] -- Up-to-date: /home/rohamzn/ros2_test_ws/install/more_interfaces/lib/python3.10/site-packages/more_interfaces/more_interfaces_s__rosidl_typesupport_introspection_c.cpython-310-x86_64-linux-gnu.so
[3.930s] -- Up-to-date: /home/rohamzn/ros2_test_ws/install/more_interfaces/lib/python3.10/site-packages/more_interfaces/more_interfaces_s__rosidl_typesupport_fastrtps_c.cpython-310-x86_64-linux-gnu.so
[3.930s] -- Up-to-date: /home/rohamzn/ros2_test_ws/install/more_interfaces/lib/python3.10/site-packages/more_interfaces/_more_interfaces_s.ep.rosidl_typesupport_fastrtps_c.c
[3.930s] -- Up-to-date: /home/rohamzn/ros2_test_ws/install/more_interfaces/lib/python3.10/site-packages/more_interfaces/_more_interfaces_s.ep.rosidl_typesupport_introspection_c.c
[3.930s] -- Up-to-date: /home/rohamzn/ros2_test_ws/install/more_interfaces/lib/python3.10/site-packages/more_interfaces/_more_interfaces_s.ep.rosidl_typesupport_c.c
[3.930s] -- Up-to-date: /home/rohamzn/ros2_test_ws/install/more_interfaces/lib/python3.10/site-packages/more_interfaces/libmore_interfaces__rosidl_generator_py.so
[3.930s] -- Up-to-date: /home/rohamzn/ros2_test_ws/install/more_interfaces/lib/python3.10/site-packages/more_interfaces/more_interfaces_s__rosidl_typesupport_c.cpython-310-x86_64-linux-gnu.so
[3.950s] Listing '/home/rohamzn/ros2_test_ws/install/more_interfaces/lib/python3.10/site-packages/more_interfaces'...
[3.950s] Compiling '/home/rohamzn/ros2_test_ws/install/more_interfaces/lib/python3.10/site-packages/more_interfaces/__init__.py'...
[3.950s] Listing '/home/rohamzn/ros2_test_ws/install/more_interfaces/lib/python3.10/site-packages/more_interfaces/msg'...
[3.953s] -- Installing: /home/rohamzn/ros2_test_ws/install/more_interfaces/lib/python3.10/site-packages/more_interfaces/more_interfaces_s__rosidl_typesupport_fastrtps_c.cpython-310-x86_64-linux-gnu.so
[3.953s] -- Set runtime path of "/home/rohamzn/ros2_test_ws/install/more_interfaces/lib/python3.10/site-packages/more_interfaces/more_interfaces_s__rosidl_typesupport_fastrtps_c.cpython-310-x86_64-linux-gnu.so" to ""
[3.953s] -- Installing: /home/rohamzn/ros2_test_ws/install/more_interfaces/lib/python3.10/site-packages/more_interfaces/more_interfaces_s__rosidl_typesupport_introspection_c.cpython-310-x86_64-linux-gnu.so
[3.953s] -- Set runtime path of "/home/rohamzn/ros2_test_ws/install/more_interfaces/lib/python3.10/site-packages/more_interfaces/more_interfaces_s__rosidl_typesupport_introspection_c.cpython-310-x86_64-linux-gnu.so" to ""
[3.954s] -- Installing: /home/rohamzn/ros2_test_ws/install/more_interfaces/lib/python3.10/site-packages/more_interfaces/more_interfaces_s__rosidl_typesupport_c.cpython-310-x86_64-linux-gnu.so
[3.954s] -- Set runtime path of "/home/rohamzn/ros2_test_ws/install/more_interfaces/lib/python3.10/site-packages/more_interfaces/more_interfaces_s__rosidl_typesupport_c.cpython-310-x86_64-linux-gnu.so" to ""
[3.954s] -- Installing: /home/rohamzn/ros2_test_ws/install/more_interfaces/lib/libmore_interfaces__rosidl_generator_py.so
[3.954s] -- Set runtime path of "/home/rohamzn/ros2_test_ws/install/more_interfaces/lib/libmore_interfaces__rosidl_generator_py.so" to ""
[3.954s] -- Up-to-date: /home/rohamzn/ros2_test_ws/install/more_interfaces/share/more_interfaces/msg/AddressBook.idl
[3.954s] -- Up-to-date: /home/rohamzn/ros2_test_ws/install/more_interfaces/share/more_interfaces/msg/AddressBook.msg
[3.954s] -- Installing: /home/rohamzn/ros2_test_ws/install/more_interfaces/lib/more_interfaces/publish_address_book
[3.955s] -- Set runtime path of "/home/rohamzn/ros2_test_ws/install/more_interfaces/lib/more_interfaces/publish_address_book" to ""
[3.955s] -- Up-to-date: /home/rohamzn/ros2_test_ws/install/more_interfaces/share/ament_index/resource_index/package_run_dependencies/more_interfaces
[3.955s] -- Installing: /home/rohamzn/ros2_test_ws/install/more_interfaces/share/ament_index/resource_index/parent_prefix_path/more_interfaces
[3.955s] -- Up-to-date: /home/rohamzn/ros2_test_ws/install/more_interfaces/share/more_interfaces/environment/ament_prefix_path.sh
[3.955s] -- Installing: /home/rohamzn/ros2_test_ws/install/more_interfaces/share/more_interfaces/environment/ament_prefix_path.dsv
[3.955s] -- Up-to-date: /home/rohamzn/ros2_test_ws/install/more_interfaces/share/more_interfaces/environment/path.sh
[3.955s] -- Installing: /home/rohamzn/ros2_test_ws/install/more_interfaces/share/more_interfaces/environment/path.dsv
[3.955s] -- Up-to-date: /home/rohamzn/ros2_test_ws/install/more_interfaces/share/more_interfaces/local_setup.bash
[3.955s] -- Up-to-date: /home/rohamzn/ros2_test_ws/install/more_interfaces/share/more_interfaces/local_setup.sh
[3.955s] -- Up-to-date: /home/rohamzn/ros2_test_ws/install/more_interfaces/share/more_interfaces/local_setup.zsh
[3.955s] -- Installing: /home/rohamzn/ros2_test_ws/install/more_interfaces/share/more_interfaces/local_setup.dsv
[3.955s] -- Installing: /home/rohamzn/ros2_test_ws/install/more_interfaces/share/more_interfaces/package.dsv
[3.955s] -- Up-to-date: /home/rohamzn/ros2_test_ws/install/more_interfaces/share/ament_index/resource_index/packages/more_interfaces
[3.956s] -- Up-to-date: /home/rohamzn/ros2_test_ws/install/more_interfaces/share/more_interfaces/cmake/export_more_interfaces__rosidl_generator_cExport.cmake
[3.956s] -- Up-to-date: /home/rohamzn/ros2_test_ws/install/more_interfaces/share/more_interfaces/cmake/export_more_interfaces__rosidl_generator_cExport-noconfig.cmake
[3.956s] -- Up-to-date: /home/rohamzn/ros2_test_ws/install/more_interfaces/share/more_interfaces/cmake/export_more_interfaces__rosidl_typesupport_fastrtps_cExport.cmake
[3.956s] -- Up-to-date: /home/rohamzn/ros2_test_ws/install/more_interfaces/share/more_interfaces/cmake/export_more_interfaces__rosidl_typesupport_fastrtps_cExport-noconfig.cmake
[3.956s] -- Up-to-date: /home/rohamzn/ros2_test_ws/install/more_interfaces/share/more_interfaces/cmake/more_interfaces__rosidl_typesupport_introspection_cExport.cmake
[3.956s] -- Up-to-date: /home/rohamzn/ros2_test_ws/install/more_interfaces/share/more_interfaces/cmake/more_interfaces__rosidl_typesupport_introspection_cExport-noconfig.cmake
[3.956s] -- Up-to-date: /home/rohamzn/ros2_test_ws/install/more_interfaces/share/more_interfaces/cmake/more_interfaces__rosidl_typesupport_cExport.cmake
[3.956s] -- Up-to-date: /home/rohamzn/ros2_test_ws/install/more_interfaces/share/more_interfaces/cmake/more_interfaces__rosidl_typesupport_cExport-noconfig.cmake
[3.956s] -- Up-to-date: /home/rohamzn/ros2_test_ws/install/more_interfaces/share/more_interfaces/cmake/export_more_interfaces__rosidl_generator_cppExport.cmake
[3.957s] -- Up-to-date: /home/rohamzn/ros2_test_ws/install/more_interfaces/share/more_interfaces/cmake/export_more_interfaces__rosidl_typesupport_fastrtps_cppExport.cmake
[3.957s] -- Up-to-date: /home/rohamzn/ros2_test_ws/install/more_interfaces/share/more_interfaces/cmake/export_more_interfaces__rosidl_typesupport_fastrtps_cppExport-noconfig.cmake
[3.957s] -- Up-to-date: /home/rohamzn/ros2_test_ws/install/more_interfaces/share/more_interfaces/cmake/more_interfaces__rosidl_typesupport_introspection_cppExport.cmake
[3.957s] -- Up-to-date: /home/rohamzn/ros2_test_ws/install/more_interfaces/share/more_interfaces/cmake/more_interfaces__rosidl_typesupport_introspection_cppExport-noconfig.cmake
[3.957s] -- Up-to-date: /home/rohamzn/ros2_test_ws/install/more_interfaces/share/more_interfaces/cmake/more_interfaces__rosidl_typesupport_cppExport.cmake
[3.957s] -- Up-to-date: /home/rohamzn/ros2_test_ws/install/more_interfaces/share/more_interfaces/cmake/more_interfaces__rosidl_typesupport_cppExport-noconfig.cmake
[3.957s] -- Up-to-date: /home/rohamzn/ros2_test_ws/install/more_interfaces/share/more_interfaces/cmake/export_more_interfaces__rosidl_generator_pyExport.cmake
[3.957s] -- Up-to-date: /home/rohamzn/ros2_test_ws/install/more_interfaces/share/more_interfaces/cmake/export_more_interfaces__rosidl_generator_pyExport-noconfig.cmake
[3.957s] -- Up-to-date: /home/rohamzn/ros2_test_ws/install/more_interfaces/share/more_interfaces/cmake/rosidl_cmake-extras.cmake
[3.957s] -- Up-to-date: /home/rohamzn/ros2_test_ws/install/more_interfaces/share/more_interfaces/cmake/ament_cmake_export_include_directories-extras.cmake
[3.957s] -- Up-to-date: /home/rohamzn/ros2_test_ws/install/more_interfaces/share/more_interfaces/cmake/ament_cmake_export_libraries-extras.cmake
[3.957s] -- Up-to-date: /home/rohamzn/ros2_test_ws/install/more_interfaces/share/more_interfaces/cmake/ament_cmake_export_targets-extras.cmake
[3.957s] -- Up-to-date: /home/rohamzn/ros2_test_ws/install/more_interfaces/share/more_interfaces/cmake/rosidl_cmake_export_typesupport_targets-extras.cmake
[3.957s] -- Up-to-date: /home/rohamzn/ros2_test_ws/install/more_interfaces/share/more_interfaces/cmake/ament_cmake_export_dependencies-extras.cmake
[3.957s] -- Up-to-date: /home/rohamzn/ros2_test_ws/install/more_interfaces/share/more_interfaces/cmake/rosidl_cmake_export_typesupport_libraries-extras.cmake
[3.957s] -- Up-to-date: /home/rohamzn/ros2_test_ws/install/more_interfaces/share/more_interfaces/cmake/more_interfacesConfig.cmake
[3.957s] -- Up-to-date: /home/rohamzn/ros2_test_ws/install/more_interfaces/share/more_interfaces/cmake/more_interfacesConfig-version.cmake
[3.957s] -- Up-to-date: /home/rohamzn/ros2_test_ws/install/more_interfaces/share/more_interfaces/package.xml
[3.961s] Invoked command in '/home/rohamzn/ros2_test_ws/build/more_interfaces' returned '0': CMAKE_PREFIX_PATH=/opt/ros/humble CONDA_PROMPT_MODIFIER=(base) /home/rohamzn/.local/bin/cmake --install /home/rohamzn/ros2_test_ws/build/more_interfaces
