[33mCMake Warning at CMakeLists.txt:16 (add_executable):
  Cannot generate a safe runtime search path for target
  static_turtle_tf2_broadcaster because files in some directories may
  conflict with libraries in implicit directories:

    runtime library [libpython3.10.so.1.0] in /usr/lib/x86_64-linux-gnu may be hidden by files in:
      /home/rohamzn/anaconda3/lib

  Some of these libraries may not be found correctly.

[0m
[33mCMake Warning at CMakeLists.txt:25 (add_executable):
  Cannot generate a safe runtime search path for target
  turtle_tf2_broadcaster because files in some directories may conflict with
  libraries in implicit directories:

    runtime library [libpython3.10.so.1.0] in /usr/lib/x86_64-linux-gnu may be hidden by files in:
      /home/rohamzn/anaconda3/lib

  Some of these libraries may not be found correctly.

[0m
[33mCMake Warning at CMakeLists.txt:35 (add_executable):
  Cannot generate a safe runtime search path for target turtle_tf2_listener
  because files in some directories may conflict with libraries in implicit
  directories:

    runtime library [libpython3.10.so.1.0] in /usr/lib/x86_64-linux-gnu may be hidden by files in:
      /home/rohamzn/anaconda3/lib

  Some of these libraries may not be found correctly.

[0m
[33mCMake Warning at CMakeLists.txt:45 (add_executable):
  Cannot generate a safe runtime search path for target
  fixed_frame_tf2_broadcaster because files in some directories may conflict
  with libraries in implicit directories:

    runtime library [libpython3.10.so.1.0] in /usr/lib/x86_64-linux-gnu may be hidden by files in:
      /home/rohamzn/anaconda3/lib

  Some of these libraries may not be found correctly.

[0m
