[0.032s] Invoking command in '/home/rohamzn/ros2_test_ws/build/polygon_base': CMAKE_PREFIX_PATH=/opt/ros/humble CONDA_PROMPT_MODIFIER=(base) /home/rohamzn/.local/bin/cmake --build /home/rohamzn/ros2_test_ws/build/polygon_base -- -j20 -l20
[0.068s] [100%] Built target area_node
[0.073s] Invoked command in '/home/rohamzn/ros2_test_ws/build/polygon_base' returned '0': CMAKE_PREFIX_PATH=/opt/ros/humble CONDA_PROMPT_MODIFIER=(base) /home/rohamzn/.local/bin/cmake --build /home/rohamzn/ros2_test_ws/build/polygon_base -- -j20 -l20
[0.131s] Invoking command in '/home/rohamzn/ros2_test_ws/build/polygon_base': CMAKE_PREFIX_PATH=/opt/ros/humble CONDA_PROMPT_MODIFIER=(base) /home/rohamzn/.local/bin/cmake --install /home/rohamzn/ros2_test_ws/build/polygon_base
[0.149s] -- Install configuration: ""
[0.149s] -- Up-to-date: /home/rohamzn/ros2_test_ws/install/polygon_base/include
[0.149s] -- Up-to-date: /home/rohamzn/ros2_test_ws/install/polygon_base/include/polygon_base
[0.150s] -- Up-to-date: /home/rohamzn/ros2_test_ws/install/polygon_base/include/polygon_base/regular_polygon.hpp
[0.150s] -- Up-to-date: /home/rohamzn/ros2_test_ws/install/polygon_base/lib/polygon_base/area_node
[0.150s] -- Up-to-date: /home/rohamzn/ros2_test_ws/install/polygon_base/share/ament_index/resource_index/package_run_dependencies/polygon_base
[0.151s] -- Up-to-date: /home/rohamzn/ros2_test_ws/install/polygon_base/share/ament_index/resource_index/parent_prefix_path/polygon_base
[0.151s] -- Up-to-date: /home/rohamzn/ros2_test_ws/install/polygon_base/share/polygon_base/environment/ament_prefix_path.sh
[0.151s] -- Up-to-date: /home/rohamzn/ros2_test_ws/install/polygon_base/share/polygon_base/environment/ament_prefix_path.dsv
[0.151s] -- Up-to-date: /home/rohamzn/ros2_test_ws/install/polygon_base/share/polygon_base/environment/path.sh
[0.151s] -- Up-to-date: /home/rohamzn/ros2_test_ws/install/polygon_base/share/polygon_base/environment/path.dsv
[0.151s] -- Up-to-date: /home/rohamzn/ros2_test_ws/install/polygon_base/share/polygon_base/local_setup.bash
[0.151s] -- Up-to-date: /home/rohamzn/ros2_test_ws/install/polygon_base/share/polygon_base/local_setup.sh
[0.151s] -- Up-to-date: /home/rohamzn/ros2_test_ws/install/polygon_base/share/polygon_base/local_setup.zsh
[0.151s] -- Up-to-date: /home/rohamzn/ros2_test_ws/install/polygon_base/share/polygon_base/local_setup.dsv
[0.151s] -- Installing: /home/rohamzn/ros2_test_ws/install/polygon_base/share/polygon_base/package.dsv
[0.152s] -- Up-to-date: /home/rohamzn/ros2_test_ws/install/polygon_base/share/ament_index/resource_index/packages/polygon_base
[0.152s] -- Up-to-date: /home/rohamzn/ros2_test_ws/install/polygon_base/share/polygon_base/cmake/ament_cmake_export_include_directories-extras.cmake
[0.152s] -- Up-to-date: /home/rohamzn/ros2_test_ws/install/polygon_base/share/polygon_base/cmake/polygon_baseConfig.cmake
[0.152s] -- Up-to-date: /home/rohamzn/ros2_test_ws/install/polygon_base/share/polygon_base/cmake/polygon_baseConfig-version.cmake
[0.152s] -- Up-to-date: /home/rohamzn/ros2_test_ws/install/polygon_base/share/polygon_base/package.xml
[0.156s] Invoked command in '/home/rohamzn/ros2_test_ws/build/polygon_base' returned '0': CMAKE_PREFIX_PATH=/opt/ros/humble CONDA_PROMPT_MODIFIER=(base) /home/rohamzn/.local/bin/cmake --install /home/rohamzn/ros2_test_ws/build/polygon_base
