[0.047s] Invoking command in '/home/rohamzn/ros2_test_ws/build/polygon_base': CMAKE_PREFIX_PATH=${CMAKE_PREFIX_PATH}:/home/rohamzn/ros2_test_ws/install/launch_tutorial:/home/rohamzn/ros2_test_ws/install/py_launch_example:/opt/ros/humble CONDA_PROMPT_MODIFIER=(base) /home/rohamzn/.local/bin/cmake --build /home/rohamzn/ros2_test_ws/build/polygon_base -- -j20 -l20
[0.397s] [100%] Built target area_node
[0.402s] Invoked command in '/home/rohamzn/ros2_test_ws/build/polygon_base' returned '0': CMAKE_PREFIX_PATH=${CMAKE_PREFIX_PATH}:/home/rohamzn/ros2_test_ws/install/launch_tutorial:/home/rohamzn/ros2_test_ws/install/py_launch_example:/opt/ros/humble CONDA_PROMPT_MODIFIER=(base) /home/rohamzn/.local/bin/cmake --build /home/rohamzn/ros2_test_ws/build/polygon_base -- -j20 -l20
[0.476s] Invoking command in '/home/rohamzn/ros2_test_ws/build/polygon_base': CMAKE_PREFIX_PATH=${CMAKE_PREFIX_PATH}:/home/rohamzn/ros2_test_ws/install/launch_tutorial:/home/rohamzn/ros2_test_ws/install/py_launch_example:/opt/ros/humble CONDA_PROMPT_MODIFIER=(base) /home/rohamzn/.local/bin/cmake --install /home/rohamzn/ros2_test_ws/build/polygon_base
[0.500s] -- Install configuration: ""
[0.500s] -- Up-to-date: /home/rohamzn/ros2_test_ws/install/polygon_base/include
[0.500s] -- Up-to-date: /home/rohamzn/ros2_test_ws/install/polygon_base/include/polygon_base
[0.500s] -- Up-to-date: /home/rohamzn/ros2_test_ws/install/polygon_base/include/polygon_base/regular_polygon.hpp
[0.501s] -- Up-to-date: /home/rohamzn/ros2_test_ws/install/polygon_base/lib/polygon_base/area_node
[0.502s] -- Up-to-date: /home/rohamzn/ros2_test_ws/install/polygon_base/share/ament_index/resource_index/package_run_dependencies/polygon_base
[0.502s] -- Up-to-date: /home/rohamzn/ros2_test_ws/install/polygon_base/share/ament_index/resource_index/parent_prefix_path/polygon_base
[0.502s] -- Up-to-date: /home/rohamzn/ros2_test_ws/install/polygon_base/share/polygon_base/environment/ament_prefix_path.sh
[0.503s] -- Up-to-date: /home/rohamzn/ros2_test_ws/install/polygon_base/share/polygon_base/environment/ament_prefix_path.dsv
[0.503s] -- Up-to-date: /home/rohamzn/ros2_test_ws/install/polygon_base/share/polygon_base/environment/path.sh
[0.503s] -- Up-to-date: /home/rohamzn/ros2_test_ws/install/polygon_base/share/polygon_base/environment/path.dsv
[0.503s] -- Up-to-date: /home/rohamzn/ros2_test_ws/install/polygon_base/share/polygon_base/local_setup.bash
[0.503s] -- Up-to-date: /home/rohamzn/ros2_test_ws/install/polygon_base/share/polygon_base/local_setup.sh
[0.503s] -- Up-to-date: /home/rohamzn/ros2_test_ws/install/polygon_base/share/polygon_base/local_setup.zsh
[0.503s] -- Up-to-date: /home/rohamzn/ros2_test_ws/install/polygon_base/share/polygon_base/local_setup.dsv
[0.505s] -- Installing: /home/rohamzn/ros2_test_ws/install/polygon_base/share/polygon_base/package.dsv
[0.505s] -- Up-to-date: /home/rohamzn/ros2_test_ws/install/polygon_base/share/ament_index/resource_index/packages/polygon_base
[0.505s] -- Up-to-date: /home/rohamzn/ros2_test_ws/install/polygon_base/share/polygon_base/cmake/ament_cmake_export_include_directories-extras.cmake
[0.505s] -- Up-to-date: /home/rohamzn/ros2_test_ws/install/polygon_base/share/polygon_base/cmake/polygon_baseConfig.cmake
[0.506s] -- Up-to-date: /home/rohamzn/ros2_test_ws/install/polygon_base/share/polygon_base/cmake/polygon_baseConfig-version.cmake
[0.507s] -- Up-to-date: /home/rohamzn/ros2_test_ws/install/polygon_base/share/polygon_base/package.xml
[0.532s] Invoked command in '/home/rohamzn/ros2_test_ws/build/polygon_base' returned '0': CMAKE_PREFIX_PATH=${CMAKE_PREFIX_PATH}:/home/rohamzn/ros2_test_ws/install/launch_tutorial:/home/rohamzn/ros2_test_ws/install/py_launch_example:/opt/ros/humble CONDA_PROMPT_MODIFIER=(base) /home/rohamzn/.local/bin/cmake --install /home/rohamzn/ros2_test_ws/build/polygon_base
