running egg_info
writing ../../build/bag_recorder_nodes_py/bag_recorder_nodes_py.egg-info/PKG-INFO
writing dependency_links to ../../build/bag_recorder_nodes_py/bag_recorder_nodes_py.egg-info/dependency_links.txt
writing entry points to ../../build/bag_recorder_nodes_py/bag_recorder_nodes_py.egg-info/entry_points.txt
writing requirements to ../../build/bag_recorder_nodes_py/bag_recorder_nodes_py.egg-info/requires.txt
writing top-level names to ../../build/bag_recorder_nodes_py/bag_recorder_nodes_py.egg-info/top_level.txt
reading manifest file '../../build/bag_recorder_nodes_py/bag_recorder_nodes_py.egg-info/SOURCES.txt'
writing manifest file '../../build/bag_recorder_nodes_py/bag_recorder_nodes_py.egg-info/SOURCES.txt'
running build
running build_py
copying bag_recorder_nodes_py/data_generator_node.py -> /home/rohamzn/ros2_test_ws/build/bag_recorder_nodes_py/build/lib/bag_recorder_nodes_py
copying bag_recorder_nodes_py/data_generator_executable.py -> /home/rohamzn/ros2_test_ws/build/bag_recorder_nodes_py/build/lib/bag_recorder_nodes_py
running install
/usr/lib/python3/dist-packages/setuptools/command/install.py:34: SetuptoolsDeprecationWarning: setup.py install is deprecated. Use build and pip and other standards-based tools.
  warnings.warn(
running install_lib
copying /home/rohamzn/ros2_test_ws/build/bag_recorder_nodes_py/build/lib/bag_recorder_nodes_py/data_generator_node.py -> /home/rohamzn/ros2_test_ws/install/bag_recorder_nodes_py/lib/python3.10/site-packages/bag_recorder_nodes_py
copying /home/rohamzn/ros2_test_ws/build/bag_recorder_nodes_py/build/lib/bag_recorder_nodes_py/data_generator_executable.py -> /home/rohamzn/ros2_test_ws/install/bag_recorder_nodes_py/lib/python3.10/site-packages/bag_recorder_nodes_py
byte-compiling /home/rohamzn/ros2_test_ws/install/bag_recorder_nodes_py/lib/python3.10/site-packages/bag_recorder_nodes_py/data_generator_node.py to data_generator_node.cpython-310.pyc
byte-compiling /home/rohamzn/ros2_test_ws/install/bag_recorder_nodes_py/lib/python3.10/site-packages/bag_recorder_nodes_py/data_generator_executable.py to data_generator_executable.cpython-310.pyc
running install_data
running install_egg_info
removing '/home/rohamzn/ros2_test_ws/install/bag_recorder_nodes_py/lib/python3.10/site-packages/bag_recorder_nodes_py-0.0.0-py3.10.egg-info' (and everything under it)
Copying ../../build/bag_recorder_nodes_py/bag_recorder_nodes_py.egg-info to /home/rohamzn/ros2_test_ws/install/bag_recorder_nodes_py/lib/python3.10/site-packages/bag_recorder_nodes_py-0.0.0-py3.10.egg-info
running install_scripts
Installing data_generator_executable script to /home/rohamzn/ros2_test_ws/install/bag_recorder_nodes_py/lib/bag_recorder_nodes_py
Installing data_generator_node script to /home/rohamzn/ros2_test_ws/install/bag_recorder_nodes_py/lib/bag_recorder_nodes_py
Installing simple_bag_recorder script to /home/rohamzn/ros2_test_ws/install/bag_recorder_nodes_py/lib/bag_recorder_nodes_py
writing list of installed files to '/home/rohamzn/ros2_test_ws/build/bag_recorder_nodes_py/install.log'
