[0.389s] Invoking command in '/home/rohamzn/ros2_test_ws/src/bag_recorder_nodes_py': CONDA_PROMPT_MODIFIER=(base) PYTHONPATH=/home/rohamzn/ros2_test_ws/build/bag_recorder_nodes_py/prefix_override:/home/rohamzn/ros2_test_ws/install/bag_recorder_nodes_py/lib/python3.10/site-packages:${PYTHONPATH} /usr/bin/python3 setup.py egg_info --egg-base ../../build/bag_recorder_nodes_py build --build-base /home/rohamzn/ros2_test_ws/build/bag_recorder_nodes_py/build install --record /home/rohamzn/ros2_test_ws/build/bag_recorder_nodes_py/install.log --single-version-externally-managed
[0.525s] running egg_info
[0.525s] writing ../../build/bag_recorder_nodes_py/bag_recorder_nodes_py.egg-info/PKG-INFO
[0.526s] writing dependency_links to ../../build/bag_recorder_nodes_py/bag_recorder_nodes_py.egg-info/dependency_links.txt
[0.526s] writing entry points to ../../build/bag_recorder_nodes_py/bag_recorder_nodes_py.egg-info/entry_points.txt
[0.526s] writing requirements to ../../build/bag_recorder_nodes_py/bag_recorder_nodes_py.egg-info/requires.txt
[0.526s] writing top-level names to ../../build/bag_recorder_nodes_py/bag_recorder_nodes_py.egg-info/top_level.txt
[0.527s] reading manifest file '../../build/bag_recorder_nodes_py/bag_recorder_nodes_py.egg-info/SOURCES.txt'
[0.527s] writing manifest file '../../build/bag_recorder_nodes_py/bag_recorder_nodes_py.egg-info/SOURCES.txt'
[0.527s] running build
[0.527s] running build_py
[0.527s] copying bag_recorder_nodes_py/data_generator_node.py -> /home/rohamzn/ros2_test_ws/build/bag_recorder_nodes_py/build/lib/bag_recorder_nodes_py
[0.527s] copying bag_recorder_nodes_py/data_generator_executable.py -> /home/rohamzn/ros2_test_ws/build/bag_recorder_nodes_py/build/lib/bag_recorder_nodes_py
[0.527s] running install
[0.527s] /usr/lib/python3/dist-packages/setuptools/command/install.py:34: SetuptoolsDeprecationWarning: setup.py install is deprecated. Use build and pip and other standards-based tools.
[0.528s]   warnings.warn(
[0.528s] running install_lib
[0.528s] copying /home/rohamzn/ros2_test_ws/build/bag_recorder_nodes_py/build/lib/bag_recorder_nodes_py/data_generator_node.py -> /home/rohamzn/ros2_test_ws/install/bag_recorder_nodes_py/lib/python3.10/site-packages/bag_recorder_nodes_py
[0.528s] copying /home/rohamzn/ros2_test_ws/build/bag_recorder_nodes_py/build/lib/bag_recorder_nodes_py/data_generator_executable.py -> /home/rohamzn/ros2_test_ws/install/bag_recorder_nodes_py/lib/python3.10/site-packages/bag_recorder_nodes_py
[0.528s] byte-compiling /home/rohamzn/ros2_test_ws/install/bag_recorder_nodes_py/lib/python3.10/site-packages/bag_recorder_nodes_py/data_generator_node.py to data_generator_node.cpython-310.pyc
[0.529s] byte-compiling /home/rohamzn/ros2_test_ws/install/bag_recorder_nodes_py/lib/python3.10/site-packages/bag_recorder_nodes_py/data_generator_executable.py to data_generator_executable.cpython-310.pyc
[0.529s] running install_data
[0.529s] running install_egg_info
[0.530s] removing '/home/rohamzn/ros2_test_ws/install/bag_recorder_nodes_py/lib/python3.10/site-packages/bag_recorder_nodes_py-0.0.0-py3.10.egg-info' (and everything under it)
[0.530s] Copying ../../build/bag_recorder_nodes_py/bag_recorder_nodes_py.egg-info to /home/rohamzn/ros2_test_ws/install/bag_recorder_nodes_py/lib/python3.10/site-packages/bag_recorder_nodes_py-0.0.0-py3.10.egg-info
[0.531s] running install_scripts
[0.541s] Installing data_generator_executable script to /home/rohamzn/ros2_test_ws/install/bag_recorder_nodes_py/lib/bag_recorder_nodes_py
[0.542s] Installing data_generator_node script to /home/rohamzn/ros2_test_ws/install/bag_recorder_nodes_py/lib/bag_recorder_nodes_py
[0.542s] Installing simple_bag_recorder script to /home/rohamzn/ros2_test_ws/install/bag_recorder_nodes_py/lib/bag_recorder_nodes_py
[0.542s] writing list of installed files to '/home/rohamzn/ros2_test_ws/build/bag_recorder_nodes_py/install.log'
[0.554s] Invoked command in '/home/rohamzn/ros2_test_ws/src/bag_recorder_nodes_py' returned '0': CONDA_PROMPT_MODIFIER=(base) PYTHONPATH=/home/rohamzn/ros2_test_ws/build/bag_recorder_nodes_py/prefix_override:/home/rohamzn/ros2_test_ws/install/bag_recorder_nodes_py/lib/python3.10/site-packages:${PYTHONPATH} /usr/bin/python3 setup.py egg_info --egg-base ../../build/bag_recorder_nodes_py build --build-base /home/rohamzn/ros2_test_ws/build/bag_recorder_nodes_py/build install --record /home/rohamzn/ros2_test_ws/build/bag_recorder_nodes_py/install.log --single-version-externally-managed
