[0.007s] Invoking command in '/home/rohamzn/ros2_test_ws/build/more_interfaces': CMAKE_PREFIX_PATH=${CMAKE_PREFIX_PATH}:/opt/ros/humble CONDA_PROMPT_MODIFIER=(base) /home/rohamzn/.local/bin/cmake /home/rohamzn/ros2_test_ws/src/more_interfaces -DCMAKE_INSTALL_PREFIX=/home/rohamzn/ros2_test_ws/install/more_interfaces
[0.047s] -- The C compiler identification is GNU 13.1.0
[0.080s] -- The CXX compiler identification is GNU 11.4.0
[0.092s] -- Detecting C compiler ABI info
[0.126s] -- Detecting C compiler ABI info - done
[0.133s] -- Check for working C compiler: /home/rohamzn/anaconda3/bin/cc - skipped
[0.133s] -- Detecting C compile features
[0.133s] -- Detecting C compile features - done
[0.139s] -- Detecting CXX compiler ABI info
[0.179s] -- Detecting CXX compiler ABI info - done
[0.185s] -- Check for working CXX compiler: /usr/bin/c++ - skipped
[0.185s] -- Detecting CXX compile features
[0.185s] -- Detecting CXX compile features - done
[0.187s] -- Found ament_cmake: 1.3.5 (/opt/ros/humble/share/ament_cmake/cmake)
[0.571s] -- Found Python3: /home/rohamzn/anaconda3/bin/python3.10 (found version "3.10.6") found components: Interpreter 
[0.621s] -- Found rosidl_default_generators: 1.2.0 (/opt/ros/humble/share/rosidl_default_generators/cmake)
[0.623s] -- Using all available rosidl_typesupport_c: rosidl_typesupport_fastrtps_c;rosidl_typesupport_introspection_c
[0.628s] -- Found rosidl_adapter: 3.1.5 (/opt/ros/humble/share/rosidl_adapter/cmake)
[0.653s] -- Using all available rosidl_typesupport_cpp: rosidl_typesupport_fastrtps_cpp;rosidl_typesupport_introspection_cpp
[0.909s] -- Found ament_cmake_ros: 0.10.0 (/opt/ros/humble/share/ament_cmake_ros/cmake)
[1.147s] -- Using all available rosidl_typesupport_c: rosidl_typesupport_fastrtps_c;rosidl_typesupport_introspection_c
[1.462s] -- Using all available rosidl_typesupport_cpp: rosidl_typesupport_fastrtps_cpp;rosidl_typesupport_introspection_cpp
[1.463s] [33mCMake Warning (dev) at /opt/ros/humble/share/rosidl_generator_py/cmake/rosidl_generator_py_generate_interfaces.cmake:20 (find_package):
[1.463s]   Policy CMP0148 is not set: The FindPythonInterp and FindPythonLibs modules
[1.463s]   are removed.  Run "cmake --help-policy CMP0148" for policy details.  Use
[1.463s]   the cmake_policy command to set the policy and suppress this warning.
[1.463s] 
[1.463s] Call Stack (most recent call first):
[1.463s]   /opt/ros/humble/share/ament_cmake_core/cmake/core/ament_execute_extensions.cmake:48 (include)
[1.463s]   /opt/ros/humble/share/rosidl_cmake/cmake/rosidl_generate_interfaces.cmake:286 (ament_execute_extensions)
[1.463s]   CMakeLists.txt:20 (rosidl_generate_interfaces)
[1.463s] This warning is for project developers.  Use -Wno-dev to suppress it.
[1.463s] [0m
[1.475s] -- Found PythonInterp: /home/rohamzn/anaconda3/bin/python3 (found suitable version "3.10.6", minimum required is "3.6") 
[1.476s] -- Found python_cmake_module: 0.10.0 (/opt/ros/humble/share/python_cmake_module/cmake)
[1.477s] [33mCMake Warning (dev) at /opt/ros/humble/share/python_cmake_module/cmake/Modules/FindPythonExtra.cmake:52 (find_package):
[1.477s]   Policy CMP0148 is not set: The FindPythonInterp and FindPythonLibs modules
[1.477s]   are removed.  Run "cmake --help-policy CMP0148" for policy details.  Use
[1.477s]   the cmake_policy command to set the policy and suppress this warning.
[1.477s] 
[1.477s] Call Stack (most recent call first):
[1.477s]   /opt/ros/humble/share/rosidl_generator_py/cmake/rosidl_generator_py_generate_interfaces.cmake:23 (find_package)
[1.477s]   /opt/ros/humble/share/ament_cmake_core/cmake/core/ament_execute_extensions.cmake:48 (include)
[1.477s]   /opt/ros/humble/share/rosidl_cmake/cmake/rosidl_generate_interfaces.cmake:286 (ament_execute_extensions)
[1.477s]   CMakeLists.txt:20 (rosidl_generate_interfaces)
[1.477s] This warning is for project developers.  Use -Wno-dev to suppress it.
[1.477s] [0m
[1.489s] [33mCMake Warning (dev) at /opt/ros/humble/share/python_cmake_module/cmake/Modules/FindPythonExtra.cmake:140 (find_package):
[1.489s]   Policy CMP0148 is not set: The FindPythonInterp and FindPythonLibs modules
[1.489s]   are removed.  Run "cmake --help-policy CMP0148" for policy details.  Use
[1.489s]   the cmake_policy command to set the policy and suppress this warning.
[1.489s] 
[1.489s] Call Stack (most recent call first):
[1.489s]   /opt/ros/humble/share/rosidl_generator_py/cmake/rosidl_generator_py_generate_interfaces.cmake:23 (find_package)
[1.489s]   /opt/ros/humble/share/ament_cmake_core/cmake/core/ament_execute_extensions.cmake:48 (include)
[1.489s]   /opt/ros/humble/share/rosidl_cmake/cmake/rosidl_generate_interfaces.cmake:286 (ament_execute_extensions)
[1.489s]   CMakeLists.txt:20 (rosidl_generate_interfaces)
[1.489s] This warning is for project developers.  Use -Wno-dev to suppress it.
[1.489s] [0m
[1.492s] -- Found PythonLibs: /home/rohamzn/anaconda3/lib/libpython3.10.so (found suitable version "3.10.6", minimum required is "3.5") 
[1.492s] -- Using PYTHON_EXECUTABLE: /home/rohamzn/anaconda3/bin/python3
[1.492s] -- Using PYTHON_INCLUDE_DIRS: /home/rohamzn/anaconda3/include/python3.10
[1.492s] -- Using PYTHON_LIBRARIES: /home/rohamzn/anaconda3/lib/libpython3.10.so
[1.504s] -- Found PythonExtra: .so  
[1.578s] -- Using numpy include directory: /home/rohamzn/anaconda3/lib/python3.10/site-packages/numpy/core/include
[1.584s] -- Found rclcpp: 16.0.5 (/opt/ros/humble/share/rclcpp/cmake)
[1.637s] -- Found rmw_implementation_cmake: 6.1.1 (/opt/ros/humble/share/rmw_implementation_cmake/cmake)
[1.639s] -- Found rmw_cyclonedds_cpp: 1.3.4 (/opt/ros/humble/share/rmw_cyclonedds_cpp/cmake)
[1.661s] -- Using RMW implementation 'rmw_cyclonedds_cpp' as default
[1.667s] -- Performing Test CMAKE_HAVE_LIBC_PTHREAD
[1.701s] -- Performing Test CMAKE_HAVE_LIBC_PTHREAD - Failed
[1.701s] -- Looking for pthread_create in pthreads
[1.728s] -- Looking for pthread_create in pthreads - not found
[1.728s] -- Looking for pthread_create in pthread
[1.765s] -- Looking for pthread_create in pthread - found
[1.765s] -- Found Threads: TRUE  
[1.865s] -- Found ament_lint_auto: 0.12.7 (/opt/ros/humble/share/ament_lint_auto/cmake)
[1.875s] -- Added test 'cppcheck' to perform static code analysis on C / C++ code
[1.875s] -- Configured cppcheck include dirs: 
[1.876s] -- Configured cppcheck exclude dirs and/or files: 
[1.876s] -- Added test 'lint_cmake' to check CMake code style
[1.877s] -- Added test 'uncrustify' to check C / C++ code style
[1.877s] -- Configured uncrustify additional arguments: 
[1.877s] -- Added test 'xmllint' to check XML markup files
[1.878s] -- Configuring done (1.9s)
[1.901s] [33mCMake Warning at CMakeLists.txt:26 (add_executable):
[1.901s]   Cannot generate a safe runtime search path for target publish_address_book
[1.901s]   because files in some directories may conflict with libraries in implicit
[1.901s]   directories:
[1.901s] 
[1.901s]     runtime library [libpython3.10.so.1.0] in /usr/lib/x86_64-linux-gnu may be hidden by files in:
[1.901s]       /home/rohamzn/anaconda3/lib
[1.901s] 
[1.902s]   Some of these libraries may not be found correctly.
[1.902s] 
[1.902s] [0m
[1.904s] -- Generating done (0.0s)
[1.905s] -- Build files have been written to: /home/rohamzn/ros2_test_ws/build/more_interfaces
[1.914s] Invoked command in '/home/rohamzn/ros2_test_ws/build/more_interfaces' returned '0': CMAKE_PREFIX_PATH=${CMAKE_PREFIX_PATH}:/opt/ros/humble CONDA_PROMPT_MODIFIER=(base) /home/rohamzn/.local/bin/cmake /home/rohamzn/ros2_test_ws/src/more_interfaces -DCMAKE_INSTALL_PREFIX=/home/rohamzn/ros2_test_ws/install/more_interfaces
[1.915s] Invoking command in '/home/rohamzn/ros2_test_ws/build/more_interfaces': CMAKE_PREFIX_PATH=${CMAKE_PREFIX_PATH}:/opt/ros/humble CONDA_PROMPT_MODIFIER=(base) /home/rohamzn/.local/bin/cmake --build /home/rohamzn/ros2_test_ws/build/more_interfaces -- -j20 -l20
[1.941s] [  3%] [34m[1mGenerating C code for ROS interfaces[0m
[1.943s] [  6%] [34m[1mGenerating C++ code for ROS interfaces[0m
[1.945s] [  6%] Built target ament_cmake_python_copy_more_interfaces
[2.053s] running egg_info
[2.053s] creating more_interfaces.egg-info
[2.062s] writing more_interfaces.egg-info/PKG-INFO
[2.062s] writing dependency_links to more_interfaces.egg-info/dependency_links.txt
[2.062s] writing top-level names to more_interfaces.egg-info/top_level.txt
[2.062s] writing manifest file 'more_interfaces.egg-info/SOURCES.txt'
[2.073s] [  6%] Built target more_interfaces__cpp
[2.075s] [  9%] [34m[1mGenerating C++ type support dispatch for ROS interfaces[0m
[2.075s] [ 12%] [34m[1mGenerating C++ type support for eProsima Fast-RTPS[0m
[2.075s] [ 15%] [32mBuilding C object CMakeFiles/more_interfaces__rosidl_generator_c.dir/rosidl_generator_c/more_interfaces/msg/detail/address_book__functions.c.o[0m
[2.075s] [ 18%] [34m[1mGenerating C++ introspection for ROS interfaces[0m
[2.089s] reading manifest file 'more_interfaces.egg-info/SOURCES.txt'
[2.089s] writing manifest file 'more_interfaces.egg-info/SOURCES.txt'
[2.101s] [ 21%] [32m[1mLinking C shared library libmore_interfaces__rosidl_generator_c.so[0m
[2.102s] [ 21%] Built target ament_cmake_python_build_more_interfaces_egg
[2.115s] [ 21%] Built target more_interfaces__rosidl_generator_c
[2.117s] [ 24%] [34m[1mGenerating C type support for eProsima Fast-RTPS[0m
[2.118s] [ 27%] [34m[1mGenerating C introspection for ROS interfaces[0m
[2.118s] [ 30%] [34m[1mGenerating C type support dispatch for ROS interfaces[0m
[2.201s] [ 33%] [32mBuilding CXX object CMakeFiles/more_interfaces__rosidl_typesupport_cpp.dir/rosidl_typesupport_cpp/more_interfaces/msg/address_book__type_support.cpp.o[0m
[2.208s] [ 36%] [32mBuilding CXX object CMakeFiles/more_interfaces__rosidl_typesupport_introspection_cpp.dir/rosidl_typesupport_introspection_cpp/more_interfaces/msg/detail/address_book__type_support.cpp.o[0m
[2.210s] [ 39%] [32mBuilding CXX object CMakeFiles/more_interfaces__rosidl_typesupport_fastrtps_cpp.dir/rosidl_typesupport_fastrtps_cpp/more_interfaces/msg/detail/dds_fastrtps/address_book__type_support.cpp.o[0m
[2.245s] [ 42%] [32mBuilding CXX object CMakeFiles/more_interfaces__rosidl_typesupport_c.dir/rosidl_typesupport_c/more_interfaces/msg/address_book__type_support.cpp.o[0m
[2.255s] [ 45%] [32mBuilding CXX object CMakeFiles/more_interfaces__rosidl_typesupport_fastrtps_c.dir/rosidl_typesupport_fastrtps_c/more_interfaces/msg/detail/address_book__type_support_c.cpp.o[0m
[2.255s] [ 48%] [32mBuilding C object CMakeFiles/more_interfaces__rosidl_typesupport_introspection_c.dir/rosidl_typesupport_introspection_c/more_interfaces/msg/detail/address_book__type_support.c.o[0m
[2.265s] [ 51%] [32m[1mLinking CXX shared library libmore_interfaces__rosidl_typesupport_c.so[0m
[2.271s] [ 54%] [32m[1mLinking C shared library libmore_interfaces__rosidl_typesupport_introspection_c.so[0m
[2.281s] [ 54%] Built target more_interfaces__rosidl_typesupport_c
[2.285s] [ 54%] Built target more_interfaces__rosidl_typesupport_introspection_c
[2.328s] [ 57%] [32m[1mLinking CXX shared library libmore_interfaces__rosidl_typesupport_cpp.so[0m
[2.344s] [ 57%] Built target more_interfaces__rosidl_typesupport_cpp
[2.350s] [ 60%] [32mBuilding CXX object CMakeFiles/publish_address_book.dir/src/publish_address_book.cpp.o[0m
[2.389s] [ 63%] [32m[1mLinking CXX shared library libmore_interfaces__rosidl_typesupport_introspection_cpp.so[0m
[2.399s] [ 66%] [32m[1mLinking CXX shared library libmore_interfaces__rosidl_typesupport_fastrtps_cpp.so[0m
[2.418s] [ 69%] [32m[1mLinking CXX shared library libmore_interfaces__rosidl_typesupport_fastrtps_c.so[0m
[2.418s] [ 69%] Built target more_interfaces__rosidl_typesupport_introspection_cpp
[2.433s] [ 69%] Built target more_interfaces__rosidl_typesupport_fastrtps_cpp
[2.451s] [ 69%] Built target more_interfaces__rosidl_typesupport_fastrtps_c
[2.456s] [ 69%] Built target more_interfaces
[2.462s] [ 72%] [34m[1mGenerating Python code for ROS interfaces[0m
[2.617s] [ 72%] Built target more_interfaces__py
[2.623s] [ 75%] [32mBuilding C object CMakeFiles/more_interfaces__rosidl_generator_py.dir/rosidl_generator_py/more_interfaces/msg/_address_book_s.c.o[0m
[2.665s] [ 78%] [32m[1mLinking C shared library rosidl_generator_py/more_interfaces/libmore_interfaces__rosidl_generator_py.so[0m
[2.680s] [ 78%] Built target more_interfaces__rosidl_generator_py
[2.686s] [ 84%] [32mBuilding C object CMakeFiles/more_interfaces__rosidl_typesupport_introspection_c__pyext.dir/rosidl_generator_py/more_interfaces/_more_interfaces_s.ep.rosidl_typesupport_introspection_c.c.o[0m
[2.686s] [ 84%] [32mBuilding C object CMakeFiles/more_interfaces__rosidl_typesupport_fastrtps_c__pyext.dir/rosidl_generator_py/more_interfaces/_more_interfaces_s.ep.rosidl_typesupport_fastrtps_c.c.o[0m
[2.686s] [ 87%] [32mBuilding C object CMakeFiles/more_interfaces__rosidl_typesupport_c__pyext.dir/rosidl_generator_py/more_interfaces/_more_interfaces_s.ep.rosidl_typesupport_c.c.o[0m
[2.723s] [ 96%] [32m[1mLinking C shared library rosidl_generator_py/more_interfaces/more_interfaces_s__rosidl_typesupport_c.cpython-310-x86_64-linux-gnu.so[0m
[2.723s] [ 96%] [32m[1mLinking C shared library rosidl_generator_py/more_interfaces/more_interfaces_s__rosidl_typesupport_fastrtps_c.cpython-310-x86_64-linux-gnu.so[0m
[2.723s] [ 96%] [32m[1mLinking C shared library rosidl_generator_py/more_interfaces/more_interfaces_s__rosidl_typesupport_introspection_c.cpython-310-x86_64-linux-gnu.so[0m
[2.739s] [ 96%] Built target more_interfaces__rosidl_typesupport_fastrtps_c__pyext
[2.739s] [ 96%] Built target more_interfaces__rosidl_typesupport_introspection_c__pyext
[2.739s] [ 96%] Built target more_interfaces__rosidl_typesupport_c__pyext
[4.390s] [100%] [32m[1mLinking CXX executable publish_address_book[0m
[4.474s] [100%] Built target publish_address_book
[4.487s] Invoked command in '/home/rohamzn/ros2_test_ws/build/more_interfaces' returned '0': CMAKE_PREFIX_PATH=${CMAKE_PREFIX_PATH}:/opt/ros/humble CONDA_PROMPT_MODIFIER=(base) /home/rohamzn/.local/bin/cmake --build /home/rohamzn/ros2_test_ws/build/more_interfaces -- -j20 -l20
[4.549s] Invoking command in '/home/rohamzn/ros2_test_ws/build/more_interfaces': CMAKE_PREFIX_PATH=${CMAKE_PREFIX_PATH}:/opt/ros/humble CONDA_PROMPT_MODIFIER=(base) /home/rohamzn/.local/bin/cmake --install /home/rohamzn/ros2_test_ws/build/more_interfaces
[4.564s] -- Install configuration: ""
[4.564s] -- Installing: /home/rohamzn/ros2_test_ws/install/more_interfaces/share/ament_index/resource_index/rosidl_interfaces/more_interfaces
[4.564s] -- Installing: /home/rohamzn/ros2_test_ws/install/more_interfaces/include/more_interfaces/more_interfaces
[4.564s] -- Installing: /home/rohamzn/ros2_test_ws/install/more_interfaces/include/more_interfaces/more_interfaces/msg
[4.564s] -- Installing: /home/rohamzn/ros2_test_ws/install/more_interfaces/include/more_interfaces/more_interfaces/msg/address_book.h
[4.565s] -- Installing: /home/rohamzn/ros2_test_ws/install/more_interfaces/include/more_interfaces/more_interfaces/msg/detail
[4.565s] -- Installing: /home/rohamzn/ros2_test_ws/install/more_interfaces/include/more_interfaces/more_interfaces/msg/detail/address_book__type_support.h
[4.565s] -- Installing: /home/rohamzn/ros2_test_ws/install/more_interfaces/include/more_interfaces/more_interfaces/msg/detail/address_book__functions.h
[4.565s] -- Installing: /home/rohamzn/ros2_test_ws/install/more_interfaces/include/more_interfaces/more_interfaces/msg/detail/address_book__functions.c
[4.565s] -- Installing: /home/rohamzn/ros2_test_ws/install/more_interfaces/include/more_interfaces/more_interfaces/msg/detail/address_book__struct.h
[4.565s] -- Installing: /home/rohamzn/ros2_test_ws/install/more_interfaces/include/more_interfaces/more_interfaces/msg/rosidl_generator_c__visibility_control.h
[4.565s] -- Installing: /home/rohamzn/ros2_test_ws/install/more_interfaces/share/more_interfaces/environment/library_path.sh
[4.565s] -- Installing: /home/rohamzn/ros2_test_ws/install/more_interfaces/share/more_interfaces/environment/library_path.dsv
[4.565s] -- Installing: /home/rohamzn/ros2_test_ws/install/more_interfaces/lib/libmore_interfaces__rosidl_generator_c.so
[4.565s] -- Set runtime path of "/home/rohamzn/ros2_test_ws/install/more_interfaces/lib/libmore_interfaces__rosidl_generator_c.so" to ""
[4.565s] -- Up-to-date: /home/rohamzn/ros2_test_ws/install/more_interfaces/include/more_interfaces/more_interfaces
[4.565s] -- Up-to-date: /home/rohamzn/ros2_test_ws/install/more_interfaces/include/more_interfaces/more_interfaces/msg
[4.565s] -- Up-to-date: /home/rohamzn/ros2_test_ws/install/more_interfaces/include/more_interfaces/more_interfaces/msg/detail
[4.565s] -- Installing: /home/rohamzn/ros2_test_ws/install/more_interfaces/include/more_interfaces/more_interfaces/msg/detail/address_book__rosidl_typesupport_fastrtps_c.h
[4.565s] -- Installing: /home/rohamzn/ros2_test_ws/install/more_interfaces/include/more_interfaces/more_interfaces/msg/rosidl_typesupport_fastrtps_c__visibility_control.h
[4.565s] -- Installing: /home/rohamzn/ros2_test_ws/install/more_interfaces/lib/libmore_interfaces__rosidl_typesupport_fastrtps_c.so
[4.565s] -- Set runtime path of "/home/rohamzn/ros2_test_ws/install/more_interfaces/lib/libmore_interfaces__rosidl_typesupport_fastrtps_c.so" to ""
[4.565s] -- Up-to-date: /home/rohamzn/ros2_test_ws/install/more_interfaces/include/more_interfaces/more_interfaces
[4.565s] -- Up-to-date: /home/rohamzn/ros2_test_ws/install/more_interfaces/include/more_interfaces/more_interfaces/msg
[4.565s] -- Up-to-date: /home/rohamzn/ros2_test_ws/install/more_interfaces/include/more_interfaces/more_interfaces/msg/detail
[4.565s] -- Installing: /home/rohamzn/ros2_test_ws/install/more_interfaces/include/more_interfaces/more_interfaces/msg/detail/address_book__type_support.c
[4.565s] -- Installing: /home/rohamzn/ros2_test_ws/install/more_interfaces/include/more_interfaces/more_interfaces/msg/detail/address_book__rosidl_typesupport_introspection_c.h
[4.565s] -- Installing: /home/rohamzn/ros2_test_ws/install/more_interfaces/include/more_interfaces/more_interfaces/msg/rosidl_typesupport_introspection_c__visibility_control.h
[4.565s] -- Installing: /home/rohamzn/ros2_test_ws/install/more_interfaces/lib/libmore_interfaces__rosidl_typesupport_introspection_c.so
[4.565s] -- Set runtime path of "/home/rohamzn/ros2_test_ws/install/more_interfaces/lib/libmore_interfaces__rosidl_typesupport_introspection_c.so" to ""
[4.565s] -- Installing: /home/rohamzn/ros2_test_ws/install/more_interfaces/lib/libmore_interfaces__rosidl_typesupport_c.so
[4.565s] -- Set runtime path of "/home/rohamzn/ros2_test_ws/install/more_interfaces/lib/libmore_interfaces__rosidl_typesupport_c.so" to ""
[4.565s] -- Up-to-date: /home/rohamzn/ros2_test_ws/install/more_interfaces/include/more_interfaces/more_interfaces
[4.565s] -- Up-to-date: /home/rohamzn/ros2_test_ws/install/more_interfaces/include/more_interfaces/more_interfaces/msg
[4.565s] -- Up-to-date: /home/rohamzn/ros2_test_ws/install/more_interfaces/include/more_interfaces/more_interfaces/msg/detail
[4.565s] -- Installing: /home/rohamzn/ros2_test_ws/install/more_interfaces/include/more_interfaces/more_interfaces/msg/detail/address_book__traits.hpp
[4.565s] -- Installing: /home/rohamzn/ros2_test_ws/install/more_interfaces/include/more_interfaces/more_interfaces/msg/detail/address_book__builder.hpp
[4.566s] -- Installing: /home/rohamzn/ros2_test_ws/install/more_interfaces/include/more_interfaces/more_interfaces/msg/detail/address_book__struct.hpp
[4.566s] -- Installing: /home/rohamzn/ros2_test_ws/install/more_interfaces/include/more_interfaces/more_interfaces/msg/address_book.hpp
[4.566s] -- Up-to-date: /home/rohamzn/ros2_test_ws/install/more_interfaces/include/more_interfaces/more_interfaces
[4.566s] -- Up-to-date: /home/rohamzn/ros2_test_ws/install/more_interfaces/include/more_interfaces/more_interfaces/msg
[4.566s] -- Up-to-date: /home/rohamzn/ros2_test_ws/install/more_interfaces/include/more_interfaces/more_interfaces/msg/detail
[4.566s] -- Installing: /home/rohamzn/ros2_test_ws/install/more_interfaces/include/more_interfaces/more_interfaces/msg/detail/dds_fastrtps
[4.566s] -- Installing: /home/rohamzn/ros2_test_ws/install/more_interfaces/include/more_interfaces/more_interfaces/msg/detail/address_book__rosidl_typesupport_fastrtps_cpp.hpp
[4.566s] -- Installing: /home/rohamzn/ros2_test_ws/install/more_interfaces/include/more_interfaces/more_interfaces/msg/rosidl_typesupport_fastrtps_cpp__visibility_control.h
[4.566s] -- Installing: /home/rohamzn/ros2_test_ws/install/more_interfaces/lib/libmore_interfaces__rosidl_typesupport_fastrtps_cpp.so
[4.566s] -- Set runtime path of "/home/rohamzn/ros2_test_ws/install/more_interfaces/lib/libmore_interfaces__rosidl_typesupport_fastrtps_cpp.so" to ""
[4.566s] -- Up-to-date: /home/rohamzn/ros2_test_ws/install/more_interfaces/include/more_interfaces/more_interfaces
[4.566s] -- Up-to-date: /home/rohamzn/ros2_test_ws/install/more_interfaces/include/more_interfaces/more_interfaces/msg
[4.566s] -- Up-to-date: /home/rohamzn/ros2_test_ws/install/more_interfaces/include/more_interfaces/more_interfaces/msg/detail
[4.566s] -- Installing: /home/rohamzn/ros2_test_ws/install/more_interfaces/include/more_interfaces/more_interfaces/msg/detail/address_book__rosidl_typesupport_introspection_cpp.hpp
[4.566s] -- Installing: /home/rohamzn/ros2_test_ws/install/more_interfaces/include/more_interfaces/more_interfaces/msg/detail/address_book__type_support.cpp
[4.566s] -- Installing: /home/rohamzn/ros2_test_ws/install/more_interfaces/lib/libmore_interfaces__rosidl_typesupport_introspection_cpp.so
[4.566s] -- Set runtime path of "/home/rohamzn/ros2_test_ws/install/more_interfaces/lib/libmore_interfaces__rosidl_typesupport_introspection_cpp.so" to ""
[4.566s] -- Installing: /home/rohamzn/ros2_test_ws/install/more_interfaces/lib/libmore_interfaces__rosidl_typesupport_cpp.so
[4.566s] -- Set runtime path of "/home/rohamzn/ros2_test_ws/install/more_interfaces/lib/libmore_interfaces__rosidl_typesupport_cpp.so" to ""
[4.566s] -- Installing: /home/rohamzn/ros2_test_ws/install/more_interfaces/share/more_interfaces/environment/pythonpath.sh
[4.566s] -- Installing: /home/rohamzn/ros2_test_ws/install/more_interfaces/share/more_interfaces/environment/pythonpath.dsv
[4.566s] -- Installing: /home/rohamzn/ros2_test_ws/install/more_interfaces/lib/python3.10/site-packages/more_interfaces-0.0.0-py3.10.egg-info
[4.566s] -- Installing: /home/rohamzn/ros2_test_ws/install/more_interfaces/lib/python3.10/site-packages/more_interfaces-0.0.0-py3.10.egg-info/dependency_links.txt
[4.566s] -- Installing: /home/rohamzn/ros2_test_ws/install/more_interfaces/lib/python3.10/site-packages/more_interfaces-0.0.0-py3.10.egg-info/top_level.txt
[4.566s] -- Installing: /home/rohamzn/ros2_test_ws/install/more_interfaces/lib/python3.10/site-packages/more_interfaces-0.0.0-py3.10.egg-info/SOURCES.txt
[4.566s] -- Installing: /home/rohamzn/ros2_test_ws/install/more_interfaces/lib/python3.10/site-packages/more_interfaces-0.0.0-py3.10.egg-info/PKG-INFO
[4.566s] -- Installing: /home/rohamzn/ros2_test_ws/install/more_interfaces/lib/python3.10/site-packages/more_interfaces
[4.566s] -- Installing: /home/rohamzn/ros2_test_ws/install/more_interfaces/lib/python3.10/site-packages/more_interfaces/msg
[4.566s] -- Installing: /home/rohamzn/ros2_test_ws/install/more_interfaces/lib/python3.10/site-packages/more_interfaces/msg/__init__.py
[4.567s] -- Installing: /home/rohamzn/ros2_test_ws/install/more_interfaces/lib/python3.10/site-packages/more_interfaces/msg/_address_book_s.c
[4.567s] -- Installing: /home/rohamzn/ros2_test_ws/install/more_interfaces/lib/python3.10/site-packages/more_interfaces/msg/_address_book.py
[4.567s] -- Installing: /home/rohamzn/ros2_test_ws/install/more_interfaces/lib/python3.10/site-packages/more_interfaces/__init__.py
[4.567s] -- Installing: /home/rohamzn/ros2_test_ws/install/more_interfaces/lib/python3.10/site-packages/more_interfaces/more_interfaces_s__rosidl_typesupport_introspection_c.cpython-310-x86_64-linux-gnu.so
[4.567s] -- Installing: /home/rohamzn/ros2_test_ws/install/more_interfaces/lib/python3.10/site-packages/more_interfaces/more_interfaces_s__rosidl_typesupport_fastrtps_c.cpython-310-x86_64-linux-gnu.so
[4.567s] -- Installing: /home/rohamzn/ros2_test_ws/install/more_interfaces/lib/python3.10/site-packages/more_interfaces/_more_interfaces_s.ep.rosidl_typesupport_fastrtps_c.c
[4.567s] -- Installing: /home/rohamzn/ros2_test_ws/install/more_interfaces/lib/python3.10/site-packages/more_interfaces/_more_interfaces_s.ep.rosidl_typesupport_introspection_c.c
[4.567s] -- Installing: /home/rohamzn/ros2_test_ws/install/more_interfaces/lib/python3.10/site-packages/more_interfaces/_more_interfaces_s.ep.rosidl_typesupport_c.c
[4.567s] -- Installing: /home/rohamzn/ros2_test_ws/install/more_interfaces/lib/python3.10/site-packages/more_interfaces/libmore_interfaces__rosidl_generator_py.so
[4.567s] -- Installing: /home/rohamzn/ros2_test_ws/install/more_interfaces/lib/python3.10/site-packages/more_interfaces/more_interfaces_s__rosidl_typesupport_c.cpython-310-x86_64-linux-gnu.so
[4.586s] Listing '/home/rohamzn/ros2_test_ws/install/more_interfaces/lib/python3.10/site-packages/more_interfaces'...
[4.587s] Compiling '/home/rohamzn/ros2_test_ws/install/more_interfaces/lib/python3.10/site-packages/more_interfaces/__init__.py'...
[4.587s] Listing '/home/rohamzn/ros2_test_ws/install/more_interfaces/lib/python3.10/site-packages/more_interfaces/msg'...
[4.587s] Compiling '/home/rohamzn/ros2_test_ws/install/more_interfaces/lib/python3.10/site-packages/more_interfaces/msg/__init__.py'...
[4.587s] Compiling '/home/rohamzn/ros2_test_ws/install/more_interfaces/lib/python3.10/site-packages/more_interfaces/msg/_address_book.py'...
[4.589s] -- Installing: /home/rohamzn/ros2_test_ws/install/more_interfaces/lib/python3.10/site-packages/more_interfaces/more_interfaces_s__rosidl_typesupport_fastrtps_c.cpython-310-x86_64-linux-gnu.so
[4.589s] -- Set runtime path of "/home/rohamzn/ros2_test_ws/install/more_interfaces/lib/python3.10/site-packages/more_interfaces/more_interfaces_s__rosidl_typesupport_fastrtps_c.cpython-310-x86_64-linux-gnu.so" to ""
[4.589s] -- Installing: /home/rohamzn/ros2_test_ws/install/more_interfaces/lib/python3.10/site-packages/more_interfaces/more_interfaces_s__rosidl_typesupport_introspection_c.cpython-310-x86_64-linux-gnu.so
[4.589s] -- Set runtime path of "/home/rohamzn/ros2_test_ws/install/more_interfaces/lib/python3.10/site-packages/more_interfaces/more_interfaces_s__rosidl_typesupport_introspection_c.cpython-310-x86_64-linux-gnu.so" to ""
[4.589s] -- Installing: /home/rohamzn/ros2_test_ws/install/more_interfaces/lib/python3.10/site-packages/more_interfaces/more_interfaces_s__rosidl_typesupport_c.cpython-310-x86_64-linux-gnu.so
[4.589s] -- Set runtime path of "/home/rohamzn/ros2_test_ws/install/more_interfaces/lib/python3.10/site-packages/more_interfaces/more_interfaces_s__rosidl_typesupport_c.cpython-310-x86_64-linux-gnu.so" to ""
[4.589s] -- Installing: /home/rohamzn/ros2_test_ws/install/more_interfaces/lib/libmore_interfaces__rosidl_generator_py.so
[4.589s] -- Set runtime path of "/home/rohamzn/ros2_test_ws/install/more_interfaces/lib/libmore_interfaces__rosidl_generator_py.so" to ""
[4.589s] -- Installing: /home/rohamzn/ros2_test_ws/install/more_interfaces/share/more_interfaces/msg/AddressBook.idl
[4.590s] -- Installing: /home/rohamzn/ros2_test_ws/install/more_interfaces/share/more_interfaces/msg/AddressBook.msg
[4.590s] -- Installing: /home/rohamzn/ros2_test_ws/install/more_interfaces/lib/more_interfaces/publish_address_book
[4.590s] -- Set runtime path of "/home/rohamzn/ros2_test_ws/install/more_interfaces/lib/more_interfaces/publish_address_book" to ""
[4.590s] -- Installing: /home/rohamzn/ros2_test_ws/install/more_interfaces/share/ament_index/resource_index/package_run_dependencies/more_interfaces
[4.590s] -- Installing: /home/rohamzn/ros2_test_ws/install/more_interfaces/share/ament_index/resource_index/parent_prefix_path/more_interfaces
[4.590s] -- Installing: /home/rohamzn/ros2_test_ws/install/more_interfaces/share/more_interfaces/environment/ament_prefix_path.sh
[4.590s] -- Installing: /home/rohamzn/ros2_test_ws/install/more_interfaces/share/more_interfaces/environment/ament_prefix_path.dsv
[4.591s] -- Installing: /home/rohamzn/ros2_test_ws/install/more_interfaces/share/more_interfaces/environment/path.sh
[4.591s] -- Installing: /home/rohamzn/ros2_test_ws/install/more_interfaces/share/more_interfaces/environment/path.dsv
[4.591s] -- Installing: /home/rohamzn/ros2_test_ws/install/more_interfaces/share/more_interfaces/local_setup.bash
[4.591s] -- Installing: /home/rohamzn/ros2_test_ws/install/more_interfaces/share/more_interfaces/local_setup.sh
[4.591s] -- Installing: /home/rohamzn/ros2_test_ws/install/more_interfaces/share/more_interfaces/local_setup.zsh
[4.591s] -- Installing: /home/rohamzn/ros2_test_ws/install/more_interfaces/share/more_interfaces/local_setup.dsv
[4.591s] -- Installing: /home/rohamzn/ros2_test_ws/install/more_interfaces/share/more_interfaces/package.dsv
[4.591s] -- Installing: /home/rohamzn/ros2_test_ws/install/more_interfaces/share/ament_index/resource_index/packages/more_interfaces
[4.591s] -- Installing: /home/rohamzn/ros2_test_ws/install/more_interfaces/share/more_interfaces/cmake/export_more_interfaces__rosidl_generator_cExport.cmake
[4.591s] -- Installing: /home/rohamzn/ros2_test_ws/install/more_interfaces/share/more_interfaces/cmake/export_more_interfaces__rosidl_generator_cExport-noconfig.cmake
[4.591s] -- Installing: /home/rohamzn/ros2_test_ws/install/more_interfaces/share/more_interfaces/cmake/export_more_interfaces__rosidl_typesupport_fastrtps_cExport.cmake
[4.591s] -- Installing: /home/rohamzn/ros2_test_ws/install/more_interfaces/share/more_interfaces/cmake/export_more_interfaces__rosidl_typesupport_fastrtps_cExport-noconfig.cmake
[4.591s] -- Installing: /home/rohamzn/ros2_test_ws/install/more_interfaces/share/more_interfaces/cmake/more_interfaces__rosidl_typesupport_introspection_cExport.cmake
[4.591s] -- Installing: /home/rohamzn/ros2_test_ws/install/more_interfaces/share/more_interfaces/cmake/more_interfaces__rosidl_typesupport_introspection_cExport-noconfig.cmake
[4.591s] -- Installing: /home/rohamzn/ros2_test_ws/install/more_interfaces/share/more_interfaces/cmake/more_interfaces__rosidl_typesupport_cExport.cmake
[4.591s] -- Installing: /home/rohamzn/ros2_test_ws/install/more_interfaces/share/more_interfaces/cmake/more_interfaces__rosidl_typesupport_cExport-noconfig.cmake
[4.591s] -- Installing: /home/rohamzn/ros2_test_ws/install/more_interfaces/share/more_interfaces/cmake/export_more_interfaces__rosidl_generator_cppExport.cmake
[4.591s] -- Installing: /home/rohamzn/ros2_test_ws/install/more_interfaces/share/more_interfaces/cmake/export_more_interfaces__rosidl_typesupport_fastrtps_cppExport.cmake
[4.591s] -- Installing: /home/rohamzn/ros2_test_ws/install/more_interfaces/share/more_interfaces/cmake/export_more_interfaces__rosidl_typesupport_fastrtps_cppExport-noconfig.cmake
[4.591s] -- Installing: /home/rohamzn/ros2_test_ws/install/more_interfaces/share/more_interfaces/cmake/more_interfaces__rosidl_typesupport_introspection_cppExport.cmake
[4.591s] -- Installing: /home/rohamzn/ros2_test_ws/install/more_interfaces/share/more_interfaces/cmake/more_interfaces__rosidl_typesupport_introspection_cppExport-noconfig.cmake
[4.591s] -- Installing: /home/rohamzn/ros2_test_ws/install/more_interfaces/share/more_interfaces/cmake/more_interfaces__rosidl_typesupport_cppExport.cmake
[4.591s] -- Installing: /home/rohamzn/ros2_test_ws/install/more_interfaces/share/more_interfaces/cmake/more_interfaces__rosidl_typesupport_cppExport-noconfig.cmake
[4.591s] -- Installing: /home/rohamzn/ros2_test_ws/install/more_interfaces/share/more_interfaces/cmake/export_more_interfaces__rosidl_generator_pyExport.cmake
[4.591s] -- Installing: /home/rohamzn/ros2_test_ws/install/more_interfaces/share/more_interfaces/cmake/export_more_interfaces__rosidl_generator_pyExport-noconfig.cmake
[4.591s] -- Installing: /home/rohamzn/ros2_test_ws/install/more_interfaces/share/more_interfaces/cmake/rosidl_cmake-extras.cmake
[4.591s] -- Installing: /home/rohamzn/ros2_test_ws/install/more_interfaces/share/more_interfaces/cmake/ament_cmake_export_include_directories-extras.cmake
[4.591s] -- Installing: /home/rohamzn/ros2_test_ws/install/more_interfaces/share/more_interfaces/cmake/ament_cmake_export_libraries-extras.cmake
[4.591s] -- Installing: /home/rohamzn/ros2_test_ws/install/more_interfaces/share/more_interfaces/cmake/ament_cmake_export_targets-extras.cmake
[4.591s] -- Installing: /home/rohamzn/ros2_test_ws/install/more_interfaces/share/more_interfaces/cmake/rosidl_cmake_export_typesupport_targets-extras.cmake
[4.591s] -- Installing: /home/rohamzn/ros2_test_ws/install/more_interfaces/share/more_interfaces/cmake/ament_cmake_export_dependencies-extras.cmake
[4.592s] -- Installing: /home/rohamzn/ros2_test_ws/install/more_interfaces/share/more_interfaces/cmake/rosidl_cmake_export_typesupport_libraries-extras.cmake
[4.592s] -- Installing: /home/rohamzn/ros2_test_ws/install/more_interfaces/share/more_interfaces/cmake/more_interfacesConfig.cmake
[4.592s] -- Installing: /home/rohamzn/ros2_test_ws/install/more_interfaces/share/more_interfaces/cmake/more_interfacesConfig-version.cmake
[4.592s] -- Installing: /home/rohamzn/ros2_test_ws/install/more_interfaces/share/more_interfaces/package.xml
[4.596s] Invoked command in '/home/rohamzn/ros2_test_ws/build/more_interfaces' returned '0': CMAKE_PREFIX_PATH=${CMAKE_PREFIX_PATH}:/opt/ros/humble CONDA_PROMPT_MODIFIER=(base) /home/rohamzn/.local/bin/cmake --install /home/rohamzn/ros2_test_ws/build/more_interfaces
