[0.004s] Invoking command in '/home/rohamzn/ros2_test_ws/build/polygon_plugins': AMENT_PREFIX_PATH=/home/rohamzn/ros2_test_ws/install/polygon_base:${AMENT_PREFIX_PATH} CMAKE_PREFIX_PATH=/home/rohamzn/ros2_test_ws/install/polygon_base:/opt/ros/humble CONDA_PROMPT_MODIFIER=(base) /home/rohamzn/.local/bin/cmake /home/rohamzn/ros2_test_ws/src/polygon_plugins -DCMAKE_INSTALL_PREFIX=/home/rohamzn/ros2_test_ws/install/polygon_plugins
[0.044s] -- The C compiler identification is GNU 13.1.0
[0.078s] -- The CXX compiler identification is GNU 11.4.0
[0.089s] -- Detecting C compiler ABI info
[0.122s] -- Detecting C compiler ABI info - done
[0.129s] -- Check for working C compiler: /home/rohamzn/anaconda3/bin/cc - skipped
[0.129s] -- Detecting C compile features
[0.129s] -- Detecting C compile features - done
[0.134s] -- Detecting CXX compiler ABI info
[0.176s] -- Detecting CXX compiler ABI info - done
[0.182s] -- Check for working CXX compiler: /usr/bin/c++ - skipped
[0.182s] -- Detecting CXX compile features
[0.182s] -- Detecting CXX compile features - done
[0.184s] -- Found ament_cmake: 1.3.5 (/opt/ros/humble/share/ament_cmake/cmake)
[0.547s] -- Found Python3: /home/rohamzn/anaconda3/bin/python3.10 (found version "3.10.6") found components: Interpreter 
[0.602s] -- Found ament_cmake_ros: 0.10.0 (/opt/ros/humble/share/ament_cmake_ros/cmake)
[0.611s] -- Found polygon_base: 0.0.0 (/home/rohamzn/ros2_test_ws/install/polygon_base/share/polygon_base/cmake)
[0.614s] -- Found pluginlib: 5.1.0 (/opt/ros/humble/share/pluginlib/cmake)
[0.642s] -- Found ament_lint_auto: 0.12.7 (/opt/ros/humble/share/ament_lint_auto/cmake)
[0.691s] -- Added test 'cppcheck' to perform static code analysis on C / C++ code
[0.691s] -- Configured cppcheck include dirs: $<BUILD_INTERFACE:/home/rohamzn/ros2_test_ws/src/polygon_plugins/include>
[0.691s] -- Configured cppcheck exclude dirs and/or files: 
[0.692s] -- Added test 'lint_cmake' to check CMake code style
[0.692s] -- Added test 'uncrustify' to check C / C++ code style
[0.692s] -- Configured uncrustify additional arguments: 
[0.692s] -- Added test 'xmllint' to check XML markup files
[0.694s] -- Configuring done (0.7s)
[0.697s] -- Generating done (0.0s)
[0.697s] -- Build files have been written to: /home/rohamzn/ros2_test_ws/build/polygon_plugins
[0.703s] Invoked command in '/home/rohamzn/ros2_test_ws/build/polygon_plugins' returned '0': AMENT_PREFIX_PATH=/home/rohamzn/ros2_test_ws/install/polygon_base:${AMENT_PREFIX_PATH} CMAKE_PREFIX_PATH=/home/rohamzn/ros2_test_ws/install/polygon_base:/opt/ros/humble CONDA_PROMPT_MODIFIER=(base) /home/rohamzn/.local/bin/cmake /home/rohamzn/ros2_test_ws/src/polygon_plugins -DCMAKE_INSTALL_PREFIX=/home/rohamzn/ros2_test_ws/install/polygon_plugins
[0.704s] Invoking command in '/home/rohamzn/ros2_test_ws/build/polygon_plugins': AMENT_PREFIX_PATH=/home/rohamzn/ros2_test_ws/install/polygon_base:${AMENT_PREFIX_PATH} CMAKE_PREFIX_PATH=/home/rohamzn/ros2_test_ws/install/polygon_base:/opt/ros/humble CONDA_PROMPT_MODIFIER=(base) /home/rohamzn/.local/bin/cmake --build /home/rohamzn/ros2_test_ws/build/polygon_plugins -- -j20 -l20
[0.728s] [ 50%] [32mBuilding CXX object CMakeFiles/polygon_plugins.dir/src/polygon_plugins.cpp.o[0m
[0.738s] [100%] [32m[1mLinking CXX shared library libpolygon_plugins.so[0m
[0.764s] [100%] Built target polygon_plugins
[0.770s] Invoked command in '/home/rohamzn/ros2_test_ws/build/polygon_plugins' returned '0': AMENT_PREFIX_PATH=/home/rohamzn/ros2_test_ws/install/polygon_base:${AMENT_PREFIX_PATH} CMAKE_PREFIX_PATH=/home/rohamzn/ros2_test_ws/install/polygon_base:/opt/ros/humble CONDA_PROMPT_MODIFIER=(base) /home/rohamzn/.local/bin/cmake --build /home/rohamzn/ros2_test_ws/build/polygon_plugins -- -j20 -l20
[0.794s] Invoking command in '/home/rohamzn/ros2_test_ws/build/polygon_plugins': AMENT_PREFIX_PATH=/home/rohamzn/ros2_test_ws/install/polygon_base:${AMENT_PREFIX_PATH} CMAKE_PREFIX_PATH=/home/rohamzn/ros2_test_ws/install/polygon_base:/opt/ros/humble CONDA_PROMPT_MODIFIER=(base) /home/rohamzn/.local/bin/cmake --install /home/rohamzn/ros2_test_ws/build/polygon_plugins
[0.809s] -- Install configuration: ""
[0.809s] -- Installing: /home/rohamzn/ros2_test_ws/install/polygon_plugins/share/polygon_plugins/plugins.xml
[0.809s] -- Installing: /home/rohamzn/ros2_test_ws/install/polygon_plugins/include
[0.809s] -- Installing: /home/rohamzn/ros2_test_ws/install/polygon_plugins/include/polygon_plugins
[0.809s] -- Installing: /home/rohamzn/ros2_test_ws/install/polygon_plugins/include/polygon_plugins/polygon_plugins.hpp
[0.809s] -- Installing: /home/rohamzn/ros2_test_ws/install/polygon_plugins/include/polygon_plugins/visibility_control.h
[0.809s] -- Installing: /home/rohamzn/ros2_test_ws/install/polygon_plugins/lib/libpolygon_plugins.so
[0.809s] -- Set runtime path of "/home/rohamzn/ros2_test_ws/install/polygon_plugins/lib/libpolygon_plugins.so" to ""
[0.809s] -- Installing: /home/rohamzn/ros2_test_ws/install/polygon_plugins/share/polygon_plugins/environment/library_path.sh
[0.810s] -- Installing: /home/rohamzn/ros2_test_ws/install/polygon_plugins/share/polygon_plugins/environment/library_path.dsv
[0.810s] -- Installing: /home/rohamzn/ros2_test_ws/install/polygon_plugins/share/ament_index/resource_index/package_run_dependencies/polygon_plugins
[0.810s] -- Installing: /home/rohamzn/ros2_test_ws/install/polygon_plugins/share/ament_index/resource_index/parent_prefix_path/polygon_plugins
[0.810s] -- Installing: /home/rohamzn/ros2_test_ws/install/polygon_plugins/share/polygon_plugins/environment/ament_prefix_path.sh
[0.810s] -- Installing: /home/rohamzn/ros2_test_ws/install/polygon_plugins/share/polygon_plugins/environment/ament_prefix_path.dsv
[0.810s] -- Installing: /home/rohamzn/ros2_test_ws/install/polygon_plugins/share/polygon_plugins/environment/path.sh
[0.810s] -- Installing: /home/rohamzn/ros2_test_ws/install/polygon_plugins/share/polygon_plugins/environment/path.dsv
[0.810s] -- Installing: /home/rohamzn/ros2_test_ws/install/polygon_plugins/share/polygon_plugins/local_setup.bash
[0.810s] -- Installing: /home/rohamzn/ros2_test_ws/install/polygon_plugins/share/polygon_plugins/local_setup.sh
[0.810s] -- Installing: /home/rohamzn/ros2_test_ws/install/polygon_plugins/share/polygon_plugins/local_setup.zsh
[0.810s] -- Installing: /home/rohamzn/ros2_test_ws/install/polygon_plugins/share/polygon_plugins/local_setup.dsv
[0.810s] -- Installing: /home/rohamzn/ros2_test_ws/install/polygon_plugins/share/polygon_plugins/package.dsv
[0.810s] -- Installing: /home/rohamzn/ros2_test_ws/install/polygon_plugins/share/ament_index/resource_index/packages/polygon_plugins
[0.810s] -- Installing: /home/rohamzn/ros2_test_ws/install/polygon_plugins/share/ament_index/resource_index/polygon_base__pluginlib__plugin/polygon_plugins
[0.810s] -- Installing: /home/rohamzn/ros2_test_ws/install/polygon_plugins/share/polygon_plugins/cmake/export_polygon_pluginsExport.cmake
[0.810s] -- Installing: /home/rohamzn/ros2_test_ws/install/polygon_plugins/share/polygon_plugins/cmake/export_polygon_pluginsExport-noconfig.cmake
[0.810s] -- Installing: /home/rohamzn/ros2_test_ws/install/polygon_plugins/share/polygon_plugins/cmake/ament_cmake_export_include_directories-extras.cmake
[0.811s] -- Installing: /home/rohamzn/ros2_test_ws/install/polygon_plugins/share/polygon_plugins/cmake/ament_cmake_export_libraries-extras.cmake
[0.811s] -- Installing: /home/rohamzn/ros2_test_ws/install/polygon_plugins/share/polygon_plugins/cmake/ament_cmake_export_targets-extras.cmake
[0.811s] -- Installing: /home/rohamzn/ros2_test_ws/install/polygon_plugins/share/polygon_plugins/cmake/polygon_pluginsConfig.cmake
[0.811s] -- Installing: /home/rohamzn/ros2_test_ws/install/polygon_plugins/share/polygon_plugins/cmake/polygon_pluginsConfig-version.cmake
[0.811s] -- Installing: /home/rohamzn/ros2_test_ws/install/polygon_plugins/share/polygon_plugins/package.xml
[0.814s] Invoked command in '/home/rohamzn/ros2_test_ws/build/polygon_plugins' returned '0': AMENT_PREFIX_PATH=/home/rohamzn/ros2_test_ws/install/polygon_base:${AMENT_PREFIX_PATH} CMAKE_PREFIX_PATH=/home/rohamzn/ros2_test_ws/install/polygon_base:/opt/ros/humble CONDA_PROMPT_MODIFIER=(base) /home/rohamzn/.local/bin/cmake --install /home/rohamzn/ros2_test_ws/build/polygon_plugins
