[0.040s] Invoking command in '/home/rohamzn/ros2_test_ws/build/cpp_pubsub': CMAKE_PREFIX_PATH=${CMAKE_PREFIX_PATH}:/home/rohamzn/ros2_test_ws/install/py_launch_example:/opt/ros/humble CONDA_PROMPT_MODIFIER=(base) /home/rohamzn/.local/bin/cmake --build /home/rohamzn/ros2_test_ws/build/cpp_pubsub -- -j20 -l20
[0.381s] [ 50%] Built target talker
[0.381s] [100%] Built target listener
[0.385s] Invoked command in '/home/rohamzn/ros2_test_ws/build/cpp_pubsub' returned '0': CMAKE_PREFIX_PATH=${CMAKE_PREFIX_PATH}:/home/rohamzn/ros2_test_ws/install/py_launch_example:/opt/ros/humble CONDA_PROMPT_MODIFIER=(base) /home/rohamzn/.local/bin/cmake --build /home/rohamzn/ros2_test_ws/build/cpp_pubsub -- -j20 -l20
[0.450s] Invoking command in '/home/rohamzn/ros2_test_ws/build/cpp_pubsub': CMAKE_PREFIX_PATH=${CMAKE_PREFIX_PATH}:/home/rohamzn/ros2_test_ws/install/py_launch_example:/opt/ros/humble CONDA_PROMPT_MODIFIER=(base) /home/rohamzn/.local/bin/cmake --install /home/rohamzn/ros2_test_ws/build/cpp_pubsub
[0.482s] -- Install configuration: ""
[0.483s] -- Up-to-date: /home/rohamzn/ros2_test_ws/install/cpp_pubsub/lib/cpp_pubsub/talker
[0.483s] -- Up-to-date: /home/rohamzn/ros2_test_ws/install/cpp_pubsub/lib/cpp_pubsub/listener
[0.483s] -- Up-to-date: /home/rohamzn/ros2_test_ws/install/cpp_pubsub/share/ament_index/resource_index/package_run_dependencies/cpp_pubsub
[0.483s] -- Up-to-date: /home/rohamzn/ros2_test_ws/install/cpp_pubsub/share/ament_index/resource_index/parent_prefix_path/cpp_pubsub
[0.483s] -- Up-to-date: /home/rohamzn/ros2_test_ws/install/cpp_pubsub/share/cpp_pubsub/environment/ament_prefix_path.sh
[0.483s] -- Up-to-date: /home/rohamzn/ros2_test_ws/install/cpp_pubsub/share/cpp_pubsub/environment/ament_prefix_path.dsv
[0.483s] -- Up-to-date: /home/rohamzn/ros2_test_ws/install/cpp_pubsub/share/cpp_pubsub/environment/path.sh
[0.483s] -- Up-to-date: /home/rohamzn/ros2_test_ws/install/cpp_pubsub/share/cpp_pubsub/environment/path.dsv
[0.483s] -- Up-to-date: /home/rohamzn/ros2_test_ws/install/cpp_pubsub/share/cpp_pubsub/local_setup.bash
[0.483s] -- Up-to-date: /home/rohamzn/ros2_test_ws/install/cpp_pubsub/share/cpp_pubsub/local_setup.sh
[0.483s] -- Up-to-date: /home/rohamzn/ros2_test_ws/install/cpp_pubsub/share/cpp_pubsub/local_setup.zsh
[0.484s] -- Up-to-date: /home/rohamzn/ros2_test_ws/install/cpp_pubsub/share/cpp_pubsub/local_setup.dsv
[0.484s] -- Installing: /home/rohamzn/ros2_test_ws/install/cpp_pubsub/share/cpp_pubsub/package.dsv
[0.484s] -- Up-to-date: /home/rohamzn/ros2_test_ws/install/cpp_pubsub/share/ament_index/resource_index/packages/cpp_pubsub
[0.484s] -- Up-to-date: /home/rohamzn/ros2_test_ws/install/cpp_pubsub/share/cpp_pubsub/cmake/cpp_pubsubConfig.cmake
[0.484s] -- Up-to-date: /home/rohamzn/ros2_test_ws/install/cpp_pubsub/share/cpp_pubsub/cmake/cpp_pubsubConfig-version.cmake
[0.484s] -- Up-to-date: /home/rohamzn/ros2_test_ws/install/cpp_pubsub/share/cpp_pubsub/package.xml
[0.534s] Invoked command in '/home/rohamzn/ros2_test_ws/build/cpp_pubsub' returned '0': CMAKE_PREFIX_PATH=${CMAKE_PREFIX_PATH}:/home/rohamzn/ros2_test_ws/install/py_launch_example:/opt/ros/humble CONDA_PROMPT_MODIFIER=(base) /home/rohamzn/.local/bin/cmake --install /home/rohamzn/ros2_test_ws/build/cpp_pubsub
