[0.209s] Invoking command in '/home/rohamzn/ros2_test_ws/build/tutorial_interfaces': CMAKE_PREFIX_PATH=${CMAKE_PREFIX_PATH}:/home/rohamzn/ros2_test_ws/install/py_launch_example:/opt/ros/humble CONDA_PROMPT_MODIFIER=(base) /home/rohamzn/.local/bin/cmake --build /home/rohamzn/ros2_test_ws/build/tutorial_interfaces -- -j20 -l20
[0.241s] [  6%] Built target tutorial_interfaces__cpp
[0.241s] [ 12%] Built target tutorial_interfaces__rosidl_generator_c
[0.244s] [ 12%] Built target ament_cmake_python_copy_tutorial_interfaces
[0.258s] [ 23%] Built target tutorial_interfaces__rosidl_typesupport_introspection_c
[0.259s] [ 34%] Built target tutorial_interfaces__rosidl_typesupport_cpp
[0.259s] [ 44%] Built target tutorial_interfaces__rosidl_typesupport_fastrtps_c
[0.260s] [ 55%] Built target tutorial_interfaces__rosidl_typesupport_fastrtps_cpp
[0.263s] [ 65%] Built target tutorial_interfaces__rosidl_typesupport_c
[0.265s] [ 76%] Built target tutorial_interfaces__rosidl_typesupport_introspection_cpp
[0.273s] [ 76%] Built target tutorial_interfaces
[0.280s] [ 78%] Built target tutorial_interfaces__py
[0.289s] [ 87%] Built target tutorial_interfaces__rosidl_generator_py
[0.297s] [ 91%] Built target tutorial_interfaces__rosidl_typesupport_fastrtps_c__pyext
[0.299s] [ 95%] Built target tutorial_interfaces__rosidl_typesupport_introspection_c__pyext
[0.299s] [100%] Built target tutorial_interfaces__rosidl_typesupport_c__pyext
[0.391s] running egg_info
[0.407s] writing tutorial_interfaces.egg-info/PKG-INFO
[0.407s] writing dependency_links to tutorial_interfaces.egg-info/dependency_links.txt
[0.408s] writing top-level names to tutorial_interfaces.egg-info/top_level.txt
[0.432s] reading manifest file 'tutorial_interfaces.egg-info/SOURCES.txt'
[0.432s] writing manifest file 'tutorial_interfaces.egg-info/SOURCES.txt'
[0.445s] [100%] Built target ament_cmake_python_build_tutorial_interfaces_egg
[0.473s] Invoked command in '/home/rohamzn/ros2_test_ws/build/tutorial_interfaces' returned '0': CMAKE_PREFIX_PATH=${CMAKE_PREFIX_PATH}:/home/rohamzn/ros2_test_ws/install/py_launch_example:/opt/ros/humble CONDA_PROMPT_MODIFIER=(base) /home/rohamzn/.local/bin/cmake --build /home/rohamzn/ros2_test_ws/build/tutorial_interfaces -- -j20 -l20
[0.543s] Invoking command in '/home/rohamzn/ros2_test_ws/build/tutorial_interfaces': CMAKE_PREFIX_PATH=${CMAKE_PREFIX_PATH}:/home/rohamzn/ros2_test_ws/install/py_launch_example:/opt/ros/humble CONDA_PROMPT_MODIFIER=(base) /home/rohamzn/.local/bin/cmake --install /home/rohamzn/ros2_test_ws/build/tutorial_interfaces
[0.560s] -- Install configuration: ""
[0.561s] -- Up-to-date: /home/rohamzn/ros2_test_ws/install/tutorial_interfaces/share/ament_index/resource_index/rosidl_interfaces/tutorial_interfaces
[0.561s] -- Up-to-date: /home/rohamzn/ros2_test_ws/install/tutorial_interfaces/include/tutorial_interfaces/tutorial_interfaces
[0.561s] -- Up-to-date: /home/rohamzn/ros2_test_ws/install/tutorial_interfaces/include/tutorial_interfaces/tutorial_interfaces/msg
[0.561s] -- Up-to-date: /home/rohamzn/ros2_test_ws/install/tutorial_interfaces/include/tutorial_interfaces/tutorial_interfaces/msg/detail
[0.561s] -- Up-to-date: /home/rohamzn/ros2_test_ws/install/tutorial_interfaces/include/tutorial_interfaces/tutorial_interfaces/msg/detail/sphere__functions.c
[0.561s] -- Up-to-date: /home/rohamzn/ros2_test_ws/install/tutorial_interfaces/include/tutorial_interfaces/tutorial_interfaces/msg/detail/sphere__functions.h
[0.561s] -- Up-to-date: /home/rohamzn/ros2_test_ws/install/tutorial_interfaces/include/tutorial_interfaces/tutorial_interfaces/msg/detail/num__functions.h
[0.562s] -- Up-to-date: /home/rohamzn/ros2_test_ws/install/tutorial_interfaces/include/tutorial_interfaces/tutorial_interfaces/msg/detail/num__struct.h
[0.562s] -- Up-to-date: /home/rohamzn/ros2_test_ws/install/tutorial_interfaces/include/tutorial_interfaces/tutorial_interfaces/msg/detail/num__type_support.h
[0.562s] -- Up-to-date: /home/rohamzn/ros2_test_ws/install/tutorial_interfaces/include/tutorial_interfaces/tutorial_interfaces/msg/detail/num__functions.c
[0.562s] -- Up-to-date: /home/rohamzn/ros2_test_ws/install/tutorial_interfaces/include/tutorial_interfaces/tutorial_interfaces/msg/detail/sphere__type_support.h
[0.562s] -- Up-to-date: /home/rohamzn/ros2_test_ws/install/tutorial_interfaces/include/tutorial_interfaces/tutorial_interfaces/msg/detail/sphere__struct.h
[0.562s] -- Up-to-date: /home/rohamzn/ros2_test_ws/install/tutorial_interfaces/include/tutorial_interfaces/tutorial_interfaces/msg/rosidl_generator_c__visibility_control.h
[0.562s] -- Up-to-date: /home/rohamzn/ros2_test_ws/install/tutorial_interfaces/include/tutorial_interfaces/tutorial_interfaces/msg/num.h
[0.562s] -- Up-to-date: /home/rohamzn/ros2_test_ws/install/tutorial_interfaces/include/tutorial_interfaces/tutorial_interfaces/msg/sphere.h
[0.562s] -- Up-to-date: /home/rohamzn/ros2_test_ws/install/tutorial_interfaces/include/tutorial_interfaces/tutorial_interfaces/srv
[0.562s] -- Up-to-date: /home/rohamzn/ros2_test_ws/install/tutorial_interfaces/include/tutorial_interfaces/tutorial_interfaces/srv/detail
[0.562s] -- Up-to-date: /home/rohamzn/ros2_test_ws/install/tutorial_interfaces/include/tutorial_interfaces/tutorial_interfaces/srv/detail/add_three_ints__struct.h
[0.562s] -- Up-to-date: /home/rohamzn/ros2_test_ws/install/tutorial_interfaces/include/tutorial_interfaces/tutorial_interfaces/srv/detail/add_three_ints__type_support.h
[0.563s] -- Up-to-date: /home/rohamzn/ros2_test_ws/install/tutorial_interfaces/include/tutorial_interfaces/tutorial_interfaces/srv/detail/add_three_ints__functions.h
[0.563s] -- Up-to-date: /home/rohamzn/ros2_test_ws/install/tutorial_interfaces/include/tutorial_interfaces/tutorial_interfaces/srv/detail/add_three_ints__functions.c
[0.563s] -- Up-to-date: /home/rohamzn/ros2_test_ws/install/tutorial_interfaces/include/tutorial_interfaces/tutorial_interfaces/srv/add_three_ints.h
[0.563s] -- Up-to-date: /home/rohamzn/ros2_test_ws/install/tutorial_interfaces/share/tutorial_interfaces/environment/library_path.sh
[0.563s] -- Up-to-date: /home/rohamzn/ros2_test_ws/install/tutorial_interfaces/share/tutorial_interfaces/environment/library_path.dsv
[0.563s] -- Installing: /home/rohamzn/ros2_test_ws/install/tutorial_interfaces/lib/libtutorial_interfaces__rosidl_generator_c.so
[0.563s] -- Set runtime path of "/home/rohamzn/ros2_test_ws/install/tutorial_interfaces/lib/libtutorial_interfaces__rosidl_generator_c.so" to ""
[0.563s] -- Up-to-date: /home/rohamzn/ros2_test_ws/install/tutorial_interfaces/include/tutorial_interfaces/tutorial_interfaces
[0.563s] -- Up-to-date: /home/rohamzn/ros2_test_ws/install/tutorial_interfaces/include/tutorial_interfaces/tutorial_interfaces/msg
[0.563s] -- Up-to-date: /home/rohamzn/ros2_test_ws/install/tutorial_interfaces/include/tutorial_interfaces/tutorial_interfaces/msg/detail
[0.563s] -- Up-to-date: /home/rohamzn/ros2_test_ws/install/tutorial_interfaces/include/tutorial_interfaces/tutorial_interfaces/msg/detail/sphere__rosidl_typesupport_fastrtps_c.h
[0.563s] -- Up-to-date: /home/rohamzn/ros2_test_ws/install/tutorial_interfaces/include/tutorial_interfaces/tutorial_interfaces/msg/detail/num__rosidl_typesupport_fastrtps_c.h
[0.564s] -- Up-to-date: /home/rohamzn/ros2_test_ws/install/tutorial_interfaces/include/tutorial_interfaces/tutorial_interfaces/msg/rosidl_typesupport_fastrtps_c__visibility_control.h
[0.564s] -- Up-to-date: /home/rohamzn/ros2_test_ws/install/tutorial_interfaces/include/tutorial_interfaces/tutorial_interfaces/srv
[0.564s] -- Up-to-date: /home/rohamzn/ros2_test_ws/install/tutorial_interfaces/include/tutorial_interfaces/tutorial_interfaces/srv/detail
[0.564s] -- Up-to-date: /home/rohamzn/ros2_test_ws/install/tutorial_interfaces/include/tutorial_interfaces/tutorial_interfaces/srv/detail/add_three_ints__rosidl_typesupport_fastrtps_c.h
[0.564s] -- Up-to-date: /home/rohamzn/ros2_test_ws/install/tutorial_interfaces/lib/libtutorial_interfaces__rosidl_typesupport_fastrtps_c.so
[0.564s] -- Up-to-date: /home/rohamzn/ros2_test_ws/install/tutorial_interfaces/include/tutorial_interfaces/tutorial_interfaces
[0.564s] -- Up-to-date: /home/rohamzn/ros2_test_ws/install/tutorial_interfaces/include/tutorial_interfaces/tutorial_interfaces/msg
[0.564s] -- Up-to-date: /home/rohamzn/ros2_test_ws/install/tutorial_interfaces/include/tutorial_interfaces/tutorial_interfaces/msg/detail
[0.564s] -- Up-to-date: /home/rohamzn/ros2_test_ws/install/tutorial_interfaces/include/tutorial_interfaces/tutorial_interfaces/msg/detail/sphere__builder.hpp
[0.564s] -- Up-to-date: /home/rohamzn/ros2_test_ws/install/tutorial_interfaces/include/tutorial_interfaces/tutorial_interfaces/msg/detail/sphere__traits.hpp
[0.564s] -- Up-to-date: /home/rohamzn/ros2_test_ws/install/tutorial_interfaces/include/tutorial_interfaces/tutorial_interfaces/msg/detail/num__builder.hpp
[0.564s] -- Up-to-date: /home/rohamzn/ros2_test_ws/install/tutorial_interfaces/include/tutorial_interfaces/tutorial_interfaces/msg/detail/num__struct.hpp
[0.565s] -- Up-to-date: /home/rohamzn/ros2_test_ws/install/tutorial_interfaces/include/tutorial_interfaces/tutorial_interfaces/msg/detail/sphere__struct.hpp
[0.565s] -- Up-to-date: /home/rohamzn/ros2_test_ws/install/tutorial_interfaces/include/tutorial_interfaces/tutorial_interfaces/msg/detail/num__traits.hpp
[0.565s] -- Up-to-date: /home/rohamzn/ros2_test_ws/install/tutorial_interfaces/include/tutorial_interfaces/tutorial_interfaces/msg/sphere.hpp
[0.565s] -- Up-to-date: /home/rohamzn/ros2_test_ws/install/tutorial_interfaces/include/tutorial_interfaces/tutorial_interfaces/msg/num.hpp
[0.565s] -- Up-to-date: /home/rohamzn/ros2_test_ws/install/tutorial_interfaces/include/tutorial_interfaces/tutorial_interfaces/srv
[0.565s] -- Up-to-date: /home/rohamzn/ros2_test_ws/install/tutorial_interfaces/include/tutorial_interfaces/tutorial_interfaces/srv/add_three_ints.hpp
[0.565s] -- Up-to-date: /home/rohamzn/ros2_test_ws/install/tutorial_interfaces/include/tutorial_interfaces/tutorial_interfaces/srv/detail
[0.565s] -- Up-to-date: /home/rohamzn/ros2_test_ws/install/tutorial_interfaces/include/tutorial_interfaces/tutorial_interfaces/srv/detail/add_three_ints__struct.hpp
[0.565s] -- Up-to-date: /home/rohamzn/ros2_test_ws/install/tutorial_interfaces/include/tutorial_interfaces/tutorial_interfaces/srv/detail/add_three_ints__traits.hpp
[0.565s] -- Up-to-date: /home/rohamzn/ros2_test_ws/install/tutorial_interfaces/include/tutorial_interfaces/tutorial_interfaces/srv/detail/add_three_ints__builder.hpp
[0.565s] -- Up-to-date: /home/rohamzn/ros2_test_ws/install/tutorial_interfaces/include/tutorial_interfaces/tutorial_interfaces
[0.565s] -- Up-to-date: /home/rohamzn/ros2_test_ws/install/tutorial_interfaces/include/tutorial_interfaces/tutorial_interfaces/msg
[0.565s] -- Up-to-date: /home/rohamzn/ros2_test_ws/install/tutorial_interfaces/include/tutorial_interfaces/tutorial_interfaces/msg/detail
[0.566s] -- Up-to-date: /home/rohamzn/ros2_test_ws/install/tutorial_interfaces/include/tutorial_interfaces/tutorial_interfaces/msg/detail/dds_fastrtps
[0.566s] -- Up-to-date: /home/rohamzn/ros2_test_ws/install/tutorial_interfaces/include/tutorial_interfaces/tutorial_interfaces/msg/detail/sphere__rosidl_typesupport_fastrtps_cpp.hpp
[0.566s] -- Up-to-date: /home/rohamzn/ros2_test_ws/install/tutorial_interfaces/include/tutorial_interfaces/tutorial_interfaces/msg/detail/num__rosidl_typesupport_fastrtps_cpp.hpp
[0.566s] -- Up-to-date: /home/rohamzn/ros2_test_ws/install/tutorial_interfaces/include/tutorial_interfaces/tutorial_interfaces/msg/rosidl_typesupport_fastrtps_cpp__visibility_control.h
[0.566s] -- Up-to-date: /home/rohamzn/ros2_test_ws/install/tutorial_interfaces/include/tutorial_interfaces/tutorial_interfaces/srv
[0.566s] -- Up-to-date: /home/rohamzn/ros2_test_ws/install/tutorial_interfaces/include/tutorial_interfaces/tutorial_interfaces/srv/detail
[0.566s] -- Up-to-date: /home/rohamzn/ros2_test_ws/install/tutorial_interfaces/include/tutorial_interfaces/tutorial_interfaces/srv/detail/add_three_ints__rosidl_typesupport_fastrtps_cpp.hpp
[0.566s] -- Up-to-date: /home/rohamzn/ros2_test_ws/install/tutorial_interfaces/include/tutorial_interfaces/tutorial_interfaces/srv/detail/dds_fastrtps
[0.566s] -- Up-to-date: /home/rohamzn/ros2_test_ws/install/tutorial_interfaces/lib/libtutorial_interfaces__rosidl_typesupport_fastrtps_cpp.so
[0.566s] -- Up-to-date: /home/rohamzn/ros2_test_ws/install/tutorial_interfaces/include/tutorial_interfaces/tutorial_interfaces
[0.566s] -- Up-to-date: /home/rohamzn/ros2_test_ws/install/tutorial_interfaces/include/tutorial_interfaces/tutorial_interfaces/msg
[0.566s] -- Up-to-date: /home/rohamzn/ros2_test_ws/install/tutorial_interfaces/include/tutorial_interfaces/tutorial_interfaces/msg/detail
[0.566s] -- Up-to-date: /home/rohamzn/ros2_test_ws/install/tutorial_interfaces/include/tutorial_interfaces/tutorial_interfaces/msg/detail/num__type_support.c
[0.566s] -- Up-to-date: /home/rohamzn/ros2_test_ws/install/tutorial_interfaces/include/tutorial_interfaces/tutorial_interfaces/msg/detail/sphere__rosidl_typesupport_introspection_c.h
[0.567s] -- Up-to-date: /home/rohamzn/ros2_test_ws/install/tutorial_interfaces/include/tutorial_interfaces/tutorial_interfaces/msg/detail/sphere__type_support.c
[0.567s] -- Up-to-date: /home/rohamzn/ros2_test_ws/install/tutorial_interfaces/include/tutorial_interfaces/tutorial_interfaces/msg/detail/num__rosidl_typesupport_introspection_c.h
[0.567s] -- Up-to-date: /home/rohamzn/ros2_test_ws/install/tutorial_interfaces/include/tutorial_interfaces/tutorial_interfaces/msg/rosidl_typesupport_introspection_c__visibility_control.h
[0.567s] -- Up-to-date: /home/rohamzn/ros2_test_ws/install/tutorial_interfaces/include/tutorial_interfaces/tutorial_interfaces/srv
[0.567s] -- Up-to-date: /home/rohamzn/ros2_test_ws/install/tutorial_interfaces/include/tutorial_interfaces/tutorial_interfaces/srv/detail
[0.567s] -- Up-to-date: /home/rohamzn/ros2_test_ws/install/tutorial_interfaces/include/tutorial_interfaces/tutorial_interfaces/srv/detail/add_three_ints__rosidl_typesupport_introspection_c.h
[0.567s] -- Up-to-date: /home/rohamzn/ros2_test_ws/install/tutorial_interfaces/include/tutorial_interfaces/tutorial_interfaces/srv/detail/add_three_ints__type_support.c
[0.567s] -- Installing: /home/rohamzn/ros2_test_ws/install/tutorial_interfaces/lib/libtutorial_interfaces__rosidl_typesupport_introspection_c.so
[0.567s] -- Set runtime path of "/home/rohamzn/ros2_test_ws/install/tutorial_interfaces/lib/libtutorial_interfaces__rosidl_typesupport_introspection_c.so" to ""
[0.567s] -- Up-to-date: /home/rohamzn/ros2_test_ws/install/tutorial_interfaces/lib/libtutorial_interfaces__rosidl_typesupport_c.so
[0.567s] -- Up-to-date: /home/rohamzn/ros2_test_ws/install/tutorial_interfaces/include/tutorial_interfaces/tutorial_interfaces
[0.567s] -- Up-to-date: /home/rohamzn/ros2_test_ws/install/tutorial_interfaces/include/tutorial_interfaces/tutorial_interfaces/msg
[0.567s] -- Up-to-date: /home/rohamzn/ros2_test_ws/install/tutorial_interfaces/include/tutorial_interfaces/tutorial_interfaces/msg/detail
[0.568s] -- Up-to-date: /home/rohamzn/ros2_test_ws/install/tutorial_interfaces/include/tutorial_interfaces/tutorial_interfaces/msg/detail/sphere__rosidl_typesupport_introspection_cpp.hpp
[0.568s] -- Up-to-date: /home/rohamzn/ros2_test_ws/install/tutorial_interfaces/include/tutorial_interfaces/tutorial_interfaces/msg/detail/sphere__type_support.cpp
[0.568s] -- Up-to-date: /home/rohamzn/ros2_test_ws/install/tutorial_interfaces/include/tutorial_interfaces/tutorial_interfaces/msg/detail/num__type_support.cpp
[0.568s] -- Up-to-date: /home/rohamzn/ros2_test_ws/install/tutorial_interfaces/include/tutorial_interfaces/tutorial_interfaces/msg/detail/num__rosidl_typesupport_introspection_cpp.hpp
[0.568s] -- Up-to-date: /home/rohamzn/ros2_test_ws/install/tutorial_interfaces/include/tutorial_interfaces/tutorial_interfaces/srv
[0.571s] -- Up-to-date: /home/rohamzn/ros2_test_ws/install/tutorial_interfaces/include/tutorial_interfaces/tutorial_interfaces/srv/detail
[0.571s] -- Up-to-date: /home/rohamzn/ros2_test_ws/install/tutorial_interfaces/include/tutorial_interfaces/tutorial_interfaces/srv/detail/add_three_ints__type_support.cpp
[0.571s] -- Up-to-date: /home/rohamzn/ros2_test_ws/install/tutorial_interfaces/include/tutorial_interfaces/tutorial_interfaces/srv/detail/add_three_ints__rosidl_typesupport_introspection_cpp.hpp
[0.571s] -- Up-to-date: /home/rohamzn/ros2_test_ws/install/tutorial_interfaces/lib/libtutorial_interfaces__rosidl_typesupport_introspection_cpp.so
[0.571s] -- Up-to-date: /home/rohamzn/ros2_test_ws/install/tutorial_interfaces/lib/libtutorial_interfaces__rosidl_typesupport_cpp.so
[0.572s] -- Up-to-date: /home/rohamzn/ros2_test_ws/install/tutorial_interfaces/share/tutorial_interfaces/environment/pythonpath.sh
[0.572s] -- Up-to-date: /home/rohamzn/ros2_test_ws/install/tutorial_interfaces/share/tutorial_interfaces/environment/pythonpath.dsv
[0.572s] -- Up-to-date: /home/rohamzn/ros2_test_ws/install/tutorial_interfaces/lib/python3.10/site-packages/tutorial_interfaces-0.0.0-py3.10.egg-info
[0.572s] -- Installing: /home/rohamzn/ros2_test_ws/install/tutorial_interfaces/lib/python3.10/site-packages/tutorial_interfaces-0.0.0-py3.10.egg-info/dependency_links.txt
[0.572s] -- Installing: /home/rohamzn/ros2_test_ws/install/tutorial_interfaces/lib/python3.10/site-packages/tutorial_interfaces-0.0.0-py3.10.egg-info/top_level.txt
[0.572s] -- Installing: /home/rohamzn/ros2_test_ws/install/tutorial_interfaces/lib/python3.10/site-packages/tutorial_interfaces-0.0.0-py3.10.egg-info/SOURCES.txt
[0.572s] -- Installing: /home/rohamzn/ros2_test_ws/install/tutorial_interfaces/lib/python3.10/site-packages/tutorial_interfaces-0.0.0-py3.10.egg-info/PKG-INFO
[0.572s] -- Up-to-date: /home/rohamzn/ros2_test_ws/install/tutorial_interfaces/lib/python3.10/site-packages/tutorial_interfaces
[0.572s] -- Up-to-date: /home/rohamzn/ros2_test_ws/install/tutorial_interfaces/lib/python3.10/site-packages/tutorial_interfaces/msg
[0.572s] -- Up-to-date: /home/rohamzn/ros2_test_ws/install/tutorial_interfaces/lib/python3.10/site-packages/tutorial_interfaces/msg/_sphere.py
[0.572s] -- Up-to-date: /home/rohamzn/ros2_test_ws/install/tutorial_interfaces/lib/python3.10/site-packages/tutorial_interfaces/msg/__init__.py
[0.572s] -- Up-to-date: /home/rohamzn/ros2_test_ws/install/tutorial_interfaces/lib/python3.10/site-packages/tutorial_interfaces/msg/_num.py
[0.572s] -- Up-to-date: /home/rohamzn/ros2_test_ws/install/tutorial_interfaces/lib/python3.10/site-packages/tutorial_interfaces/msg/_num_s.c
[0.572s] -- Up-to-date: /home/rohamzn/ros2_test_ws/install/tutorial_interfaces/lib/python3.10/site-packages/tutorial_interfaces/msg/_sphere_s.c
[0.573s] -- Up-to-date: /home/rohamzn/ros2_test_ws/install/tutorial_interfaces/lib/python3.10/site-packages/tutorial_interfaces/tutorial_interfaces_s__rosidl_typesupport_introspection_c.cpython-310-x86_64-linux-gnu.so
[0.573s] -- Up-to-date: /home/rohamzn/ros2_test_ws/install/tutorial_interfaces/lib/python3.10/site-packages/tutorial_interfaces/__init__.py
[0.573s] -- Up-to-date: /home/rohamzn/ros2_test_ws/install/tutorial_interfaces/lib/python3.10/site-packages/tutorial_interfaces/libtutorial_interfaces__rosidl_generator_py.so
[0.573s] -- Up-to-date: /home/rohamzn/ros2_test_ws/install/tutorial_interfaces/lib/python3.10/site-packages/tutorial_interfaces/srv
[0.573s] -- Up-to-date: /home/rohamzn/ros2_test_ws/install/tutorial_interfaces/lib/python3.10/site-packages/tutorial_interfaces/srv/_add_three_ints.py
[0.573s] -- Up-to-date: /home/rohamzn/ros2_test_ws/install/tutorial_interfaces/lib/python3.10/site-packages/tutorial_interfaces/srv/__init__.py
[0.573s] -- Up-to-date: /home/rohamzn/ros2_test_ws/install/tutorial_interfaces/lib/python3.10/site-packages/tutorial_interfaces/srv/_add_three_ints_s.c
[0.573s] -- Up-to-date: /home/rohamzn/ros2_test_ws/install/tutorial_interfaces/lib/python3.10/site-packages/tutorial_interfaces/_tutorial_interfaces_s.ep.rosidl_typesupport_c.c
[0.573s] -- Up-to-date: /home/rohamzn/ros2_test_ws/install/tutorial_interfaces/lib/python3.10/site-packages/tutorial_interfaces/tutorial_interfaces_s__rosidl_typesupport_c.cpython-310-x86_64-linux-gnu.so
[0.573s] -- Up-to-date: /home/rohamzn/ros2_test_ws/install/tutorial_interfaces/lib/python3.10/site-packages/tutorial_interfaces/tutorial_interfaces_s__rosidl_typesupport_fastrtps_c.cpython-310-x86_64-linux-gnu.so
[0.573s] -- Up-to-date: /home/rohamzn/ros2_test_ws/install/tutorial_interfaces/lib/python3.10/site-packages/tutorial_interfaces/_tutorial_interfaces_s.ep.rosidl_typesupport_introspection_c.c
[0.573s] -- Up-to-date: /home/rohamzn/ros2_test_ws/install/tutorial_interfaces/lib/python3.10/site-packages/tutorial_interfaces/_tutorial_interfaces_s.ep.rosidl_typesupport_fastrtps_c.c
[0.583s] Listing '/home/rohamzn/ros2_test_ws/install/tutorial_interfaces/lib/python3.10/site-packages/tutorial_interfaces'...
[0.583s] Listing '/home/rohamzn/ros2_test_ws/install/tutorial_interfaces/lib/python3.10/site-packages/tutorial_interfaces/msg'...
[0.583s] Listing '/home/rohamzn/ros2_test_ws/install/tutorial_interfaces/lib/python3.10/site-packages/tutorial_interfaces/srv'...
[0.586s] -- Installing: /home/rohamzn/ros2_test_ws/install/tutorial_interfaces/lib/python3.10/site-packages/tutorial_interfaces/tutorial_interfaces_s__rosidl_typesupport_fastrtps_c.cpython-310-x86_64-linux-gnu.so
[0.586s] -- Set runtime path of "/home/rohamzn/ros2_test_ws/install/tutorial_interfaces/lib/python3.10/site-packages/tutorial_interfaces/tutorial_interfaces_s__rosidl_typesupport_fastrtps_c.cpython-310-x86_64-linux-gnu.so" to ""
[0.586s] -- Installing: /home/rohamzn/ros2_test_ws/install/tutorial_interfaces/lib/python3.10/site-packages/tutorial_interfaces/tutorial_interfaces_s__rosidl_typesupport_introspection_c.cpython-310-x86_64-linux-gnu.so
[0.587s] -- Set runtime path of "/home/rohamzn/ros2_test_ws/install/tutorial_interfaces/lib/python3.10/site-packages/tutorial_interfaces/tutorial_interfaces_s__rosidl_typesupport_introspection_c.cpython-310-x86_64-linux-gnu.so" to ""
[0.587s] -- Installing: /home/rohamzn/ros2_test_ws/install/tutorial_interfaces/lib/python3.10/site-packages/tutorial_interfaces/tutorial_interfaces_s__rosidl_typesupport_c.cpython-310-x86_64-linux-gnu.so
[0.587s] -- Set runtime path of "/home/rohamzn/ros2_test_ws/install/tutorial_interfaces/lib/python3.10/site-packages/tutorial_interfaces/tutorial_interfaces_s__rosidl_typesupport_c.cpython-310-x86_64-linux-gnu.so" to ""
[0.587s] -- Installing: /home/rohamzn/ros2_test_ws/install/tutorial_interfaces/lib/libtutorial_interfaces__rosidl_generator_py.so
[0.587s] -- Set runtime path of "/home/rohamzn/ros2_test_ws/install/tutorial_interfaces/lib/libtutorial_interfaces__rosidl_generator_py.so" to ""
[0.588s] -- Up-to-date: /home/rohamzn/ros2_test_ws/install/tutorial_interfaces/share/tutorial_interfaces/msg/Num.idl
[0.588s] -- Up-to-date: /home/rohamzn/ros2_test_ws/install/tutorial_interfaces/share/tutorial_interfaces/msg/Sphere.idl
[0.588s] -- Up-to-date: /home/rohamzn/ros2_test_ws/install/tutorial_interfaces/share/tutorial_interfaces/srv/AddThreeInts.idl
[0.588s] -- Up-to-date: /home/rohamzn/ros2_test_ws/install/tutorial_interfaces/share/tutorial_interfaces/msg/Num.msg
[0.588s] -- Up-to-date: /home/rohamzn/ros2_test_ws/install/tutorial_interfaces/share/tutorial_interfaces/msg/Sphere.msg
[0.588s] -- Up-to-date: /home/rohamzn/ros2_test_ws/install/tutorial_interfaces/share/tutorial_interfaces/srv/AddThreeInts.srv
[0.588s] -- Up-to-date: /home/rohamzn/ros2_test_ws/install/tutorial_interfaces/share/tutorial_interfaces/srv/AddThreeInts_Request.msg
[0.588s] -- Up-to-date: /home/rohamzn/ros2_test_ws/install/tutorial_interfaces/share/tutorial_interfaces/srv/AddThreeInts_Response.msg
[0.588s] -- Up-to-date: /home/rohamzn/ros2_test_ws/install/tutorial_interfaces/share/ament_index/resource_index/package_run_dependencies/tutorial_interfaces
[0.588s] -- Up-to-date: /home/rohamzn/ros2_test_ws/install/tutorial_interfaces/share/ament_index/resource_index/parent_prefix_path/tutorial_interfaces
[0.588s] -- Up-to-date: /home/rohamzn/ros2_test_ws/install/tutorial_interfaces/share/tutorial_interfaces/environment/ament_prefix_path.sh
[0.588s] -- Up-to-date: /home/rohamzn/ros2_test_ws/install/tutorial_interfaces/share/tutorial_interfaces/environment/ament_prefix_path.dsv
[0.589s] -- Up-to-date: /home/rohamzn/ros2_test_ws/install/tutorial_interfaces/share/tutorial_interfaces/environment/path.sh
[0.589s] -- Up-to-date: /home/rohamzn/ros2_test_ws/install/tutorial_interfaces/share/tutorial_interfaces/environment/path.dsv
[0.589s] -- Up-to-date: /home/rohamzn/ros2_test_ws/install/tutorial_interfaces/share/tutorial_interfaces/local_setup.bash
[0.589s] -- Up-to-date: /home/rohamzn/ros2_test_ws/install/tutorial_interfaces/share/tutorial_interfaces/local_setup.sh
[0.589s] -- Up-to-date: /home/rohamzn/ros2_test_ws/install/tutorial_interfaces/share/tutorial_interfaces/local_setup.zsh
[0.589s] -- Up-to-date: /home/rohamzn/ros2_test_ws/install/tutorial_interfaces/share/tutorial_interfaces/local_setup.dsv
[0.589s] -- Installing: /home/rohamzn/ros2_test_ws/install/tutorial_interfaces/share/tutorial_interfaces/package.dsv
[0.589s] -- Up-to-date: /home/rohamzn/ros2_test_ws/install/tutorial_interfaces/share/ament_index/resource_index/packages/tutorial_interfaces
[0.589s] -- Up-to-date: /home/rohamzn/ros2_test_ws/install/tutorial_interfaces/share/tutorial_interfaces/cmake/export_tutorial_interfaces__rosidl_generator_cExport.cmake
[0.589s] -- Up-to-date: /home/rohamzn/ros2_test_ws/install/tutorial_interfaces/share/tutorial_interfaces/cmake/export_tutorial_interfaces__rosidl_generator_cExport-noconfig.cmake
[0.589s] -- Up-to-date: /home/rohamzn/ros2_test_ws/install/tutorial_interfaces/share/tutorial_interfaces/cmake/export_tutorial_interfaces__rosidl_typesupport_fastrtps_cExport.cmake
[0.589s] -- Up-to-date: /home/rohamzn/ros2_test_ws/install/tutorial_interfaces/share/tutorial_interfaces/cmake/export_tutorial_interfaces__rosidl_typesupport_fastrtps_cExport-noconfig.cmake
[0.590s] -- Up-to-date: /home/rohamzn/ros2_test_ws/install/tutorial_interfaces/share/tutorial_interfaces/cmake/export_tutorial_interfaces__rosidl_generator_cppExport.cmake
[0.590s] -- Up-to-date: /home/rohamzn/ros2_test_ws/install/tutorial_interfaces/share/tutorial_interfaces/cmake/export_tutorial_interfaces__rosidl_typesupport_fastrtps_cppExport.cmake
[0.590s] -- Up-to-date: /home/rohamzn/ros2_test_ws/install/tutorial_interfaces/share/tutorial_interfaces/cmake/export_tutorial_interfaces__rosidl_typesupport_fastrtps_cppExport-noconfig.cmake
[0.590s] -- Up-to-date: /home/rohamzn/ros2_test_ws/install/tutorial_interfaces/share/tutorial_interfaces/cmake/tutorial_interfaces__rosidl_typesupport_introspection_cExport.cmake
[0.590s] -- Up-to-date: /home/rohamzn/ros2_test_ws/install/tutorial_interfaces/share/tutorial_interfaces/cmake/tutorial_interfaces__rosidl_typesupport_introspection_cExport-noconfig.cmake
[0.590s] -- Up-to-date: /home/rohamzn/ros2_test_ws/install/tutorial_interfaces/share/tutorial_interfaces/cmake/tutorial_interfaces__rosidl_typesupport_cExport.cmake
[0.590s] -- Up-to-date: /home/rohamzn/ros2_test_ws/install/tutorial_interfaces/share/tutorial_interfaces/cmake/tutorial_interfaces__rosidl_typesupport_cExport-noconfig.cmake
[0.590s] -- Up-to-date: /home/rohamzn/ros2_test_ws/install/tutorial_interfaces/share/tutorial_interfaces/cmake/tutorial_interfaces__rosidl_typesupport_introspection_cppExport.cmake
[0.590s] -- Up-to-date: /home/rohamzn/ros2_test_ws/install/tutorial_interfaces/share/tutorial_interfaces/cmake/tutorial_interfaces__rosidl_typesupport_introspection_cppExport-noconfig.cmake
[0.590s] -- Up-to-date: /home/rohamzn/ros2_test_ws/install/tutorial_interfaces/share/tutorial_interfaces/cmake/tutorial_interfaces__rosidl_typesupport_cppExport.cmake
[0.590s] -- Up-to-date: /home/rohamzn/ros2_test_ws/install/tutorial_interfaces/share/tutorial_interfaces/cmake/tutorial_interfaces__rosidl_typesupport_cppExport-noconfig.cmake
[0.590s] -- Up-to-date: /home/rohamzn/ros2_test_ws/install/tutorial_interfaces/share/tutorial_interfaces/cmake/export_tutorial_interfaces__rosidl_generator_pyExport.cmake
[0.590s] -- Up-to-date: /home/rohamzn/ros2_test_ws/install/tutorial_interfaces/share/tutorial_interfaces/cmake/export_tutorial_interfaces__rosidl_generator_pyExport-noconfig.cmake
[0.590s] -- Up-to-date: /home/rohamzn/ros2_test_ws/install/tutorial_interfaces/share/tutorial_interfaces/cmake/rosidl_cmake-extras.cmake
[0.590s] -- Up-to-date: /home/rohamzn/ros2_test_ws/install/tutorial_interfaces/share/tutorial_interfaces/cmake/ament_cmake_export_dependencies-extras.cmake
[0.591s] -- Up-to-date: /home/rohamzn/ros2_test_ws/install/tutorial_interfaces/share/tutorial_interfaces/cmake/ament_cmake_export_include_directories-extras.cmake
[0.591s] -- Up-to-date: /home/rohamzn/ros2_test_ws/install/tutorial_interfaces/share/tutorial_interfaces/cmake/ament_cmake_export_libraries-extras.cmake
[0.591s] -- Up-to-date: /home/rohamzn/ros2_test_ws/install/tutorial_interfaces/share/tutorial_interfaces/cmake/ament_cmake_export_targets-extras.cmake
[0.591s] -- Up-to-date: /home/rohamzn/ros2_test_ws/install/tutorial_interfaces/share/tutorial_interfaces/cmake/rosidl_cmake_export_typesupport_targets-extras.cmake
[0.591s] -- Up-to-date: /home/rohamzn/ros2_test_ws/install/tutorial_interfaces/share/tutorial_interfaces/cmake/rosidl_cmake_export_typesupport_libraries-extras.cmake
[0.591s] -- Up-to-date: /home/rohamzn/ros2_test_ws/install/tutorial_interfaces/share/tutorial_interfaces/cmake/tutorial_interfacesConfig.cmake
[0.591s] -- Up-to-date: /home/rohamzn/ros2_test_ws/install/tutorial_interfaces/share/tutorial_interfaces/cmake/tutorial_interfacesConfig-version.cmake
[0.591s] -- Up-to-date: /home/rohamzn/ros2_test_ws/install/tutorial_interfaces/share/tutorial_interfaces/package.xml
[0.596s] Invoked command in '/home/rohamzn/ros2_test_ws/build/tutorial_interfaces' returned '0': CMAKE_PREFIX_PATH=${CMAKE_PREFIX_PATH}:/home/rohamzn/ros2_test_ws/install/py_launch_example:/opt/ros/humble CONDA_PROMPT_MODIFIER=(base) /home/rohamzn/.local/bin/cmake --install /home/rohamzn/ros2_test_ws/build/tutorial_interfaces
