[0.454s] Invoking command in '/home/rohamzn/ros2_test_ws/src/learning_tf2_py': AMENT_PREFIX_PATH=/home/rohamzn/ros2_test_ws/install/turtlesim:${AMENT_PREFIX_PATH} CMAKE_PREFIX_PATH=/home/rohamzn/ros2_test_ws/install/turtlesim CONDA_PROMPT_MODIFIER=(base) LD_LIBRARY_PATH=/home/rohamzn/ros2_test_ws/install/turtlesim/lib:${LD_LIBRARY_PATH} PYTHONPATH=/home/rohamzn/ros2_test_ws/build/learning_tf2_py/prefix_override:/home/rohamzn/ros2_test_ws/install/learning_tf2_py/lib/python3.10/site-packages:/home/rohamzn/ros2_test_ws/install/turtlesim/lib/python3.10/site-packages:${PYTHONPATH} /usr/bin/python3 setup.py egg_info --egg-base ../../build/learning_tf2_py build --build-base /home/rohamzn/ros2_test_ws/build/learning_tf2_py/build install --record /home/rohamzn/ros2_test_ws/build/learning_tf2_py/install.log --single-version-externally-managed
[0.593s] running egg_info
[0.593s] writing ../../build/learning_tf2_py/learning_tf2_py.egg-info/PKG-INFO
[0.593s] writing dependency_links to ../../build/learning_tf2_py/learning_tf2_py.egg-info/dependency_links.txt
[0.593s] writing entry points to ../../build/learning_tf2_py/learning_tf2_py.egg-info/entry_points.txt
[0.593s] writing requirements to ../../build/learning_tf2_py/learning_tf2_py.egg-info/requires.txt
[0.594s] writing top-level names to ../../build/learning_tf2_py/learning_tf2_py.egg-info/top_level.txt
[0.594s] reading manifest file '../../build/learning_tf2_py/learning_tf2_py.egg-info/SOURCES.txt'
[0.595s] writing manifest file '../../build/learning_tf2_py/learning_tf2_py.egg-info/SOURCES.txt'
[0.595s] running build
[0.595s] running build_py
[0.596s] copying learning_tf2_py/turtle_tf2_broadcaster.py -> /home/rohamzn/ros2_test_ws/build/learning_tf2_py/build/lib/learning_tf2_py
[0.596s] running install
[0.596s] /usr/lib/python3/dist-packages/setuptools/command/install.py:34: SetuptoolsDeprecationWarning: setup.py install is deprecated. Use build and pip and other standards-based tools.
[0.596s]   warnings.warn(
[0.596s] running install_lib
[0.597s] copying /home/rohamzn/ros2_test_ws/build/learning_tf2_py/build/lib/learning_tf2_py/turtle_tf2_broadcaster.py -> /home/rohamzn/ros2_test_ws/install/learning_tf2_py/lib/python3.10/site-packages/learning_tf2_py
[0.598s] byte-compiling /home/rohamzn/ros2_test_ws/install/learning_tf2_py/lib/python3.10/site-packages/learning_tf2_py/turtle_tf2_broadcaster.py to turtle_tf2_broadcaster.cpython-310.pyc
[0.598s] running install_data
[0.599s] copying package.xml -> /home/rohamzn/ros2_test_ws/install/learning_tf2_py/share/learning_tf2_py
[0.599s] creating /home/rohamzn/ros2_test_ws/install/learning_tf2_py/share/learning_tf2_py/launch
[0.599s] copying launch/turtle_tf2_demo.launch.py -> /home/rohamzn/ros2_test_ws/install/learning_tf2_py/share/learning_tf2_py/launch
[0.599s] running install_egg_info
[0.600s] removing '/home/rohamzn/ros2_test_ws/install/learning_tf2_py/lib/python3.10/site-packages/learning_tf2_py-0.0.0-py3.10.egg-info' (and everything under it)
[0.600s] Copying ../../build/learning_tf2_py/learning_tf2_py.egg-info to /home/rohamzn/ros2_test_ws/install/learning_tf2_py/lib/python3.10/site-packages/learning_tf2_py-0.0.0-py3.10.egg-info
[0.600s] running install_scripts
[0.611s] Installing static_turtle_tf2_broadcaster script to /home/rohamzn/ros2_test_ws/install/learning_tf2_py/lib/learning_tf2_py
[0.611s] Installing turtle_tf2_broadcaster script to /home/rohamzn/ros2_test_ws/install/learning_tf2_py/lib/learning_tf2_py
[0.611s] writing list of installed files to '/home/rohamzn/ros2_test_ws/build/learning_tf2_py/install.log'
[0.624s] Invoked command in '/home/rohamzn/ros2_test_ws/src/learning_tf2_py' returned '0': AMENT_PREFIX_PATH=/home/rohamzn/ros2_test_ws/install/turtlesim:${AMENT_PREFIX_PATH} CMAKE_PREFIX_PATH=/home/rohamzn/ros2_test_ws/install/turtlesim CONDA_PROMPT_MODIFIER=(base) LD_LIBRARY_PATH=/home/rohamzn/ros2_test_ws/install/turtlesim/lib:${LD_LIBRARY_PATH} PYTHONPATH=/home/rohamzn/ros2_test_ws/build/learning_tf2_py/prefix_override:/home/rohamzn/ros2_test_ws/install/learning_tf2_py/lib/python3.10/site-packages:/home/rohamzn/ros2_test_ws/install/turtlesim/lib/python3.10/site-packages:${PYTHONPATH} /usr/bin/python3 setup.py egg_info --egg-base ../../build/learning_tf2_py build --build-base /home/rohamzn/ros2_test_ws/build/learning_tf2_py/build install --record /home/rohamzn/ros2_test_ws/build/learning_tf2_py/install.log --single-version-externally-managed
