[0.009s] Invoking command in '/home/rohamzn/ros2_test_ws/build/learning_tf2_cpp': CMAKE_PREFIX_PATH=/home/rohamzn/ros2_test_ws/install/turtlesim:/home/rohamzn/ros2_test_ws/install/tutorial_interfaces:/home/rohamzn/ros2_test_ws/install/learning_tf2_cpp:/home/rohamzn/ros2_test_ws/install/polygon_plugins:/home/rohamzn/ros2_test_ws/install/polygon_base:/home/rohamzn/ros2_test_ws/install/my_package:/home/rohamzn/ros2_test_ws/install/more_interfaces:/home/rohamzn/ros2_test_ws/install/cpp_srvcli:/home/rohamzn/ros2_test_ws/install/cpp_pubsub:/home/rohamzn/ros2_test_ws/install/cpp_parameters:/home/rohamzn/ros2_test_ws/install/cpp_parameter_event_handler:/home/rohamzn/ros2_test_ws/install/cpp_launch_example:/home/rohamzn/ros2_test_ws/install/action_tutorials_cpp:/home/rohamzn/ros2_test_ws/install/action_tutorials_interfaces:/home/rohamzn/ros2_test_ws/install/learning_tf2_py:/home/rohamzn/ros2_test_ws/install/py_launch_example:/home/rohamzn/ros2_test_ws/install/launch_tutorial:/opt/ros/humble CONDA_PROMPT_MODIFIER=(base) LD_LIBRARY_PATH=/home/rohamzn/ros2_test_ws/install/turtlesim/lib:/home/rohamzn/ros2_test_ws/install/tutorial_interfaces/lib:/home/rohamzn/ros2_test_ws/install/polygon_plugins/lib:/home/rohamzn/ros2_test_ws/install/more_interfaces/lib:/home/rohamzn/ros2_test_ws/install/action_tutorials_cpp/lib:/home/rohamzn/ros2_test_ws/install/action_tutorials_interfaces/lib:/usr/local/cuda/lib64:/opt/ros/humble/opt/rviz_ogre_vendor/lib:/opt/ros/humble/lib/x86_64-linux-gnu:/opt/ros/humble/lib PYTHONPATH=/home/rohamzn/ros2_test_ws/install/turtlesim/lib/python3.10/site-packages:/home/rohamzn/ros2_test_ws/install/tutorial_interfaces/lib/python3.10/site-packages:/home/rohamzn/ros2_test_ws/install/learning_tf2_py/lib/python3.10/site-packages:/home/rohamzn/ros2_test_ws/install/py_launch_example/lib/python3.10/site-packages:/home/rohamzn/ros2_test_ws/install/more_interfaces/lib/python3.10/site-packages:/home/rohamzn/ros2_test_ws/install/launch_tutorial/lib/python3.10/site-packages:/home/rohamzn/ros2_test_ws/install/action_tutorials_interfaces/lib/python3.10/site-packages:/opt/ros/humble/lib/python3.10/site-packages:/opt/ros/humble/local/lib/python3.10/dist-packages /home/rohamzn/.local/bin/cmake --build /home/rohamzn/ros2_test_ws/build/learning_tf2_cpp -- -j20 -l20
[0.034s] -- Found ament_cmake: 1.3.5 (/opt/ros/humble/share/ament_cmake/cmake)
[0.167s] -- Found geometry_msgs: 4.2.3 (/opt/ros/humble/share/geometry_msgs/cmake)
[0.182s] -- Found rosidl_generator_c: 3.1.5 (/opt/ros/humble/share/rosidl_generator_c/cmake)
[0.184s] -- Found rosidl_adapter: 3.1.5 (/opt/ros/humble/share/rosidl_adapter/cmake)
[0.187s] -- Found rosidl_generator_cpp: 3.1.5 (/opt/ros/humble/share/rosidl_generator_cpp/cmake)
[0.195s] -- Using all available rosidl_typesupport_c: rosidl_typesupport_fastrtps_c;rosidl_typesupport_introspection_c
[0.205s] -- Using all available rosidl_typesupport_cpp: rosidl_typesupport_fastrtps_cpp;rosidl_typesupport_introspection_cpp
[0.275s] -- Found rclcpp: 16.0.5 (/opt/ros/humble/share/rclcpp/cmake)
[0.305s] -- Found rmw_implementation_cmake: 6.1.1 (/opt/ros/humble/share/rmw_implementation_cmake/cmake)
[0.306s] -- Found rmw_cyclonedds_cpp: 1.3.4 (/opt/ros/humble/share/rmw_cyclonedds_cpp/cmake)
[0.325s] -- Using RMW implementation 'rmw_cyclonedds_cpp' as default
[0.401s] -- Found tf2: 0.25.3 (/opt/ros/humble/share/tf2/cmake)
[0.406s] -- Found tf2_ros: 0.25.3 (/opt/ros/humble/share/tf2_ros/cmake)
[0.596s] -- Found turtlesim: 1.4.2 (/home/rohamzn/ros2_test_ws/install/turtlesim/share/turtlesim/cmake)
[0.634s] -- Found ament_lint_auto: 0.12.7 (/opt/ros/humble/share/ament_lint_auto/cmake)
[0.681s] -- Added test 'cppcheck' to perform static code analysis on C / C++ code
[0.681s] -- Configured cppcheck include dirs: 
[0.682s] -- Configured cppcheck exclude dirs and/or files: 
[0.682s] -- Added test 'flake8' to check Python code syntax and style conventions
[0.682s] -- Added test 'lint_cmake' to check CMake code style
[0.682s] -- Added test 'pep257' to check Python code against some of the docstring style conventions in PEP 257
[0.682s] -- Added test 'uncrustify' to check C / C++ code style
[0.682s] -- Configured uncrustify additional arguments: 
[0.682s] -- Added test 'xmllint' to check XML markup files
[0.683s] -- Configuring done (0.7s)
[0.689s] [33mCMake Warning at CMakeLists.txt:16 (add_executable):
[0.689s]   Cannot generate a safe runtime search path for target
[0.689s]   static_turtle_tf2_broadcaster because files in some directories may
[0.689s]   conflict with libraries in implicit directories:
[0.689s] 
[0.689s]     runtime library [libpython3.10.so.1.0] in /usr/lib/x86_64-linux-gnu may be hidden by files in:
[0.689s]       /home/rohamzn/anaconda3/lib
[0.690s] 
[0.690s]   Some of these libraries may not be found correctly.
[0.690s] 
[0.690s] [0m
[0.691s] [33mCMake Warning at CMakeLists.txt:25 (add_executable):
[0.691s]   Cannot generate a safe runtime search path for target
[0.691s]   turtle_tf2_broadcaster because files in some directories may conflict with
[0.692s]   libraries in implicit directories:
[0.692s] 
[0.692s]     runtime library [libpython3.10.so.1.0] in /usr/lib/x86_64-linux-gnu may be hidden by files in:
[0.692s]       /home/rohamzn/anaconda3/lib
[0.692s] 
[0.692s]   Some of these libraries may not be found correctly.
[0.692s] 
[0.692s] [0m
[0.693s] [33mCMake Warning at CMakeLists.txt:35 (add_executable):
[0.693s]   Cannot generate a safe runtime search path for target turtle_tf2_listener
[0.693s]   because files in some directories may conflict with libraries in implicit
[0.693s]   directories:
[0.694s] 
[0.694s]     runtime library [libpython3.10.so.1.0] in /usr/lib/x86_64-linux-gnu may be hidden by files in:
[0.694s]       /home/rohamzn/anaconda3/lib
[0.694s] 
[0.694s]   Some of these libraries may not be found correctly.
[0.694s] 
[0.694s] [0m
[0.695s] [33mCMake Warning at CMakeLists.txt:45 (add_executable):
[0.695s]   Cannot generate a safe runtime search path for target
[0.695s]   fixed_frame_tf2_broadcaster because files in some directories may conflict
[0.695s]   with libraries in implicit directories:
[0.695s] 
[0.695s]     runtime library [libpython3.10.so.1.0] in /usr/lib/x86_64-linux-gnu may be hidden by files in:
[0.695s]       /home/rohamzn/anaconda3/lib
[0.696s] 
[0.696s]   Some of these libraries may not be found correctly.
[0.696s] 
[0.696s] [0m
[0.697s] [33mCMake Warning at CMakeLists.txt:53 (add_executable):
[0.697s]   Cannot generate a safe runtime search path for target
[0.697s]   dynamic_frame_tf2_broadcaster because files in some directories may
[0.697s]   conflict with libraries in implicit directories:
[0.697s] 
[0.697s]     runtime library [libpython3.10.so.1.0] in /usr/lib/x86_64-linux-gnu may be hidden by files in:
[0.697s]       /home/rohamzn/anaconda3/lib
[0.697s] 
[0.697s]   Some of these libraries may not be found correctly.
[0.697s] 
[0.697s] [0m
[0.698s] -- Generating done (0.0s)
[0.699s] -- Build files have been written to: /home/rohamzn/ros2_test_ws/build/learning_tf2_cpp
[0.711s] [ 10%] [32mBuilding CXX object CMakeFiles/dynamic_frame_tf2_broadcaster.dir/src/dynamic_frame_tf2_broadcaster.cpp.o[0m
[0.714s] [ 30%] Built target static_turtle_tf2_broadcaster
[0.715s] [ 50%] Built target turtle_tf2_broadcaster
[0.715s] [ 70%] Built target turtle_tf2_listener
[0.715s] [ 90%] Built target fixed_frame_tf2_broadcaster
[2.573s] [100%] [32m[1mLinking CXX executable dynamic_frame_tf2_broadcaster[0m
[2.670s] [100%] Built target dynamic_frame_tf2_broadcaster
[2.684s] Invoked command in '/home/rohamzn/ros2_test_ws/build/learning_tf2_cpp' returned '0': CMAKE_PREFIX_PATH=/home/rohamzn/ros2_test_ws/install/turtlesim:/home/rohamzn/ros2_test_ws/install/tutorial_interfaces:/home/rohamzn/ros2_test_ws/install/learning_tf2_cpp:/home/rohamzn/ros2_test_ws/install/polygon_plugins:/home/rohamzn/ros2_test_ws/install/polygon_base:/home/rohamzn/ros2_test_ws/install/my_package:/home/rohamzn/ros2_test_ws/install/more_interfaces:/home/rohamzn/ros2_test_ws/install/cpp_srvcli:/home/rohamzn/ros2_test_ws/install/cpp_pubsub:/home/rohamzn/ros2_test_ws/install/cpp_parameters:/home/rohamzn/ros2_test_ws/install/cpp_parameter_event_handler:/home/rohamzn/ros2_test_ws/install/cpp_launch_example:/home/rohamzn/ros2_test_ws/install/action_tutorials_cpp:/home/rohamzn/ros2_test_ws/install/action_tutorials_interfaces:/home/rohamzn/ros2_test_ws/install/learning_tf2_py:/home/rohamzn/ros2_test_ws/install/py_launch_example:/home/rohamzn/ros2_test_ws/install/launch_tutorial:/opt/ros/humble CONDA_PROMPT_MODIFIER=(base) LD_LIBRARY_PATH=/home/rohamzn/ros2_test_ws/install/turtlesim/lib:/home/rohamzn/ros2_test_ws/install/tutorial_interfaces/lib:/home/rohamzn/ros2_test_ws/install/polygon_plugins/lib:/home/rohamzn/ros2_test_ws/install/more_interfaces/lib:/home/rohamzn/ros2_test_ws/install/action_tutorials_cpp/lib:/home/rohamzn/ros2_test_ws/install/action_tutorials_interfaces/lib:/usr/local/cuda/lib64:/opt/ros/humble/opt/rviz_ogre_vendor/lib:/opt/ros/humble/lib/x86_64-linux-gnu:/opt/ros/humble/lib PYTHONPATH=/home/rohamzn/ros2_test_ws/install/turtlesim/lib/python3.10/site-packages:/home/rohamzn/ros2_test_ws/install/tutorial_interfaces/lib/python3.10/site-packages:/home/rohamzn/ros2_test_ws/install/learning_tf2_py/lib/python3.10/site-packages:/home/rohamzn/ros2_test_ws/install/py_launch_example/lib/python3.10/site-packages:/home/rohamzn/ros2_test_ws/install/more_interfaces/lib/python3.10/site-packages:/home/rohamzn/ros2_test_ws/install/launch_tutorial/lib/python3.10/site-packages:/home/rohamzn/ros2_test_ws/install/action_tutorials_interfaces/lib/python3.10/site-packages:/opt/ros/humble/lib/python3.10/site-packages:/opt/ros/humble/local/lib/python3.10/dist-packages /home/rohamzn/.local/bin/cmake --build /home/rohamzn/ros2_test_ws/build/learning_tf2_cpp -- -j20 -l20
[2.742s] Invoking command in '/home/rohamzn/ros2_test_ws/build/learning_tf2_cpp': CMAKE_PREFIX_PATH=/home/rohamzn/ros2_test_ws/install/turtlesim:/home/rohamzn/ros2_test_ws/install/tutorial_interfaces:/home/rohamzn/ros2_test_ws/install/learning_tf2_cpp:/home/rohamzn/ros2_test_ws/install/polygon_plugins:/home/rohamzn/ros2_test_ws/install/polygon_base:/home/rohamzn/ros2_test_ws/install/my_package:/home/rohamzn/ros2_test_ws/install/more_interfaces:/home/rohamzn/ros2_test_ws/install/cpp_srvcli:/home/rohamzn/ros2_test_ws/install/cpp_pubsub:/home/rohamzn/ros2_test_ws/install/cpp_parameters:/home/rohamzn/ros2_test_ws/install/cpp_parameter_event_handler:/home/rohamzn/ros2_test_ws/install/cpp_launch_example:/home/rohamzn/ros2_test_ws/install/action_tutorials_cpp:/home/rohamzn/ros2_test_ws/install/action_tutorials_interfaces:/home/rohamzn/ros2_test_ws/install/learning_tf2_py:/home/rohamzn/ros2_test_ws/install/py_launch_example:/home/rohamzn/ros2_test_ws/install/launch_tutorial:/opt/ros/humble CONDA_PROMPT_MODIFIER=(base) LD_LIBRARY_PATH=/home/rohamzn/ros2_test_ws/install/turtlesim/lib:/home/rohamzn/ros2_test_ws/install/tutorial_interfaces/lib:/home/rohamzn/ros2_test_ws/install/polygon_plugins/lib:/home/rohamzn/ros2_test_ws/install/more_interfaces/lib:/home/rohamzn/ros2_test_ws/install/action_tutorials_cpp/lib:/home/rohamzn/ros2_test_ws/install/action_tutorials_interfaces/lib:/usr/local/cuda/lib64:/opt/ros/humble/opt/rviz_ogre_vendor/lib:/opt/ros/humble/lib/x86_64-linux-gnu:/opt/ros/humble/lib PYTHONPATH=/home/rohamzn/ros2_test_ws/install/turtlesim/lib/python3.10/site-packages:/home/rohamzn/ros2_test_ws/install/tutorial_interfaces/lib/python3.10/site-packages:/home/rohamzn/ros2_test_ws/install/learning_tf2_py/lib/python3.10/site-packages:/home/rohamzn/ros2_test_ws/install/py_launch_example/lib/python3.10/site-packages:/home/rohamzn/ros2_test_ws/install/more_interfaces/lib/python3.10/site-packages:/home/rohamzn/ros2_test_ws/install/launch_tutorial/lib/python3.10/site-packages:/home/rohamzn/ros2_test_ws/install/action_tutorials_interfaces/lib/python3.10/site-packages:/opt/ros/humble/lib/python3.10/site-packages:/opt/ros/humble/local/lib/python3.10/dist-packages /home/rohamzn/.local/bin/cmake --install /home/rohamzn/ros2_test_ws/build/learning_tf2_cpp
[2.757s] -- Install configuration: ""
[2.757s] -- Up-to-date: /home/rohamzn/ros2_test_ws/install/learning_tf2_cpp/lib/learning_tf2_cpp/static_turtle_tf2_broadcaster
[2.757s] -- Up-to-date: /home/rohamzn/ros2_test_ws/install/learning_tf2_cpp/lib/learning_tf2_cpp/turtle_tf2_broadcaster
[2.757s] -- Up-to-date: /home/rohamzn/ros2_test_ws/install/learning_tf2_cpp/lib/learning_tf2_cpp/turtle_tf2_listener
[2.757s] -- Up-to-date: /home/rohamzn/ros2_test_ws/install/learning_tf2_cpp/lib/learning_tf2_cpp/fixed_frame_tf2_broadcaster
[2.757s] -- Installing: /home/rohamzn/ros2_test_ws/install/learning_tf2_cpp/lib/learning_tf2_cpp/dynamic_frame_tf2_broadcaster
[2.758s] -- Set runtime path of "/home/rohamzn/ros2_test_ws/install/learning_tf2_cpp/lib/learning_tf2_cpp/dynamic_frame_tf2_broadcaster" to ""
[2.758s] -- Up-to-date: /home/rohamzn/ros2_test_ws/install/learning_tf2_cpp/share/learning_tf2_cpp/launch
[2.758s] -- Up-to-date: /home/rohamzn/ros2_test_ws/install/learning_tf2_cpp/share/learning_tf2_cpp/launch/turtle_tf2_demo.launch.py
[2.758s] -- Up-to-date: /home/rohamzn/ros2_test_ws/install/learning_tf2_cpp/share/learning_tf2_cpp/launch/turtle_tf2_fixed_frame_demo.launch.py
[2.758s] -- Installing: /home/rohamzn/ros2_test_ws/install/learning_tf2_cpp/share/learning_tf2_cpp/launch/turtle_tf2_dynamic_frame_demo.launch.py
[2.758s] -- Up-to-date: /home/rohamzn/ros2_test_ws/install/learning_tf2_cpp/share/ament_index/resource_index/package_run_dependencies/learning_tf2_cpp
[2.758s] -- Up-to-date: /home/rohamzn/ros2_test_ws/install/learning_tf2_cpp/share/ament_index/resource_index/parent_prefix_path/learning_tf2_cpp
[2.758s] -- Up-to-date: /home/rohamzn/ros2_test_ws/install/learning_tf2_cpp/share/learning_tf2_cpp/environment/ament_prefix_path.sh
[2.758s] -- Installing: /home/rohamzn/ros2_test_ws/install/learning_tf2_cpp/share/learning_tf2_cpp/environment/ament_prefix_path.dsv
[2.758s] -- Up-to-date: /home/rohamzn/ros2_test_ws/install/learning_tf2_cpp/share/learning_tf2_cpp/environment/path.sh
[2.759s] -- Installing: /home/rohamzn/ros2_test_ws/install/learning_tf2_cpp/share/learning_tf2_cpp/environment/path.dsv
[2.759s] -- Up-to-date: /home/rohamzn/ros2_test_ws/install/learning_tf2_cpp/share/learning_tf2_cpp/local_setup.bash
[2.759s] -- Up-to-date: /home/rohamzn/ros2_test_ws/install/learning_tf2_cpp/share/learning_tf2_cpp/local_setup.sh
[2.759s] -- Up-to-date: /home/rohamzn/ros2_test_ws/install/learning_tf2_cpp/share/learning_tf2_cpp/local_setup.zsh
[2.759s] -- Installing: /home/rohamzn/ros2_test_ws/install/learning_tf2_cpp/share/learning_tf2_cpp/local_setup.dsv
[2.759s] -- Installing: /home/rohamzn/ros2_test_ws/install/learning_tf2_cpp/share/learning_tf2_cpp/package.dsv
[2.759s] -- Up-to-date: /home/rohamzn/ros2_test_ws/install/learning_tf2_cpp/share/ament_index/resource_index/packages/learning_tf2_cpp
[2.759s] -- Up-to-date: /home/rohamzn/ros2_test_ws/install/learning_tf2_cpp/share/learning_tf2_cpp/cmake/learning_tf2_cppConfig.cmake
[2.759s] -- Up-to-date: /home/rohamzn/ros2_test_ws/install/learning_tf2_cpp/share/learning_tf2_cpp/cmake/learning_tf2_cppConfig-version.cmake
[2.759s] -- Up-to-date: /home/rohamzn/ros2_test_ws/install/learning_tf2_cpp/share/learning_tf2_cpp/package.xml
[2.762s] Invoked command in '/home/rohamzn/ros2_test_ws/build/learning_tf2_cpp' returned '0': CMAKE_PREFIX_PATH=/home/rohamzn/ros2_test_ws/install/turtlesim:/home/rohamzn/ros2_test_ws/install/tutorial_interfaces:/home/rohamzn/ros2_test_ws/install/learning_tf2_cpp:/home/rohamzn/ros2_test_ws/install/polygon_plugins:/home/rohamzn/ros2_test_ws/install/polygon_base:/home/rohamzn/ros2_test_ws/install/my_package:/home/rohamzn/ros2_test_ws/install/more_interfaces:/home/rohamzn/ros2_test_ws/install/cpp_srvcli:/home/rohamzn/ros2_test_ws/install/cpp_pubsub:/home/rohamzn/ros2_test_ws/install/cpp_parameters:/home/rohamzn/ros2_test_ws/install/cpp_parameter_event_handler:/home/rohamzn/ros2_test_ws/install/cpp_launch_example:/home/rohamzn/ros2_test_ws/install/action_tutorials_cpp:/home/rohamzn/ros2_test_ws/install/action_tutorials_interfaces:/home/rohamzn/ros2_test_ws/install/learning_tf2_py:/home/rohamzn/ros2_test_ws/install/py_launch_example:/home/rohamzn/ros2_test_ws/install/launch_tutorial:/opt/ros/humble CONDA_PROMPT_MODIFIER=(base) LD_LIBRARY_PATH=/home/rohamzn/ros2_test_ws/install/turtlesim/lib:/home/rohamzn/ros2_test_ws/install/tutorial_interfaces/lib:/home/rohamzn/ros2_test_ws/install/polygon_plugins/lib:/home/rohamzn/ros2_test_ws/install/more_interfaces/lib:/home/rohamzn/ros2_test_ws/install/action_tutorials_cpp/lib:/home/rohamzn/ros2_test_ws/install/action_tutorials_interfaces/lib:/usr/local/cuda/lib64:/opt/ros/humble/opt/rviz_ogre_vendor/lib:/opt/ros/humble/lib/x86_64-linux-gnu:/opt/ros/humble/lib PYTHONPATH=/home/rohamzn/ros2_test_ws/install/turtlesim/lib/python3.10/site-packages:/home/rohamzn/ros2_test_ws/install/tutorial_interfaces/lib/python3.10/site-packages:/home/rohamzn/ros2_test_ws/install/learning_tf2_py/lib/python3.10/site-packages:/home/rohamzn/ros2_test_ws/install/py_launch_example/lib/python3.10/site-packages:/home/rohamzn/ros2_test_ws/install/more_interfaces/lib/python3.10/site-packages:/home/rohamzn/ros2_test_ws/install/launch_tutorial/lib/python3.10/site-packages:/home/rohamzn/ros2_test_ws/install/action_tutorials_interfaces/lib/python3.10/site-packages:/opt/ros/humble/lib/python3.10/site-packages:/opt/ros/humble/local/lib/python3.10/dist-packages /home/rohamzn/.local/bin/cmake --install /home/rohamzn/ros2_test_ws/build/learning_tf2_cpp
