-- Found ament_cmake: 1.3.5 (/opt/ros/humble/share/ament_cmake/cmake)
-- Found geometry_msgs: 4.2.3 (/opt/ros/humble/share/geometry_msgs/cmake)
-- Found rosidl_generator_c: 3.1.5 (/opt/ros/humble/share/rosidl_generator_c/cmake)
-- Found rosidl_adapter: 3.1.5 (/opt/ros/humble/share/rosidl_adapter/cmake)
-- Found rosidl_generator_cpp: 3.1.5 (/opt/ros/humble/share/rosidl_generator_cpp/cmake)
-- Using all available rosidl_typesupport_c: rosidl_typesupport_fastrtps_c;rosidl_typesupport_introspection_c
-- Using all available rosidl_typesupport_cpp: rosidl_typesupport_fastrtps_cpp;rosidl_typesupport_introspection_cpp
-- Found rclcpp: 16.0.5 (/opt/ros/humble/share/rclcpp/cmake)
-- Found rmw_implementation_cmake: 6.1.1 (/opt/ros/humble/share/rmw_implementation_cmake/cmake)
-- Found rmw_cyclonedds_cpp: 1.3.4 (/opt/ros/humble/share/rmw_cyclonedds_cpp/cmake)
-- Using RMW implementation 'rmw_cyclonedds_cpp' as default
-- Found tf2: 0.25.3 (/opt/ros/humble/share/tf2/cmake)
-- Found tf2_ros: 0.25.3 (/opt/ros/humble/share/tf2_ros/cmake)
-- Found turtlesim: 1.4.2 (/home/rohamzn/ros2_test_ws/install/turtlesim/share/turtlesim/cmake)
-- Found tf2_geometry_msgs: 0.25.3 (/opt/ros/humble/share/tf2_geometry_msgs/cmake)
-- Found eigen3_cmake_module: 0.1.1 (/opt/ros/humble/share/eigen3_cmake_module/cmake)
-- Found Eigen3: TRUE (found version "3.4.0") 
-- Ensuring Eigen3 include directory is part of orocos-kdl CMake target
-- Found ament_lint_auto: 0.12.7 (/opt/ros/humble/share/ament_lint_auto/cmake)
-- Added test 'cppcheck' to perform static code analysis on C / C++ code
-- Configured cppcheck include dirs: 
-- Configured cppcheck exclude dirs and/or files: 
-- Added test 'flake8' to check Python code syntax and style conventions
-- Added test 'lint_cmake' to check CMake code style
-- Added test 'pep257' to check Python code against some of the docstring style conventions in PEP 257
-- Added test 'uncrustify' to check C / C++ code style
-- Configured uncrustify additional arguments: 
-- Added test 'xmllint' to check XML markup files
-- Configuring done (0.7s)
[33mCMake Warning at CMakeLists.txt:31 (add_executable):
  Cannot generate a safe runtime search path for target
  static_turtle_tf2_broadcaster because files in some directories may
  conflict with libraries in implicit directories:

    runtime library [libpython3.10.so.1.0] in /usr/lib/x86_64-linux-gnu may be hidden by files in:
      /home/rohamzn/anaconda3/lib

  Some of these libraries may not be found correctly.

[0m
[33mCMake Warning at CMakeLists.txt:40 (add_executable):
  Cannot generate a safe runtime search path for target
  turtle_tf2_broadcaster because files in some directories may conflict with
  libraries in implicit directories:

    runtime library [libpython3.10.so.1.0] in /usr/lib/x86_64-linux-gnu may be hidden by files in:
      /home/rohamzn/anaconda3/lib

  Some of these libraries may not be found correctly.

[0m
[33mCMake Warning at CMakeLists.txt:50 (add_executable):
  Cannot generate a safe runtime search path for target turtle_tf2_listener
  because files in some directories may conflict with libraries in implicit
  directories:

    runtime library [libpython3.10.so.1.0] in /usr/lib/x86_64-linux-gnu may be hidden by files in:
      /home/rohamzn/anaconda3/lib

  Some of these libraries may not be found correctly.

[0m
[33mCMake Warning at CMakeLists.txt:60 (add_executable):
  Cannot generate a safe runtime search path for target
  turtle_tf2_listener_debug because files in some directories may conflict
  with libraries in implicit directories:

    runtime library [libpython3.10.so.1.0] in /usr/lib/x86_64-linux-gnu may be hidden by files in:
      /home/rohamzn/anaconda3/lib

  Some of these libraries may not be found correctly.

[0m
[33mCMake Warning at CMakeLists.txt:70 (add_executable):
  Cannot generate a safe runtime search path for target
  fixed_frame_tf2_broadcaster because files in some directories may conflict
  with libraries in implicit directories:

    runtime library [libpython3.10.so.1.0] in /usr/lib/x86_64-linux-gnu may be hidden by files in:
      /home/rohamzn/anaconda3/lib

  Some of these libraries may not be found correctly.

[0m
[33mCMake Warning at CMakeLists.txt:78 (add_executable):
  Cannot generate a safe runtime search path for target
  dynamic_frame_tf2_broadcaster because files in some directories may
  conflict with libraries in implicit directories:

    runtime library [libpython3.10.so.1.0] in /usr/lib/x86_64-linux-gnu may be hidden by files in:
      /home/rohamzn/anaconda3/lib

  Some of these libraries may not be found correctly.

[0m
[33mCMake Warning at CMakeLists.txt:86 (add_executable):
  Cannot generate a safe runtime search path for target
  turtle_tf2_message_filter because files in some directories may conflict
  with libraries in implicit directories:

    runtime library [libpython3.10.so.1.0] in /usr/lib/x86_64-linux-gnu may be hidden by files in:
      /home/rohamzn/anaconda3/lib

  Some of these libraries may not be found correctly.

[0m
-- Generating done (0.0s)
-- Build files have been written to: /home/rohamzn/ros2_test_ws/build/learning_tf2_cpp
[  7%] [32mBuilding CXX object CMakeFiles/turtle_tf2_message_filter.dir/src/turtle_tf2_message_filter.cpp.o[0m
[ 21%] Built target static_turtle_tf2_broadcaster
[ 35%] Built target turtle_tf2_listener
[ 50%] [32mBuilding CXX object CMakeFiles/turtle_tf2_listener_debug.dir/src/turtle_tf2_listener_debug.cpp.o[0m
[ 57%] Built target fixed_frame_tf2_broadcaster
[ 71%] Built target turtle_tf2_broadcaster
[ 85%] Built target dynamic_frame_tf2_broadcaster
[ 92%] [32m[1mLinking CXX executable turtle_tf2_listener_debug[0m
[ 92%] Built target turtle_tf2_listener_debug
[100%] [32m[1mLinking CXX executable turtle_tf2_message_filter[0m
[100%] Built target turtle_tf2_message_filter
-- Install configuration: ""
-- Up-to-date: /home/rohamzn/ros2_test_ws/install/learning_tf2_cpp/lib/learning_tf2_cpp/static_turtle_tf2_broadcaster
-- Up-to-date: /home/rohamzn/ros2_test_ws/install/learning_tf2_cpp/lib/learning_tf2_cpp/turtle_tf2_broadcaster
-- Up-to-date: /home/rohamzn/ros2_test_ws/install/learning_tf2_cpp/lib/learning_tf2_cpp/turtle_tf2_listener
-- Installing: /home/rohamzn/ros2_test_ws/install/learning_tf2_cpp/lib/learning_tf2_cpp/turtle_tf2_listener_debug
-- Set runtime path of "/home/rohamzn/ros2_test_ws/install/learning_tf2_cpp/lib/learning_tf2_cpp/turtle_tf2_listener_debug" to ""
-- Up-to-date: /home/rohamzn/ros2_test_ws/install/learning_tf2_cpp/lib/learning_tf2_cpp/fixed_frame_tf2_broadcaster
-- Up-to-date: /home/rohamzn/ros2_test_ws/install/learning_tf2_cpp/lib/learning_tf2_cpp/dynamic_frame_tf2_broadcaster
-- Installing: /home/rohamzn/ros2_test_ws/install/learning_tf2_cpp/lib/learning_tf2_cpp/turtle_tf2_message_filter
-- Set runtime path of "/home/rohamzn/ros2_test_ws/install/learning_tf2_cpp/lib/learning_tf2_cpp/turtle_tf2_message_filter" to ""
-- Up-to-date: /home/rohamzn/ros2_test_ws/install/learning_tf2_cpp/share/learning_tf2_cpp/launch
-- Up-to-date: /home/rohamzn/ros2_test_ws/install/learning_tf2_cpp/share/learning_tf2_cpp/launch/turtle_tf2_demo.launch.py
-- Up-to-date: /home/rohamzn/ros2_test_ws/install/learning_tf2_cpp/share/learning_tf2_cpp/launch/turtle_tf2_fixed_frame_demo.launch.py
-- Up-to-date: /home/rohamzn/ros2_test_ws/install/learning_tf2_cpp/share/learning_tf2_cpp/launch/start_tf2_debug_demo.launch.py
-- Up-to-date: /home/rohamzn/ros2_test_ws/install/learning_tf2_cpp/share/learning_tf2_cpp/launch/turtle_tf2_dynamic_frame_demo.launch.py
-- Installing: /home/rohamzn/ros2_test_ws/install/learning_tf2_cpp/share/ament_index/resource_index/package_run_dependencies/learning_tf2_cpp
-- Up-to-date: /home/rohamzn/ros2_test_ws/install/learning_tf2_cpp/share/ament_index/resource_index/parent_prefix_path/learning_tf2_cpp
-- Up-to-date: /home/rohamzn/ros2_test_ws/install/learning_tf2_cpp/share/learning_tf2_cpp/environment/ament_prefix_path.sh
-- Installing: /home/rohamzn/ros2_test_ws/install/learning_tf2_cpp/share/learning_tf2_cpp/environment/ament_prefix_path.dsv
-- Up-to-date: /home/rohamzn/ros2_test_ws/install/learning_tf2_cpp/share/learning_tf2_cpp/environment/path.sh
-- Installing: /home/rohamzn/ros2_test_ws/install/learning_tf2_cpp/share/learning_tf2_cpp/environment/path.dsv
-- Up-to-date: /home/rohamzn/ros2_test_ws/install/learning_tf2_cpp/share/learning_tf2_cpp/local_setup.bash
-- Up-to-date: /home/rohamzn/ros2_test_ws/install/learning_tf2_cpp/share/learning_tf2_cpp/local_setup.sh
-- Up-to-date: /home/rohamzn/ros2_test_ws/install/learning_tf2_cpp/share/learning_tf2_cpp/local_setup.zsh
-- Installing: /home/rohamzn/ros2_test_ws/install/learning_tf2_cpp/share/learning_tf2_cpp/local_setup.dsv
-- Installing: /home/rohamzn/ros2_test_ws/install/learning_tf2_cpp/share/learning_tf2_cpp/package.dsv
-- Up-to-date: /home/rohamzn/ros2_test_ws/install/learning_tf2_cpp/share/ament_index/resource_index/packages/learning_tf2_cpp
-- Up-to-date: /home/rohamzn/ros2_test_ws/install/learning_tf2_cpp/share/learning_tf2_cpp/cmake/learning_tf2_cppConfig.cmake
-- Up-to-date: /home/rohamzn/ros2_test_ws/install/learning_tf2_cpp/share/learning_tf2_cpp/cmake/learning_tf2_cppConfig-version.cmake
-- Installing: /home/rohamzn/ros2_test_ws/install/learning_tf2_cpp/share/learning_tf2_cpp/package.xml
