[0.034s] Invoking command in '/home/rohamzn/ros2_test_ws/build/cpp_srvcli': CMAKE_PREFIX_PATH=${CMAKE_PREFIX_PATH}:/home/rohamzn/ros2_test_ws/install/py_launch_example:/opt/ros/humble CONDA_PROMPT_MODIFIER=(base) /home/rohamzn/.local/bin/cmake --build /home/rohamzn/ros2_test_ws/build/cpp_srvcli -- -j20 -l20
[0.233s] [ 50%] Built target server
[0.234s] [100%] Built target client
[0.239s] Invoked command in '/home/rohamzn/ros2_test_ws/build/cpp_srvcli' returned '0': CMAKE_PREFIX_PATH=${CMAKE_PREFIX_PATH}:/home/rohamzn/ros2_test_ws/install/py_launch_example:/opt/ros/humble CONDA_PROMPT_MODIFIER=(base) /home/rohamzn/.local/bin/cmake --build /home/rohamzn/ros2_test_ws/build/cpp_srvcli -- -j20 -l20
[0.305s] Invoking command in '/home/rohamzn/ros2_test_ws/build/cpp_srvcli': CMAKE_PREFIX_PATH=${CMAKE_PREFIX_PATH}:/home/rohamzn/ros2_test_ws/install/py_launch_example:/opt/ros/humble CONDA_PROMPT_MODIFIER=(base) /home/rohamzn/.local/bin/cmake --install /home/rohamzn/ros2_test_ws/build/cpp_srvcli
[0.338s] -- Install configuration: ""
[0.338s] -- Up-to-date: /home/rohamzn/ros2_test_ws/install/cpp_srvcli/lib/cpp_srvcli/server
[0.339s] -- Up-to-date: /home/rohamzn/ros2_test_ws/install/cpp_srvcli/lib/cpp_srvcli/client
[0.340s] -- Up-to-date: /home/rohamzn/ros2_test_ws/install/cpp_srvcli/share/ament_index/resource_index/package_run_dependencies/cpp_srvcli
[0.340s] -- Up-to-date: /home/rohamzn/ros2_test_ws/install/cpp_srvcli/share/ament_index/resource_index/parent_prefix_path/cpp_srvcli
[0.340s] -- Up-to-date: /home/rohamzn/ros2_test_ws/install/cpp_srvcli/share/cpp_srvcli/environment/ament_prefix_path.sh
[0.340s] -- Up-to-date: /home/rohamzn/ros2_test_ws/install/cpp_srvcli/share/cpp_srvcli/environment/ament_prefix_path.dsv
[0.340s] -- Up-to-date: /home/rohamzn/ros2_test_ws/install/cpp_srvcli/share/cpp_srvcli/environment/path.sh
[0.340s] -- Up-to-date: /home/rohamzn/ros2_test_ws/install/cpp_srvcli/share/cpp_srvcli/environment/path.dsv
[0.340s] -- Up-to-date: /home/rohamzn/ros2_test_ws/install/cpp_srvcli/share/cpp_srvcli/local_setup.bash
[0.340s] -- Up-to-date: /home/rohamzn/ros2_test_ws/install/cpp_srvcli/share/cpp_srvcli/local_setup.sh
[0.340s] -- Up-to-date: /home/rohamzn/ros2_test_ws/install/cpp_srvcli/share/cpp_srvcli/local_setup.zsh
[0.340s] -- Up-to-date: /home/rohamzn/ros2_test_ws/install/cpp_srvcli/share/cpp_srvcli/local_setup.dsv
[0.340s] -- Installing: /home/rohamzn/ros2_test_ws/install/cpp_srvcli/share/cpp_srvcli/package.dsv
[0.341s] -- Up-to-date: /home/rohamzn/ros2_test_ws/install/cpp_srvcli/share/ament_index/resource_index/packages/cpp_srvcli
[0.341s] -- Up-to-date: /home/rohamzn/ros2_test_ws/install/cpp_srvcli/share/cpp_srvcli/cmake/cpp_srvcliConfig.cmake
[0.341s] -- Up-to-date: /home/rohamzn/ros2_test_ws/install/cpp_srvcli/share/cpp_srvcli/cmake/cpp_srvcliConfig-version.cmake
[0.341s] -- Up-to-date: /home/rohamzn/ros2_test_ws/install/cpp_srvcli/share/cpp_srvcli/package.xml
[0.390s] Invoked command in '/home/rohamzn/ros2_test_ws/build/cpp_srvcli' returned '0': CMAKE_PREFIX_PATH=${CMAKE_PREFIX_PATH}:/home/rohamzn/ros2_test_ws/install/py_launch_example:/opt/ros/humble CONDA_PROMPT_MODIFIER=(base) /home/rohamzn/.local/bin/cmake --install /home/rohamzn/ros2_test_ws/build/cpp_srvcli
