[0.009s] Invoking command in '/home/rohamzn/ros2_test_ws/build/polygon_base': CMAKE_PREFIX_PATH=/opt/ros/humble CONDA_PROMPT_MODIFIER=(base) /home/rohamzn/.local/bin/cmake /home/rohamzn/ros2_test_ws/src/polygon_base -DCMAKE_INSTALL_PREFIX=/home/rohamzn/ros2_test_ws/install/polygon_base
[0.106s] -- The C compiler identification is GNU 13.1.0
[0.171s] -- The CXX compiler identification is GNU 11.4.0
[0.185s] -- Detecting C compiler ABI info
[0.222s] -- Detecting C compiler ABI info - done
[0.229s] -- Check for working C compiler: /home/rohamzn/anaconda3/bin/cc - skipped
[0.229s] -- Detecting C compile features
[0.229s] -- Detecting C compile features - done
[0.235s] -- Detecting CXX compiler ABI info
[0.274s] -- Detecting CXX compiler ABI info - done
[0.281s] -- Check for working CXX compiler: /usr/bin/c++ - skipped
[0.281s] -- Detecting CXX compile features
[0.281s] -- Detecting CXX compile features - done
[0.284s] -- Found ament_cmake: 1.3.5 (/opt/ros/humble/share/ament_cmake/cmake)
[0.650s] -- Found Python3: /home/rohamzn/anaconda3/bin/python3.10 (found version "3.10.6") found components: Interpreter 
[0.714s] -- Found pluginlib: 5.1.0 (/opt/ros/humble/share/pluginlib/cmake)
[0.747s] -- Found ament_lint_auto: 0.12.7 (/opt/ros/humble/share/ament_lint_auto/cmake)
[0.809s] -- Added test 'cppcheck' to perform static code analysis on C / C++ code
[0.810s] -- Configured cppcheck include dirs: $<BUILD_INTERFACE:/home/rohamzn/ros2_test_ws/src/polygon_base/include>
[0.810s] -- Configured cppcheck exclude dirs and/or files: 
[0.810s] -- Added test 'lint_cmake' to check CMake code style
[0.811s] -- Added test 'uncrustify' to check C / C++ code style
[0.811s] -- Configured uncrustify additional arguments: 
[0.811s] -- Added test 'xmllint' to check XML markup files
[0.813s] -- Configuring done (0.8s)
[0.815s] -- Generating done (0.0s)
[0.816s] -- Build files have been written to: /home/rohamzn/ros2_test_ws/build/polygon_base
[0.821s] Invoked command in '/home/rohamzn/ros2_test_ws/build/polygon_base' returned '0': CMAKE_PREFIX_PATH=/opt/ros/humble CONDA_PROMPT_MODIFIER=(base) /home/rohamzn/.local/bin/cmake /home/rohamzn/ros2_test_ws/src/polygon_base -DCMAKE_INSTALL_PREFIX=/home/rohamzn/ros2_test_ws/install/polygon_base
[0.822s] Invoking command in '/home/rohamzn/ros2_test_ws/build/polygon_base': CMAKE_PREFIX_PATH=/opt/ros/humble CONDA_PROMPT_MODIFIER=(base) /home/rohamzn/.local/bin/cmake --build /home/rohamzn/ros2_test_ws/build/polygon_base -- -j20 -l20
[0.847s] [ 50%] [32mBuilding CXX object CMakeFiles/area_node.dir/src/area_node.cpp.o[0m
[2.191s] [100%] [32m[1mLinking CXX executable area_node[0m
[2.253s] [100%] Built target area_node
[2.259s] Invoked command in '/home/rohamzn/ros2_test_ws/build/polygon_base' returned '0': CMAKE_PREFIX_PATH=/opt/ros/humble CONDA_PROMPT_MODIFIER=(base) /home/rohamzn/.local/bin/cmake --build /home/rohamzn/ros2_test_ws/build/polygon_base -- -j20 -l20
[2.301s] Invoking command in '/home/rohamzn/ros2_test_ws/build/polygon_base': CMAKE_PREFIX_PATH=/opt/ros/humble CONDA_PROMPT_MODIFIER=(base) /home/rohamzn/.local/bin/cmake --install /home/rohamzn/ros2_test_ws/build/polygon_base
[2.315s] -- Install configuration: ""
[2.315s] -- Installing: /home/rohamzn/ros2_test_ws/install/polygon_base/include
[2.315s] -- Installing: /home/rohamzn/ros2_test_ws/install/polygon_base/include/polygon_base
[2.315s] -- Installing: /home/rohamzn/ros2_test_ws/install/polygon_base/include/polygon_base/regular_polygon.hpp
[2.315s] -- Installing: /home/rohamzn/ros2_test_ws/install/polygon_base/lib/polygon_base/area_node
[2.316s] -- Set runtime path of "/home/rohamzn/ros2_test_ws/install/polygon_base/lib/polygon_base/area_node" to ""
[2.316s] -- Installing: /home/rohamzn/ros2_test_ws/install/polygon_base/share/ament_index/resource_index/package_run_dependencies/polygon_base
[2.316s] -- Installing: /home/rohamzn/ros2_test_ws/install/polygon_base/share/ament_index/resource_index/parent_prefix_path/polygon_base
[2.316s] -- Installing: /home/rohamzn/ros2_test_ws/install/polygon_base/share/polygon_base/environment/ament_prefix_path.sh
[2.316s] -- Installing: /home/rohamzn/ros2_test_ws/install/polygon_base/share/polygon_base/environment/ament_prefix_path.dsv
[2.316s] -- Installing: /home/rohamzn/ros2_test_ws/install/polygon_base/share/polygon_base/environment/path.sh
[2.316s] -- Installing: /home/rohamzn/ros2_test_ws/install/polygon_base/share/polygon_base/environment/path.dsv
[2.316s] -- Installing: /home/rohamzn/ros2_test_ws/install/polygon_base/share/polygon_base/local_setup.bash
[2.316s] -- Installing: /home/rohamzn/ros2_test_ws/install/polygon_base/share/polygon_base/local_setup.sh
[2.316s] -- Installing: /home/rohamzn/ros2_test_ws/install/polygon_base/share/polygon_base/local_setup.zsh
[2.316s] -- Installing: /home/rohamzn/ros2_test_ws/install/polygon_base/share/polygon_base/local_setup.dsv
[2.316s] -- Installing: /home/rohamzn/ros2_test_ws/install/polygon_base/share/polygon_base/package.dsv
[2.316s] -- Installing: /home/rohamzn/ros2_test_ws/install/polygon_base/share/ament_index/resource_index/packages/polygon_base
[2.317s] -- Installing: /home/rohamzn/ros2_test_ws/install/polygon_base/share/polygon_base/cmake/ament_cmake_export_include_directories-extras.cmake
[2.317s] -- Installing: /home/rohamzn/ros2_test_ws/install/polygon_base/share/polygon_base/cmake/polygon_baseConfig.cmake
[2.317s] -- Installing: /home/rohamzn/ros2_test_ws/install/polygon_base/share/polygon_base/cmake/polygon_baseConfig-version.cmake
[2.317s] -- Installing: /home/rohamzn/ros2_test_ws/install/polygon_base/share/polygon_base/package.xml
[2.320s] Invoked command in '/home/rohamzn/ros2_test_ws/build/polygon_base' returned '0': CMAKE_PREFIX_PATH=/opt/ros/humble CONDA_PROMPT_MODIFIER=(base) /home/rohamzn/.local/bin/cmake --install /home/rohamzn/ros2_test_ws/build/polygon_base
