[0.593s] Invoking command in '/home/rohamzn/ros2_test_ws/src/py_launch_example': CONDA_PROMPT_MODIFIER=(base) PYTHONPATH=/home/rohamzn/ros2_test_ws/build/py_launch_example/prefix_override:/home/rohamzn/ros2_test_ws/install/py_launch_example/lib/python3.10/site-packages:${PYTHONPATH} /usr/bin/python3 setup.py egg_info --egg-base ../../build/py_launch_example build --build-base /home/rohamzn/ros2_test_ws/build/py_launch_example/build install --record /home/rohamzn/ros2_test_ws/build/py_launch_example/install.log --single-version-externally-managed
[0.744s] running egg_info
[0.744s] creating ../../build/py_launch_example/py_launch_example.egg-info
[0.745s] writing ../../build/py_launch_example/py_launch_example.egg-info/PKG-INFO
[0.745s] writing dependency_links to ../../build/py_launch_example/py_launch_example.egg-info/dependency_links.txt
[0.745s] writing entry points to ../../build/py_launch_example/py_launch_example.egg-info/entry_points.txt
[0.745s] writing requirements to ../../build/py_launch_example/py_launch_example.egg-info/requires.txt
[0.745s] writing top-level names to ../../build/py_launch_example/py_launch_example.egg-info/top_level.txt
[0.745s] writing manifest file '../../build/py_launch_example/py_launch_example.egg-info/SOURCES.txt'
[0.745s] reading manifest file '../../build/py_launch_example/py_launch_example.egg-info/SOURCES.txt'
[0.746s] writing manifest file '../../build/py_launch_example/py_launch_example.egg-info/SOURCES.txt'
[0.746s] running build
[0.746s] running build_py
[0.746s] creating /home/rohamzn/ros2_test_ws/build/py_launch_example/build
[0.746s] creating /home/rohamzn/ros2_test_ws/build/py_launch_example/build/lib
[0.746s] creating /home/rohamzn/ros2_test_ws/build/py_launch_example/build/lib/py_launch_example
[0.746s] copying py_launch_example/__init__.py -> /home/rohamzn/ros2_test_ws/build/py_launch_example/build/lib/py_launch_example
[0.746s] running install
[0.746s] /usr/lib/python3/dist-packages/setuptools/command/install.py:34: SetuptoolsDeprecationWarning: setup.py install is deprecated. Use build and pip and other standards-based tools.
[0.746s]   warnings.warn(
[0.746s] running install_lib
[0.747s] creating /home/rohamzn/ros2_test_ws/install/py_launch_example/lib/python3.10/site-packages/py_launch_example
[0.747s] copying /home/rohamzn/ros2_test_ws/build/py_launch_example/build/lib/py_launch_example/__init__.py -> /home/rohamzn/ros2_test_ws/install/py_launch_example/lib/python3.10/site-packages/py_launch_example
[0.748s] byte-compiling /home/rohamzn/ros2_test_ws/install/py_launch_example/lib/python3.10/site-packages/py_launch_example/__init__.py to __init__.cpython-310.pyc
[0.748s] running install_data
[0.748s] creating /home/rohamzn/ros2_test_ws/install/py_launch_example/share/ament_index
[0.748s] creating /home/rohamzn/ros2_test_ws/install/py_launch_example/share/ament_index/resource_index
[0.748s] creating /home/rohamzn/ros2_test_ws/install/py_launch_example/share/ament_index/resource_index/packages
[0.748s] copying resource/py_launch_example -> /home/rohamzn/ros2_test_ws/install/py_launch_example/share/ament_index/resource_index/packages
[0.748s] copying package.xml -> /home/rohamzn/ros2_test_ws/install/py_launch_example/share/py_launch_example
[0.748s] creating /home/rohamzn/ros2_test_ws/install/py_launch_example/share/py_launch_example/launch
[0.748s] copying launch/my_script_launch.py -> /home/rohamzn/ros2_test_ws/install/py_launch_example/share/py_launch_example/launch
[0.748s] running install_egg_info
[0.749s] Copying ../../build/py_launch_example/py_launch_example.egg-info to /home/rohamzn/ros2_test_ws/install/py_launch_example/lib/python3.10/site-packages/py_launch_example-0.0.0-py3.10.egg-info
[0.749s] running install_scripts
[0.761s] writing list of installed files to '/home/rohamzn/ros2_test_ws/build/py_launch_example/install.log'
[0.774s] Invoked command in '/home/rohamzn/ros2_test_ws/src/py_launch_example' returned '0': CONDA_PROMPT_MODIFIER=(base) PYTHONPATH=/home/rohamzn/ros2_test_ws/build/py_launch_example/prefix_override:/home/rohamzn/ros2_test_ws/install/py_launch_example/lib/python3.10/site-packages:${PYTHONPATH} /usr/bin/python3 setup.py egg_info --egg-base ../../build/py_launch_example build --build-base /home/rohamzn/ros2_test_ws/build/py_launch_example/build install --record /home/rohamzn/ros2_test_ws/build/py_launch_example/install.log --single-version-externally-managed
