[ 25%] Built target action_server
[ 75%] Built target fibonacci_action_client
[ 75%] Built target fibonacci_action_server
[100%] Built target action_client
-- Install configuration: ""
-- Up-to-date: /home/rohamzn/ros2_test_ws/install/action_tutorials_cpp/lib/action_tutorials_cpp/fibonacci_action_client
-- Up-to-date: /home/rohamzn/ros2_test_ws/install/action_tutorials_cpp/lib/libaction_client.so
-- Up-to-date: /home/rohamzn/ros2_test_ws/install/action_tutorials_cpp/lib/action_tutorials_cpp/fibonacci_action_server
-- Up-to-date: /home/rohamzn/ros2_test_ws/install/action_tutorials_cpp/lib/libaction_server.so
-- Up-to-date: /home/rohamzn/ros2_test_ws/install/action_tutorials_cpp/share/ament_index/resource_index/package_run_dependencies/action_tutorials_cpp
-- Up-to-date: /home/rohamzn/ros2_test_ws/install/action_tutorials_cpp/share/ament_index/resource_index/parent_prefix_path/action_tutorials_cpp
-- Up-to-date: /home/rohamzn/ros2_test_ws/install/action_tutorials_cpp/share/action_tutorials_cpp/environment/ament_prefix_path.sh
-- Up-to-date: /home/rohamzn/ros2_test_ws/install/action_tutorials_cpp/share/action_tutorials_cpp/environment/ament_prefix_path.dsv
-- Up-to-date: /home/rohamzn/ros2_test_ws/install/action_tutorials_cpp/share/action_tutorials_cpp/environment/path.sh
-- Up-to-date: /home/rohamzn/ros2_test_ws/install/action_tutorials_cpp/share/action_tutorials_cpp/environment/path.dsv
-- Up-to-date: /home/rohamzn/ros2_test_ws/install/action_tutorials_cpp/share/action_tutorials_cpp/local_setup.bash
-- Up-to-date: /home/rohamzn/ros2_test_ws/install/action_tutorials_cpp/share/action_tutorials_cpp/local_setup.sh
-- Up-to-date: /home/rohamzn/ros2_test_ws/install/action_tutorials_cpp/share/action_tutorials_cpp/local_setup.zsh
-- Up-to-date: /home/rohamzn/ros2_test_ws/install/action_tutorials_cpp/share/action_tutorials_cpp/local_setup.dsv
-- Installing: /home/rohamzn/ros2_test_ws/install/action_tutorials_cpp/share/action_tutorials_cpp/package.dsv
-- Up-to-date: /home/rohamzn/ros2_test_ws/install/action_tutorials_cpp/share/ament_index/resource_index/packages/action_tutorials_cpp
-- Up-to-date: /home/rohamzn/ros2_test_ws/install/action_tutorials_cpp/share/ament_index/resource_index/rclcpp_components/action_tutorials_cpp
-- Up-to-date: /home/rohamzn/ros2_test_ws/install/action_tutorials_cpp/share/action_tutorials_cpp/cmake/action_tutorials_cppConfig.cmake
-- Up-to-date: /home/rohamzn/ros2_test_ws/install/action_tutorials_cpp/share/action_tutorials_cpp/cmake/action_tutorials_cppConfig-version.cmake
-- Up-to-date: /home/rohamzn/ros2_test_ws/install/action_tutorials_cpp/share/action_tutorials_cpp/package.xml
