[0.007s] Invoking command in '/home/rohamzn/ros2_test_ws/build/tutorial_interfaces': CMAKE_PREFIX_PATH=${CMAKE_PREFIX_PATH}:/opt/ros/humble CONDA_PROMPT_MODIFIER=(base) /home/rohamzn/.local/bin/cmake /home/rohamzn/ros2_test_ws/src/tutorial_interfaces -DCMAKE_INSTALL_PREFIX=/home/rohamzn/ros2_test_ws/install/tutorial_interfaces
[0.046s] -- The C compiler identification is GNU 13.1.0
[0.080s] -- The CXX compiler identification is GNU 11.4.0
[0.091s] -- Detecting C compiler ABI info
[0.125s] -- Detecting C compiler ABI info - done
[0.132s] -- Check for working C compiler: /home/rohamzn/anaconda3/bin/cc - skipped
[0.132s] -- Detecting C compile features
[0.133s] -- Detecting C compile features - done
[0.138s] -- Detecting CXX compiler ABI info
[0.177s] -- Detecting CXX compiler ABI info - done
[0.183s] -- Check for working CXX compiler: /usr/bin/c++ - skipped
[0.183s] -- Detecting CXX compile features
[0.183s] -- Detecting CXX compile features - done
[0.185s] -- Found ament_cmake: 1.3.5 (/opt/ros/humble/share/ament_cmake/cmake)
[0.563s] -- Found Python3: /home/rohamzn/anaconda3/bin/python3.10 (found version "3.10.6") found components: Interpreter 
[0.612s] -- Found geometry_msgs: 4.2.3 (/opt/ros/humble/share/geometry_msgs/cmake)
[0.634s] -- Found rosidl_generator_c: 3.1.5 (/opt/ros/humble/share/rosidl_generator_c/cmake)
[0.637s] -- Found rosidl_adapter: 3.1.5 (/opt/ros/humble/share/rosidl_adapter/cmake)
[0.643s] -- Found rosidl_generator_cpp: 3.1.5 (/opt/ros/humble/share/rosidl_generator_cpp/cmake)
[0.653s] -- Using all available rosidl_typesupport_c: rosidl_typesupport_fastrtps_c;rosidl_typesupport_introspection_c
[0.665s] -- Using all available rosidl_typesupport_cpp: rosidl_typesupport_fastrtps_cpp;rosidl_typesupport_introspection_cpp
[0.738s] -- Found rosidl_default_generators: 1.2.0 (/opt/ros/humble/share/rosidl_default_generators/cmake)
[1.011s] -- Found ament_cmake_ros: 0.10.0 (/opt/ros/humble/share/ament_cmake_ros/cmake)
[1.484s] -- Using all available rosidl_typesupport_c: rosidl_typesupport_fastrtps_c;rosidl_typesupport_introspection_c
[1.671s] -- Using all available rosidl_typesupport_cpp: rosidl_typesupport_fastrtps_cpp;rosidl_typesupport_introspection_cpp
[1.672s] [33mCMake Warning (dev) at /opt/ros/humble/share/rosidl_generator_py/cmake/rosidl_generator_py_generate_interfaces.cmake:20 (find_package):
[1.672s]   Policy CMP0148 is not set: The FindPythonInterp and FindPythonLibs modules
[1.672s]   are removed.  Run "cmake --help-policy CMP0148" for policy details.  Use
[1.673s]   the cmake_policy command to set the policy and suppress this warning.
[1.673s] 
[1.673s] Call Stack (most recent call first):
[1.673s]   /opt/ros/humble/share/ament_cmake_core/cmake/core/ament_execute_extensions.cmake:48 (include)
[1.673s]   /opt/ros/humble/share/rosidl_cmake/cmake/rosidl_generate_interfaces.cmake:286 (ament_execute_extensions)
[1.673s]   CMakeLists.txt:17 (rosidl_generate_interfaces)
[1.673s] This warning is for project developers.  Use -Wno-dev to suppress it.
[1.673s] [0m
[1.685s] -- Found PythonInterp: /home/rohamzn/anaconda3/bin/python3 (found suitable version "3.10.6", minimum required is "3.6") 
[1.686s] -- Found python_cmake_module: 0.10.0 (/opt/ros/humble/share/python_cmake_module/cmake)
[1.686s] [33mCMake Warning (dev) at /opt/ros/humble/share/python_cmake_module/cmake/Modules/FindPythonExtra.cmake:52 (find_package):
[1.686s]   Policy CMP0148 is not set: The FindPythonInterp and FindPythonLibs modules
[1.686s]   are removed.  Run "cmake --help-policy CMP0148" for policy details.  Use
[1.686s]   the cmake_policy command to set the policy and suppress this warning.
[1.686s] 
[1.686s] Call Stack (most recent call first):
[1.686s]   /opt/ros/humble/share/rosidl_generator_py/cmake/rosidl_generator_py_generate_interfaces.cmake:23 (find_package)
[1.686s]   /opt/ros/humble/share/ament_cmake_core/cmake/core/ament_execute_extensions.cmake:48 (include)
[1.686s]   /opt/ros/humble/share/rosidl_cmake/cmake/rosidl_generate_interfaces.cmake:286 (ament_execute_extensions)
[1.686s]   CMakeLists.txt:17 (rosidl_generate_interfaces)
[1.686s] This warning is for project developers.  Use -Wno-dev to suppress it.
[1.686s] [0m
[1.698s] [33mCMake Warning (dev) at /opt/ros/humble/share/python_cmake_module/cmake/Modules/FindPythonExtra.cmake:140 (find_package):
[1.698s]   Policy CMP0148 is not set: The FindPythonInterp and FindPythonLibs modules
[1.698s]   are removed.  Run "cmake --help-policy CMP0148" for policy details.  Use
[1.698s]   the cmake_policy command to set the policy and suppress this warning.
[1.698s] 
[1.698s] Call Stack (most recent call first):
[1.698s]   /opt/ros/humble/share/rosidl_generator_py/cmake/rosidl_generator_py_generate_interfaces.cmake:23 (find_package)
[1.698s]   /opt/ros/humble/share/ament_cmake_core/cmake/core/ament_execute_extensions.cmake:48 (include)
[1.698s]   /opt/ros/humble/share/rosidl_cmake/cmake/rosidl_generate_interfaces.cmake:286 (ament_execute_extensions)
[1.698s]   CMakeLists.txt:17 (rosidl_generate_interfaces)
[1.698s] This warning is for project developers.  Use -Wno-dev to suppress it.
[1.698s] [0m
[1.701s] -- Found PythonLibs: /home/rohamzn/anaconda3/lib/libpython3.10.so (found suitable version "3.10.6", minimum required is "3.5") 
[1.701s] -- Using PYTHON_EXECUTABLE: /home/rohamzn/anaconda3/bin/python3
[1.701s] -- Using PYTHON_INCLUDE_DIRS: /home/rohamzn/anaconda3/include/python3.10
[1.701s] -- Using PYTHON_LIBRARIES: /home/rohamzn/anaconda3/lib/libpython3.10.so
[1.713s] -- Found PythonExtra: .so  
[1.803s] -- Using numpy include directory: /home/rohamzn/anaconda3/lib/python3.10/site-packages/numpy/core/include
[1.810s] -- Found ament_lint_auto: 0.12.7 (/opt/ros/humble/share/ament_lint_auto/cmake)
[1.820s] -- Added test 'lint_cmake' to check CMake code style
[1.821s] -- Added test 'xmllint' to check XML markup files
[1.822s] -- Configuring done (1.8s)
[1.842s] -- Generating done (0.0s)
[1.844s] -- Build files have been written to: /home/rohamzn/ros2_test_ws/build/tutorial_interfaces
[1.851s] Invoked command in '/home/rohamzn/ros2_test_ws/build/tutorial_interfaces' returned '0': CMAKE_PREFIX_PATH=${CMAKE_PREFIX_PATH}:/opt/ros/humble CONDA_PROMPT_MODIFIER=(base) /home/rohamzn/.local/bin/cmake /home/rohamzn/ros2_test_ws/src/tutorial_interfaces -DCMAKE_INSTALL_PREFIX=/home/rohamzn/ros2_test_ws/install/tutorial_interfaces
[1.852s] Invoking command in '/home/rohamzn/ros2_test_ws/build/tutorial_interfaces': CMAKE_PREFIX_PATH=${CMAKE_PREFIX_PATH}:/opt/ros/humble CONDA_PROMPT_MODIFIER=(base) /home/rohamzn/.local/bin/cmake --build /home/rohamzn/ros2_test_ws/build/tutorial_interfaces -- -j20 -l20
[1.877s] [  2%] [34m[1mGenerating C code for ROS interfaces[0m
[1.879s] [  4%] [34m[1mGenerating C++ code for ROS interfaces[0m
[1.881s] [  4%] Built target ament_cmake_python_copy_tutorial_interfaces
[1.988s] running egg_info
[1.989s] creating tutorial_interfaces.egg-info
[1.997s] writing tutorial_interfaces.egg-info/PKG-INFO
[1.997s] writing dependency_links to tutorial_interfaces.egg-info/dependency_links.txt
[2.006s] writing top-level names to tutorial_interfaces.egg-info/top_level.txt
[2.006s] writing manifest file 'tutorial_interfaces.egg-info/SOURCES.txt'
[2.032s] reading manifest file 'tutorial_interfaces.egg-info/SOURCES.txt'
[2.032s] writing manifest file 'tutorial_interfaces.egg-info/SOURCES.txt'
[2.044s] [  4%] Built target ament_cmake_python_build_tutorial_interfaces_egg
[2.058s] [  4%] Built target tutorial_interfaces__cpp
[2.060s] [  6%] [34m[1mGenerating C++ type support dispatch for ROS interfaces[0m
[2.060s] [  8%] [34m[1mGenerating C++ introspection for ROS interfaces[0m
[2.061s] [ 10%] [34m[1mGenerating C++ type support for eProsima Fast-RTPS[0m
[2.066s] [ 12%] [32mBuilding C object CMakeFiles/tutorial_interfaces__rosidl_generator_c.dir/rosidl_generator_c/tutorial_interfaces/msg/detail/num__functions.c.o[0m
[2.066s] [ 14%] [32mBuilding C object CMakeFiles/tutorial_interfaces__rosidl_generator_c.dir/rosidl_generator_c/tutorial_interfaces/msg/detail/sphere__functions.c.o[0m
[2.066s] [ 17%] [32mBuilding C object CMakeFiles/tutorial_interfaces__rosidl_generator_c.dir/rosidl_generator_c/tutorial_interfaces/srv/detail/add_three_ints__functions.c.o[0m
[2.097s] [ 19%] [32m[1mLinking C shared library libtutorial_interfaces__rosidl_generator_c.so[0m
[2.112s] [ 19%] Built target tutorial_interfaces__rosidl_generator_c
[2.115s] [ 21%] [34m[1mGenerating C type support for eProsima Fast-RTPS[0m
[2.115s] [ 23%] [34m[1mGenerating C introspection for ROS interfaces[0m
[2.115s] [ 25%] [34m[1mGenerating C type support dispatch for ROS interfaces[0m
[2.205s] [ 27%] [32mBuilding CXX object CMakeFiles/tutorial_interfaces__rosidl_typesupport_cpp.dir/rosidl_typesupport_cpp/tutorial_interfaces/msg/num__type_support.cpp.o[0m
[2.206s] [ 29%] [32mBuilding CXX object CMakeFiles/tutorial_interfaces__rosidl_typesupport_cpp.dir/rosidl_typesupport_cpp/tutorial_interfaces/msg/sphere__type_support.cpp.o[0m
[2.206s] [ 31%] [32mBuilding CXX object CMakeFiles/tutorial_interfaces__rosidl_typesupport_cpp.dir/rosidl_typesupport_cpp/tutorial_interfaces/srv/add_three_ints__type_support.cpp.o[0m
[2.223s] [ 34%] [32mBuilding CXX object CMakeFiles/tutorial_interfaces__rosidl_typesupport_introspection_cpp.dir/rosidl_typesupport_introspection_cpp/tutorial_interfaces/msg/detail/num__type_support.cpp.o[0m
[2.224s] [ 38%] [32mBuilding CXX object CMakeFiles/tutorial_interfaces__rosidl_typesupport_introspection_cpp.dir/rosidl_typesupport_introspection_cpp/tutorial_interfaces/msg/detail/sphere__type_support.cpp.o[0m
[2.224s] [ 38%] [32mBuilding CXX object CMakeFiles/tutorial_interfaces__rosidl_typesupport_introspection_cpp.dir/rosidl_typesupport_introspection_cpp/tutorial_interfaces/srv/detail/add_three_ints__type_support.cpp.o[0m
[2.236s] [ 40%] [32mBuilding CXX object CMakeFiles/tutorial_interfaces__rosidl_typesupport_fastrtps_cpp.dir/rosidl_typesupport_fastrtps_cpp/tutorial_interfaces/msg/detail/dds_fastrtps/num__type_support.cpp.o[0m
[2.237s] [ 42%] [32mBuilding CXX object CMakeFiles/tutorial_interfaces__rosidl_typesupport_fastrtps_cpp.dir/rosidl_typesupport_fastrtps_cpp/tutorial_interfaces/msg/detail/dds_fastrtps/sphere__type_support.cpp.o[0m
[2.237s] [ 44%] [32mBuilding CXX object CMakeFiles/tutorial_interfaces__rosidl_typesupport_fastrtps_cpp.dir/rosidl_typesupport_fastrtps_cpp/tutorial_interfaces/srv/detail/dds_fastrtps/add_three_ints__type_support.cpp.o[0m
[2.266s] [ 46%] [32mBuilding CXX object CMakeFiles/tutorial_interfaces__rosidl_typesupport_c.dir/rosidl_typesupport_c/tutorial_interfaces/msg/num__type_support.cpp.o[0m
[2.267s] [ 48%] [32mBuilding CXX object CMakeFiles/tutorial_interfaces__rosidl_typesupport_c.dir/rosidl_typesupport_c/tutorial_interfaces/msg/sphere__type_support.cpp.o[0m
[2.267s] [ 51%] [32mBuilding CXX object CMakeFiles/tutorial_interfaces__rosidl_typesupport_c.dir/rosidl_typesupport_c/tutorial_interfaces/srv/add_three_ints__type_support.cpp.o[0m
[2.291s] [ 53%] [32m[1mLinking CXX shared library libtutorial_interfaces__rosidl_typesupport_c.so[0m
[2.296s] [ 55%] [32mBuilding C object CMakeFiles/tutorial_interfaces__rosidl_typesupport_introspection_c.dir/rosidl_typesupport_introspection_c/tutorial_interfaces/msg/detail/num__type_support.c.o[0m
[2.296s] [ 57%] [32mBuilding C object CMakeFiles/tutorial_interfaces__rosidl_typesupport_introspection_c.dir/rosidl_typesupport_introspection_c/tutorial_interfaces/msg/detail/sphere__type_support.c.o[0m
[2.297s] [ 59%] [32mBuilding C object CMakeFiles/tutorial_interfaces__rosidl_typesupport_introspection_c.dir/rosidl_typesupport_introspection_c/tutorial_interfaces/srv/detail/add_three_ints__type_support.c.o[0m
[2.301s] [ 63%] [32mBuilding CXX object CMakeFiles/tutorial_interfaces__rosidl_typesupport_fastrtps_c.dir/rosidl_typesupport_fastrtps_c/tutorial_interfaces/msg/detail/num__type_support_c.cpp.o[0m
[2.301s] [ 63%] [32mBuilding CXX object CMakeFiles/tutorial_interfaces__rosidl_typesupport_fastrtps_c.dir/rosidl_typesupport_fastrtps_c/tutorial_interfaces/msg/detail/sphere__type_support_c.cpp.o[0m
[2.301s] [ 65%] [32mBuilding CXX object CMakeFiles/tutorial_interfaces__rosidl_typesupport_fastrtps_c.dir/rosidl_typesupport_fastrtps_c/tutorial_interfaces/srv/detail/add_three_ints__type_support_c.cpp.o[0m
[2.321s] [ 65%] Built target tutorial_interfaces__rosidl_typesupport_c
[2.329s] [ 68%] [32m[1mLinking C shared library libtutorial_interfaces__rosidl_typesupport_introspection_c.so[0m
[2.356s] [ 68%] Built target tutorial_interfaces__rosidl_typesupport_introspection_c
[2.472s] [ 70%] [32m[1mLinking CXX shared library libtutorial_interfaces__rosidl_typesupport_cpp.so[0m
[2.489s] [ 70%] Built target tutorial_interfaces__rosidl_typesupport_cpp
[2.530s] [ 72%] [32m[1mLinking CXX shared library libtutorial_interfaces__rosidl_typesupport_fastrtps_cpp.so[0m
[2.544s] [ 74%] [32m[1mLinking CXX shared library libtutorial_interfaces__rosidl_typesupport_introspection_cpp.so[0m
[2.565s] [ 76%] [32m[1mLinking CXX shared library libtutorial_interfaces__rosidl_typesupport_fastrtps_c.so[0m
[2.566s] [ 76%] Built target tutorial_interfaces__rosidl_typesupport_fastrtps_cpp
[2.573s] [ 76%] Built target tutorial_interfaces__rosidl_typesupport_introspection_cpp
[2.599s] [ 76%] Built target tutorial_interfaces__rosidl_typesupport_fastrtps_c
[2.604s] [ 76%] Built target tutorial_interfaces
[2.610s] [ 78%] [34m[1mGenerating Python code for ROS interfaces[0m
[2.835s] [ 78%] Built target tutorial_interfaces__py
[2.840s] [ 80%] [32mBuilding C object CMakeFiles/tutorial_interfaces__rosidl_generator_py.dir/rosidl_generator_py/tutorial_interfaces/msg/_num_s.c.o[0m
[2.840s] [ 85%] [32mBuilding C object CMakeFiles/tutorial_interfaces__rosidl_generator_py.dir/rosidl_generator_py/tutorial_interfaces/srv/_add_three_ints_s.c.o[0m
[2.840s] [ 85%] [32mBuilding C object CMakeFiles/tutorial_interfaces__rosidl_generator_py.dir/rosidl_generator_py/tutorial_interfaces/msg/_sphere_s.c.o[0m
[2.884s] [ 87%] [32m[1mLinking C shared library rosidl_generator_py/tutorial_interfaces/libtutorial_interfaces__rosidl_generator_py.so[0m
[2.900s] [ 87%] Built target tutorial_interfaces__rosidl_generator_py
[2.905s] [ 89%] [32mBuilding C object CMakeFiles/tutorial_interfaces__rosidl_typesupport_introspection_c__pyext.dir/rosidl_generator_py/tutorial_interfaces/_tutorial_interfaces_s.ep.rosidl_typesupport_introspection_c.c.o[0m
[2.905s] [ 91%] [32mBuilding C object CMakeFiles/tutorial_interfaces__rosidl_typesupport_fastrtps_c__pyext.dir/rosidl_generator_py/tutorial_interfaces/_tutorial_interfaces_s.ep.rosidl_typesupport_fastrtps_c.c.o[0m
[2.905s] [ 93%] [32mBuilding C object CMakeFiles/tutorial_interfaces__rosidl_typesupport_c__pyext.dir/rosidl_generator_py/tutorial_interfaces/_tutorial_interfaces_s.ep.rosidl_typesupport_c.c.o[0m
[2.948s] [ 97%] [32m[1mLinking C shared library rosidl_generator_py/tutorial_interfaces/tutorial_interfaces_s__rosidl_typesupport_c.cpython-310-x86_64-linux-gnu.so[0m
[2.948s] [ 97%] [32m[1mLinking C shared library rosidl_generator_py/tutorial_interfaces/tutorial_interfaces_s__rosidl_typesupport_fastrtps_c.cpython-310-x86_64-linux-gnu.so[0m
[2.948s] [100%] [32m[1mLinking C shared library rosidl_generator_py/tutorial_interfaces/tutorial_interfaces_s__rosidl_typesupport_introspection_c.cpython-310-x86_64-linux-gnu.so[0m
[2.967s] [100%] Built target tutorial_interfaces__rosidl_typesupport_introspection_c__pyext
[2.968s] [100%] Built target tutorial_interfaces__rosidl_typesupport_fastrtps_c__pyext
[2.968s] [100%] Built target tutorial_interfaces__rosidl_typesupport_c__pyext
[2.973s] Invoked command in '/home/rohamzn/ros2_test_ws/build/tutorial_interfaces' returned '0': CMAKE_PREFIX_PATH=${CMAKE_PREFIX_PATH}:/opt/ros/humble CONDA_PROMPT_MODIFIER=(base) /home/rohamzn/.local/bin/cmake --build /home/rohamzn/ros2_test_ws/build/tutorial_interfaces -- -j20 -l20
[3.059s] Invoking command in '/home/rohamzn/ros2_test_ws/build/tutorial_interfaces': CMAKE_PREFIX_PATH=${CMAKE_PREFIX_PATH}:/opt/ros/humble CONDA_PROMPT_MODIFIER=(base) /home/rohamzn/.local/bin/cmake --install /home/rohamzn/ros2_test_ws/build/tutorial_interfaces
[3.075s] -- Install configuration: ""
[3.075s] -- Installing: /home/rohamzn/ros2_test_ws/install/tutorial_interfaces/share/ament_index/resource_index/rosidl_interfaces/tutorial_interfaces
[3.075s] -- Installing: /home/rohamzn/ros2_test_ws/install/tutorial_interfaces/include/tutorial_interfaces/tutorial_interfaces
[3.075s] -- Installing: /home/rohamzn/ros2_test_ws/install/tutorial_interfaces/include/tutorial_interfaces/tutorial_interfaces/msg
[3.075s] -- Installing: /home/rohamzn/ros2_test_ws/install/tutorial_interfaces/include/tutorial_interfaces/tutorial_interfaces/msg/detail
[3.075s] -- Installing: /home/rohamzn/ros2_test_ws/install/tutorial_interfaces/include/tutorial_interfaces/tutorial_interfaces/msg/detail/sphere__functions.c
[3.075s] -- Installing: /home/rohamzn/ros2_test_ws/install/tutorial_interfaces/include/tutorial_interfaces/tutorial_interfaces/msg/detail/sphere__functions.h
[3.075s] -- Installing: /home/rohamzn/ros2_test_ws/install/tutorial_interfaces/include/tutorial_interfaces/tutorial_interfaces/msg/detail/num__functions.h
[3.075s] -- Installing: /home/rohamzn/ros2_test_ws/install/tutorial_interfaces/include/tutorial_interfaces/tutorial_interfaces/msg/detail/num__struct.h
[3.075s] -- Installing: /home/rohamzn/ros2_test_ws/install/tutorial_interfaces/include/tutorial_interfaces/tutorial_interfaces/msg/detail/num__type_support.h
[3.076s] -- Installing: /home/rohamzn/ros2_test_ws/install/tutorial_interfaces/include/tutorial_interfaces/tutorial_interfaces/msg/detail/num__functions.c
[3.076s] -- Installing: /home/rohamzn/ros2_test_ws/install/tutorial_interfaces/include/tutorial_interfaces/tutorial_interfaces/msg/detail/sphere__type_support.h
[3.076s] -- Installing: /home/rohamzn/ros2_test_ws/install/tutorial_interfaces/include/tutorial_interfaces/tutorial_interfaces/msg/detail/sphere__struct.h
[3.076s] -- Installing: /home/rohamzn/ros2_test_ws/install/tutorial_interfaces/include/tutorial_interfaces/tutorial_interfaces/msg/rosidl_generator_c__visibility_control.h
[3.076s] -- Installing: /home/rohamzn/ros2_test_ws/install/tutorial_interfaces/include/tutorial_interfaces/tutorial_interfaces/msg/num.h
[3.076s] -- Installing: /home/rohamzn/ros2_test_ws/install/tutorial_interfaces/include/tutorial_interfaces/tutorial_interfaces/msg/sphere.h
[3.076s] -- Installing: /home/rohamzn/ros2_test_ws/install/tutorial_interfaces/include/tutorial_interfaces/tutorial_interfaces/srv
[3.076s] -- Installing: /home/rohamzn/ros2_test_ws/install/tutorial_interfaces/include/tutorial_interfaces/tutorial_interfaces/srv/detail
[3.076s] -- Installing: /home/rohamzn/ros2_test_ws/install/tutorial_interfaces/include/tutorial_interfaces/tutorial_interfaces/srv/detail/add_three_ints__struct.h
[3.076s] -- Installing: /home/rohamzn/ros2_test_ws/install/tutorial_interfaces/include/tutorial_interfaces/tutorial_interfaces/srv/detail/add_three_ints__type_support.h
[3.076s] -- Installing: /home/rohamzn/ros2_test_ws/install/tutorial_interfaces/include/tutorial_interfaces/tutorial_interfaces/srv/detail/add_three_ints__functions.h
[3.076s] -- Installing: /home/rohamzn/ros2_test_ws/install/tutorial_interfaces/include/tutorial_interfaces/tutorial_interfaces/srv/detail/add_three_ints__functions.c
[3.076s] -- Installing: /home/rohamzn/ros2_test_ws/install/tutorial_interfaces/include/tutorial_interfaces/tutorial_interfaces/srv/add_three_ints.h
[3.076s] -- Installing: /home/rohamzn/ros2_test_ws/install/tutorial_interfaces/share/tutorial_interfaces/environment/library_path.sh
[3.077s] -- Installing: /home/rohamzn/ros2_test_ws/install/tutorial_interfaces/share/tutorial_interfaces/environment/library_path.dsv
[3.077s] -- Installing: /home/rohamzn/ros2_test_ws/install/tutorial_interfaces/lib/libtutorial_interfaces__rosidl_generator_c.so
[3.077s] -- Set runtime path of "/home/rohamzn/ros2_test_ws/install/tutorial_interfaces/lib/libtutorial_interfaces__rosidl_generator_c.so" to ""
[3.077s] -- Up-to-date: /home/rohamzn/ros2_test_ws/install/tutorial_interfaces/include/tutorial_interfaces/tutorial_interfaces
[3.077s] -- Up-to-date: /home/rohamzn/ros2_test_ws/install/tutorial_interfaces/include/tutorial_interfaces/tutorial_interfaces/msg
[3.077s] -- Up-to-date: /home/rohamzn/ros2_test_ws/install/tutorial_interfaces/include/tutorial_interfaces/tutorial_interfaces/msg/detail
[3.077s] -- Installing: /home/rohamzn/ros2_test_ws/install/tutorial_interfaces/include/tutorial_interfaces/tutorial_interfaces/msg/detail/sphere__rosidl_typesupport_fastrtps_c.h
[3.077s] -- Installing: /home/rohamzn/ros2_test_ws/install/tutorial_interfaces/include/tutorial_interfaces/tutorial_interfaces/msg/detail/num__rosidl_typesupport_fastrtps_c.h
[3.077s] -- Installing: /home/rohamzn/ros2_test_ws/install/tutorial_interfaces/include/tutorial_interfaces/tutorial_interfaces/msg/rosidl_typesupport_fastrtps_c__visibility_control.h
[3.077s] -- Up-to-date: /home/rohamzn/ros2_test_ws/install/tutorial_interfaces/include/tutorial_interfaces/tutorial_interfaces/srv
[3.077s] -- Up-to-date: /home/rohamzn/ros2_test_ws/install/tutorial_interfaces/include/tutorial_interfaces/tutorial_interfaces/srv/detail
[3.077s] -- Installing: /home/rohamzn/ros2_test_ws/install/tutorial_interfaces/include/tutorial_interfaces/tutorial_interfaces/srv/detail/add_three_ints__rosidl_typesupport_fastrtps_c.h
[3.077s] -- Installing: /home/rohamzn/ros2_test_ws/install/tutorial_interfaces/lib/libtutorial_interfaces__rosidl_typesupport_fastrtps_c.so
[3.077s] -- Set runtime path of "/home/rohamzn/ros2_test_ws/install/tutorial_interfaces/lib/libtutorial_interfaces__rosidl_typesupport_fastrtps_c.so" to ""
[3.077s] -- Up-to-date: /home/rohamzn/ros2_test_ws/install/tutorial_interfaces/include/tutorial_interfaces/tutorial_interfaces
[3.077s] -- Up-to-date: /home/rohamzn/ros2_test_ws/install/tutorial_interfaces/include/tutorial_interfaces/tutorial_interfaces/msg
[3.077s] -- Up-to-date: /home/rohamzn/ros2_test_ws/install/tutorial_interfaces/include/tutorial_interfaces/tutorial_interfaces/msg/detail
[3.077s] -- Installing: /home/rohamzn/ros2_test_ws/install/tutorial_interfaces/include/tutorial_interfaces/tutorial_interfaces/msg/detail/sphere__builder.hpp
[3.077s] -- Installing: /home/rohamzn/ros2_test_ws/install/tutorial_interfaces/include/tutorial_interfaces/tutorial_interfaces/msg/detail/sphere__traits.hpp
[3.077s] -- Installing: /home/rohamzn/ros2_test_ws/install/tutorial_interfaces/include/tutorial_interfaces/tutorial_interfaces/msg/detail/num__builder.hpp
[3.078s] -- Installing: /home/rohamzn/ros2_test_ws/install/tutorial_interfaces/include/tutorial_interfaces/tutorial_interfaces/msg/detail/num__struct.hpp
[3.078s] -- Installing: /home/rohamzn/ros2_test_ws/install/tutorial_interfaces/include/tutorial_interfaces/tutorial_interfaces/msg/detail/sphere__struct.hpp
[3.078s] -- Installing: /home/rohamzn/ros2_test_ws/install/tutorial_interfaces/include/tutorial_interfaces/tutorial_interfaces/msg/detail/num__traits.hpp
[3.078s] -- Installing: /home/rohamzn/ros2_test_ws/install/tutorial_interfaces/include/tutorial_interfaces/tutorial_interfaces/msg/sphere.hpp
[3.078s] -- Installing: /home/rohamzn/ros2_test_ws/install/tutorial_interfaces/include/tutorial_interfaces/tutorial_interfaces/msg/num.hpp
[3.078s] -- Up-to-date: /home/rohamzn/ros2_test_ws/install/tutorial_interfaces/include/tutorial_interfaces/tutorial_interfaces/srv
[3.078s] -- Installing: /home/rohamzn/ros2_test_ws/install/tutorial_interfaces/include/tutorial_interfaces/tutorial_interfaces/srv/add_three_ints.hpp
[3.078s] -- Up-to-date: /home/rohamzn/ros2_test_ws/install/tutorial_interfaces/include/tutorial_interfaces/tutorial_interfaces/srv/detail
[3.078s] -- Installing: /home/rohamzn/ros2_test_ws/install/tutorial_interfaces/include/tutorial_interfaces/tutorial_interfaces/srv/detail/add_three_ints__struct.hpp
[3.078s] -- Installing: /home/rohamzn/ros2_test_ws/install/tutorial_interfaces/include/tutorial_interfaces/tutorial_interfaces/srv/detail/add_three_ints__traits.hpp
[3.078s] -- Installing: /home/rohamzn/ros2_test_ws/install/tutorial_interfaces/include/tutorial_interfaces/tutorial_interfaces/srv/detail/add_three_ints__builder.hpp
[3.078s] -- Up-to-date: /home/rohamzn/ros2_test_ws/install/tutorial_interfaces/include/tutorial_interfaces/tutorial_interfaces
[3.078s] -- Up-to-date: /home/rohamzn/ros2_test_ws/install/tutorial_interfaces/include/tutorial_interfaces/tutorial_interfaces/msg
[3.078s] -- Up-to-date: /home/rohamzn/ros2_test_ws/install/tutorial_interfaces/include/tutorial_interfaces/tutorial_interfaces/msg/detail
[3.078s] -- Installing: /home/rohamzn/ros2_test_ws/install/tutorial_interfaces/include/tutorial_interfaces/tutorial_interfaces/msg/detail/dds_fastrtps
[3.078s] -- Installing: /home/rohamzn/ros2_test_ws/install/tutorial_interfaces/include/tutorial_interfaces/tutorial_interfaces/msg/detail/sphere__rosidl_typesupport_fastrtps_cpp.hpp
[3.078s] -- Installing: /home/rohamzn/ros2_test_ws/install/tutorial_interfaces/include/tutorial_interfaces/tutorial_interfaces/msg/detail/num__rosidl_typesupport_fastrtps_cpp.hpp
[3.078s] -- Installing: /home/rohamzn/ros2_test_ws/install/tutorial_interfaces/include/tutorial_interfaces/tutorial_interfaces/msg/rosidl_typesupport_fastrtps_cpp__visibility_control.h
[3.078s] -- Up-to-date: /home/rohamzn/ros2_test_ws/install/tutorial_interfaces/include/tutorial_interfaces/tutorial_interfaces/srv
[3.078s] -- Up-to-date: /home/rohamzn/ros2_test_ws/install/tutorial_interfaces/include/tutorial_interfaces/tutorial_interfaces/srv/detail
[3.078s] -- Installing: /home/rohamzn/ros2_test_ws/install/tutorial_interfaces/include/tutorial_interfaces/tutorial_interfaces/srv/detail/add_three_ints__rosidl_typesupport_fastrtps_cpp.hpp
[3.078s] -- Installing: /home/rohamzn/ros2_test_ws/install/tutorial_interfaces/include/tutorial_interfaces/tutorial_interfaces/srv/detail/dds_fastrtps
[3.078s] -- Installing: /home/rohamzn/ros2_test_ws/install/tutorial_interfaces/lib/libtutorial_interfaces__rosidl_typesupport_fastrtps_cpp.so
[3.078s] -- Set runtime path of "/home/rohamzn/ros2_test_ws/install/tutorial_interfaces/lib/libtutorial_interfaces__rosidl_typesupport_fastrtps_cpp.so" to ""
[3.078s] -- Up-to-date: /home/rohamzn/ros2_test_ws/install/tutorial_interfaces/include/tutorial_interfaces/tutorial_interfaces
[3.078s] -- Up-to-date: /home/rohamzn/ros2_test_ws/install/tutorial_interfaces/include/tutorial_interfaces/tutorial_interfaces/msg
[3.078s] -- Up-to-date: /home/rohamzn/ros2_test_ws/install/tutorial_interfaces/include/tutorial_interfaces/tutorial_interfaces/msg/detail
[3.078s] -- Installing: /home/rohamzn/ros2_test_ws/install/tutorial_interfaces/include/tutorial_interfaces/tutorial_interfaces/msg/detail/num__type_support.c
[3.078s] -- Installing: /home/rohamzn/ros2_test_ws/install/tutorial_interfaces/include/tutorial_interfaces/tutorial_interfaces/msg/detail/sphere__rosidl_typesupport_introspection_c.h
[3.078s] -- Installing: /home/rohamzn/ros2_test_ws/install/tutorial_interfaces/include/tutorial_interfaces/tutorial_interfaces/msg/detail/sphere__type_support.c
[3.078s] -- Installing: /home/rohamzn/ros2_test_ws/install/tutorial_interfaces/include/tutorial_interfaces/tutorial_interfaces/msg/detail/num__rosidl_typesupport_introspection_c.h
[3.078s] -- Installing: /home/rohamzn/ros2_test_ws/install/tutorial_interfaces/include/tutorial_interfaces/tutorial_interfaces/msg/rosidl_typesupport_introspection_c__visibility_control.h
[3.078s] -- Up-to-date: /home/rohamzn/ros2_test_ws/install/tutorial_interfaces/include/tutorial_interfaces/tutorial_interfaces/srv
[3.078s] -- Up-to-date: /home/rohamzn/ros2_test_ws/install/tutorial_interfaces/include/tutorial_interfaces/tutorial_interfaces/srv/detail
[3.078s] -- Installing: /home/rohamzn/ros2_test_ws/install/tutorial_interfaces/include/tutorial_interfaces/tutorial_interfaces/srv/detail/add_three_ints__rosidl_typesupport_introspection_c.h
[3.078s] -- Installing: /home/rohamzn/ros2_test_ws/install/tutorial_interfaces/include/tutorial_interfaces/tutorial_interfaces/srv/detail/add_three_ints__type_support.c
[3.079s] -- Installing: /home/rohamzn/ros2_test_ws/install/tutorial_interfaces/lib/libtutorial_interfaces__rosidl_typesupport_introspection_c.so
[3.079s] -- Set runtime path of "/home/rohamzn/ros2_test_ws/install/tutorial_interfaces/lib/libtutorial_interfaces__rosidl_typesupport_introspection_c.so" to ""
[3.079s] -- Installing: /home/rohamzn/ros2_test_ws/install/tutorial_interfaces/lib/libtutorial_interfaces__rosidl_typesupport_c.so
[3.079s] -- Set runtime path of "/home/rohamzn/ros2_test_ws/install/tutorial_interfaces/lib/libtutorial_interfaces__rosidl_typesupport_c.so" to ""
[3.079s] -- Up-to-date: /home/rohamzn/ros2_test_ws/install/tutorial_interfaces/include/tutorial_interfaces/tutorial_interfaces
[3.079s] -- Up-to-date: /home/rohamzn/ros2_test_ws/install/tutorial_interfaces/include/tutorial_interfaces/tutorial_interfaces/msg
[3.079s] -- Up-to-date: /home/rohamzn/ros2_test_ws/install/tutorial_interfaces/include/tutorial_interfaces/tutorial_interfaces/msg/detail
[3.079s] -- Installing: /home/rohamzn/ros2_test_ws/install/tutorial_interfaces/include/tutorial_interfaces/tutorial_interfaces/msg/detail/sphere__rosidl_typesupport_introspection_cpp.hpp
[3.079s] -- Installing: /home/rohamzn/ros2_test_ws/install/tutorial_interfaces/include/tutorial_interfaces/tutorial_interfaces/msg/detail/sphere__type_support.cpp
[3.079s] -- Installing: /home/rohamzn/ros2_test_ws/install/tutorial_interfaces/include/tutorial_interfaces/tutorial_interfaces/msg/detail/num__type_support.cpp
[3.079s] -- Installing: /home/rohamzn/ros2_test_ws/install/tutorial_interfaces/include/tutorial_interfaces/tutorial_interfaces/msg/detail/num__rosidl_typesupport_introspection_cpp.hpp
[3.079s] -- Up-to-date: /home/rohamzn/ros2_test_ws/install/tutorial_interfaces/include/tutorial_interfaces/tutorial_interfaces/srv
[3.079s] -- Up-to-date: /home/rohamzn/ros2_test_ws/install/tutorial_interfaces/include/tutorial_interfaces/tutorial_interfaces/srv/detail
[3.079s] -- Installing: /home/rohamzn/ros2_test_ws/install/tutorial_interfaces/include/tutorial_interfaces/tutorial_interfaces/srv/detail/add_three_ints__type_support.cpp
[3.079s] -- Installing: /home/rohamzn/ros2_test_ws/install/tutorial_interfaces/include/tutorial_interfaces/tutorial_interfaces/srv/detail/add_three_ints__rosidl_typesupport_introspection_cpp.hpp
[3.079s] -- Installing: /home/rohamzn/ros2_test_ws/install/tutorial_interfaces/lib/libtutorial_interfaces__rosidl_typesupport_introspection_cpp.so
[3.079s] -- Set runtime path of "/home/rohamzn/ros2_test_ws/install/tutorial_interfaces/lib/libtutorial_interfaces__rosidl_typesupport_introspection_cpp.so" to ""
[3.079s] -- Installing: /home/rohamzn/ros2_test_ws/install/tutorial_interfaces/lib/libtutorial_interfaces__rosidl_typesupport_cpp.so
[3.079s] -- Set runtime path of "/home/rohamzn/ros2_test_ws/install/tutorial_interfaces/lib/libtutorial_interfaces__rosidl_typesupport_cpp.so" to ""
[3.079s] -- Installing: /home/rohamzn/ros2_test_ws/install/tutorial_interfaces/share/tutorial_interfaces/environment/pythonpath.sh
[3.079s] -- Installing: /home/rohamzn/ros2_test_ws/install/tutorial_interfaces/share/tutorial_interfaces/environment/pythonpath.dsv
[3.079s] -- Installing: /home/rohamzn/ros2_test_ws/install/tutorial_interfaces/lib/python3.10/site-packages/tutorial_interfaces-0.0.0-py3.10.egg-info
[3.079s] -- Installing: /home/rohamzn/ros2_test_ws/install/tutorial_interfaces/lib/python3.10/site-packages/tutorial_interfaces-0.0.0-py3.10.egg-info/dependency_links.txt
[3.079s] -- Installing: /home/rohamzn/ros2_test_ws/install/tutorial_interfaces/lib/python3.10/site-packages/tutorial_interfaces-0.0.0-py3.10.egg-info/top_level.txt
[3.079s] -- Installing: /home/rohamzn/ros2_test_ws/install/tutorial_interfaces/lib/python3.10/site-packages/tutorial_interfaces-0.0.0-py3.10.egg-info/SOURCES.txt
[3.079s] -- Installing: /home/rohamzn/ros2_test_ws/install/tutorial_interfaces/lib/python3.10/site-packages/tutorial_interfaces-0.0.0-py3.10.egg-info/PKG-INFO
[3.079s] -- Installing: /home/rohamzn/ros2_test_ws/install/tutorial_interfaces/lib/python3.10/site-packages/tutorial_interfaces
[3.079s] -- Installing: /home/rohamzn/ros2_test_ws/install/tutorial_interfaces/lib/python3.10/site-packages/tutorial_interfaces/msg
[3.079s] -- Installing: /home/rohamzn/ros2_test_ws/install/tutorial_interfaces/lib/python3.10/site-packages/tutorial_interfaces/msg/_sphere.py
[3.079s] -- Installing: /home/rohamzn/ros2_test_ws/install/tutorial_interfaces/lib/python3.10/site-packages/tutorial_interfaces/msg/__init__.py
[3.079s] -- Installing: /home/rohamzn/ros2_test_ws/install/tutorial_interfaces/lib/python3.10/site-packages/tutorial_interfaces/msg/_num.py
[3.079s] -- Installing: /home/rohamzn/ros2_test_ws/install/tutorial_interfaces/lib/python3.10/site-packages/tutorial_interfaces/msg/_num_s.c
[3.079s] -- Installing: /home/rohamzn/ros2_test_ws/install/tutorial_interfaces/lib/python3.10/site-packages/tutorial_interfaces/msg/_sphere_s.c
[3.079s] -- Installing: /home/rohamzn/ros2_test_ws/install/tutorial_interfaces/lib/python3.10/site-packages/tutorial_interfaces/tutorial_interfaces_s__rosidl_typesupport_introspection_c.cpython-310-x86_64-linux-gnu.so
[3.079s] -- Installing: /home/rohamzn/ros2_test_ws/install/tutorial_interfaces/lib/python3.10/site-packages/tutorial_interfaces/__init__.py
[3.079s] -- Installing: /home/rohamzn/ros2_test_ws/install/tutorial_interfaces/lib/python3.10/site-packages/tutorial_interfaces/libtutorial_interfaces__rosidl_generator_py.so
[3.079s] -- Installing: /home/rohamzn/ros2_test_ws/install/tutorial_interfaces/lib/python3.10/site-packages/tutorial_interfaces/srv
[3.079s] -- Installing: /home/rohamzn/ros2_test_ws/install/tutorial_interfaces/lib/python3.10/site-packages/tutorial_interfaces/srv/_add_three_ints.py
[3.079s] -- Installing: /home/rohamzn/ros2_test_ws/install/tutorial_interfaces/lib/python3.10/site-packages/tutorial_interfaces/srv/__init__.py
[3.079s] -- Installing: /home/rohamzn/ros2_test_ws/install/tutorial_interfaces/lib/python3.10/site-packages/tutorial_interfaces/srv/_add_three_ints_s.c
[3.079s] -- Installing: /home/rohamzn/ros2_test_ws/install/tutorial_interfaces/lib/python3.10/site-packages/tutorial_interfaces/_tutorial_interfaces_s.ep.rosidl_typesupport_c.c
[3.079s] -- Installing: /home/rohamzn/ros2_test_ws/install/tutorial_interfaces/lib/python3.10/site-packages/tutorial_interfaces/tutorial_interfaces_s__rosidl_typesupport_c.cpython-310-x86_64-linux-gnu.so
[3.080s] -- Installing: /home/rohamzn/ros2_test_ws/install/tutorial_interfaces/lib/python3.10/site-packages/tutorial_interfaces/tutorial_interfaces_s__rosidl_typesupport_fastrtps_c.cpython-310-x86_64-linux-gnu.so
[3.080s] -- Installing: /home/rohamzn/ros2_test_ws/install/tutorial_interfaces/lib/python3.10/site-packages/tutorial_interfaces/_tutorial_interfaces_s.ep.rosidl_typesupport_introspection_c.c
[3.080s] -- Installing: /home/rohamzn/ros2_test_ws/install/tutorial_interfaces/lib/python3.10/site-packages/tutorial_interfaces/_tutorial_interfaces_s.ep.rosidl_typesupport_fastrtps_c.c
[3.101s] Listing '/home/rohamzn/ros2_test_ws/install/tutorial_interfaces/lib/python3.10/site-packages/tutorial_interfaces'...
[3.101s] Compiling '/home/rohamzn/ros2_test_ws/install/tutorial_interfaces/lib/python3.10/site-packages/tutorial_interfaces/__init__.py'...
[3.101s] Listing '/home/rohamzn/ros2_test_ws/install/tutorial_interfaces/lib/python3.10/site-packages/tutorial_interfaces/msg'...
[3.101s] Compiling '/home/rohamzn/ros2_test_ws/install/tutorial_interfaces/lib/python3.10/site-packages/tutorial_interfaces/msg/__init__.py'...
[3.101s] Compiling '/home/rohamzn/ros2_test_ws/install/tutorial_interfaces/lib/python3.10/site-packages/tutorial_interfaces/msg/_num.py'...
[3.101s] Compiling '/home/rohamzn/ros2_test_ws/install/tutorial_interfaces/lib/python3.10/site-packages/tutorial_interfaces/msg/_sphere.py'...
[3.101s] Listing '/home/rohamzn/ros2_test_ws/install/tutorial_interfaces/lib/python3.10/site-packages/tutorial_interfaces/srv'...
[3.101s] Compiling '/home/rohamzn/ros2_test_ws/install/tutorial_interfaces/lib/python3.10/site-packages/tutorial_interfaces/srv/__init__.py'...
[3.101s] Compiling '/home/rohamzn/ros2_test_ws/install/tutorial_interfaces/lib/python3.10/site-packages/tutorial_interfaces/srv/_add_three_ints.py'...
[3.103s] -- Installing: /home/rohamzn/ros2_test_ws/install/tutorial_interfaces/lib/python3.10/site-packages/tutorial_interfaces/tutorial_interfaces_s__rosidl_typesupport_fastrtps_c.cpython-310-x86_64-linux-gnu.so
[3.103s] -- Set runtime path of "/home/rohamzn/ros2_test_ws/install/tutorial_interfaces/lib/python3.10/site-packages/tutorial_interfaces/tutorial_interfaces_s__rosidl_typesupport_fastrtps_c.cpython-310-x86_64-linux-gnu.so" to ""
[3.103s] -- Installing: /home/rohamzn/ros2_test_ws/install/tutorial_interfaces/lib/python3.10/site-packages/tutorial_interfaces/tutorial_interfaces_s__rosidl_typesupport_introspection_c.cpython-310-x86_64-linux-gnu.so
[3.103s] -- Set runtime path of "/home/rohamzn/ros2_test_ws/install/tutorial_interfaces/lib/python3.10/site-packages/tutorial_interfaces/tutorial_interfaces_s__rosidl_typesupport_introspection_c.cpython-310-x86_64-linux-gnu.so" to ""
[3.104s] -- Installing: /home/rohamzn/ros2_test_ws/install/tutorial_interfaces/lib/python3.10/site-packages/tutorial_interfaces/tutorial_interfaces_s__rosidl_typesupport_c.cpython-310-x86_64-linux-gnu.so
[3.104s] -- Set runtime path of "/home/rohamzn/ros2_test_ws/install/tutorial_interfaces/lib/python3.10/site-packages/tutorial_interfaces/tutorial_interfaces_s__rosidl_typesupport_c.cpython-310-x86_64-linux-gnu.so" to ""
[3.104s] -- Installing: /home/rohamzn/ros2_test_ws/install/tutorial_interfaces/lib/libtutorial_interfaces__rosidl_generator_py.so
[3.104s] -- Set runtime path of "/home/rohamzn/ros2_test_ws/install/tutorial_interfaces/lib/libtutorial_interfaces__rosidl_generator_py.so" to ""
[3.104s] -- Installing: /home/rohamzn/ros2_test_ws/install/tutorial_interfaces/share/tutorial_interfaces/msg/Num.idl
[3.104s] -- Installing: /home/rohamzn/ros2_test_ws/install/tutorial_interfaces/share/tutorial_interfaces/msg/Sphere.idl
[3.104s] -- Installing: /home/rohamzn/ros2_test_ws/install/tutorial_interfaces/share/tutorial_interfaces/srv/AddThreeInts.idl
[3.104s] -- Installing: /home/rohamzn/ros2_test_ws/install/tutorial_interfaces/share/tutorial_interfaces/msg/Num.msg
[3.104s] -- Installing: /home/rohamzn/ros2_test_ws/install/tutorial_interfaces/share/tutorial_interfaces/msg/Sphere.msg
[3.104s] -- Installing: /home/rohamzn/ros2_test_ws/install/tutorial_interfaces/share/tutorial_interfaces/srv/AddThreeInts.srv
[3.104s] -- Installing: /home/rohamzn/ros2_test_ws/install/tutorial_interfaces/share/tutorial_interfaces/srv/AddThreeInts_Request.msg
[3.104s] -- Installing: /home/rohamzn/ros2_test_ws/install/tutorial_interfaces/share/tutorial_interfaces/srv/AddThreeInts_Response.msg
[3.104s] -- Installing: /home/rohamzn/ros2_test_ws/install/tutorial_interfaces/share/ament_index/resource_index/package_run_dependencies/tutorial_interfaces
[3.104s] -- Installing: /home/rohamzn/ros2_test_ws/install/tutorial_interfaces/share/ament_index/resource_index/parent_prefix_path/tutorial_interfaces
[3.104s] -- Installing: /home/rohamzn/ros2_test_ws/install/tutorial_interfaces/share/tutorial_interfaces/environment/ament_prefix_path.sh
[3.104s] -- Installing: /home/rohamzn/ros2_test_ws/install/tutorial_interfaces/share/tutorial_interfaces/environment/ament_prefix_path.dsv
[3.104s] -- Installing: /home/rohamzn/ros2_test_ws/install/tutorial_interfaces/share/tutorial_interfaces/environment/path.sh
[3.104s] -- Installing: /home/rohamzn/ros2_test_ws/install/tutorial_interfaces/share/tutorial_interfaces/environment/path.dsv
[3.105s] -- Installing: /home/rohamzn/ros2_test_ws/install/tutorial_interfaces/share/tutorial_interfaces/local_setup.bash
[3.105s] -- Installing: /home/rohamzn/ros2_test_ws/install/tutorial_interfaces/share/tutorial_interfaces/local_setup.sh
[3.105s] -- Installing: /home/rohamzn/ros2_test_ws/install/tutorial_interfaces/share/tutorial_interfaces/local_setup.zsh
[3.105s] -- Installing: /home/rohamzn/ros2_test_ws/install/tutorial_interfaces/share/tutorial_interfaces/local_setup.dsv
[3.105s] -- Installing: /home/rohamzn/ros2_test_ws/install/tutorial_interfaces/share/tutorial_interfaces/package.dsv
[3.105s] -- Installing: /home/rohamzn/ros2_test_ws/install/tutorial_interfaces/share/ament_index/resource_index/packages/tutorial_interfaces
[3.105s] -- Installing: /home/rohamzn/ros2_test_ws/install/tutorial_interfaces/share/tutorial_interfaces/cmake/export_tutorial_interfaces__rosidl_generator_cExport.cmake
[3.105s] -- Installing: /home/rohamzn/ros2_test_ws/install/tutorial_interfaces/share/tutorial_interfaces/cmake/export_tutorial_interfaces__rosidl_generator_cExport-noconfig.cmake
[3.105s] -- Installing: /home/rohamzn/ros2_test_ws/install/tutorial_interfaces/share/tutorial_interfaces/cmake/export_tutorial_interfaces__rosidl_typesupport_fastrtps_cExport.cmake
[3.105s] -- Installing: /home/rohamzn/ros2_test_ws/install/tutorial_interfaces/share/tutorial_interfaces/cmake/export_tutorial_interfaces__rosidl_typesupport_fastrtps_cExport-noconfig.cmake
[3.105s] -- Installing: /home/rohamzn/ros2_test_ws/install/tutorial_interfaces/share/tutorial_interfaces/cmake/export_tutorial_interfaces__rosidl_generator_cppExport.cmake
[3.105s] -- Installing: /home/rohamzn/ros2_test_ws/install/tutorial_interfaces/share/tutorial_interfaces/cmake/export_tutorial_interfaces__rosidl_typesupport_fastrtps_cppExport.cmake
[3.105s] -- Installing: /home/rohamzn/ros2_test_ws/install/tutorial_interfaces/share/tutorial_interfaces/cmake/export_tutorial_interfaces__rosidl_typesupport_fastrtps_cppExport-noconfig.cmake
[3.105s] -- Installing: /home/rohamzn/ros2_test_ws/install/tutorial_interfaces/share/tutorial_interfaces/cmake/tutorial_interfaces__rosidl_typesupport_introspection_cExport.cmake
[3.105s] -- Installing: /home/rohamzn/ros2_test_ws/install/tutorial_interfaces/share/tutorial_interfaces/cmake/tutorial_interfaces__rosidl_typesupport_introspection_cExport-noconfig.cmake
[3.105s] -- Installing: /home/rohamzn/ros2_test_ws/install/tutorial_interfaces/share/tutorial_interfaces/cmake/tutorial_interfaces__rosidl_typesupport_cExport.cmake
[3.105s] -- Installing: /home/rohamzn/ros2_test_ws/install/tutorial_interfaces/share/tutorial_interfaces/cmake/tutorial_interfaces__rosidl_typesupport_cExport-noconfig.cmake
[3.105s] -- Installing: /home/rohamzn/ros2_test_ws/install/tutorial_interfaces/share/tutorial_interfaces/cmake/tutorial_interfaces__rosidl_typesupport_introspection_cppExport.cmake
[3.105s] -- Installing: /home/rohamzn/ros2_test_ws/install/tutorial_interfaces/share/tutorial_interfaces/cmake/tutorial_interfaces__rosidl_typesupport_introspection_cppExport-noconfig.cmake
[3.105s] -- Installing: /home/rohamzn/ros2_test_ws/install/tutorial_interfaces/share/tutorial_interfaces/cmake/tutorial_interfaces__rosidl_typesupport_cppExport.cmake
[3.106s] -- Installing: /home/rohamzn/ros2_test_ws/install/tutorial_interfaces/share/tutorial_interfaces/cmake/tutorial_interfaces__rosidl_typesupport_cppExport-noconfig.cmake
[3.106s] -- Installing: /home/rohamzn/ros2_test_ws/install/tutorial_interfaces/share/tutorial_interfaces/cmake/export_tutorial_interfaces__rosidl_generator_pyExport.cmake
[3.106s] -- Installing: /home/rohamzn/ros2_test_ws/install/tutorial_interfaces/share/tutorial_interfaces/cmake/export_tutorial_interfaces__rosidl_generator_pyExport-noconfig.cmake
[3.106s] -- Installing: /home/rohamzn/ros2_test_ws/install/tutorial_interfaces/share/tutorial_interfaces/cmake/rosidl_cmake-extras.cmake
[3.106s] -- Installing: /home/rohamzn/ros2_test_ws/install/tutorial_interfaces/share/tutorial_interfaces/cmake/ament_cmake_export_dependencies-extras.cmake
[3.106s] -- Installing: /home/rohamzn/ros2_test_ws/install/tutorial_interfaces/share/tutorial_interfaces/cmake/ament_cmake_export_include_directories-extras.cmake
[3.106s] -- Installing: /home/rohamzn/ros2_test_ws/install/tutorial_interfaces/share/tutorial_interfaces/cmake/ament_cmake_export_libraries-extras.cmake
[3.106s] -- Installing: /home/rohamzn/ros2_test_ws/install/tutorial_interfaces/share/tutorial_interfaces/cmake/ament_cmake_export_targets-extras.cmake
[3.106s] -- Installing: /home/rohamzn/ros2_test_ws/install/tutorial_interfaces/share/tutorial_interfaces/cmake/rosidl_cmake_export_typesupport_targets-extras.cmake
[3.106s] -- Installing: /home/rohamzn/ros2_test_ws/install/tutorial_interfaces/share/tutorial_interfaces/cmake/rosidl_cmake_export_typesupport_libraries-extras.cmake
[3.106s] -- Installing: /home/rohamzn/ros2_test_ws/install/tutorial_interfaces/share/tutorial_interfaces/cmake/tutorial_interfacesConfig.cmake
[3.106s] -- Installing: /home/rohamzn/ros2_test_ws/install/tutorial_interfaces/share/tutorial_interfaces/cmake/tutorial_interfacesConfig-version.cmake
[3.106s] -- Installing: /home/rohamzn/ros2_test_ws/install/tutorial_interfaces/share/tutorial_interfaces/package.xml
[3.110s] Invoked command in '/home/rohamzn/ros2_test_ws/build/tutorial_interfaces' returned '0': CMAKE_PREFIX_PATH=${CMAKE_PREFIX_PATH}:/opt/ros/humble CONDA_PROMPT_MODIFIER=(base) /home/rohamzn/.local/bin/cmake --install /home/rohamzn/ros2_test_ws/build/tutorial_interfaces
