[0.204s] Invoking command in '/home/rohamzn/ros2_test_ws/build/my_package': CMAKE_PREFIX_PATH=${CMAKE_PREFIX_PATH}:/home/rohamzn/ros2_test_ws/install/py_launch_example:/opt/ros/humble CONDA_PROMPT_MODIFIER=(base) /home/rohamzn/.local/bin/cmake --build /home/rohamzn/ros2_test_ws/build/my_package -- -j20 -l20
[0.368s] [100%] Built target my_node
[0.376s] Invoked command in '/home/rohamzn/ros2_test_ws/build/my_package' returned '0': CMAKE_PREFIX_PATH=${CMAKE_PREFIX_PATH}:/home/rohamzn/ros2_test_ws/install/py_launch_example:/opt/ros/humble CONDA_PROMPT_MODIFIER=(base) /home/rohamzn/.local/bin/cmake --build /home/rohamzn/ros2_test_ws/build/my_package -- -j20 -l20
[0.440s] Invoking command in '/home/rohamzn/ros2_test_ws/build/my_package': CMAKE_PREFIX_PATH=${CMAKE_PREFIX_PATH}:/home/rohamzn/ros2_test_ws/install/py_launch_example:/opt/ros/humble CONDA_PROMPT_MODIFIER=(base) /home/rohamzn/.local/bin/cmake --install /home/rohamzn/ros2_test_ws/build/my_package
[0.465s] -- Install configuration: ""
[0.465s] -- Up-to-date: /home/rohamzn/ros2_test_ws/install/my_package/lib/my_package/my_node
[0.466s] -- Up-to-date: /home/rohamzn/ros2_test_ws/install/my_package/share/ament_index/resource_index/package_run_dependencies/my_package
[0.466s] -- Up-to-date: /home/rohamzn/ros2_test_ws/install/my_package/share/ament_index/resource_index/parent_prefix_path/my_package
[0.466s] -- Up-to-date: /home/rohamzn/ros2_test_ws/install/my_package/share/my_package/environment/ament_prefix_path.sh
[0.466s] -- Up-to-date: /home/rohamzn/ros2_test_ws/install/my_package/share/my_package/environment/ament_prefix_path.dsv
[0.466s] -- Up-to-date: /home/rohamzn/ros2_test_ws/install/my_package/share/my_package/environment/path.sh
[0.466s] -- Up-to-date: /home/rohamzn/ros2_test_ws/install/my_package/share/my_package/environment/path.dsv
[0.466s] -- Up-to-date: /home/rohamzn/ros2_test_ws/install/my_package/share/my_package/local_setup.bash
[0.467s] -- Up-to-date: /home/rohamzn/ros2_test_ws/install/my_package/share/my_package/local_setup.sh
[0.467s] -- Up-to-date: /home/rohamzn/ros2_test_ws/install/my_package/share/my_package/local_setup.zsh
[0.467s] -- Up-to-date: /home/rohamzn/ros2_test_ws/install/my_package/share/my_package/local_setup.dsv
[0.467s] -- Installing: /home/rohamzn/ros2_test_ws/install/my_package/share/my_package/package.dsv
[0.468s] -- Up-to-date: /home/rohamzn/ros2_test_ws/install/my_package/share/ament_index/resource_index/packages/my_package
[0.468s] -- Up-to-date: /home/rohamzn/ros2_test_ws/install/my_package/share/my_package/cmake/my_packageConfig.cmake
[0.468s] -- Up-to-date: /home/rohamzn/ros2_test_ws/install/my_package/share/my_package/cmake/my_packageConfig-version.cmake
[0.468s] -- Up-to-date: /home/rohamzn/ros2_test_ws/install/my_package/share/my_package/package.xml
[0.507s] Invoked command in '/home/rohamzn/ros2_test_ws/build/my_package' returned '0': CMAKE_PREFIX_PATH=${CMAKE_PREFIX_PATH}:/home/rohamzn/ros2_test_ws/install/py_launch_example:/opt/ros/humble CONDA_PROMPT_MODIFIER=(base) /home/rohamzn/.local/bin/cmake --install /home/rohamzn/ros2_test_ws/build/my_package
