[0.005s] Invoking command in '/home/rohamzn/ros2_test_ws/build/cpp_parameter_event_handler': CMAKE_PREFIX_PATH=/opt/ros/humble CONDA_PROMPT_MODIFIER=(base) /home/rohamzn/.local/bin/cmake /home/rohamzn/ros2_test_ws/src/cpp_parameter_event_handler -DCMAKE_INSTALL_PREFIX=/home/rohamzn/ros2_test_ws/install/cpp_parameter_event_handler
[0.109s] -- The C compiler identification is GNU 13.1.0
[0.149s] -- The CXX compiler identification is GNU 11.4.0
[0.164s] -- Detecting C compiler ABI info
[0.200s] -- Detecting C compiler ABI info - done
[0.207s] -- Check for working C compiler: /home/rohamzn/anaconda3/bin/cc - skipped
[0.207s] -- Detecting C compile features
[0.207s] -- Detecting C compile features - done
[0.212s] -- Detecting CXX compiler ABI info
[0.252s] -- Detecting CXX compiler ABI info - done
[0.259s] -- Check for working CXX compiler: /usr/bin/c++ - skipped
[0.259s] -- Detecting CXX compile features
[0.259s] -- Detecting CXX compile features - done
[0.261s] -- Found ament_cmake: 1.3.5 (/opt/ros/humble/share/ament_cmake/cmake)
[0.630s] -- Found Python3: /home/rohamzn/anaconda3/bin/python3.10 (found version "3.10.6") found components: Interpreter 
[0.685s] -- Found rclcpp: 16.0.5 (/opt/ros/humble/share/rclcpp/cmake)
[0.708s] -- Found rosidl_generator_c: 3.1.5 (/opt/ros/humble/share/rosidl_generator_c/cmake)
[0.711s] -- Found rosidl_adapter: 3.1.5 (/opt/ros/humble/share/rosidl_adapter/cmake)
[0.716s] -- Found rosidl_generator_cpp: 3.1.5 (/opt/ros/humble/share/rosidl_generator_cpp/cmake)
[0.725s] -- Using all available rosidl_typesupport_c: rosidl_typesupport_fastrtps_c;rosidl_typesupport_introspection_c
[0.738s] -- Using all available rosidl_typesupport_cpp: rosidl_typesupport_fastrtps_cpp;rosidl_typesupport_introspection_cpp
[0.780s] -- Found rmw_implementation_cmake: 6.1.1 (/opt/ros/humble/share/rmw_implementation_cmake/cmake)
[0.782s] -- Found rmw_cyclonedds_cpp: 1.3.4 (/opt/ros/humble/share/rmw_cyclonedds_cpp/cmake)
[0.802s] -- Using RMW implementation 'rmw_cyclonedds_cpp' as default
[0.809s] -- Performing Test CMAKE_HAVE_LIBC_PTHREAD
[0.845s] -- Performing Test CMAKE_HAVE_LIBC_PTHREAD - Failed
[0.845s] -- Looking for pthread_create in pthreads
[0.880s] -- Looking for pthread_create in pthreads - not found
[0.880s] -- Looking for pthread_create in pthread
[0.932s] -- Looking for pthread_create in pthread - found
[0.933s] -- Found Threads: TRUE  
[1.032s] -- Found ament_lint_auto: 0.12.7 (/opt/ros/humble/share/ament_lint_auto/cmake)
[1.080s] -- Added test 'cppcheck' to perform static code analysis on C / C++ code
[1.080s] -- Configured cppcheck include dirs: 
[1.080s] -- Configured cppcheck exclude dirs and/or files: 
[1.080s] -- Added test 'lint_cmake' to check CMake code style
[1.081s] -- Added test 'uncrustify' to check C / C++ code style
[1.081s] -- Configured uncrustify additional arguments: 
[1.081s] -- Added test 'xmllint' to check XML markup files
[1.082s] -- Configuring done (1.1s)
[1.085s] [33mCMake Warning at CMakeLists.txt:12 (add_executable):
[1.086s]   Cannot generate a safe runtime search path for target
[1.086s]   parameter_event_handler because files in some directories may conflict with
[1.086s]   libraries in implicit directories:
[1.086s] 
[1.086s]     runtime library [libpython3.10.so.1.0] in /usr/lib/x86_64-linux-gnu may be hidden by files in:
[1.086s]       /home/rohamzn/anaconda3/lib
[1.086s] 
[1.086s]   Some of these libraries may not be found correctly.
[1.086s] 
[1.086s] [0m
[1.086s] -- Generating done (0.0s)
[1.087s] -- Build files have been written to: /home/rohamzn/ros2_test_ws/build/cpp_parameter_event_handler
[1.094s] Invoked command in '/home/rohamzn/ros2_test_ws/build/cpp_parameter_event_handler' returned '0': CMAKE_PREFIX_PATH=/opt/ros/humble CONDA_PROMPT_MODIFIER=(base) /home/rohamzn/.local/bin/cmake /home/rohamzn/ros2_test_ws/src/cpp_parameter_event_handler -DCMAKE_INSTALL_PREFIX=/home/rohamzn/ros2_test_ws/install/cpp_parameter_event_handler
[1.095s] Invoking command in '/home/rohamzn/ros2_test_ws/build/cpp_parameter_event_handler': CMAKE_PREFIX_PATH=/opt/ros/humble CONDA_PROMPT_MODIFIER=(base) /home/rohamzn/.local/bin/cmake --build /home/rohamzn/ros2_test_ws/build/cpp_parameter_event_handler -- -j20 -l20
[1.120s] [ 50%] [32mBuilding CXX object CMakeFiles/parameter_event_handler.dir/src/parameter_event_handler.cpp.o[0m
[4.978s] [100%] [32m[1mLinking CXX executable parameter_event_handler[0m
[5.143s] [100%] Built target parameter_event_handler
[5.148s] Invoked command in '/home/rohamzn/ros2_test_ws/build/cpp_parameter_event_handler' returned '0': CMAKE_PREFIX_PATH=/opt/ros/humble CONDA_PROMPT_MODIFIER=(base) /home/rohamzn/.local/bin/cmake --build /home/rohamzn/ros2_test_ws/build/cpp_parameter_event_handler -- -j20 -l20
[5.190s] Invoking command in '/home/rohamzn/ros2_test_ws/build/cpp_parameter_event_handler': CMAKE_PREFIX_PATH=/opt/ros/humble CONDA_PROMPT_MODIFIER=(base) /home/rohamzn/.local/bin/cmake --install /home/rohamzn/ros2_test_ws/build/cpp_parameter_event_handler
[5.203s] -- Install configuration: ""
[5.203s] -- Installing: /home/rohamzn/ros2_test_ws/install/cpp_parameter_event_handler/lib/cpp_parameter_event_handler/parameter_event_handler
[5.205s] -- Set runtime path of "/home/rohamzn/ros2_test_ws/install/cpp_parameter_event_handler/lib/cpp_parameter_event_handler/parameter_event_handler" to ""
[5.205s] -- Installing: /home/rohamzn/ros2_test_ws/install/cpp_parameter_event_handler/share/ament_index/resource_index/package_run_dependencies/cpp_parameter_event_handler
[5.205s] -- Installing: /home/rohamzn/ros2_test_ws/install/cpp_parameter_event_handler/share/ament_index/resource_index/parent_prefix_path/cpp_parameter_event_handler
[5.205s] -- Installing: /home/rohamzn/ros2_test_ws/install/cpp_parameter_event_handler/share/cpp_parameter_event_handler/environment/ament_prefix_path.sh
[5.205s] -- Installing: /home/rohamzn/ros2_test_ws/install/cpp_parameter_event_handler/share/cpp_parameter_event_handler/environment/ament_prefix_path.dsv
[5.205s] -- Installing: /home/rohamzn/ros2_test_ws/install/cpp_parameter_event_handler/share/cpp_parameter_event_handler/environment/path.sh
[5.205s] -- Installing: /home/rohamzn/ros2_test_ws/install/cpp_parameter_event_handler/share/cpp_parameter_event_handler/environment/path.dsv
[5.205s] -- Installing: /home/rohamzn/ros2_test_ws/install/cpp_parameter_event_handler/share/cpp_parameter_event_handler/local_setup.bash
[5.205s] -- Installing: /home/rohamzn/ros2_test_ws/install/cpp_parameter_event_handler/share/cpp_parameter_event_handler/local_setup.sh
[5.205s] -- Installing: /home/rohamzn/ros2_test_ws/install/cpp_parameter_event_handler/share/cpp_parameter_event_handler/local_setup.zsh
[5.205s] -- Installing: /home/rohamzn/ros2_test_ws/install/cpp_parameter_event_handler/share/cpp_parameter_event_handler/local_setup.dsv
[5.205s] -- Installing: /home/rohamzn/ros2_test_ws/install/cpp_parameter_event_handler/share/cpp_parameter_event_handler/package.dsv
[5.206s] -- Installing: /home/rohamzn/ros2_test_ws/install/cpp_parameter_event_handler/share/ament_index/resource_index/packages/cpp_parameter_event_handler
[5.206s] -- Installing: /home/rohamzn/ros2_test_ws/install/cpp_parameter_event_handler/share/cpp_parameter_event_handler/cmake/cpp_parameter_event_handlerConfig.cmake
[5.206s] -- Installing: /home/rohamzn/ros2_test_ws/install/cpp_parameter_event_handler/share/cpp_parameter_event_handler/cmake/cpp_parameter_event_handlerConfig-version.cmake
[5.206s] -- Installing: /home/rohamzn/ros2_test_ws/install/cpp_parameter_event_handler/share/cpp_parameter_event_handler/package.xml
[5.208s] Invoked command in '/home/rohamzn/ros2_test_ws/build/cpp_parameter_event_handler' returned '0': CMAKE_PREFIX_PATH=/opt/ros/humble CONDA_PROMPT_MODIFIER=(base) /home/rohamzn/.local/bin/cmake --install /home/rohamzn/ros2_test_ws/build/cpp_parameter_event_handler
