/home/rohamzn/ros2_test_ws/install/bag_recorder_nodes_py/lib/python3.10/site-packages/bag_recorder_nodes_py/data_generator_node.py
/home/rohamzn/ros2_test_ws/install/bag_recorder_nodes_py/lib/python3.10/site-packages/bag_recorder_nodes_py/simple_bag_recorder.py
/home/rohamzn/ros2_test_ws/install/bag_recorder_nodes_py/lib/python3.10/site-packages/bag_recorder_nodes_py/__init__.py
/home/rohamzn/ros2_test_ws/install/bag_recorder_nodes_py/lib/python3.10/site-packages/bag_recorder_nodes_py/data_generator_executable.py
/home/rohamzn/ros2_test_ws/install/bag_recorder_nodes_py/lib/python3.10/site-packages/bag_recorder_nodes_py/__pycache__/data_generator_node.cpython-310.pyc
/home/rohamzn/ros2_test_ws/install/bag_recorder_nodes_py/lib/python3.10/site-packages/bag_recorder_nodes_py/__pycache__/simple_bag_recorder.cpython-310.pyc
/home/rohamzn/ros2_test_ws/install/bag_recorder_nodes_py/lib/python3.10/site-packages/bag_recorder_nodes_py/__pycache__/__init__.cpython-310.pyc
/home/rohamzn/ros2_test_ws/install/bag_recorder_nodes_py/lib/python3.10/site-packages/bag_recorder_nodes_py/__pycache__/data_generator_executable.cpython-310.pyc
/home/rohamzn/ros2_test_ws/install/bag_recorder_nodes_py/share/ament_index/resource_index/packages/bag_recorder_nodes_py
/home/rohamzn/ros2_test_ws/install/bag_recorder_nodes_py/share/bag_recorder_nodes_py/package.xml
/home/rohamzn/ros2_test_ws/install/bag_recorder_nodes_py/lib/python3.10/site-packages/bag_recorder_nodes_py-0.0.0-py3.10.egg-info/entry_points.txt
/home/rohamzn/ros2_test_ws/install/bag_recorder_nodes_py/lib/python3.10/site-packages/bag_recorder_nodes_py-0.0.0-py3.10.egg-info/dependency_links.txt
/home/rohamzn/ros2_test_ws/install/bag_recorder_nodes_py/lib/python3.10/site-packages/bag_recorder_nodes_py-0.0.0-py3.10.egg-info/top_level.txt
/home/rohamzn/ros2_test_ws/install/bag_recorder_nodes_py/lib/python3.10/site-packages/bag_recorder_nodes_py-0.0.0-py3.10.egg-info/zip-safe
/home/rohamzn/ros2_test_ws/install/bag_recorder_nodes_py/lib/python3.10/site-packages/bag_recorder_nodes_py-0.0.0-py3.10.egg-info/SOURCES.txt
/home/rohamzn/ros2_test_ws/install/bag_recorder_nodes_py/lib/python3.10/site-packages/bag_recorder_nodes_py-0.0.0-py3.10.egg-info/PKG-INFO
/home/rohamzn/ros2_test_ws/install/bag_recorder_nodes_py/lib/python3.10/site-packages/bag_recorder_nodes_py-0.0.0-py3.10.egg-info/requires.txt
/home/rohamzn/ros2_test_ws/install/bag_recorder_nodes_py/lib/bag_recorder_nodes_py/data_generator_executable
/home/rohamzn/ros2_test_ws/install/bag_recorder_nodes_py/lib/bag_recorder_nodes_py/data_generator_node
/home/rohamzn/ros2_test_ws/install/bag_recorder_nodes_py/lib/bag_recorder_nodes_py/simple_bag_recorder
