[0.012s] Invoking command in '/home/rohamzn/ros2_test_ws/build/action_tutorials_cpp': AMENT_PREFIX_PATH=/home/rohamzn/ros2_test_ws/install/action_tutorials_interfaces:${AMENT_PREFIX_PATH} CMAKE_PREFIX_PATH=/home/rohamzn/ros2_test_ws/install/action_tutorials_interfaces:/opt/ros/humble CONDA_PROMPT_MODIFIER=(base) LD_LIBRARY_PATH=/home/rohamzn/ros2_test_ws/install/action_tutorials_interfaces/lib:${LD_LIBRARY_PATH} PYTHONPATH=/home/rohamzn/ros2_test_ws/install/action_tutorials_interfaces/lib/python3.10/site-packages:${PYTHONPATH} /home/rohamzn/.local/bin/cmake --build /home/rohamzn/ros2_test_ws/build/action_tutorials_cpp -- -j20 -l20
[0.039s] -- Found ament_cmake: 1.3.5 (/opt/ros/humble/share/ament_cmake/cmake)
[0.179s] -- Found action_tutorials_interfaces: 0.0.0 (/home/rohamzn/ros2_test_ws/install/action_tutorials_interfaces/share/action_tutorials_interfaces/cmake)
[0.210s] -- Found rosidl_generator_c: 3.1.5 (/opt/ros/humble/share/rosidl_generator_c/cmake)
[0.213s] -- Found rosidl_adapter: 3.1.5 (/opt/ros/humble/share/rosidl_adapter/cmake)
[0.221s] -- Found rosidl_generator_cpp: 3.1.5 (/opt/ros/humble/share/rosidl_generator_cpp/cmake)
[0.231s] -- Using all available rosidl_typesupport_c: rosidl_typesupport_fastrtps_c;rosidl_typesupport_introspection_c
[0.244s] -- Using all available rosidl_typesupport_cpp: rosidl_typesupport_fastrtps_cpp;rosidl_typesupport_introspection_cpp
[0.341s] -- Found rclcpp: 16.0.5 (/opt/ros/humble/share/rclcpp/cmake)
[0.379s] -- Found rmw_implementation_cmake: 6.1.1 (/opt/ros/humble/share/rmw_implementation_cmake/cmake)
[0.380s] -- Found rmw_cyclonedds_cpp: 1.3.4 (/opt/ros/humble/share/rmw_cyclonedds_cpp/cmake)
[0.404s] -- Using RMW implementation 'rmw_cyclonedds_cpp' as default
[0.513s] -- Found rclcpp_action: 16.0.5 (/opt/ros/humble/share/rclcpp_action/cmake)
[0.532s] -- Found rclcpp_components: 16.0.5 (/opt/ros/humble/share/rclcpp_components/cmake)
[0.577s] -- Found ament_lint_auto: 0.12.7 (/opt/ros/humble/share/ament_lint_auto/cmake)
[0.631s] -- Added test 'cppcheck' to perform static code analysis on C / C++ code
[0.631s] -- Configured cppcheck include dirs: $<BUILD_INTERFACE:/home/rohamzn/ros2_test_ws/src/action_tutorials_cpp/include>
[0.632s] -- Configured cppcheck exclude dirs and/or files: 
[0.632s] -- Added test 'lint_cmake' to check CMake code style
[0.633s] -- Added test 'uncrustify' to check C / C++ code style
[0.633s] -- Configured uncrustify additional arguments: 
[0.633s] -- Added test 'xmllint' to check XML markup files
[0.634s] -- Configuring done (0.6s)
[0.642s] [33mCMake Warning at CMakeLists.txt:15 (add_library):
[0.642s]   Cannot generate a safe runtime search path for target action_client because
[0.642s]   files in some directories may conflict with libraries in implicit
[0.642s]   directories:
[0.642s] 
[0.642s]     runtime library [libpython3.10.so.1.0] in /usr/lib/x86_64-linux-gnu may be hidden by files in:
[0.642s]       /home/rohamzn/anaconda3/lib
[0.643s] 
[0.643s]   Some of these libraries may not be found correctly.
[0.643s] 
[0.643s] [0m
[0.644s] [33mCMake Warning at /opt/ros/humble/share/rclcpp_components/cmake/rclcpp_components_register_node.cmake:72 (add_executable):
[0.644s]   Cannot generate a safe runtime search path for target
[0.644s]   fibonacci_action_client because files in some directories may conflict with
[0.644s]   libraries in implicit directories:
[0.644s] 
[0.644s]     runtime library [libpython3.10.so.1.0] in /usr/lib/x86_64-linux-gnu may be hidden by files in:
[0.644s]       /home/rohamzn/anaconda3/lib
[0.644s] 
[0.644s]   Some of these libraries may not be found correctly.
[0.644s] Call Stack (most recent call first):
[0.644s]   CMakeLists.txt:27 (rclcpp_components_register_node)
[0.644s] 
[0.644s] [0m
[0.646s] [33mCMake Warning at CMakeLists.txt:34 (add_library):
[0.646s]   Cannot generate a safe runtime search path for target action_server because
[0.646s]   files in some directories may conflict with libraries in implicit
[0.646s]   directories:
[0.646s] 
[0.646s]     runtime library [libpython3.10.so.1.0] in /usr/lib/x86_64-linux-gnu may be hidden by files in:
[0.646s]       /home/rohamzn/anaconda3/lib
[0.646s] 
[0.646s]   Some of these libraries may not be found correctly.
[0.646s] 
[0.646s] [0m
[0.647s] [33mCMake Warning at /opt/ros/humble/share/rclcpp_components/cmake/rclcpp_components_register_node.cmake:72 (add_executable):
[0.647s]   Cannot generate a safe runtime search path for target
[0.648s]   fibonacci_action_server because files in some directories may conflict with
[0.648s]   libraries in implicit directories:
[0.648s] 
[0.648s]     runtime library [libpython3.10.so.1.0] in /usr/lib/x86_64-linux-gnu may be hidden by files in:
[0.648s]       /home/rohamzn/anaconda3/lib
[0.648s] 
[0.648s]   Some of these libraries may not be found correctly.
[0.648s] Call Stack (most recent call first):
[0.648s]   CMakeLists.txt:46 (rclcpp_components_register_node)
[0.648s] 
[0.648s] [0m
[0.649s] -- Generating done (0.0s)
[0.650s] -- Build files have been written to: /home/rohamzn/ros2_test_ws/build/action_tutorials_cpp
[0.660s] [ 12%] [32mBuilding CXX object CMakeFiles/fibonacci_action_client.dir/rclcpp_components/node_main_fibonacci_action_client.cpp.o[0m
[0.660s] [ 25%] [32mBuilding CXX object CMakeFiles/action_client.dir/src/fibonacci_action_client.cpp.o[0m
[0.665s] [ 50%] Built target action_server
[0.666s] [ 75%] Built target fibonacci_action_server
[2.217s] [ 87%] [32m[1mLinking CXX executable fibonacci_action_client[0m
[2.304s] [ 87%] Built target fibonacci_action_client
[2.734s] [100%] [32m[1mLinking CXX shared library libaction_client.so[0m
[2.822s] [100%] Built target action_client
[2.828s] Invoked command in '/home/rohamzn/ros2_test_ws/build/action_tutorials_cpp' returned '0': AMENT_PREFIX_PATH=/home/rohamzn/ros2_test_ws/install/action_tutorials_interfaces:${AMENT_PREFIX_PATH} CMAKE_PREFIX_PATH=/home/rohamzn/ros2_test_ws/install/action_tutorials_interfaces:/opt/ros/humble CONDA_PROMPT_MODIFIER=(base) LD_LIBRARY_PATH=/home/rohamzn/ros2_test_ws/install/action_tutorials_interfaces/lib:${LD_LIBRARY_PATH} PYTHONPATH=/home/rohamzn/ros2_test_ws/install/action_tutorials_interfaces/lib/python3.10/site-packages:${PYTHONPATH} /home/rohamzn/.local/bin/cmake --build /home/rohamzn/ros2_test_ws/build/action_tutorials_cpp -- -j20 -l20
[2.858s] Invoking command in '/home/rohamzn/ros2_test_ws/build/action_tutorials_cpp': AMENT_PREFIX_PATH=/home/rohamzn/ros2_test_ws/install/action_tutorials_interfaces:${AMENT_PREFIX_PATH} CMAKE_PREFIX_PATH=/home/rohamzn/ros2_test_ws/install/action_tutorials_interfaces:/opt/ros/humble CONDA_PROMPT_MODIFIER=(base) LD_LIBRARY_PATH=/home/rohamzn/ros2_test_ws/install/action_tutorials_interfaces/lib:${LD_LIBRARY_PATH} PYTHONPATH=/home/rohamzn/ros2_test_ws/install/action_tutorials_interfaces/lib/python3.10/site-packages:${PYTHONPATH} /home/rohamzn/.local/bin/cmake --install /home/rohamzn/ros2_test_ws/build/action_tutorials_cpp
[2.873s] -- Install configuration: ""
[2.873s] -- Installing: /home/rohamzn/ros2_test_ws/install/action_tutorials_cpp/lib/action_tutorials_cpp/fibonacci_action_client
[2.874s] -- Set runtime path of "/home/rohamzn/ros2_test_ws/install/action_tutorials_cpp/lib/action_tutorials_cpp/fibonacci_action_client" to ""
[2.874s] -- Installing: /home/rohamzn/ros2_test_ws/install/action_tutorials_cpp/lib/libaction_client.so
[2.874s] -- Set runtime path of "/home/rohamzn/ros2_test_ws/install/action_tutorials_cpp/lib/libaction_client.so" to ""
[2.875s] -- Up-to-date: /home/rohamzn/ros2_test_ws/install/action_tutorials_cpp/lib/action_tutorials_cpp/fibonacci_action_server
[2.875s] -- Up-to-date: /home/rohamzn/ros2_test_ws/install/action_tutorials_cpp/lib/libaction_server.so
[2.876s] -- Up-to-date: /home/rohamzn/ros2_test_ws/install/action_tutorials_cpp/share/ament_index/resource_index/package_run_dependencies/action_tutorials_cpp
[2.876s] -- Up-to-date: /home/rohamzn/ros2_test_ws/install/action_tutorials_cpp/share/ament_index/resource_index/parent_prefix_path/action_tutorials_cpp
[2.876s] -- Up-to-date: /home/rohamzn/ros2_test_ws/install/action_tutorials_cpp/share/action_tutorials_cpp/environment/ament_prefix_path.sh
[2.876s] -- Installing: /home/rohamzn/ros2_test_ws/install/action_tutorials_cpp/share/action_tutorials_cpp/environment/ament_prefix_path.dsv
[2.876s] -- Up-to-date: /home/rohamzn/ros2_test_ws/install/action_tutorials_cpp/share/action_tutorials_cpp/environment/path.sh
[2.876s] -- Installing: /home/rohamzn/ros2_test_ws/install/action_tutorials_cpp/share/action_tutorials_cpp/environment/path.dsv
[2.876s] -- Up-to-date: /home/rohamzn/ros2_test_ws/install/action_tutorials_cpp/share/action_tutorials_cpp/local_setup.bash
[2.876s] -- Up-to-date: /home/rohamzn/ros2_test_ws/install/action_tutorials_cpp/share/action_tutorials_cpp/local_setup.sh
[2.876s] -- Up-to-date: /home/rohamzn/ros2_test_ws/install/action_tutorials_cpp/share/action_tutorials_cpp/local_setup.zsh
[2.876s] -- Installing: /home/rohamzn/ros2_test_ws/install/action_tutorials_cpp/share/action_tutorials_cpp/local_setup.dsv
[2.876s] -- Installing: /home/rohamzn/ros2_test_ws/install/action_tutorials_cpp/share/action_tutorials_cpp/package.dsv
[2.877s] -- Up-to-date: /home/rohamzn/ros2_test_ws/install/action_tutorials_cpp/share/ament_index/resource_index/packages/action_tutorials_cpp
[2.877s] -- Installing: /home/rohamzn/ros2_test_ws/install/action_tutorials_cpp/share/ament_index/resource_index/rclcpp_components/action_tutorials_cpp
[2.877s] -- Up-to-date: /home/rohamzn/ros2_test_ws/install/action_tutorials_cpp/share/action_tutorials_cpp/cmake/action_tutorials_cppConfig.cmake
[2.877s] -- Up-to-date: /home/rohamzn/ros2_test_ws/install/action_tutorials_cpp/share/action_tutorials_cpp/cmake/action_tutorials_cppConfig-version.cmake
[2.877s] -- Up-to-date: /home/rohamzn/ros2_test_ws/install/action_tutorials_cpp/share/action_tutorials_cpp/package.xml
[2.881s] Invoked command in '/home/rohamzn/ros2_test_ws/build/action_tutorials_cpp' returned '0': AMENT_PREFIX_PATH=/home/rohamzn/ros2_test_ws/install/action_tutorials_interfaces:${AMENT_PREFIX_PATH} CMAKE_PREFIX_PATH=/home/rohamzn/ros2_test_ws/install/action_tutorials_interfaces:/opt/ros/humble CONDA_PROMPT_MODIFIER=(base) LD_LIBRARY_PATH=/home/rohamzn/ros2_test_ws/install/action_tutorials_interfaces/lib:${LD_LIBRARY_PATH} PYTHONPATH=/home/rohamzn/ros2_test_ws/install/action_tutorials_interfaces/lib/python3.10/site-packages:${PYTHONPATH} /home/rohamzn/.local/bin/cmake --install /home/rohamzn/ros2_test_ws/build/action_tutorials_cpp
