[0.393s] Invoking command in '/home/rohamzn/ros2_test_ws/src/learning_tf2_py': CMAKE_PREFIX_PATH=/home/rohamzn/ros2_test_ws/install/turtlesim:/home/rohamzn/ros2_test_ws/install/tutorial_interfaces:/home/rohamzn/ros2_test_ws/install/learning_tf2_cpp:/home/rohamzn/ros2_test_ws/install/polygon_plugins:/home/rohamzn/ros2_test_ws/install/polygon_base:/home/rohamzn/ros2_test_ws/install/my_package:/home/rohamzn/ros2_test_ws/install/more_interfaces:/home/rohamzn/ros2_test_ws/install/cpp_srvcli:/home/rohamzn/ros2_test_ws/install/cpp_pubsub:/home/rohamzn/ros2_test_ws/install/cpp_parameters:/home/rohamzn/ros2_test_ws/install/cpp_parameter_event_handler:/home/rohamzn/ros2_test_ws/install/cpp_launch_example:/home/rohamzn/ros2_test_ws/install/action_tutorials_cpp:/home/rohamzn/ros2_test_ws/install/action_tutorials_interfaces CONDA_PROMPT_MODIFIER=(base) LD_LIBRARY_PATH=/home/rohamzn/ros2_test_ws/install/turtlesim/lib:/home/rohamzn/ros2_test_ws/install/tutorial_interfaces/lib:/home/rohamzn/ros2_test_ws/install/polygon_plugins/lib:/home/rohamzn/ros2_test_ws/install/more_interfaces/lib:/home/rohamzn/ros2_test_ws/install/action_tutorials_cpp/lib:/home/rohamzn/ros2_test_ws/install/action_tutorials_interfaces/lib:/usr/local/cuda/lib64:/opt/ros/humble/opt/rviz_ogre_vendor/lib:/opt/ros/humble/lib/x86_64-linux-gnu:/opt/ros/humble/lib PYTHONPATH=/home/rohamzn/ros2_test_ws/build/learning_tf2_py/prefix_override:/home/rohamzn/ros2_test_ws/install/learning_tf2_py/lib/python3.10/site-packages:/home/rohamzn/ros2_test_ws/install/turtlesim/lib/python3.10/site-packages:/home/rohamzn/ros2_test_ws/install/tutorial_interfaces/lib/python3.10/site-packages:/home/rohamzn/ros2_test_ws/install/learning_tf2_py/lib/python3.10/site-packages:/home/rohamzn/ros2_test_ws/install/py_launch_example/lib/python3.10/site-packages:/home/rohamzn/ros2_test_ws/install/more_interfaces/lib/python3.10/site-packages:/home/rohamzn/ros2_test_ws/install/launch_tutorial/lib/python3.10/site-packages:/home/rohamzn/ros2_test_ws/install/action_tutorials_interfaces/lib/python3.10/site-packages:/opt/ros/humble/lib/python3.10/site-packages:/opt/ros/humble/local/lib/python3.10/dist-packages /usr/bin/python3 setup.py egg_info --egg-base ../../build/learning_tf2_py build --build-base /home/rohamzn/ros2_test_ws/build/learning_tf2_py/build install --record /home/rohamzn/ros2_test_ws/build/learning_tf2_py/install.log --single-version-externally-managed
[0.529s] running egg_info
[0.529s] writing ../../build/learning_tf2_py/learning_tf2_py.egg-info/PKG-INFO
[0.529s] writing dependency_links to ../../build/learning_tf2_py/learning_tf2_py.egg-info/dependency_links.txt
[0.529s] writing entry points to ../../build/learning_tf2_py/learning_tf2_py.egg-info/entry_points.txt
[0.529s] writing requirements to ../../build/learning_tf2_py/learning_tf2_py.egg-info/requires.txt
[0.529s] writing top-level names to ../../build/learning_tf2_py/learning_tf2_py.egg-info/top_level.txt
[0.530s] reading manifest file '../../build/learning_tf2_py/learning_tf2_py.egg-info/SOURCES.txt'
[0.531s] writing manifest file '../../build/learning_tf2_py/learning_tf2_py.egg-info/SOURCES.txt'
[0.531s] running build
[0.531s] running build_py
[0.531s] running install
[0.531s] /usr/lib/python3/dist-packages/setuptools/command/install.py:34: SetuptoolsDeprecationWarning: setup.py install is deprecated. Use build and pip and other standards-based tools.
[0.531s]   warnings.warn(
[0.531s] running install_lib
[0.532s] running install_data
[0.532s] copying launch/turtle_tf2_dynamic_frame_demo.launch.py -> /home/rohamzn/ros2_test_ws/install/learning_tf2_py/share/learning_tf2_py/launch
[0.532s] running install_egg_info
[0.533s] removing '/home/rohamzn/ros2_test_ws/install/learning_tf2_py/lib/python3.10/site-packages/learning_tf2_py-0.0.0-py3.10.egg-info' (and everything under it)
[0.533s] Copying ../../build/learning_tf2_py/learning_tf2_py.egg-info to /home/rohamzn/ros2_test_ws/install/learning_tf2_py/lib/python3.10/site-packages/learning_tf2_py-0.0.0-py3.10.egg-info
[0.534s] running install_scripts
[0.544s] Installing dynamic_frame_tf2_broadcaster script to /home/rohamzn/ros2_test_ws/install/learning_tf2_py/lib/learning_tf2_py
[0.544s] Installing fixed_frame_tf2_broadcaster script to /home/rohamzn/ros2_test_ws/install/learning_tf2_py/lib/learning_tf2_py
[0.544s] Installing static_turtle_tf2_broadcaster script to /home/rohamzn/ros2_test_ws/install/learning_tf2_py/lib/learning_tf2_py
[0.544s] Installing turtle_tf2_broadcaster script to /home/rohamzn/ros2_test_ws/install/learning_tf2_py/lib/learning_tf2_py
[0.544s] Installing turtle_tf2_listener script to /home/rohamzn/ros2_test_ws/install/learning_tf2_py/lib/learning_tf2_py
[0.544s] writing list of installed files to '/home/rohamzn/ros2_test_ws/build/learning_tf2_py/install.log'
[0.557s] Invoked command in '/home/rohamzn/ros2_test_ws/src/learning_tf2_py' returned '0': CMAKE_PREFIX_PATH=/home/rohamzn/ros2_test_ws/install/turtlesim:/home/rohamzn/ros2_test_ws/install/tutorial_interfaces:/home/rohamzn/ros2_test_ws/install/learning_tf2_cpp:/home/rohamzn/ros2_test_ws/install/polygon_plugins:/home/rohamzn/ros2_test_ws/install/polygon_base:/home/rohamzn/ros2_test_ws/install/my_package:/home/rohamzn/ros2_test_ws/install/more_interfaces:/home/rohamzn/ros2_test_ws/install/cpp_srvcli:/home/rohamzn/ros2_test_ws/install/cpp_pubsub:/home/rohamzn/ros2_test_ws/install/cpp_parameters:/home/rohamzn/ros2_test_ws/install/cpp_parameter_event_handler:/home/rohamzn/ros2_test_ws/install/cpp_launch_example:/home/rohamzn/ros2_test_ws/install/action_tutorials_cpp:/home/rohamzn/ros2_test_ws/install/action_tutorials_interfaces CONDA_PROMPT_MODIFIER=(base) LD_LIBRARY_PATH=/home/rohamzn/ros2_test_ws/install/turtlesim/lib:/home/rohamzn/ros2_test_ws/install/tutorial_interfaces/lib:/home/rohamzn/ros2_test_ws/install/polygon_plugins/lib:/home/rohamzn/ros2_test_ws/install/more_interfaces/lib:/home/rohamzn/ros2_test_ws/install/action_tutorials_cpp/lib:/home/rohamzn/ros2_test_ws/install/action_tutorials_interfaces/lib:/usr/local/cuda/lib64:/opt/ros/humble/opt/rviz_ogre_vendor/lib:/opt/ros/humble/lib/x86_64-linux-gnu:/opt/ros/humble/lib PYTHONPATH=/home/rohamzn/ros2_test_ws/build/learning_tf2_py/prefix_override:/home/rohamzn/ros2_test_ws/install/learning_tf2_py/lib/python3.10/site-packages:/home/rohamzn/ros2_test_ws/install/turtlesim/lib/python3.10/site-packages:/home/rohamzn/ros2_test_ws/install/tutorial_interfaces/lib/python3.10/site-packages:/home/rohamzn/ros2_test_ws/install/learning_tf2_py/lib/python3.10/site-packages:/home/rohamzn/ros2_test_ws/install/py_launch_example/lib/python3.10/site-packages:/home/rohamzn/ros2_test_ws/install/more_interfaces/lib/python3.10/site-packages:/home/rohamzn/ros2_test_ws/install/launch_tutorial/lib/python3.10/site-packages:/home/rohamzn/ros2_test_ws/install/action_tutorials_interfaces/lib/python3.10/site-packages:/opt/ros/humble/lib/python3.10/site-packages:/opt/ros/humble/local/lib/python3.10/dist-packages /usr/bin/python3 setup.py egg_info --egg-base ../../build/learning_tf2_py build --build-base /home/rohamzn/ros2_test_ws/build/learning_tf2_py/build install --record /home/rohamzn/ros2_test_ws/build/learning_tf2_py/install.log --single-version-externally-managed
