[0.356s] Invoking command in '/home/rohamzn/ros2_test_ws/build/tutorial_interfaces': CMAKE_PREFIX_PATH=${CMAKE_PREFIX_PATH}:/home/rohamzn/ros2_test_ws/install/launch_tutorial:/home/rohamzn/ros2_test_ws/install/py_launch_example:/opt/ros/humble CONDA_PROMPT_MODIFIER=(base) /home/rohamzn/.local/bin/cmake --build /home/rohamzn/ros2_test_ws/build/tutorial_interfaces -- -j20 -l20
[0.386s] [  2%] Built target tutorial_interfaces__cpp
[0.388s] [ 12%] Built target tutorial_interfaces__rosidl_generator_c
[0.391s] [ 12%] Built target ament_cmake_python_copy_tutorial_interfaces
[0.397s] [ 23%] Built target tutorial_interfaces__rosidl_typesupport_cpp
[0.397s] [ 36%] Built target tutorial_interfaces__rosidl_typesupport_c
[0.398s] [ 46%] Built target tutorial_interfaces__rosidl_typesupport_fastrtps_cpp
[0.398s] [ 55%] Built target tutorial_interfaces__rosidl_typesupport_introspection_c
[0.398s] [ 65%] Built target tutorial_interfaces__rosidl_typesupport_introspection_cpp
[0.399s] [ 76%] Built target tutorial_interfaces__rosidl_typesupport_fastrtps_c
[0.409s] [ 76%] Built target tutorial_interfaces
[0.419s] [ 78%] Built target tutorial_interfaces__py
[0.431s] [ 87%] Built target tutorial_interfaces__rosidl_generator_py
[0.440s] [ 91%] Built target tutorial_interfaces__rosidl_typesupport_fastrtps_c__pyext
[0.442s] [ 95%] Built target tutorial_interfaces__rosidl_typesupport_c__pyext
[0.442s] [100%] Built target tutorial_interfaces__rosidl_typesupport_introspection_c__pyext
[0.541s] running egg_info
[0.552s] writing tutorial_interfaces.egg-info/PKG-INFO
[0.553s] writing dependency_links to tutorial_interfaces.egg-info/dependency_links.txt
[0.553s] writing top-level names to tutorial_interfaces.egg-info/top_level.txt
[0.584s] reading manifest file 'tutorial_interfaces.egg-info/SOURCES.txt'
[0.584s] writing manifest file 'tutorial_interfaces.egg-info/SOURCES.txt'
[0.601s] [100%] Built target ament_cmake_python_build_tutorial_interfaces_egg
[0.642s] Invoked command in '/home/rohamzn/ros2_test_ws/build/tutorial_interfaces' returned '0': CMAKE_PREFIX_PATH=${CMAKE_PREFIX_PATH}:/home/rohamzn/ros2_test_ws/install/launch_tutorial:/home/rohamzn/ros2_test_ws/install/py_launch_example:/opt/ros/humble CONDA_PROMPT_MODIFIER=(base) /home/rohamzn/.local/bin/cmake --build /home/rohamzn/ros2_test_ws/build/tutorial_interfaces -- -j20 -l20
[0.710s] Invoking command in '/home/rohamzn/ros2_test_ws/build/tutorial_interfaces': CMAKE_PREFIX_PATH=${CMAKE_PREFIX_PATH}:/home/rohamzn/ros2_test_ws/install/launch_tutorial:/home/rohamzn/ros2_test_ws/install/py_launch_example:/opt/ros/humble CONDA_PROMPT_MODIFIER=(base) /home/rohamzn/.local/bin/cmake --install /home/rohamzn/ros2_test_ws/build/tutorial_interfaces
[0.729s] -- Install configuration: ""
[0.729s] -- Up-to-date: /home/rohamzn/ros2_test_ws/install/tutorial_interfaces/share/ament_index/resource_index/rosidl_interfaces/tutorial_interfaces
[0.729s] -- Up-to-date: /home/rohamzn/ros2_test_ws/install/tutorial_interfaces/include/tutorial_interfaces/tutorial_interfaces
[0.729s] -- Up-to-date: /home/rohamzn/ros2_test_ws/install/tutorial_interfaces/include/tutorial_interfaces/tutorial_interfaces/msg
[0.730s] -- Up-to-date: /home/rohamzn/ros2_test_ws/install/tutorial_interfaces/include/tutorial_interfaces/tutorial_interfaces/msg/detail
[0.730s] -- Up-to-date: /home/rohamzn/ros2_test_ws/install/tutorial_interfaces/include/tutorial_interfaces/tutorial_interfaces/msg/detail/sphere__functions.c
[0.730s] -- Up-to-date: /home/rohamzn/ros2_test_ws/install/tutorial_interfaces/include/tutorial_interfaces/tutorial_interfaces/msg/detail/sphere__functions.h
[0.730s] -- Up-to-date: /home/rohamzn/ros2_test_ws/install/tutorial_interfaces/include/tutorial_interfaces/tutorial_interfaces/msg/detail/num__functions.h
[0.730s] -- Up-to-date: /home/rohamzn/ros2_test_ws/install/tutorial_interfaces/include/tutorial_interfaces/tutorial_interfaces/msg/detail/num__struct.h
[0.730s] -- Up-to-date: /home/rohamzn/ros2_test_ws/install/tutorial_interfaces/include/tutorial_interfaces/tutorial_interfaces/msg/detail/num__type_support.h
[0.730s] -- Up-to-date: /home/rohamzn/ros2_test_ws/install/tutorial_interfaces/include/tutorial_interfaces/tutorial_interfaces/msg/detail/num__functions.c
[0.730s] -- Up-to-date: /home/rohamzn/ros2_test_ws/install/tutorial_interfaces/include/tutorial_interfaces/tutorial_interfaces/msg/detail/sphere__type_support.h
[0.730s] -- Up-to-date: /home/rohamzn/ros2_test_ws/install/tutorial_interfaces/include/tutorial_interfaces/tutorial_interfaces/msg/detail/sphere__struct.h
[0.730s] -- Up-to-date: /home/rohamzn/ros2_test_ws/install/tutorial_interfaces/include/tutorial_interfaces/tutorial_interfaces/msg/rosidl_generator_c__visibility_control.h
[0.731s] -- Up-to-date: /home/rohamzn/ros2_test_ws/install/tutorial_interfaces/include/tutorial_interfaces/tutorial_interfaces/msg/num.h
[0.731s] -- Up-to-date: /home/rohamzn/ros2_test_ws/install/tutorial_interfaces/include/tutorial_interfaces/tutorial_interfaces/msg/sphere.h
[0.731s] -- Up-to-date: /home/rohamzn/ros2_test_ws/install/tutorial_interfaces/include/tutorial_interfaces/tutorial_interfaces/srv
[0.731s] -- Up-to-date: /home/rohamzn/ros2_test_ws/install/tutorial_interfaces/include/tutorial_interfaces/tutorial_interfaces/srv/detail
[0.731s] -- Up-to-date: /home/rohamzn/ros2_test_ws/install/tutorial_interfaces/include/tutorial_interfaces/tutorial_interfaces/srv/detail/add_three_ints__struct.h
[0.731s] -- Up-to-date: /home/rohamzn/ros2_test_ws/install/tutorial_interfaces/include/tutorial_interfaces/tutorial_interfaces/srv/detail/add_three_ints__type_support.h
[0.731s] -- Up-to-date: /home/rohamzn/ros2_test_ws/install/tutorial_interfaces/include/tutorial_interfaces/tutorial_interfaces/srv/detail/add_three_ints__functions.h
[0.731s] -- Up-to-date: /home/rohamzn/ros2_test_ws/install/tutorial_interfaces/include/tutorial_interfaces/tutorial_interfaces/srv/detail/add_three_ints__functions.c
[0.732s] -- Up-to-date: /home/rohamzn/ros2_test_ws/install/tutorial_interfaces/include/tutorial_interfaces/tutorial_interfaces/srv/add_three_ints.h
[0.732s] -- Up-to-date: /home/rohamzn/ros2_test_ws/install/tutorial_interfaces/share/tutorial_interfaces/environment/library_path.sh
[0.732s] -- Up-to-date: /home/rohamzn/ros2_test_ws/install/tutorial_interfaces/share/tutorial_interfaces/environment/library_path.dsv
[0.732s] -- Installing: /home/rohamzn/ros2_test_ws/install/tutorial_interfaces/lib/libtutorial_interfaces__rosidl_generator_c.so
[0.732s] -- Set runtime path of "/home/rohamzn/ros2_test_ws/install/tutorial_interfaces/lib/libtutorial_interfaces__rosidl_generator_c.so" to ""
[0.732s] -- Up-to-date: /home/rohamzn/ros2_test_ws/install/tutorial_interfaces/include/tutorial_interfaces/tutorial_interfaces
[0.732s] -- Up-to-date: /home/rohamzn/ros2_test_ws/install/tutorial_interfaces/include/tutorial_interfaces/tutorial_interfaces/msg
[0.732s] -- Up-to-date: /home/rohamzn/ros2_test_ws/install/tutorial_interfaces/include/tutorial_interfaces/tutorial_interfaces/msg/detail
[0.732s] -- Up-to-date: /home/rohamzn/ros2_test_ws/install/tutorial_interfaces/include/tutorial_interfaces/tutorial_interfaces/msg/detail/sphere__rosidl_typesupport_fastrtps_c.h
[0.732s] -- Up-to-date: /home/rohamzn/ros2_test_ws/install/tutorial_interfaces/include/tutorial_interfaces/tutorial_interfaces/msg/detail/num__rosidl_typesupport_fastrtps_c.h
[0.732s] -- Up-to-date: /home/rohamzn/ros2_test_ws/install/tutorial_interfaces/include/tutorial_interfaces/tutorial_interfaces/msg/rosidl_typesupport_fastrtps_c__visibility_control.h
[0.732s] -- Up-to-date: /home/rohamzn/ros2_test_ws/install/tutorial_interfaces/include/tutorial_interfaces/tutorial_interfaces/srv
[0.732s] -- Up-to-date: /home/rohamzn/ros2_test_ws/install/tutorial_interfaces/include/tutorial_interfaces/tutorial_interfaces/srv/detail
[0.732s] -- Up-to-date: /home/rohamzn/ros2_test_ws/install/tutorial_interfaces/include/tutorial_interfaces/tutorial_interfaces/srv/detail/add_three_ints__rosidl_typesupport_fastrtps_c.h
[0.732s] -- Up-to-date: /home/rohamzn/ros2_test_ws/install/tutorial_interfaces/lib/libtutorial_interfaces__rosidl_typesupport_fastrtps_c.so
[0.733s] -- Up-to-date: /home/rohamzn/ros2_test_ws/install/tutorial_interfaces/include/tutorial_interfaces/tutorial_interfaces
[0.733s] -- Up-to-date: /home/rohamzn/ros2_test_ws/install/tutorial_interfaces/include/tutorial_interfaces/tutorial_interfaces/msg
[0.733s] -- Up-to-date: /home/rohamzn/ros2_test_ws/install/tutorial_interfaces/include/tutorial_interfaces/tutorial_interfaces/msg/detail
[0.733s] -- Up-to-date: /home/rohamzn/ros2_test_ws/install/tutorial_interfaces/include/tutorial_interfaces/tutorial_interfaces/msg/detail/sphere__builder.hpp
[0.733s] -- Up-to-date: /home/rohamzn/ros2_test_ws/install/tutorial_interfaces/include/tutorial_interfaces/tutorial_interfaces/msg/detail/sphere__traits.hpp
[0.733s] -- Up-to-date: /home/rohamzn/ros2_test_ws/install/tutorial_interfaces/include/tutorial_interfaces/tutorial_interfaces/msg/detail/num__builder.hpp
[0.733s] -- Up-to-date: /home/rohamzn/ros2_test_ws/install/tutorial_interfaces/include/tutorial_interfaces/tutorial_interfaces/msg/detail/num__struct.hpp
[0.733s] -- Up-to-date: /home/rohamzn/ros2_test_ws/install/tutorial_interfaces/include/tutorial_interfaces/tutorial_interfaces/msg/detail/sphere__struct.hpp
[0.733s] -- Up-to-date: /home/rohamzn/ros2_test_ws/install/tutorial_interfaces/include/tutorial_interfaces/tutorial_interfaces/msg/detail/num__traits.hpp
[0.733s] -- Up-to-date: /home/rohamzn/ros2_test_ws/install/tutorial_interfaces/include/tutorial_interfaces/tutorial_interfaces/msg/sphere.hpp
[0.733s] -- Up-to-date: /home/rohamzn/ros2_test_ws/install/tutorial_interfaces/include/tutorial_interfaces/tutorial_interfaces/msg/num.hpp
[0.733s] -- Up-to-date: /home/rohamzn/ros2_test_ws/install/tutorial_interfaces/include/tutorial_interfaces/tutorial_interfaces/srv
[0.733s] -- Up-to-date: /home/rohamzn/ros2_test_ws/install/tutorial_interfaces/include/tutorial_interfaces/tutorial_interfaces/srv/add_three_ints.hpp
[0.733s] -- Up-to-date: /home/rohamzn/ros2_test_ws/install/tutorial_interfaces/include/tutorial_interfaces/tutorial_interfaces/srv/detail
[0.734s] -- Up-to-date: /home/rohamzn/ros2_test_ws/install/tutorial_interfaces/include/tutorial_interfaces/tutorial_interfaces/srv/detail/add_three_ints__struct.hpp
[0.734s] -- Up-to-date: /home/rohamzn/ros2_test_ws/install/tutorial_interfaces/include/tutorial_interfaces/tutorial_interfaces/srv/detail/add_three_ints__traits.hpp
[0.734s] -- Up-to-date: /home/rohamzn/ros2_test_ws/install/tutorial_interfaces/include/tutorial_interfaces/tutorial_interfaces/srv/detail/add_three_ints__builder.hpp
[0.734s] -- Up-to-date: /home/rohamzn/ros2_test_ws/install/tutorial_interfaces/include/tutorial_interfaces/tutorial_interfaces
[0.734s] -- Up-to-date: /home/rohamzn/ros2_test_ws/install/tutorial_interfaces/include/tutorial_interfaces/tutorial_interfaces/msg
[0.734s] -- Up-to-date: /home/rohamzn/ros2_test_ws/install/tutorial_interfaces/include/tutorial_interfaces/tutorial_interfaces/msg/detail
[0.734s] -- Up-to-date: /home/rohamzn/ros2_test_ws/install/tutorial_interfaces/include/tutorial_interfaces/tutorial_interfaces/msg/detail/dds_fastrtps
[0.734s] -- Up-to-date: /home/rohamzn/ros2_test_ws/install/tutorial_interfaces/include/tutorial_interfaces/tutorial_interfaces/msg/detail/sphere__rosidl_typesupport_fastrtps_cpp.hpp
[0.734s] -- Up-to-date: /home/rohamzn/ros2_test_ws/install/tutorial_interfaces/include/tutorial_interfaces/tutorial_interfaces/msg/detail/num__rosidl_typesupport_fastrtps_cpp.hpp
[0.734s] -- Up-to-date: /home/rohamzn/ros2_test_ws/install/tutorial_interfaces/include/tutorial_interfaces/tutorial_interfaces/msg/rosidl_typesupport_fastrtps_cpp__visibility_control.h
[0.734s] -- Up-to-date: /home/rohamzn/ros2_test_ws/install/tutorial_interfaces/include/tutorial_interfaces/tutorial_interfaces/srv
[0.734s] -- Up-to-date: /home/rohamzn/ros2_test_ws/install/tutorial_interfaces/include/tutorial_interfaces/tutorial_interfaces/srv/detail
[0.734s] -- Up-to-date: /home/rohamzn/ros2_test_ws/install/tutorial_interfaces/include/tutorial_interfaces/tutorial_interfaces/srv/detail/add_three_ints__rosidl_typesupport_fastrtps_cpp.hpp
[0.734s] -- Up-to-date: /home/rohamzn/ros2_test_ws/install/tutorial_interfaces/include/tutorial_interfaces/tutorial_interfaces/srv/detail/dds_fastrtps
[0.735s] -- Up-to-date: /home/rohamzn/ros2_test_ws/install/tutorial_interfaces/lib/libtutorial_interfaces__rosidl_typesupport_fastrtps_cpp.so
[0.735s] -- Up-to-date: /home/rohamzn/ros2_test_ws/install/tutorial_interfaces/include/tutorial_interfaces/tutorial_interfaces
[0.735s] -- Up-to-date: /home/rohamzn/ros2_test_ws/install/tutorial_interfaces/include/tutorial_interfaces/tutorial_interfaces/msg
[0.735s] -- Up-to-date: /home/rohamzn/ros2_test_ws/install/tutorial_interfaces/include/tutorial_interfaces/tutorial_interfaces/msg/detail
[0.735s] -- Up-to-date: /home/rohamzn/ros2_test_ws/install/tutorial_interfaces/include/tutorial_interfaces/tutorial_interfaces/msg/detail/num__type_support.c
[0.735s] -- Up-to-date: /home/rohamzn/ros2_test_ws/install/tutorial_interfaces/include/tutorial_interfaces/tutorial_interfaces/msg/detail/sphere__rosidl_typesupport_introspection_c.h
[0.735s] -- Up-to-date: /home/rohamzn/ros2_test_ws/install/tutorial_interfaces/include/tutorial_interfaces/tutorial_interfaces/msg/detail/sphere__type_support.c
[0.735s] -- Up-to-date: /home/rohamzn/ros2_test_ws/install/tutorial_interfaces/include/tutorial_interfaces/tutorial_interfaces/msg/detail/num__rosidl_typesupport_introspection_c.h
[0.735s] -- Up-to-date: /home/rohamzn/ros2_test_ws/install/tutorial_interfaces/include/tutorial_interfaces/tutorial_interfaces/msg/rosidl_typesupport_introspection_c__visibility_control.h
[0.735s] -- Up-to-date: /home/rohamzn/ros2_test_ws/install/tutorial_interfaces/include/tutorial_interfaces/tutorial_interfaces/srv
[0.735s] -- Up-to-date: /home/rohamzn/ros2_test_ws/install/tutorial_interfaces/include/tutorial_interfaces/tutorial_interfaces/srv/detail
[0.735s] -- Up-to-date: /home/rohamzn/ros2_test_ws/install/tutorial_interfaces/include/tutorial_interfaces/tutorial_interfaces/srv/detail/add_three_ints__rosidl_typesupport_introspection_c.h
[0.735s] -- Up-to-date: /home/rohamzn/ros2_test_ws/install/tutorial_interfaces/include/tutorial_interfaces/tutorial_interfaces/srv/detail/add_three_ints__type_support.c
[0.735s] -- Installing: /home/rohamzn/ros2_test_ws/install/tutorial_interfaces/lib/libtutorial_interfaces__rosidl_typesupport_introspection_c.so
[0.736s] -- Set runtime path of "/home/rohamzn/ros2_test_ws/install/tutorial_interfaces/lib/libtutorial_interfaces__rosidl_typesupport_introspection_c.so" to ""
[0.736s] -- Up-to-date: /home/rohamzn/ros2_test_ws/install/tutorial_interfaces/lib/libtutorial_interfaces__rosidl_typesupport_c.so
[0.736s] -- Up-to-date: /home/rohamzn/ros2_test_ws/install/tutorial_interfaces/include/tutorial_interfaces/tutorial_interfaces
[0.736s] -- Up-to-date: /home/rohamzn/ros2_test_ws/install/tutorial_interfaces/include/tutorial_interfaces/tutorial_interfaces/msg
[0.736s] -- Up-to-date: /home/rohamzn/ros2_test_ws/install/tutorial_interfaces/include/tutorial_interfaces/tutorial_interfaces/msg/detail
[0.736s] -- Up-to-date: /home/rohamzn/ros2_test_ws/install/tutorial_interfaces/include/tutorial_interfaces/tutorial_interfaces/msg/detail/sphere__rosidl_typesupport_introspection_cpp.hpp
[0.736s] -- Up-to-date: /home/rohamzn/ros2_test_ws/install/tutorial_interfaces/include/tutorial_interfaces/tutorial_interfaces/msg/detail/sphere__type_support.cpp
[0.736s] -- Up-to-date: /home/rohamzn/ros2_test_ws/install/tutorial_interfaces/include/tutorial_interfaces/tutorial_interfaces/msg/detail/num__type_support.cpp
[0.736s] -- Up-to-date: /home/rohamzn/ros2_test_ws/install/tutorial_interfaces/include/tutorial_interfaces/tutorial_interfaces/msg/detail/num__rosidl_typesupport_introspection_cpp.hpp
[0.736s] -- Up-to-date: /home/rohamzn/ros2_test_ws/install/tutorial_interfaces/include/tutorial_interfaces/tutorial_interfaces/srv
[0.736s] -- Up-to-date: /home/rohamzn/ros2_test_ws/install/tutorial_interfaces/include/tutorial_interfaces/tutorial_interfaces/srv/detail
[0.736s] -- Up-to-date: /home/rohamzn/ros2_test_ws/install/tutorial_interfaces/include/tutorial_interfaces/tutorial_interfaces/srv/detail/add_three_ints__type_support.cpp
[0.736s] -- Up-to-date: /home/rohamzn/ros2_test_ws/install/tutorial_interfaces/include/tutorial_interfaces/tutorial_interfaces/srv/detail/add_three_ints__rosidl_typesupport_introspection_cpp.hpp
[0.736s] -- Up-to-date: /home/rohamzn/ros2_test_ws/install/tutorial_interfaces/lib/libtutorial_interfaces__rosidl_typesupport_introspection_cpp.so
[0.737s] -- Up-to-date: /home/rohamzn/ros2_test_ws/install/tutorial_interfaces/lib/libtutorial_interfaces__rosidl_typesupport_cpp.so
[0.737s] -- Up-to-date: /home/rohamzn/ros2_test_ws/install/tutorial_interfaces/share/tutorial_interfaces/environment/pythonpath.sh
[0.737s] -- Up-to-date: /home/rohamzn/ros2_test_ws/install/tutorial_interfaces/share/tutorial_interfaces/environment/pythonpath.dsv
[0.737s] -- Up-to-date: /home/rohamzn/ros2_test_ws/install/tutorial_interfaces/lib/python3.10/site-packages/tutorial_interfaces-0.0.0-py3.10.egg-info
[0.737s] -- Installing: /home/rohamzn/ros2_test_ws/install/tutorial_interfaces/lib/python3.10/site-packages/tutorial_interfaces-0.0.0-py3.10.egg-info/dependency_links.txt
[0.737s] -- Installing: /home/rohamzn/ros2_test_ws/install/tutorial_interfaces/lib/python3.10/site-packages/tutorial_interfaces-0.0.0-py3.10.egg-info/top_level.txt
[0.737s] -- Installing: /home/rohamzn/ros2_test_ws/install/tutorial_interfaces/lib/python3.10/site-packages/tutorial_interfaces-0.0.0-py3.10.egg-info/SOURCES.txt
[0.737s] -- Installing: /home/rohamzn/ros2_test_ws/install/tutorial_interfaces/lib/python3.10/site-packages/tutorial_interfaces-0.0.0-py3.10.egg-info/PKG-INFO
[0.737s] -- Up-to-date: /home/rohamzn/ros2_test_ws/install/tutorial_interfaces/lib/python3.10/site-packages/tutorial_interfaces
[0.737s] -- Up-to-date: /home/rohamzn/ros2_test_ws/install/tutorial_interfaces/lib/python3.10/site-packages/tutorial_interfaces/msg
[0.737s] -- Up-to-date: /home/rohamzn/ros2_test_ws/install/tutorial_interfaces/lib/python3.10/site-packages/tutorial_interfaces/msg/_sphere.py
[0.737s] -- Up-to-date: /home/rohamzn/ros2_test_ws/install/tutorial_interfaces/lib/python3.10/site-packages/tutorial_interfaces/msg/__init__.py
[0.737s] -- Up-to-date: /home/rohamzn/ros2_test_ws/install/tutorial_interfaces/lib/python3.10/site-packages/tutorial_interfaces/msg/_num.py
[0.737s] -- Up-to-date: /home/rohamzn/ros2_test_ws/install/tutorial_interfaces/lib/python3.10/site-packages/tutorial_interfaces/msg/_num_s.c
[0.738s] -- Up-to-date: /home/rohamzn/ros2_test_ws/install/tutorial_interfaces/lib/python3.10/site-packages/tutorial_interfaces/msg/_sphere_s.c
[0.738s] -- Up-to-date: /home/rohamzn/ros2_test_ws/install/tutorial_interfaces/lib/python3.10/site-packages/tutorial_interfaces/tutorial_interfaces_s__rosidl_typesupport_introspection_c.cpython-310-x86_64-linux-gnu.so
[0.738s] -- Up-to-date: /home/rohamzn/ros2_test_ws/install/tutorial_interfaces/lib/python3.10/site-packages/tutorial_interfaces/__init__.py
[0.738s] -- Up-to-date: /home/rohamzn/ros2_test_ws/install/tutorial_interfaces/lib/python3.10/site-packages/tutorial_interfaces/libtutorial_interfaces__rosidl_generator_py.so
[0.738s] -- Up-to-date: /home/rohamzn/ros2_test_ws/install/tutorial_interfaces/lib/python3.10/site-packages/tutorial_interfaces/srv
[0.738s] -- Up-to-date: /home/rohamzn/ros2_test_ws/install/tutorial_interfaces/lib/python3.10/site-packages/tutorial_interfaces/srv/_add_three_ints.py
[0.738s] -- Up-to-date: /home/rohamzn/ros2_test_ws/install/tutorial_interfaces/lib/python3.10/site-packages/tutorial_interfaces/srv/__init__.py
[0.738s] -- Up-to-date: /home/rohamzn/ros2_test_ws/install/tutorial_interfaces/lib/python3.10/site-packages/tutorial_interfaces/srv/_add_three_ints_s.c
[0.738s] -- Up-to-date: /home/rohamzn/ros2_test_ws/install/tutorial_interfaces/lib/python3.10/site-packages/tutorial_interfaces/_tutorial_interfaces_s.ep.rosidl_typesupport_c.c
[0.738s] -- Up-to-date: /home/rohamzn/ros2_test_ws/install/tutorial_interfaces/lib/python3.10/site-packages/tutorial_interfaces/tutorial_interfaces_s__rosidl_typesupport_c.cpython-310-x86_64-linux-gnu.so
[0.739s] -- Up-to-date: /home/rohamzn/ros2_test_ws/install/tutorial_interfaces/lib/python3.10/site-packages/tutorial_interfaces/tutorial_interfaces_s__rosidl_typesupport_fastrtps_c.cpython-310-x86_64-linux-gnu.so
[0.739s] -- Up-to-date: /home/rohamzn/ros2_test_ws/install/tutorial_interfaces/lib/python3.10/site-packages/tutorial_interfaces/_tutorial_interfaces_s.ep.rosidl_typesupport_introspection_c.c
[0.739s] -- Up-to-date: /home/rohamzn/ros2_test_ws/install/tutorial_interfaces/lib/python3.10/site-packages/tutorial_interfaces/_tutorial_interfaces_s.ep.rosidl_typesupport_fastrtps_c.c
[0.753s] Listing '/home/rohamzn/ros2_test_ws/install/tutorial_interfaces/lib/python3.10/site-packages/tutorial_interfaces'...
[0.753s] Listing '/home/rohamzn/ros2_test_ws/install/tutorial_interfaces/lib/python3.10/site-packages/tutorial_interfaces/msg'...
[0.753s] Listing '/home/rohamzn/ros2_test_ws/install/tutorial_interfaces/lib/python3.10/site-packages/tutorial_interfaces/srv'...
[0.755s] -- Installing: /home/rohamzn/ros2_test_ws/install/tutorial_interfaces/lib/python3.10/site-packages/tutorial_interfaces/tutorial_interfaces_s__rosidl_typesupport_fastrtps_c.cpython-310-x86_64-linux-gnu.so
[0.756s] -- Set runtime path of "/home/rohamzn/ros2_test_ws/install/tutorial_interfaces/lib/python3.10/site-packages/tutorial_interfaces/tutorial_interfaces_s__rosidl_typesupport_fastrtps_c.cpython-310-x86_64-linux-gnu.so" to ""
[0.756s] -- Installing: /home/rohamzn/ros2_test_ws/install/tutorial_interfaces/lib/python3.10/site-packages/tutorial_interfaces/tutorial_interfaces_s__rosidl_typesupport_introspection_c.cpython-310-x86_64-linux-gnu.so
[0.756s] -- Set runtime path of "/home/rohamzn/ros2_test_ws/install/tutorial_interfaces/lib/python3.10/site-packages/tutorial_interfaces/tutorial_interfaces_s__rosidl_typesupport_introspection_c.cpython-310-x86_64-linux-gnu.so" to ""
[0.756s] -- Installing: /home/rohamzn/ros2_test_ws/install/tutorial_interfaces/lib/python3.10/site-packages/tutorial_interfaces/tutorial_interfaces_s__rosidl_typesupport_c.cpython-310-x86_64-linux-gnu.so
[0.757s] -- Set runtime path of "/home/rohamzn/ros2_test_ws/install/tutorial_interfaces/lib/python3.10/site-packages/tutorial_interfaces/tutorial_interfaces_s__rosidl_typesupport_c.cpython-310-x86_64-linux-gnu.so" to ""
[0.757s] -- Installing: /home/rohamzn/ros2_test_ws/install/tutorial_interfaces/lib/libtutorial_interfaces__rosidl_generator_py.so
[0.757s] -- Set runtime path of "/home/rohamzn/ros2_test_ws/install/tutorial_interfaces/lib/libtutorial_interfaces__rosidl_generator_py.so" to ""
[0.757s] -- Up-to-date: /home/rohamzn/ros2_test_ws/install/tutorial_interfaces/share/tutorial_interfaces/msg/Num.idl
[0.757s] -- Up-to-date: /home/rohamzn/ros2_test_ws/install/tutorial_interfaces/share/tutorial_interfaces/msg/Sphere.idl
[0.757s] -- Up-to-date: /home/rohamzn/ros2_test_ws/install/tutorial_interfaces/share/tutorial_interfaces/srv/AddThreeInts.idl
[0.758s] -- Up-to-date: /home/rohamzn/ros2_test_ws/install/tutorial_interfaces/share/tutorial_interfaces/msg/Num.msg
[0.758s] -- Up-to-date: /home/rohamzn/ros2_test_ws/install/tutorial_interfaces/share/tutorial_interfaces/msg/Sphere.msg
[0.758s] -- Up-to-date: /home/rohamzn/ros2_test_ws/install/tutorial_interfaces/share/tutorial_interfaces/srv/AddThreeInts.srv
[0.759s] -- Up-to-date: /home/rohamzn/ros2_test_ws/install/tutorial_interfaces/share/tutorial_interfaces/srv/AddThreeInts_Request.msg
[0.759s] -- Up-to-date: /home/rohamzn/ros2_test_ws/install/tutorial_interfaces/share/tutorial_interfaces/srv/AddThreeInts_Response.msg
[0.759s] -- Up-to-date: /home/rohamzn/ros2_test_ws/install/tutorial_interfaces/share/ament_index/resource_index/package_run_dependencies/tutorial_interfaces
[0.759s] -- Up-to-date: /home/rohamzn/ros2_test_ws/install/tutorial_interfaces/share/ament_index/resource_index/parent_prefix_path/tutorial_interfaces
[0.759s] -- Up-to-date: /home/rohamzn/ros2_test_ws/install/tutorial_interfaces/share/tutorial_interfaces/environment/ament_prefix_path.sh
[0.759s] -- Up-to-date: /home/rohamzn/ros2_test_ws/install/tutorial_interfaces/share/tutorial_interfaces/environment/ament_prefix_path.dsv
[0.759s] -- Up-to-date: /home/rohamzn/ros2_test_ws/install/tutorial_interfaces/share/tutorial_interfaces/environment/path.sh
[0.760s] -- Up-to-date: /home/rohamzn/ros2_test_ws/install/tutorial_interfaces/share/tutorial_interfaces/environment/path.dsv
[0.760s] -- Up-to-date: /home/rohamzn/ros2_test_ws/install/tutorial_interfaces/share/tutorial_interfaces/local_setup.bash
[0.760s] -- Up-to-date: /home/rohamzn/ros2_test_ws/install/tutorial_interfaces/share/tutorial_interfaces/local_setup.sh
[0.760s] -- Up-to-date: /home/rohamzn/ros2_test_ws/install/tutorial_interfaces/share/tutorial_interfaces/local_setup.zsh
[0.760s] -- Up-to-date: /home/rohamzn/ros2_test_ws/install/tutorial_interfaces/share/tutorial_interfaces/local_setup.dsv
[0.761s] -- Installing: /home/rohamzn/ros2_test_ws/install/tutorial_interfaces/share/tutorial_interfaces/package.dsv
[0.761s] -- Up-to-date: /home/rohamzn/ros2_test_ws/install/tutorial_interfaces/share/ament_index/resource_index/packages/tutorial_interfaces
[0.761s] -- Up-to-date: /home/rohamzn/ros2_test_ws/install/tutorial_interfaces/share/tutorial_interfaces/cmake/export_tutorial_interfaces__rosidl_generator_cExport.cmake
[0.761s] -- Up-to-date: /home/rohamzn/ros2_test_ws/install/tutorial_interfaces/share/tutorial_interfaces/cmake/export_tutorial_interfaces__rosidl_generator_cExport-noconfig.cmake
[0.761s] -- Up-to-date: /home/rohamzn/ros2_test_ws/install/tutorial_interfaces/share/tutorial_interfaces/cmake/export_tutorial_interfaces__rosidl_typesupport_fastrtps_cExport.cmake
[0.762s] -- Up-to-date: /home/rohamzn/ros2_test_ws/install/tutorial_interfaces/share/tutorial_interfaces/cmake/export_tutorial_interfaces__rosidl_typesupport_fastrtps_cExport-noconfig.cmake
[0.762s] -- Up-to-date: /home/rohamzn/ros2_test_ws/install/tutorial_interfaces/share/tutorial_interfaces/cmake/export_tutorial_interfaces__rosidl_generator_cppExport.cmake
[0.762s] -- Up-to-date: /home/rohamzn/ros2_test_ws/install/tutorial_interfaces/share/tutorial_interfaces/cmake/export_tutorial_interfaces__rosidl_typesupport_fastrtps_cppExport.cmake
[0.762s] -- Up-to-date: /home/rohamzn/ros2_test_ws/install/tutorial_interfaces/share/tutorial_interfaces/cmake/export_tutorial_interfaces__rosidl_typesupport_fastrtps_cppExport-noconfig.cmake
[0.762s] -- Up-to-date: /home/rohamzn/ros2_test_ws/install/tutorial_interfaces/share/tutorial_interfaces/cmake/tutorial_interfaces__rosidl_typesupport_introspection_cExport.cmake
[0.762s] -- Up-to-date: /home/rohamzn/ros2_test_ws/install/tutorial_interfaces/share/tutorial_interfaces/cmake/tutorial_interfaces__rosidl_typesupport_introspection_cExport-noconfig.cmake
[0.762s] -- Up-to-date: /home/rohamzn/ros2_test_ws/install/tutorial_interfaces/share/tutorial_interfaces/cmake/tutorial_interfaces__rosidl_typesupport_cExport.cmake
[0.762s] -- Up-to-date: /home/rohamzn/ros2_test_ws/install/tutorial_interfaces/share/tutorial_interfaces/cmake/tutorial_interfaces__rosidl_typesupport_cExport-noconfig.cmake
[0.762s] -- Up-to-date: /home/rohamzn/ros2_test_ws/install/tutorial_interfaces/share/tutorial_interfaces/cmake/tutorial_interfaces__rosidl_typesupport_introspection_cppExport.cmake
[0.762s] -- Up-to-date: /home/rohamzn/ros2_test_ws/install/tutorial_interfaces/share/tutorial_interfaces/cmake/tutorial_interfaces__rosidl_typesupport_introspection_cppExport-noconfig.cmake
[0.762s] -- Up-to-date: /home/rohamzn/ros2_test_ws/install/tutorial_interfaces/share/tutorial_interfaces/cmake/tutorial_interfaces__rosidl_typesupport_cppExport.cmake
[0.762s] -- Up-to-date: /home/rohamzn/ros2_test_ws/install/tutorial_interfaces/share/tutorial_interfaces/cmake/tutorial_interfaces__rosidl_typesupport_cppExport-noconfig.cmake
[0.762s] -- Up-to-date: /home/rohamzn/ros2_test_ws/install/tutorial_interfaces/share/tutorial_interfaces/cmake/export_tutorial_interfaces__rosidl_generator_pyExport.cmake
[0.762s] -- Up-to-date: /home/rohamzn/ros2_test_ws/install/tutorial_interfaces/share/tutorial_interfaces/cmake/export_tutorial_interfaces__rosidl_generator_pyExport-noconfig.cmake
[0.762s] -- Up-to-date: /home/rohamzn/ros2_test_ws/install/tutorial_interfaces/share/tutorial_interfaces/cmake/rosidl_cmake-extras.cmake
[0.763s] -- Up-to-date: /home/rohamzn/ros2_test_ws/install/tutorial_interfaces/share/tutorial_interfaces/cmake/ament_cmake_export_dependencies-extras.cmake
[0.763s] -- Up-to-date: /home/rohamzn/ros2_test_ws/install/tutorial_interfaces/share/tutorial_interfaces/cmake/ament_cmake_export_include_directories-extras.cmake
[0.763s] -- Up-to-date: /home/rohamzn/ros2_test_ws/install/tutorial_interfaces/share/tutorial_interfaces/cmake/ament_cmake_export_libraries-extras.cmake
[0.763s] -- Up-to-date: /home/rohamzn/ros2_test_ws/install/tutorial_interfaces/share/tutorial_interfaces/cmake/ament_cmake_export_targets-extras.cmake
[0.763s] -- Up-to-date: /home/rohamzn/ros2_test_ws/install/tutorial_interfaces/share/tutorial_interfaces/cmake/rosidl_cmake_export_typesupport_targets-extras.cmake
[0.763s] -- Up-to-date: /home/rohamzn/ros2_test_ws/install/tutorial_interfaces/share/tutorial_interfaces/cmake/rosidl_cmake_export_typesupport_libraries-extras.cmake
[0.763s] -- Up-to-date: /home/rohamzn/ros2_test_ws/install/tutorial_interfaces/share/tutorial_interfaces/cmake/tutorial_interfacesConfig.cmake
[0.763s] -- Up-to-date: /home/rohamzn/ros2_test_ws/install/tutorial_interfaces/share/tutorial_interfaces/cmake/tutorial_interfacesConfig-version.cmake
[0.763s] -- Up-to-date: /home/rohamzn/ros2_test_ws/install/tutorial_interfaces/share/tutorial_interfaces/package.xml
[0.772s] Invoked command in '/home/rohamzn/ros2_test_ws/build/tutorial_interfaces' returned '0': CMAKE_PREFIX_PATH=${CMAKE_PREFIX_PATH}:/home/rohamzn/ros2_test_ws/install/launch_tutorial:/home/rohamzn/ros2_test_ws/install/py_launch_example:/opt/ros/humble CONDA_PROMPT_MODIFIER=(base) /home/rohamzn/.local/bin/cmake --install /home/rohamzn/ros2_test_ws/build/tutorial_interfaces
