[0.038s] Invoking command in '/home/rohamzn/ros2_test_ws/build/cpp_srvcli': CMAKE_PREFIX_PATH=${CMAKE_PREFIX_PATH}:/home/rohamzn/ros2_test_ws/install/launch_tutorial:/home/rohamzn/ros2_test_ws/install/py_launch_example:/opt/ros/humble CONDA_PROMPT_MODIFIER=(base) /home/rohamzn/.local/bin/cmake --build /home/rohamzn/ros2_test_ws/build/cpp_srvcli -- -j20 -l20
[0.381s] [100%] Built target client
[0.381s] [100%] Built target server
[0.386s] Invoked command in '/home/rohamzn/ros2_test_ws/build/cpp_srvcli' returned '0': CMAKE_PREFIX_PATH=${CMAKE_PREFIX_PATH}:/home/rohamzn/ros2_test_ws/install/launch_tutorial:/home/rohamzn/ros2_test_ws/install/py_launch_example:/opt/ros/humble CONDA_PROMPT_MODIFIER=(base) /home/rohamzn/.local/bin/cmake --build /home/rohamzn/ros2_test_ws/build/cpp_srvcli -- -j20 -l20
[0.450s] Invoking command in '/home/rohamzn/ros2_test_ws/build/cpp_srvcli': CMAKE_PREFIX_PATH=${CMAKE_PREFIX_PATH}:/home/rohamzn/ros2_test_ws/install/launch_tutorial:/home/rohamzn/ros2_test_ws/install/py_launch_example:/opt/ros/humble CONDA_PROMPT_MODIFIER=(base) /home/rohamzn/.local/bin/cmake --install /home/rohamzn/ros2_test_ws/build/cpp_srvcli
[0.483s] -- Install configuration: ""
[0.484s] -- Up-to-date: /home/rohamzn/ros2_test_ws/install/cpp_srvcli/lib/cpp_srvcli/server
[0.484s] -- Up-to-date: /home/rohamzn/ros2_test_ws/install/cpp_srvcli/lib/cpp_srvcli/client
[0.484s] -- Up-to-date: /home/rohamzn/ros2_test_ws/install/cpp_srvcli/share/ament_index/resource_index/package_run_dependencies/cpp_srvcli
[0.484s] -- Up-to-date: /home/rohamzn/ros2_test_ws/install/cpp_srvcli/share/ament_index/resource_index/parent_prefix_path/cpp_srvcli
[0.484s] -- Up-to-date: /home/rohamzn/ros2_test_ws/install/cpp_srvcli/share/cpp_srvcli/environment/ament_prefix_path.sh
[0.486s] -- Up-to-date: /home/rohamzn/ros2_test_ws/install/cpp_srvcli/share/cpp_srvcli/environment/ament_prefix_path.dsv
[0.486s] -- Up-to-date: /home/rohamzn/ros2_test_ws/install/cpp_srvcli/share/cpp_srvcli/environment/path.sh
[0.487s] -- Up-to-date: /home/rohamzn/ros2_test_ws/install/cpp_srvcli/share/cpp_srvcli/environment/path.dsv
[0.487s] -- Up-to-date: /home/rohamzn/ros2_test_ws/install/cpp_srvcli/share/cpp_srvcli/local_setup.bash
[0.487s] -- Up-to-date: /home/rohamzn/ros2_test_ws/install/cpp_srvcli/share/cpp_srvcli/local_setup.sh
[0.487s] -- Up-to-date: /home/rohamzn/ros2_test_ws/install/cpp_srvcli/share/cpp_srvcli/local_setup.zsh
[0.487s] -- Up-to-date: /home/rohamzn/ros2_test_ws/install/cpp_srvcli/share/cpp_srvcli/local_setup.dsv
[0.488s] -- Installing: /home/rohamzn/ros2_test_ws/install/cpp_srvcli/share/cpp_srvcli/package.dsv
[0.488s] -- Up-to-date: /home/rohamzn/ros2_test_ws/install/cpp_srvcli/share/ament_index/resource_index/packages/cpp_srvcli
[0.488s] -- Up-to-date: /home/rohamzn/ros2_test_ws/install/cpp_srvcli/share/cpp_srvcli/cmake/cpp_srvcliConfig.cmake
[0.488s] -- Up-to-date: /home/rohamzn/ros2_test_ws/install/cpp_srvcli/share/cpp_srvcli/cmake/cpp_srvcliConfig-version.cmake
[0.489s] -- Up-to-date: /home/rohamzn/ros2_test_ws/install/cpp_srvcli/share/cpp_srvcli/package.xml
[0.538s] Invoked command in '/home/rohamzn/ros2_test_ws/build/cpp_srvcli' returned '0': CMAKE_PREFIX_PATH=${CMAKE_PREFIX_PATH}:/home/rohamzn/ros2_test_ws/install/launch_tutorial:/home/rohamzn/ros2_test_ws/install/py_launch_example:/opt/ros/humble CONDA_PROMPT_MODIFIER=(base) /home/rohamzn/.local/bin/cmake --install /home/rohamzn/ros2_test_ws/build/cpp_srvcli
