-- The C compiler identification is GNU 13.1.0
-- The CXX compiler identification is GNU 11.4.0
-- Detecting C compiler ABI info
-- Detecting C compiler ABI info - done
-- Check for working C compiler: /home/rohamzn/anaconda3/bin/cc - skipped
-- Detecting C compile features
-- Detecting C compile features - done
-- Detecting CXX compiler ABI info
-- Detecting CXX compiler ABI info - done
-- Check for working CXX compiler: /usr/bin/c++ - skipped
-- Detecting CXX compile features
-- Detecting CXX compile features - done
-- Found ament_cmake: 1.3.5 (/opt/ros/humble/share/ament_cmake/cmake)
-- Found Python3: /home/rohamzn/anaconda3/bin/python3.10 (found version "3.10.6") found components: Interpreter 
-- Found rclcpp: 16.0.5 (/opt/ros/humble/share/rclcpp/cmake)
-- Found rosidl_generator_c: 3.1.5 (/opt/ros/humble/share/rosidl_generator_c/cmake)
-- Found rosidl_adapter: 3.1.5 (/opt/ros/humble/share/rosidl_adapter/cmake)
-- Found rosidl_generator_cpp: 3.1.5 (/opt/ros/humble/share/rosidl_generator_cpp/cmake)
-- Using all available rosidl_typesupport_c: rosidl_typesupport_fastrtps_c;rosidl_typesupport_introspection_c
-- Using all available rosidl_typesupport_cpp: rosidl_typesupport_fastrtps_cpp;rosidl_typesupport_introspection_cpp
-- Found rmw_implementation_cmake: 6.1.1 (/opt/ros/humble/share/rmw_implementation_cmake/cmake)
-- Found rmw_cyclonedds_cpp: 1.3.4 (/opt/ros/humble/share/rmw_cyclonedds_cpp/cmake)
-- Using RMW implementation 'rmw_cyclonedds_cpp' as default
-- Performing Test CMAKE_HAVE_LIBC_PTHREAD
-- Performing Test CMAKE_HAVE_LIBC_PTHREAD - Failed
-- Looking for pthread_create in pthreads
-- Looking for pthread_create in pthreads - not found
-- Looking for pthread_create in pthread
-- Looking for pthread_create in pthread - found
-- Found Threads: TRUE  
-- Found rosbag2_cpp: 0.15.7 (/opt/ros/humble/share/rosbag2_cpp/cmake)
-- Found turtlesim: 1.4.2 (/home/rohamzn/ros2_test_ws/install/turtlesim/share/turtlesim/cmake)
-- Found ament_lint_auto: 0.12.7 (/opt/ros/humble/share/ament_lint_auto/cmake)
-- Added test 'cppcheck' to perform static code analysis on C / C++ code
-- Configured cppcheck include dirs: 
-- Configured cppcheck exclude dirs and/or files: 
-- Added test 'lint_cmake' to check CMake code style
-- Added test 'uncrustify' to check C / C++ code style
-- Configured uncrustify additional arguments: 
-- Added test 'xmllint' to check XML markup files
-- Configuring done (1.3s)
-- Generating done (0.0s)
-- Build files have been written to: /home/rohamzn/ros2_test_ws/build/bag_reading_cpp
[ 50%] [32mBuilding CXX object CMakeFiles/simple_bag_reader.dir/src/simple_bag_reader.cpp.o[0m
[100%] [32m[1mLinking CXX executable simple_bag_reader[0m
[100%] Built target simple_bag_reader
-- Install configuration: ""
-- Installing: /home/rohamzn/ros2_test_ws/install/bag_reading_cpp/lib/bag_reading_cpp/simple_bag_reader
-- Set runtime path of "/home/rohamzn/ros2_test_ws/install/bag_reading_cpp/lib/bag_reading_cpp/simple_bag_reader" to ""
-- Installing: /home/rohamzn/ros2_test_ws/install/bag_reading_cpp/share/ament_index/resource_index/package_run_dependencies/bag_reading_cpp
-- Installing: /home/rohamzn/ros2_test_ws/install/bag_reading_cpp/share/ament_index/resource_index/parent_prefix_path/bag_reading_cpp
-- Installing: /home/rohamzn/ros2_test_ws/install/bag_reading_cpp/share/bag_reading_cpp/environment/ament_prefix_path.sh
-- Installing: /home/rohamzn/ros2_test_ws/install/bag_reading_cpp/share/bag_reading_cpp/environment/ament_prefix_path.dsv
-- Installing: /home/rohamzn/ros2_test_ws/install/bag_reading_cpp/share/bag_reading_cpp/environment/path.sh
-- Installing: /home/rohamzn/ros2_test_ws/install/bag_reading_cpp/share/bag_reading_cpp/environment/path.dsv
-- Installing: /home/rohamzn/ros2_test_ws/install/bag_reading_cpp/share/bag_reading_cpp/local_setup.bash
-- Installing: /home/rohamzn/ros2_test_ws/install/bag_reading_cpp/share/bag_reading_cpp/local_setup.sh
-- Installing: /home/rohamzn/ros2_test_ws/install/bag_reading_cpp/share/bag_reading_cpp/local_setup.zsh
-- Installing: /home/rohamzn/ros2_test_ws/install/bag_reading_cpp/share/bag_reading_cpp/local_setup.dsv
-- Installing: /home/rohamzn/ros2_test_ws/install/bag_reading_cpp/share/bag_reading_cpp/package.dsv
-- Installing: /home/rohamzn/ros2_test_ws/install/bag_reading_cpp/share/ament_index/resource_index/packages/bag_reading_cpp
-- Installing: /home/rohamzn/ros2_test_ws/install/bag_reading_cpp/share/bag_reading_cpp/cmake/bag_reading_cppConfig.cmake
-- Installing: /home/rohamzn/ros2_test_ws/install/bag_reading_cpp/share/bag_reading_cpp/cmake/bag_reading_cppConfig-version.cmake
-- Installing: /home/rohamzn/ros2_test_ws/install/bag_reading_cpp/share/bag_reading_cpp/package.xml
