[0.012s] Invoking command in '/home/rohamzn/ros2_test_ws/build/bag_reading_cpp': CMAKE_PREFIX_PATH=/home/rohamzn/ros2_test_ws/install/turtlesim:/home/rohamzn/ros2_test_ws/install/tutorial_interfaces:/home/rohamzn/ros2_test_ws/install/learning_tf2_cpp:/home/rohamzn/ros2_test_ws/install/polygon_plugins:/home/rohamzn/ros2_test_ws/install/polygon_base:/home/rohamzn/ros2_test_ws/install/my_package:/home/rohamzn/ros2_test_ws/install/more_interfaces:/home/rohamzn/ros2_test_ws/install/cpp_srvcli:/home/rohamzn/ros2_test_ws/install/cpp_pubsub:/home/rohamzn/ros2_test_ws/install/cpp_parameters:/home/rohamzn/ros2_test_ws/install/cpp_parameter_event_handler:/home/rohamzn/ros2_test_ws/install/cpp_launch_example:/home/rohamzn/ros2_test_ws/install/bag_recorder_nodes:/home/rohamzn/ros2_test_ws/install/action_tutorials_cpp:/home/rohamzn/ros2_test_ws/install/action_tutorials_interfaces:/home/rohamzn/ros2_test_ws/install/bag_recorder_nodes_py:/home/rohamzn/ros2_test_ws/install/learning_tf2_py:/home/rohamzn/ros2_test_ws/install/py_launch_example:/home/rohamzn/ros2_test_ws/install/launch_tutorial:/opt/ros/humble CONDA_PROMPT_MODIFIER=(base) LD_LIBRARY_PATH=/home/rohamzn/ros2_test_ws/install/turtlesim/lib:/home/rohamzn/ros2_test_ws/install/tutorial_interfaces/lib:/home/rohamzn/ros2_test_ws/install/polygon_plugins/lib:/home/rohamzn/ros2_test_ws/install/more_interfaces/lib:/home/rohamzn/ros2_test_ws/install/action_tutorials_cpp/lib:/home/rohamzn/ros2_test_ws/install/action_tutorials_interfaces/lib:/usr/local/cuda/lib64:/opt/ros/humble/opt/rviz_ogre_vendor/lib:/opt/ros/humble/lib/x86_64-linux-gnu:/opt/ros/humble/lib PYTHONPATH=/home/rohamzn/ros2_test_ws/install/turtlesim/lib/python3.10/site-packages:/home/rohamzn/ros2_test_ws/install/bag_recorder_nodes_py/lib/python3.10/site-packages:/home/rohamzn/ros2_test_ws/install/tutorial_interfaces/lib/python3.10/site-packages:/home/rohamzn/ros2_test_ws/install/learning_tf2_py/lib/python3.10/site-packages:/home/rohamzn/ros2_test_ws/install/py_launch_example/lib/python3.10/site-packages:/home/rohamzn/ros2_test_ws/install/more_interfaces/lib/python3.10/site-packages:/home/rohamzn/ros2_test_ws/install/launch_tutorial/lib/python3.10/site-packages:/home/rohamzn/ros2_test_ws/install/action_tutorials_interfaces/lib/python3.10/site-packages:/opt/ros/humble/lib/python3.10/site-packages:/opt/ros/humble/local/lib/python3.10/dist-packages /home/rohamzn/.local/bin/cmake /home/rohamzn/ros2_test_ws/src/bag_reading_cpp -DCMAKE_INSTALL_PREFIX=/home/rohamzn/ros2_test_ws/install/bag_reading_cpp
[0.117s] -- The C compiler identification is GNU 13.1.0
[0.161s] -- The CXX compiler identification is GNU 11.4.0
[0.174s] -- Detecting C compiler ABI info
[0.216s] -- Detecting C compiler ABI info - done
[0.223s] -- Check for working C compiler: /home/rohamzn/anaconda3/bin/cc - skipped
[0.223s] -- Detecting C compile features
[0.224s] -- Detecting C compile features - done
[0.230s] -- Detecting CXX compiler ABI info
[0.274s] -- Detecting CXX compiler ABI info - done
[0.280s] -- Check for working CXX compiler: /usr/bin/c++ - skipped
[0.280s] -- Detecting CXX compile features
[0.281s] -- Detecting CXX compile features - done
[0.283s] -- Found ament_cmake: 1.3.5 (/opt/ros/humble/share/ament_cmake/cmake)
[0.703s] -- Found Python3: /home/rohamzn/anaconda3/bin/python3.10 (found version "3.10.6") found components: Interpreter 
[0.770s] -- Found rclcpp: 16.0.5 (/opt/ros/humble/share/rclcpp/cmake)
[0.802s] -- Found rosidl_generator_c: 3.1.5 (/opt/ros/humble/share/rosidl_generator_c/cmake)
[0.806s] -- Found rosidl_adapter: 3.1.5 (/opt/ros/humble/share/rosidl_adapter/cmake)
[0.812s] -- Found rosidl_generator_cpp: 3.1.5 (/opt/ros/humble/share/rosidl_generator_cpp/cmake)
[0.823s] -- Using all available rosidl_typesupport_c: rosidl_typesupport_fastrtps_c;rosidl_typesupport_introspection_c
[0.838s] -- Using all available rosidl_typesupport_cpp: rosidl_typesupport_fastrtps_cpp;rosidl_typesupport_introspection_cpp
[0.887s] -- Found rmw_implementation_cmake: 6.1.1 (/opt/ros/humble/share/rmw_implementation_cmake/cmake)
[0.890s] -- Found rmw_cyclonedds_cpp: 1.3.4 (/opt/ros/humble/share/rmw_cyclonedds_cpp/cmake)
[0.914s] -- Using RMW implementation 'rmw_cyclonedds_cpp' as default
[0.922s] -- Performing Test CMAKE_HAVE_LIBC_PTHREAD
[0.960s] -- Performing Test CMAKE_HAVE_LIBC_PTHREAD - Failed
[0.960s] -- Looking for pthread_create in pthreads
[0.988s] -- Looking for pthread_create in pthreads - not found
[0.988s] -- Looking for pthread_create in pthread
[1.027s] -- Looking for pthread_create in pthread - found
[1.028s] -- Found Threads: TRUE  
[1.132s] -- Found rosbag2_cpp: 0.15.7 (/opt/ros/humble/share/rosbag2_cpp/cmake)
[1.176s] -- Found turtlesim: 1.4.2 (/home/rohamzn/ros2_test_ws/install/turtlesim/share/turtlesim/cmake)
[1.264s] -- Found ament_lint_auto: 0.12.7 (/opt/ros/humble/share/ament_lint_auto/cmake)
[1.322s] -- Added test 'cppcheck' to perform static code analysis on C / C++ code
[1.322s] -- Configured cppcheck include dirs: 
[1.322s] -- Configured cppcheck exclude dirs and/or files: 
[1.322s] -- Added test 'lint_cmake' to check CMake code style
[1.323s] -- Added test 'uncrustify' to check C / C++ code style
[1.323s] -- Configured uncrustify additional arguments: 
[1.323s] -- Added test 'xmllint' to check XML markup files
[1.324s] -- Configuring done (1.3s)
[1.330s] [33mCMake Warning at CMakeLists.txt:14 (add_executable):
[1.330s]   Cannot generate a safe runtime search path for target simple_bag_reader
[1.330s]   because files in some directories may conflict with libraries in implicit
[1.331s]   directories:
[1.331s] 
[1.331s]     runtime library [libpython3.10.so.1.0] in /usr/lib/x86_64-linux-gnu may be hidden by files in:
[1.331s]       /home/rohamzn/anaconda3/lib
[1.331s] 
[1.331s]   Some of these libraries may not be found correctly.
[1.331s] 
[1.331s] [0m
[1.331s] -- Generating done (0.0s)
[1.332s] -- Build files have been written to: /home/rohamzn/ros2_test_ws/build/bag_reading_cpp
[1.340s] Invoked command in '/home/rohamzn/ros2_test_ws/build/bag_reading_cpp' returned '0': CMAKE_PREFIX_PATH=/home/rohamzn/ros2_test_ws/install/turtlesim:/home/rohamzn/ros2_test_ws/install/tutorial_interfaces:/home/rohamzn/ros2_test_ws/install/learning_tf2_cpp:/home/rohamzn/ros2_test_ws/install/polygon_plugins:/home/rohamzn/ros2_test_ws/install/polygon_base:/home/rohamzn/ros2_test_ws/install/my_package:/home/rohamzn/ros2_test_ws/install/more_interfaces:/home/rohamzn/ros2_test_ws/install/cpp_srvcli:/home/rohamzn/ros2_test_ws/install/cpp_pubsub:/home/rohamzn/ros2_test_ws/install/cpp_parameters:/home/rohamzn/ros2_test_ws/install/cpp_parameter_event_handler:/home/rohamzn/ros2_test_ws/install/cpp_launch_example:/home/rohamzn/ros2_test_ws/install/bag_recorder_nodes:/home/rohamzn/ros2_test_ws/install/action_tutorials_cpp:/home/rohamzn/ros2_test_ws/install/action_tutorials_interfaces:/home/rohamzn/ros2_test_ws/install/bag_recorder_nodes_py:/home/rohamzn/ros2_test_ws/install/learning_tf2_py:/home/rohamzn/ros2_test_ws/install/py_launch_example:/home/rohamzn/ros2_test_ws/install/launch_tutorial:/opt/ros/humble CONDA_PROMPT_MODIFIER=(base) LD_LIBRARY_PATH=/home/rohamzn/ros2_test_ws/install/turtlesim/lib:/home/rohamzn/ros2_test_ws/install/tutorial_interfaces/lib:/home/rohamzn/ros2_test_ws/install/polygon_plugins/lib:/home/rohamzn/ros2_test_ws/install/more_interfaces/lib:/home/rohamzn/ros2_test_ws/install/action_tutorials_cpp/lib:/home/rohamzn/ros2_test_ws/install/action_tutorials_interfaces/lib:/usr/local/cuda/lib64:/opt/ros/humble/opt/rviz_ogre_vendor/lib:/opt/ros/humble/lib/x86_64-linux-gnu:/opt/ros/humble/lib PYTHONPATH=/home/rohamzn/ros2_test_ws/install/turtlesim/lib/python3.10/site-packages:/home/rohamzn/ros2_test_ws/install/bag_recorder_nodes_py/lib/python3.10/site-packages:/home/rohamzn/ros2_test_ws/install/tutorial_interfaces/lib/python3.10/site-packages:/home/rohamzn/ros2_test_ws/install/learning_tf2_py/lib/python3.10/site-packages:/home/rohamzn/ros2_test_ws/install/py_launch_example/lib/python3.10/site-packages:/home/rohamzn/ros2_test_ws/install/more_interfaces/lib/python3.10/site-packages:/home/rohamzn/ros2_test_ws/install/launch_tutorial/lib/python3.10/site-packages:/home/rohamzn/ros2_test_ws/install/action_tutorials_interfaces/lib/python3.10/site-packages:/opt/ros/humble/lib/python3.10/site-packages:/opt/ros/humble/local/lib/python3.10/dist-packages /home/rohamzn/.local/bin/cmake /home/rohamzn/ros2_test_ws/src/bag_reading_cpp -DCMAKE_INSTALL_PREFIX=/home/rohamzn/ros2_test_ws/install/bag_reading_cpp
[1.341s] Invoking command in '/home/rohamzn/ros2_test_ws/build/bag_reading_cpp': CMAKE_PREFIX_PATH=/home/rohamzn/ros2_test_ws/install/turtlesim:/home/rohamzn/ros2_test_ws/install/tutorial_interfaces:/home/rohamzn/ros2_test_ws/install/learning_tf2_cpp:/home/rohamzn/ros2_test_ws/install/polygon_plugins:/home/rohamzn/ros2_test_ws/install/polygon_base:/home/rohamzn/ros2_test_ws/install/my_package:/home/rohamzn/ros2_test_ws/install/more_interfaces:/home/rohamzn/ros2_test_ws/install/cpp_srvcli:/home/rohamzn/ros2_test_ws/install/cpp_pubsub:/home/rohamzn/ros2_test_ws/install/cpp_parameters:/home/rohamzn/ros2_test_ws/install/cpp_parameter_event_handler:/home/rohamzn/ros2_test_ws/install/cpp_launch_example:/home/rohamzn/ros2_test_ws/install/bag_recorder_nodes:/home/rohamzn/ros2_test_ws/install/action_tutorials_cpp:/home/rohamzn/ros2_test_ws/install/action_tutorials_interfaces:/home/rohamzn/ros2_test_ws/install/bag_recorder_nodes_py:/home/rohamzn/ros2_test_ws/install/learning_tf2_py:/home/rohamzn/ros2_test_ws/install/py_launch_example:/home/rohamzn/ros2_test_ws/install/launch_tutorial:/opt/ros/humble CONDA_PROMPT_MODIFIER=(base) LD_LIBRARY_PATH=/home/rohamzn/ros2_test_ws/install/turtlesim/lib:/home/rohamzn/ros2_test_ws/install/tutorial_interfaces/lib:/home/rohamzn/ros2_test_ws/install/polygon_plugins/lib:/home/rohamzn/ros2_test_ws/install/more_interfaces/lib:/home/rohamzn/ros2_test_ws/install/action_tutorials_cpp/lib:/home/rohamzn/ros2_test_ws/install/action_tutorials_interfaces/lib:/usr/local/cuda/lib64:/opt/ros/humble/opt/rviz_ogre_vendor/lib:/opt/ros/humble/lib/x86_64-linux-gnu:/opt/ros/humble/lib PYTHONPATH=/home/rohamzn/ros2_test_ws/install/turtlesim/lib/python3.10/site-packages:/home/rohamzn/ros2_test_ws/install/bag_recorder_nodes_py/lib/python3.10/site-packages:/home/rohamzn/ros2_test_ws/install/tutorial_interfaces/lib/python3.10/site-packages:/home/rohamzn/ros2_test_ws/install/learning_tf2_py/lib/python3.10/site-packages:/home/rohamzn/ros2_test_ws/install/py_launch_example/lib/python3.10/site-packages:/home/rohamzn/ros2_test_ws/install/more_interfaces/lib/python3.10/site-packages:/home/rohamzn/ros2_test_ws/install/launch_tutorial/lib/python3.10/site-packages:/home/rohamzn/ros2_test_ws/install/action_tutorials_interfaces/lib/python3.10/site-packages:/opt/ros/humble/lib/python3.10/site-packages:/opt/ros/humble/local/lib/python3.10/dist-packages /home/rohamzn/.local/bin/cmake --build /home/rohamzn/ros2_test_ws/build/bag_reading_cpp -- -j20 -l20
[1.369s] [ 50%] [32mBuilding CXX object CMakeFiles/simple_bag_reader.dir/src/simple_bag_reader.cpp.o[0m
[3.674s] [100%] [32m[1mLinking CXX executable simple_bag_reader[0m
[3.777s] [100%] Built target simple_bag_reader
[3.783s] Invoked command in '/home/rohamzn/ros2_test_ws/build/bag_reading_cpp' returned '0': CMAKE_PREFIX_PATH=/home/rohamzn/ros2_test_ws/install/turtlesim:/home/rohamzn/ros2_test_ws/install/tutorial_interfaces:/home/rohamzn/ros2_test_ws/install/learning_tf2_cpp:/home/rohamzn/ros2_test_ws/install/polygon_plugins:/home/rohamzn/ros2_test_ws/install/polygon_base:/home/rohamzn/ros2_test_ws/install/my_package:/home/rohamzn/ros2_test_ws/install/more_interfaces:/home/rohamzn/ros2_test_ws/install/cpp_srvcli:/home/rohamzn/ros2_test_ws/install/cpp_pubsub:/home/rohamzn/ros2_test_ws/install/cpp_parameters:/home/rohamzn/ros2_test_ws/install/cpp_parameter_event_handler:/home/rohamzn/ros2_test_ws/install/cpp_launch_example:/home/rohamzn/ros2_test_ws/install/bag_recorder_nodes:/home/rohamzn/ros2_test_ws/install/action_tutorials_cpp:/home/rohamzn/ros2_test_ws/install/action_tutorials_interfaces:/home/rohamzn/ros2_test_ws/install/bag_recorder_nodes_py:/home/rohamzn/ros2_test_ws/install/learning_tf2_py:/home/rohamzn/ros2_test_ws/install/py_launch_example:/home/rohamzn/ros2_test_ws/install/launch_tutorial:/opt/ros/humble CONDA_PROMPT_MODIFIER=(base) LD_LIBRARY_PATH=/home/rohamzn/ros2_test_ws/install/turtlesim/lib:/home/rohamzn/ros2_test_ws/install/tutorial_interfaces/lib:/home/rohamzn/ros2_test_ws/install/polygon_plugins/lib:/home/rohamzn/ros2_test_ws/install/more_interfaces/lib:/home/rohamzn/ros2_test_ws/install/action_tutorials_cpp/lib:/home/rohamzn/ros2_test_ws/install/action_tutorials_interfaces/lib:/usr/local/cuda/lib64:/opt/ros/humble/opt/rviz_ogre_vendor/lib:/opt/ros/humble/lib/x86_64-linux-gnu:/opt/ros/humble/lib PYTHONPATH=/home/rohamzn/ros2_test_ws/install/turtlesim/lib/python3.10/site-packages:/home/rohamzn/ros2_test_ws/install/bag_recorder_nodes_py/lib/python3.10/site-packages:/home/rohamzn/ros2_test_ws/install/tutorial_interfaces/lib/python3.10/site-packages:/home/rohamzn/ros2_test_ws/install/learning_tf2_py/lib/python3.10/site-packages:/home/rohamzn/ros2_test_ws/install/py_launch_example/lib/python3.10/site-packages:/home/rohamzn/ros2_test_ws/install/more_interfaces/lib/python3.10/site-packages:/home/rohamzn/ros2_test_ws/install/launch_tutorial/lib/python3.10/site-packages:/home/rohamzn/ros2_test_ws/install/action_tutorials_interfaces/lib/python3.10/site-packages:/opt/ros/humble/lib/python3.10/site-packages:/opt/ros/humble/local/lib/python3.10/dist-packages /home/rohamzn/.local/bin/cmake --build /home/rohamzn/ros2_test_ws/build/bag_reading_cpp -- -j20 -l20
[3.834s] Invoking command in '/home/rohamzn/ros2_test_ws/build/bag_reading_cpp': CMAKE_PREFIX_PATH=/home/rohamzn/ros2_test_ws/install/turtlesim:/home/rohamzn/ros2_test_ws/install/tutorial_interfaces:/home/rohamzn/ros2_test_ws/install/learning_tf2_cpp:/home/rohamzn/ros2_test_ws/install/polygon_plugins:/home/rohamzn/ros2_test_ws/install/polygon_base:/home/rohamzn/ros2_test_ws/install/my_package:/home/rohamzn/ros2_test_ws/install/more_interfaces:/home/rohamzn/ros2_test_ws/install/cpp_srvcli:/home/rohamzn/ros2_test_ws/install/cpp_pubsub:/home/rohamzn/ros2_test_ws/install/cpp_parameters:/home/rohamzn/ros2_test_ws/install/cpp_parameter_event_handler:/home/rohamzn/ros2_test_ws/install/cpp_launch_example:/home/rohamzn/ros2_test_ws/install/bag_recorder_nodes:/home/rohamzn/ros2_test_ws/install/action_tutorials_cpp:/home/rohamzn/ros2_test_ws/install/action_tutorials_interfaces:/home/rohamzn/ros2_test_ws/install/bag_recorder_nodes_py:/home/rohamzn/ros2_test_ws/install/learning_tf2_py:/home/rohamzn/ros2_test_ws/install/py_launch_example:/home/rohamzn/ros2_test_ws/install/launch_tutorial:/opt/ros/humble CONDA_PROMPT_MODIFIER=(base) LD_LIBRARY_PATH=/home/rohamzn/ros2_test_ws/install/turtlesim/lib:/home/rohamzn/ros2_test_ws/install/tutorial_interfaces/lib:/home/rohamzn/ros2_test_ws/install/polygon_plugins/lib:/home/rohamzn/ros2_test_ws/install/more_interfaces/lib:/home/rohamzn/ros2_test_ws/install/action_tutorials_cpp/lib:/home/rohamzn/ros2_test_ws/install/action_tutorials_interfaces/lib:/usr/local/cuda/lib64:/opt/ros/humble/opt/rviz_ogre_vendor/lib:/opt/ros/humble/lib/x86_64-linux-gnu:/opt/ros/humble/lib PYTHONPATH=/home/rohamzn/ros2_test_ws/install/turtlesim/lib/python3.10/site-packages:/home/rohamzn/ros2_test_ws/install/bag_recorder_nodes_py/lib/python3.10/site-packages:/home/rohamzn/ros2_test_ws/install/tutorial_interfaces/lib/python3.10/site-packages:/home/rohamzn/ros2_test_ws/install/learning_tf2_py/lib/python3.10/site-packages:/home/rohamzn/ros2_test_ws/install/py_launch_example/lib/python3.10/site-packages:/home/rohamzn/ros2_test_ws/install/more_interfaces/lib/python3.10/site-packages:/home/rohamzn/ros2_test_ws/install/launch_tutorial/lib/python3.10/site-packages:/home/rohamzn/ros2_test_ws/install/action_tutorials_interfaces/lib/python3.10/site-packages:/opt/ros/humble/lib/python3.10/site-packages:/opt/ros/humble/local/lib/python3.10/dist-packages /home/rohamzn/.local/bin/cmake --install /home/rohamzn/ros2_test_ws/build/bag_reading_cpp
[3.851s] -- Install configuration: ""
[3.851s] -- Installing: /home/rohamzn/ros2_test_ws/install/bag_reading_cpp/lib/bag_reading_cpp/simple_bag_reader
[3.851s] -- Set runtime path of "/home/rohamzn/ros2_test_ws/install/bag_reading_cpp/lib/bag_reading_cpp/simple_bag_reader" to ""
[3.851s] -- Installing: /home/rohamzn/ros2_test_ws/install/bag_reading_cpp/share/ament_index/resource_index/package_run_dependencies/bag_reading_cpp
[3.851s] -- Installing: /home/rohamzn/ros2_test_ws/install/bag_reading_cpp/share/ament_index/resource_index/parent_prefix_path/bag_reading_cpp
[3.852s] -- Installing: /home/rohamzn/ros2_test_ws/install/bag_reading_cpp/share/bag_reading_cpp/environment/ament_prefix_path.sh
[3.852s] -- Installing: /home/rohamzn/ros2_test_ws/install/bag_reading_cpp/share/bag_reading_cpp/environment/ament_prefix_path.dsv
[3.852s] -- Installing: /home/rohamzn/ros2_test_ws/install/bag_reading_cpp/share/bag_reading_cpp/environment/path.sh
[3.852s] -- Installing: /home/rohamzn/ros2_test_ws/install/bag_reading_cpp/share/bag_reading_cpp/environment/path.dsv
[3.852s] -- Installing: /home/rohamzn/ros2_test_ws/install/bag_reading_cpp/share/bag_reading_cpp/local_setup.bash
[3.852s] -- Installing: /home/rohamzn/ros2_test_ws/install/bag_reading_cpp/share/bag_reading_cpp/local_setup.sh
[3.852s] -- Installing: /home/rohamzn/ros2_test_ws/install/bag_reading_cpp/share/bag_reading_cpp/local_setup.zsh
[3.852s] -- Installing: /home/rohamzn/ros2_test_ws/install/bag_reading_cpp/share/bag_reading_cpp/local_setup.dsv
[3.852s] -- Installing: /home/rohamzn/ros2_test_ws/install/bag_reading_cpp/share/bag_reading_cpp/package.dsv
[3.852s] -- Installing: /home/rohamzn/ros2_test_ws/install/bag_reading_cpp/share/ament_index/resource_index/packages/bag_reading_cpp
[3.852s] -- Installing: /home/rohamzn/ros2_test_ws/install/bag_reading_cpp/share/bag_reading_cpp/cmake/bag_reading_cppConfig.cmake
[3.852s] -- Installing: /home/rohamzn/ros2_test_ws/install/bag_reading_cpp/share/bag_reading_cpp/cmake/bag_reading_cppConfig-version.cmake
[3.852s] -- Installing: /home/rohamzn/ros2_test_ws/install/bag_reading_cpp/share/bag_reading_cpp/package.xml
[3.856s] Invoked command in '/home/rohamzn/ros2_test_ws/build/bag_reading_cpp' returned '0': CMAKE_PREFIX_PATH=/home/rohamzn/ros2_test_ws/install/turtlesim:/home/rohamzn/ros2_test_ws/install/tutorial_interfaces:/home/rohamzn/ros2_test_ws/install/learning_tf2_cpp:/home/rohamzn/ros2_test_ws/install/polygon_plugins:/home/rohamzn/ros2_test_ws/install/polygon_base:/home/rohamzn/ros2_test_ws/install/my_package:/home/rohamzn/ros2_test_ws/install/more_interfaces:/home/rohamzn/ros2_test_ws/install/cpp_srvcli:/home/rohamzn/ros2_test_ws/install/cpp_pubsub:/home/rohamzn/ros2_test_ws/install/cpp_parameters:/home/rohamzn/ros2_test_ws/install/cpp_parameter_event_handler:/home/rohamzn/ros2_test_ws/install/cpp_launch_example:/home/rohamzn/ros2_test_ws/install/bag_recorder_nodes:/home/rohamzn/ros2_test_ws/install/action_tutorials_cpp:/home/rohamzn/ros2_test_ws/install/action_tutorials_interfaces:/home/rohamzn/ros2_test_ws/install/bag_recorder_nodes_py:/home/rohamzn/ros2_test_ws/install/learning_tf2_py:/home/rohamzn/ros2_test_ws/install/py_launch_example:/home/rohamzn/ros2_test_ws/install/launch_tutorial:/opt/ros/humble CONDA_PROMPT_MODIFIER=(base) LD_LIBRARY_PATH=/home/rohamzn/ros2_test_ws/install/turtlesim/lib:/home/rohamzn/ros2_test_ws/install/tutorial_interfaces/lib:/home/rohamzn/ros2_test_ws/install/polygon_plugins/lib:/home/rohamzn/ros2_test_ws/install/more_interfaces/lib:/home/rohamzn/ros2_test_ws/install/action_tutorials_cpp/lib:/home/rohamzn/ros2_test_ws/install/action_tutorials_interfaces/lib:/usr/local/cuda/lib64:/opt/ros/humble/opt/rviz_ogre_vendor/lib:/opt/ros/humble/lib/x86_64-linux-gnu:/opt/ros/humble/lib PYTHONPATH=/home/rohamzn/ros2_test_ws/install/turtlesim/lib/python3.10/site-packages:/home/rohamzn/ros2_test_ws/install/bag_recorder_nodes_py/lib/python3.10/site-packages:/home/rohamzn/ros2_test_ws/install/tutorial_interfaces/lib/python3.10/site-packages:/home/rohamzn/ros2_test_ws/install/learning_tf2_py/lib/python3.10/site-packages:/home/rohamzn/ros2_test_ws/install/py_launch_example/lib/python3.10/site-packages:/home/rohamzn/ros2_test_ws/install/more_interfaces/lib/python3.10/site-packages:/home/rohamzn/ros2_test_ws/install/launch_tutorial/lib/python3.10/site-packages:/home/rohamzn/ros2_test_ws/install/action_tutorials_interfaces/lib/python3.10/site-packages:/opt/ros/humble/lib/python3.10/site-packages:/opt/ros/humble/local/lib/python3.10/dist-packages /home/rohamzn/.local/bin/cmake --install /home/rohamzn/ros2_test_ws/build/bag_reading_cpp
