[0.010s] Invoking command in '/home/rohamzn/ros2_test_ws/build/my_package': CMAKE_PREFIX_PATH=${CMAKE_PREFIX_PATH}:/opt/ros/humble CONDA_PROMPT_MODIFIER=(base) /home/rohamzn/.local/bin/cmake /home/rohamzn/ros2_test_ws/src/my_package -DCMAKE_INSTALL_PREFIX=/home/rohamzn/ros2_test_ws/install/my_package
[0.052s] -- The C compiler identification is GNU 13.1.0
[0.092s] -- The CXX compiler identification is GNU 11.4.0
[0.103s] -- Detecting C compiler ABI info
[0.138s] -- Detecting C compiler ABI info - done
[0.145s] -- Check for working C compiler: /home/rohamzn/anaconda3/bin/cc - skipped
[0.145s] -- Detecting C compile features
[0.145s] -- Detecting C compile features - done
[0.150s] -- Detecting CXX compiler ABI info
[0.191s] -- Detecting CXX compiler ABI info - done
[0.198s] -- Check for working CXX compiler: /usr/bin/c++ - skipped
[0.198s] -- Detecting CXX compile features
[0.198s] -- Detecting CXX compile features - done
[0.199s] -- Found ament_cmake: 1.3.5 (/opt/ros/humble/share/ament_cmake/cmake)
[0.590s] -- Found Python3: /home/rohamzn/anaconda3/bin/python3.10 (found version "3.10.6") found components: Interpreter 
[0.648s] -- Found ament_lint_auto: 0.12.7 (/opt/ros/humble/share/ament_lint_auto/cmake)
[0.703s] -- Added test 'cppcheck' to perform static code analysis on C / C++ code
[0.703s] -- Configured cppcheck include dirs: $<BUILD_INTERFACE:/home/rohamzn/ros2_test_ws/src/my_package/include>
[0.703s] -- Configured cppcheck exclude dirs and/or files: 
[0.704s] -- Added test 'lint_cmake' to check CMake code style
[0.704s] -- Added test 'uncrustify' to check C / C++ code style
[0.704s] -- Configured uncrustify additional arguments: 
[0.705s] -- Added test 'xmllint' to check XML markup files
[0.705s] -- Configuring done (0.7s)
[0.707s] -- Generating done (0.0s)
[0.708s] -- Build files have been written to: /home/rohamzn/ros2_test_ws/build/my_package
[0.713s] Invoked command in '/home/rohamzn/ros2_test_ws/build/my_package' returned '0': CMAKE_PREFIX_PATH=${CMAKE_PREFIX_PATH}:/opt/ros/humble CONDA_PROMPT_MODIFIER=(base) /home/rohamzn/.local/bin/cmake /home/rohamzn/ros2_test_ws/src/my_package -DCMAKE_INSTALL_PREFIX=/home/rohamzn/ros2_test_ws/install/my_package
[0.714s] Invoking command in '/home/rohamzn/ros2_test_ws/build/my_package': CMAKE_PREFIX_PATH=${CMAKE_PREFIX_PATH}:/opt/ros/humble CONDA_PROMPT_MODIFIER=(base) /home/rohamzn/.local/bin/cmake --build /home/rohamzn/ros2_test_ws/build/my_package -- -j20 -l20
[0.739s] [ 50%] [32mBuilding CXX object CMakeFiles/my_node.dir/src/my_node.cpp.o[0m
[0.751s] [100%] [32m[1mLinking CXX executable my_node[0m
[0.770s] [100%] Built target my_node
[0.775s] Invoked command in '/home/rohamzn/ros2_test_ws/build/my_package' returned '0': CMAKE_PREFIX_PATH=${CMAKE_PREFIX_PATH}:/opt/ros/humble CONDA_PROMPT_MODIFIER=(base) /home/rohamzn/.local/bin/cmake --build /home/rohamzn/ros2_test_ws/build/my_package -- -j20 -l20
[0.801s] Invoking command in '/home/rohamzn/ros2_test_ws/build/my_package': CMAKE_PREFIX_PATH=${CMAKE_PREFIX_PATH}:/opt/ros/humble CONDA_PROMPT_MODIFIER=(base) /home/rohamzn/.local/bin/cmake --install /home/rohamzn/ros2_test_ws/build/my_package
[0.816s] -- Install configuration: ""
[0.816s] -- Installing: /home/rohamzn/ros2_test_ws/install/my_package/lib/my_package/my_node
[0.816s] -- Installing: /home/rohamzn/ros2_test_ws/install/my_package/share/ament_index/resource_index/package_run_dependencies/my_package
[0.816s] -- Installing: /home/rohamzn/ros2_test_ws/install/my_package/share/ament_index/resource_index/parent_prefix_path/my_package
[0.816s] -- Installing: /home/rohamzn/ros2_test_ws/install/my_package/share/my_package/environment/ament_prefix_path.sh
[0.816s] -- Installing: /home/rohamzn/ros2_test_ws/install/my_package/share/my_package/environment/ament_prefix_path.dsv
[0.816s] -- Installing: /home/rohamzn/ros2_test_ws/install/my_package/share/my_package/environment/path.sh
[0.817s] -- Installing: /home/rohamzn/ros2_test_ws/install/my_package/share/my_package/environment/path.dsv
[0.817s] -- Installing: /home/rohamzn/ros2_test_ws/install/my_package/share/my_package/local_setup.bash
[0.817s] -- Installing: /home/rohamzn/ros2_test_ws/install/my_package/share/my_package/local_setup.sh
[0.817s] -- Installing: /home/rohamzn/ros2_test_ws/install/my_package/share/my_package/local_setup.zsh
[0.817s] -- Installing: /home/rohamzn/ros2_test_ws/install/my_package/share/my_package/local_setup.dsv
[0.817s] -- Installing: /home/rohamzn/ros2_test_ws/install/my_package/share/my_package/package.dsv
[0.817s] -- Installing: /home/rohamzn/ros2_test_ws/install/my_package/share/ament_index/resource_index/packages/my_package
[0.817s] -- Installing: /home/rohamzn/ros2_test_ws/install/my_package/share/my_package/cmake/my_packageConfig.cmake
[0.817s] -- Installing: /home/rohamzn/ros2_test_ws/install/my_package/share/my_package/cmake/my_packageConfig-version.cmake
[0.817s] -- Installing: /home/rohamzn/ros2_test_ws/install/my_package/share/my_package/package.xml
[0.821s] Invoked command in '/home/rohamzn/ros2_test_ws/build/my_package' returned '0': CMAKE_PREFIX_PATH=${CMAKE_PREFIX_PATH}:/opt/ros/humble CONDA_PROMPT_MODIFIER=(base) /home/rohamzn/.local/bin/cmake --install /home/rohamzn/ros2_test_ws/build/my_package
