-- Found ament_cmake: 1.3.5 (/opt/ros/humble/share/ament_cmake/cmake)
-- Found ament_lint_auto: 0.12.7 (/opt/ros/humble/share/ament_lint_auto/cmake)
-- Added test 'cppcheck' to perform static code analysis on C / C++ code
-- Configured cppcheck include dirs: $<BUILD_INTERFACE:/home/rohamzn/ros2_test_ws/src/my_package/include>
-- Configured cppcheck exclude dirs and/or files: 
-- Added test 'lint_cmake' to check CMake code style
-- Added test 'uncrustify' to check C / C++ code style
-- Configured uncrustify additional arguments: 
-- Added test 'xmllint' to check XML markup files
-- Configuring done (0.3s)
-- Generating done (0.0s)
-- Build files have been written to: /home/rohamzn/ros2_test_ws/build/my_package
[100%] Built target my_node
-- Install configuration: ""
-- Up-to-date: /home/rohamzn/ros2_test_ws/install/my_package/lib/my_package/my_node
-- Up-to-date: /home/rohamzn/ros2_test_ws/install/my_package/share/ament_index/resource_index/package_run_dependencies/my_package
-- Installing: /home/rohamzn/ros2_test_ws/install/my_package/share/ament_index/resource_index/parent_prefix_path/my_package
-- Up-to-date: /home/rohamzn/ros2_test_ws/install/my_package/share/my_package/environment/ament_prefix_path.sh
-- Installing: /home/rohamzn/ros2_test_ws/install/my_package/share/my_package/environment/ament_prefix_path.dsv
-- Up-to-date: /home/rohamzn/ros2_test_ws/install/my_package/share/my_package/environment/path.sh
-- Installing: /home/rohamzn/ros2_test_ws/install/my_package/share/my_package/environment/path.dsv
-- Up-to-date: /home/rohamzn/ros2_test_ws/install/my_package/share/my_package/local_setup.bash
-- Up-to-date: /home/rohamzn/ros2_test_ws/install/my_package/share/my_package/local_setup.sh
-- Up-to-date: /home/rohamzn/ros2_test_ws/install/my_package/share/my_package/local_setup.zsh
-- Installing: /home/rohamzn/ros2_test_ws/install/my_package/share/my_package/local_setup.dsv
-- Installing: /home/rohamzn/ros2_test_ws/install/my_package/share/my_package/package.dsv
-- Up-to-date: /home/rohamzn/ros2_test_ws/install/my_package/share/ament_index/resource_index/packages/my_package
-- Up-to-date: /home/rohamzn/ros2_test_ws/install/my_package/share/my_package/cmake/my_packageConfig.cmake
-- Up-to-date: /home/rohamzn/ros2_test_ws/install/my_package/share/my_package/cmake/my_packageConfig-version.cmake
-- Installing: /home/rohamzn/ros2_test_ws/install/my_package/share/my_package/package.xml
