[0.022s] Invoking command in '/home/rohamzn/ros2_test_ws/build/my_package': CMAKE_PREFIX_PATH=/opt/ros/humble CONDA_PROMPT_MODIFIER=(base) /home/rohamzn/.local/bin/cmake --build /home/rohamzn/ros2_test_ws/build/my_package -- -j20 -l20
[0.051s] -- Found ament_cmake: 1.3.5 (/opt/ros/humble/share/ament_cmake/cmake)
[0.228s] -- Found ament_lint_auto: 0.12.7 (/opt/ros/humble/share/ament_lint_auto/cmake)
[0.293s] -- Added test 'cppcheck' to perform static code analysis on C / C++ code
[0.293s] -- Configured cppcheck include dirs: $<BUILD_INTERFACE:/home/rohamzn/ros2_test_ws/src/my_package/include>
[0.293s] -- Configured cppcheck exclude dirs and/or files: 
[0.294s] -- Added test 'lint_cmake' to check CMake code style
[0.295s] -- Added test 'uncrustify' to check C / C++ code style
[0.295s] -- Configured uncrustify additional arguments: 
[0.296s] -- Added test 'xmllint' to check XML markup files
[0.297s] -- Configuring done (0.3s)
[0.303s] -- Generating done (0.0s)
[0.303s] -- Build files have been written to: /home/rohamzn/ros2_test_ws/build/my_package
[0.313s] [100%] Built target my_node
[0.318s] Invoked command in '/home/rohamzn/ros2_test_ws/build/my_package' returned '0': CMAKE_PREFIX_PATH=/opt/ros/humble CONDA_PROMPT_MODIFIER=(base) /home/rohamzn/.local/bin/cmake --build /home/rohamzn/ros2_test_ws/build/my_package -- -j20 -l20
[0.352s] Invoking command in '/home/rohamzn/ros2_test_ws/build/my_package': CMAKE_PREFIX_PATH=/opt/ros/humble CONDA_PROMPT_MODIFIER=(base) /home/rohamzn/.local/bin/cmake --install /home/rohamzn/ros2_test_ws/build/my_package
[0.367s] -- Install configuration: ""
[0.368s] -- Up-to-date: /home/rohamzn/ros2_test_ws/install/my_package/lib/my_package/my_node
[0.368s] -- Up-to-date: /home/rohamzn/ros2_test_ws/install/my_package/share/ament_index/resource_index/package_run_dependencies/my_package
[0.368s] -- Installing: /home/rohamzn/ros2_test_ws/install/my_package/share/ament_index/resource_index/parent_prefix_path/my_package
[0.368s] -- Up-to-date: /home/rohamzn/ros2_test_ws/install/my_package/share/my_package/environment/ament_prefix_path.sh
[0.368s] -- Installing: /home/rohamzn/ros2_test_ws/install/my_package/share/my_package/environment/ament_prefix_path.dsv
[0.369s] -- Up-to-date: /home/rohamzn/ros2_test_ws/install/my_package/share/my_package/environment/path.sh
[0.369s] -- Installing: /home/rohamzn/ros2_test_ws/install/my_package/share/my_package/environment/path.dsv
[0.369s] -- Up-to-date: /home/rohamzn/ros2_test_ws/install/my_package/share/my_package/local_setup.bash
[0.369s] -- Up-to-date: /home/rohamzn/ros2_test_ws/install/my_package/share/my_package/local_setup.sh
[0.369s] -- Up-to-date: /home/rohamzn/ros2_test_ws/install/my_package/share/my_package/local_setup.zsh
[0.369s] -- Installing: /home/rohamzn/ros2_test_ws/install/my_package/share/my_package/local_setup.dsv
[0.369s] -- Installing: /home/rohamzn/ros2_test_ws/install/my_package/share/my_package/package.dsv
[0.369s] -- Up-to-date: /home/rohamzn/ros2_test_ws/install/my_package/share/ament_index/resource_index/packages/my_package
[0.370s] -- Up-to-date: /home/rohamzn/ros2_test_ws/install/my_package/share/my_package/cmake/my_packageConfig.cmake
[0.370s] -- Up-to-date: /home/rohamzn/ros2_test_ws/install/my_package/share/my_package/cmake/my_packageConfig-version.cmake
[0.370s] -- Installing: /home/rohamzn/ros2_test_ws/install/my_package/share/my_package/package.xml
[0.379s] Invoked command in '/home/rohamzn/ros2_test_ws/build/my_package' returned '0': CMAKE_PREFIX_PATH=/opt/ros/humble CONDA_PROMPT_MODIFIER=(base) /home/rohamzn/.local/bin/cmake --install /home/rohamzn/ros2_test_ws/build/my_package
