[0.008s] Invoking command in '/home/rohamzn/ros2_test_ws/build/polygon_base': CMAKE_PREFIX_PATH=${CMAKE_PREFIX_PATH}:/opt/ros/humble CONDA_PROMPT_MODIFIER=(base) /home/rohamzn/.local/bin/cmake --build /home/rohamzn/ros2_test_ws/build/polygon_base -- -j20 -l20
[0.035s] [ 50%] [32mBuilding CXX object CMakeFiles/area_node.dir/src/area_node.cpp.o[0m
[1.422s] [100%] [32m[1mLinking CXX executable area_node[0m
[1.488s] [100%] Built target area_node
[1.501s] Invoked command in '/home/rohamzn/ros2_test_ws/build/polygon_base' returned '0': CMAKE_PREFIX_PATH=${CMAKE_PREFIX_PATH}:/opt/ros/humble CONDA_PROMPT_MODIFIER=(base) /home/rohamzn/.local/bin/cmake --build /home/rohamzn/ros2_test_ws/build/polygon_base -- -j20 -l20
[1.547s] Invoking command in '/home/rohamzn/ros2_test_ws/build/polygon_base': CMAKE_PREFIX_PATH=${CMAKE_PREFIX_PATH}:/opt/ros/humble CONDA_PROMPT_MODIFIER=(base) /home/rohamzn/.local/bin/cmake --install /home/rohamzn/ros2_test_ws/build/polygon_base
[1.563s] -- Install configuration: ""
[1.563s] -- Up-to-date: /home/rohamzn/ros2_test_ws/install/polygon_base/include
[1.563s] -- Up-to-date: /home/rohamzn/ros2_test_ws/install/polygon_base/include/polygon_base
[1.563s] -- Up-to-date: /home/rohamzn/ros2_test_ws/install/polygon_base/include/polygon_base/regular_polygon.hpp
[1.563s] -- Installing: /home/rohamzn/ros2_test_ws/install/polygon_base/lib/polygon_base/area_node
[1.564s] -- Set runtime path of "/home/rohamzn/ros2_test_ws/install/polygon_base/lib/polygon_base/area_node" to ""
[1.564s] -- Up-to-date: /home/rohamzn/ros2_test_ws/install/polygon_base/share/ament_index/resource_index/package_run_dependencies/polygon_base
[1.564s] -- Up-to-date: /home/rohamzn/ros2_test_ws/install/polygon_base/share/ament_index/resource_index/parent_prefix_path/polygon_base
[1.564s] -- Up-to-date: /home/rohamzn/ros2_test_ws/install/polygon_base/share/polygon_base/environment/ament_prefix_path.sh
[1.564s] -- Up-to-date: /home/rohamzn/ros2_test_ws/install/polygon_base/share/polygon_base/environment/ament_prefix_path.dsv
[1.564s] -- Up-to-date: /home/rohamzn/ros2_test_ws/install/polygon_base/share/polygon_base/environment/path.sh
[1.564s] -- Up-to-date: /home/rohamzn/ros2_test_ws/install/polygon_base/share/polygon_base/environment/path.dsv
[1.564s] -- Up-to-date: /home/rohamzn/ros2_test_ws/install/polygon_base/share/polygon_base/local_setup.bash
[1.564s] -- Up-to-date: /home/rohamzn/ros2_test_ws/install/polygon_base/share/polygon_base/local_setup.sh
[1.564s] -- Up-to-date: /home/rohamzn/ros2_test_ws/install/polygon_base/share/polygon_base/local_setup.zsh
[1.564s] -- Up-to-date: /home/rohamzn/ros2_test_ws/install/polygon_base/share/polygon_base/local_setup.dsv
[1.564s] -- Installing: /home/rohamzn/ros2_test_ws/install/polygon_base/share/polygon_base/package.dsv
[1.564s] -- Up-to-date: /home/rohamzn/ros2_test_ws/install/polygon_base/share/ament_index/resource_index/packages/polygon_base
[1.564s] -- Up-to-date: /home/rohamzn/ros2_test_ws/install/polygon_base/share/polygon_base/cmake/ament_cmake_export_include_directories-extras.cmake
[1.564s] -- Up-to-date: /home/rohamzn/ros2_test_ws/install/polygon_base/share/polygon_base/cmake/polygon_baseConfig.cmake
[1.564s] -- Up-to-date: /home/rohamzn/ros2_test_ws/install/polygon_base/share/polygon_base/cmake/polygon_baseConfig-version.cmake
[1.564s] -- Up-to-date: /home/rohamzn/ros2_test_ws/install/polygon_base/share/polygon_base/package.xml
[1.568s] Invoked command in '/home/rohamzn/ros2_test_ws/build/polygon_base' returned '0': CMAKE_PREFIX_PATH=${CMAKE_PREFIX_PATH}:/opt/ros/humble CONDA_PROMPT_MODIFIER=(base) /home/rohamzn/.local/bin/cmake --install /home/rohamzn/ros2_test_ws/build/polygon_base
