[0.005s] Invoking command in '/home/rohamzn/ros2_test_ws/build/polygon_plugins': CMAKE_PREFIX_PATH=/home/rohamzn/ros2_test_ws/install/polygon_base:/home/rohamzn/ros2_test_ws/install/tutorial_interfaces:/home/rohamzn/ros2_test_ws/install/turtlesim:/home/rohamzn/ros2_test_ws/install/polygon_plugins:/home/rohamzn/ros2_test_ws/install/my_package:/home/rohamzn/ros2_test_ws/install/more_interfaces:/home/rohamzn/ros2_test_ws/install/cpp_srvcli:/home/rohamzn/ros2_test_ws/install/cpp_pubsub:/home/rohamzn/ros2_test_ws/install/cpp_parameters:/opt/ros/humble CONDA_PROMPT_MODIFIER=(base) /home/rohamzn/.local/bin/cmake --build /home/rohamzn/ros2_test_ws/build/polygon_plugins -- -j20 -l20
[0.027s] -- Found ament_cmake: 1.3.5 (/opt/ros/humble/share/ament_cmake/cmake)
[0.159s] -- Found ament_cmake_ros: 0.10.0 (/opt/ros/humble/share/ament_cmake_ros/cmake)
[0.160s] -- Found polygon_base: 0.0.0 (/home/rohamzn/ros2_test_ws/install/polygon_base/share/polygon_base/cmake)
[0.161s] -- Found pluginlib: 5.1.0 (/opt/ros/humble/share/pluginlib/cmake)
[0.179s] -- Found ament_lint_auto: 0.12.7 (/opt/ros/humble/share/ament_lint_auto/cmake)
[0.226s] -- Added test 'cppcheck' to perform static code analysis on C / C++ code
[0.226s] -- Configured cppcheck include dirs: $<BUILD_INTERFACE:/home/rohamzn/ros2_test_ws/src/polygon_plugins/include>
[0.226s] -- Configured cppcheck exclude dirs and/or files: 
[0.226s] -- Added test 'lint_cmake' to check CMake code style
[0.227s] -- Added test 'uncrustify' to check C / C++ code style
[0.227s] -- Configured uncrustify additional arguments: 
[0.227s] -- Added test 'xmllint' to check XML markup files
[0.228s] -- Configuring done (0.2s)
[0.231s] -- Generating done (0.0s)
[0.231s] -- Build files have been written to: /home/rohamzn/ros2_test_ws/build/polygon_plugins
[0.241s] [100%] Built target polygon_plugins
[0.246s] Invoked command in '/home/rohamzn/ros2_test_ws/build/polygon_plugins' returned '0': CMAKE_PREFIX_PATH=/home/rohamzn/ros2_test_ws/install/polygon_base:/home/rohamzn/ros2_test_ws/install/tutorial_interfaces:/home/rohamzn/ros2_test_ws/install/turtlesim:/home/rohamzn/ros2_test_ws/install/polygon_plugins:/home/rohamzn/ros2_test_ws/install/my_package:/home/rohamzn/ros2_test_ws/install/more_interfaces:/home/rohamzn/ros2_test_ws/install/cpp_srvcli:/home/rohamzn/ros2_test_ws/install/cpp_pubsub:/home/rohamzn/ros2_test_ws/install/cpp_parameters:/opt/ros/humble CONDA_PROMPT_MODIFIER=(base) /home/rohamzn/.local/bin/cmake --build /home/rohamzn/ros2_test_ws/build/polygon_plugins -- -j20 -l20
[0.273s] Invoking command in '/home/rohamzn/ros2_test_ws/build/polygon_plugins': CMAKE_PREFIX_PATH=/home/rohamzn/ros2_test_ws/install/polygon_base:/home/rohamzn/ros2_test_ws/install/tutorial_interfaces:/home/rohamzn/ros2_test_ws/install/turtlesim:/home/rohamzn/ros2_test_ws/install/polygon_plugins:/home/rohamzn/ros2_test_ws/install/my_package:/home/rohamzn/ros2_test_ws/install/more_interfaces:/home/rohamzn/ros2_test_ws/install/cpp_srvcli:/home/rohamzn/ros2_test_ws/install/cpp_pubsub:/home/rohamzn/ros2_test_ws/install/cpp_parameters:/opt/ros/humble CONDA_PROMPT_MODIFIER=(base) /home/rohamzn/.local/bin/cmake --install /home/rohamzn/ros2_test_ws/build/polygon_plugins
[0.289s] -- Install configuration: ""
[0.289s] -- Up-to-date: /home/rohamzn/ros2_test_ws/install/polygon_plugins/share/polygon_plugins/plugins.xml
[0.289s] -- Up-to-date: /home/rohamzn/ros2_test_ws/install/polygon_plugins/include
[0.289s] -- Up-to-date: /home/rohamzn/ros2_test_ws/install/polygon_plugins/include/polygon_plugins
[0.289s] -- Up-to-date: /home/rohamzn/ros2_test_ws/install/polygon_plugins/include/polygon_plugins/polygon_plugins.hpp
[0.289s] -- Up-to-date: /home/rohamzn/ros2_test_ws/install/polygon_plugins/include/polygon_plugins/visibility_control.h
[0.289s] -- Up-to-date: /home/rohamzn/ros2_test_ws/install/polygon_plugins/lib/libpolygon_plugins.so
[0.289s] -- Up-to-date: /home/rohamzn/ros2_test_ws/install/polygon_plugins/share/polygon_plugins/environment/library_path.sh
[0.289s] -- Installing: /home/rohamzn/ros2_test_ws/install/polygon_plugins/share/polygon_plugins/environment/library_path.dsv
[0.289s] -- Up-to-date: /home/rohamzn/ros2_test_ws/install/polygon_plugins/share/ament_index/resource_index/package_run_dependencies/polygon_plugins
[0.289s] -- Installing: /home/rohamzn/ros2_test_ws/install/polygon_plugins/share/ament_index/resource_index/parent_prefix_path/polygon_plugins
[0.289s] -- Up-to-date: /home/rohamzn/ros2_test_ws/install/polygon_plugins/share/polygon_plugins/environment/ament_prefix_path.sh
[0.290s] -- Installing: /home/rohamzn/ros2_test_ws/install/polygon_plugins/share/polygon_plugins/environment/ament_prefix_path.dsv
[0.290s] -- Up-to-date: /home/rohamzn/ros2_test_ws/install/polygon_plugins/share/polygon_plugins/environment/path.sh
[0.290s] -- Installing: /home/rohamzn/ros2_test_ws/install/polygon_plugins/share/polygon_plugins/environment/path.dsv
[0.290s] -- Up-to-date: /home/rohamzn/ros2_test_ws/install/polygon_plugins/share/polygon_plugins/local_setup.bash
[0.290s] -- Up-to-date: /home/rohamzn/ros2_test_ws/install/polygon_plugins/share/polygon_plugins/local_setup.sh
[0.290s] -- Up-to-date: /home/rohamzn/ros2_test_ws/install/polygon_plugins/share/polygon_plugins/local_setup.zsh
[0.290s] -- Installing: /home/rohamzn/ros2_test_ws/install/polygon_plugins/share/polygon_plugins/local_setup.dsv
[0.290s] -- Installing: /home/rohamzn/ros2_test_ws/install/polygon_plugins/share/polygon_plugins/package.dsv
[0.290s] -- Up-to-date: /home/rohamzn/ros2_test_ws/install/polygon_plugins/share/ament_index/resource_index/packages/polygon_plugins
[0.290s] -- Up-to-date: /home/rohamzn/ros2_test_ws/install/polygon_plugins/share/ament_index/resource_index/polygon_base__pluginlib__plugin/polygon_plugins
[0.290s] -- Up-to-date: /home/rohamzn/ros2_test_ws/install/polygon_plugins/share/polygon_plugins/cmake/export_polygon_pluginsExport.cmake
[0.290s] -- Up-to-date: /home/rohamzn/ros2_test_ws/install/polygon_plugins/share/polygon_plugins/cmake/export_polygon_pluginsExport-noconfig.cmake
[0.290s] -- Up-to-date: /home/rohamzn/ros2_test_ws/install/polygon_plugins/share/polygon_plugins/cmake/ament_cmake_export_libraries-extras.cmake
[0.290s] -- Up-to-date: /home/rohamzn/ros2_test_ws/install/polygon_plugins/share/polygon_plugins/cmake/ament_cmake_export_targets-extras.cmake
[0.290s] -- Up-to-date: /home/rohamzn/ros2_test_ws/install/polygon_plugins/share/polygon_plugins/cmake/ament_cmake_export_include_directories-extras.cmake
[0.290s] -- Installing: /home/rohamzn/ros2_test_ws/install/polygon_plugins/share/polygon_plugins/cmake/polygon_pluginsConfig.cmake
[0.290s] -- Up-to-date: /home/rohamzn/ros2_test_ws/install/polygon_plugins/share/polygon_plugins/cmake/polygon_pluginsConfig-version.cmake
[0.290s] -- Up-to-date: /home/rohamzn/ros2_test_ws/install/polygon_plugins/share/polygon_plugins/package.xml
[0.295s] Invoked command in '/home/rohamzn/ros2_test_ws/build/polygon_plugins' returned '0': CMAKE_PREFIX_PATH=/home/rohamzn/ros2_test_ws/install/polygon_base:/home/rohamzn/ros2_test_ws/install/tutorial_interfaces:/home/rohamzn/ros2_test_ws/install/turtlesim:/home/rohamzn/ros2_test_ws/install/polygon_plugins:/home/rohamzn/ros2_test_ws/install/my_package:/home/rohamzn/ros2_test_ws/install/more_interfaces:/home/rohamzn/ros2_test_ws/install/cpp_srvcli:/home/rohamzn/ros2_test_ws/install/cpp_pubsub:/home/rohamzn/ros2_test_ws/install/cpp_parameters:/opt/ros/humble CONDA_PROMPT_MODIFIER=(base) /home/rohamzn/.local/bin/cmake --install /home/rohamzn/ros2_test_ws/build/polygon_plugins
