-- The C compiler identification is GNU 13.1.0
-- The CXX compiler identification is GNU 11.4.0
-- Detecting C compiler ABI info
-- Detecting C compiler ABI info - done
-- Check for working C compiler: /home/rohamzn/anaconda3/bin/cc - skipped
-- Detecting C compile features
-- Detecting C compile features - done
-- Detecting CXX compiler ABI info
-- Detecting CXX compiler ABI info - done
-- Check for working CXX compiler: /usr/bin/c++ - skipped
-- Detecting CXX compile features
-- Detecting CXX compile features - done
-- Found ament_cmake: 1.3.5 (/opt/ros/humble/share/ament_cmake/cmake)
-- Found Python3: /home/rohamzn/anaconda3/bin/python3.10 (found version "3.10.6") found components: Interpreter 
-- Found action_tutorials_interfaces: 0.0.0 (/home/rohamzn/ros2_test_ws/install/action_tutorials_interfaces/share/action_tutorials_interfaces/cmake)
-- Found rosidl_generator_c: 3.1.5 (/opt/ros/humble/share/rosidl_generator_c/cmake)
-- Found rosidl_adapter: 3.1.5 (/opt/ros/humble/share/rosidl_adapter/cmake)
-- Found rosidl_generator_cpp: 3.1.5 (/opt/ros/humble/share/rosidl_generator_cpp/cmake)
-- Using all available rosidl_typesupport_c: rosidl_typesupport_fastrtps_c;rosidl_typesupport_introspection_c
-- Using all available rosidl_typesupport_cpp: rosidl_typesupport_fastrtps_cpp;rosidl_typesupport_introspection_cpp
-- Found rclcpp: 16.0.5 (/opt/ros/humble/share/rclcpp/cmake)
-- Found rmw_implementation_cmake: 6.1.1 (/opt/ros/humble/share/rmw_implementation_cmake/cmake)
-- Found rmw_cyclonedds_cpp: 1.3.4 (/opt/ros/humble/share/rmw_cyclonedds_cpp/cmake)
-- Using RMW implementation 'rmw_cyclonedds_cpp' as default
-- Performing Test CMAKE_HAVE_LIBC_PTHREAD
-- Performing Test CMAKE_HAVE_LIBC_PTHREAD - Failed
-- Looking for pthread_create in pthreads
-- Looking for pthread_create in pthreads - not found
-- Looking for pthread_create in pthread
-- Looking for pthread_create in pthread - found
-- Found Threads: TRUE  
-- Found rclcpp_action: 16.0.5 (/opt/ros/humble/share/rclcpp_action/cmake)
-- Found rclcpp_components: 16.0.5 (/opt/ros/humble/share/rclcpp_components/cmake)
-- Found ament_lint_auto: 0.12.7 (/opt/ros/humble/share/ament_lint_auto/cmake)
-- Added test 'cppcheck' to perform static code analysis on C / C++ code
-- Configured cppcheck include dirs: $<BUILD_INTERFACE:/home/rohamzn/ros2_test_ws/src/action_tutorials_cpp/include>
-- Configured cppcheck exclude dirs and/or files: 
-- Added test 'lint_cmake' to check CMake code style
-- Added test 'uncrustify' to check C / C++ code style
-- Configured uncrustify additional arguments: 
-- Added test 'xmllint' to check XML markup files
-- Configuring done (1.1s)
-- Generating done (0.0s)
-- Build files have been written to: /home/rohamzn/ros2_test_ws/build/action_tutorials_cpp
[ 25%] [32mBuilding CXX object CMakeFiles/action_server.dir/src/fibonacci_action_server.cpp.o[0m
[ 50%] [32mBuilding CXX object CMakeFiles/fibonacci_action_server.dir/rclcpp_components/node_main_fibonacci_action_server.cpp.o[0m
[ 75%] [32m[1mLinking CXX executable fibonacci_action_server[0m
[ 75%] Built target fibonacci_action_server
[100%] [32m[1mLinking CXX shared library libaction_server.so[0m
[100%] Built target action_server
-- Install configuration: ""
-- Installing: /home/rohamzn/ros2_test_ws/install/action_tutorials_cpp/lib/action_tutorials_cpp/fibonacci_action_server
-- Set runtime path of "/home/rohamzn/ros2_test_ws/install/action_tutorials_cpp/lib/action_tutorials_cpp/fibonacci_action_server" to ""
-- Installing: /home/rohamzn/ros2_test_ws/install/action_tutorials_cpp/lib/libaction_server.so
-- Set runtime path of "/home/rohamzn/ros2_test_ws/install/action_tutorials_cpp/lib/libaction_server.so" to ""
-- Installing: /home/rohamzn/ros2_test_ws/install/action_tutorials_cpp/share/ament_index/resource_index/package_run_dependencies/action_tutorials_cpp
-- Installing: /home/rohamzn/ros2_test_ws/install/action_tutorials_cpp/share/ament_index/resource_index/parent_prefix_path/action_tutorials_cpp
-- Installing: /home/rohamzn/ros2_test_ws/install/action_tutorials_cpp/share/action_tutorials_cpp/environment/ament_prefix_path.sh
-- Installing: /home/rohamzn/ros2_test_ws/install/action_tutorials_cpp/share/action_tutorials_cpp/environment/ament_prefix_path.dsv
-- Installing: /home/rohamzn/ros2_test_ws/install/action_tutorials_cpp/share/action_tutorials_cpp/environment/path.sh
-- Installing: /home/rohamzn/ros2_test_ws/install/action_tutorials_cpp/share/action_tutorials_cpp/environment/path.dsv
-- Installing: /home/rohamzn/ros2_test_ws/install/action_tutorials_cpp/share/action_tutorials_cpp/local_setup.bash
-- Installing: /home/rohamzn/ros2_test_ws/install/action_tutorials_cpp/share/action_tutorials_cpp/local_setup.sh
-- Installing: /home/rohamzn/ros2_test_ws/install/action_tutorials_cpp/share/action_tutorials_cpp/local_setup.zsh
-- Installing: /home/rohamzn/ros2_test_ws/install/action_tutorials_cpp/share/action_tutorials_cpp/local_setup.dsv
-- Installing: /home/rohamzn/ros2_test_ws/install/action_tutorials_cpp/share/action_tutorials_cpp/package.dsv
-- Installing: /home/rohamzn/ros2_test_ws/install/action_tutorials_cpp/share/ament_index/resource_index/packages/action_tutorials_cpp
-- Installing: /home/rohamzn/ros2_test_ws/install/action_tutorials_cpp/share/ament_index/resource_index/rclcpp_components/action_tutorials_cpp
-- Installing: /home/rohamzn/ros2_test_ws/install/action_tutorials_cpp/share/action_tutorials_cpp/cmake/action_tutorials_cppConfig.cmake
-- Installing: /home/rohamzn/ros2_test_ws/install/action_tutorials_cpp/share/action_tutorials_cpp/cmake/action_tutorials_cppConfig-version.cmake
-- Installing: /home/rohamzn/ros2_test_ws/install/action_tutorials_cpp/share/action_tutorials_cpp/package.xml
