[0.019s] Invoking command in '/home/rohamzn/ros2_test_ws/build/action_tutorials_cpp': AMENT_PREFIX_PATH=/home/rohamzn/ros2_test_ws/install/action_tutorials_interfaces:${AMENT_PREFIX_PATH} CMAKE_PREFIX_PATH=/home/rohamzn/ros2_test_ws/install/action_tutorials_interfaces:/opt/ros/humble CONDA_PROMPT_MODIFIER=(base) LD_LIBRARY_PATH=/home/rohamzn/ros2_test_ws/install/action_tutorials_interfaces/lib:${LD_LIBRARY_PATH} PYTHONPATH=/home/rohamzn/ros2_test_ws/install/action_tutorials_interfaces/lib/python3.10/site-packages:${PYTHONPATH} /home/rohamzn/.local/bin/cmake /home/rohamzn/ros2_test_ws/src/action_tutorials_cpp -DCMAKE_INSTALL_PREFIX=/home/rohamzn/ros2_test_ws/install/action_tutorials_cpp
[0.058s] -- The C compiler identification is GNU 13.1.0
[0.093s] -- The CXX compiler identification is GNU 11.4.0
[0.103s] -- Detecting C compiler ABI info
[0.138s] -- Detecting C compiler ABI info - done
[0.144s] -- Check for working C compiler: /home/rohamzn/anaconda3/bin/cc - skipped
[0.144s] -- Detecting C compile features
[0.145s] -- Detecting C compile features - done
[0.150s] -- Detecting CXX compiler ABI info
[0.190s] -- Detecting CXX compiler ABI info - done
[0.196s] -- Check for working CXX compiler: /usr/bin/c++ - skipped
[0.196s] -- Detecting CXX compile features
[0.196s] -- Detecting CXX compile features - done
[0.197s] -- Found ament_cmake: 1.3.5 (/opt/ros/humble/share/ament_cmake/cmake)
[0.569s] -- Found Python3: /home/rohamzn/anaconda3/bin/python3.10 (found version "3.10.6") found components: Interpreter 
[0.615s] -- Found action_tutorials_interfaces: 0.0.0 (/home/rohamzn/ros2_test_ws/install/action_tutorials_interfaces/share/action_tutorials_interfaces/cmake)
[0.636s] -- Found rosidl_generator_c: 3.1.5 (/opt/ros/humble/share/rosidl_generator_c/cmake)
[0.639s] -- Found rosidl_adapter: 3.1.5 (/opt/ros/humble/share/rosidl_adapter/cmake)
[0.644s] -- Found rosidl_generator_cpp: 3.1.5 (/opt/ros/humble/share/rosidl_generator_cpp/cmake)
[0.652s] -- Using all available rosidl_typesupport_c: rosidl_typesupport_fastrtps_c;rosidl_typesupport_introspection_c
[0.664s] -- Using all available rosidl_typesupport_cpp: rosidl_typesupport_fastrtps_cpp;rosidl_typesupport_introspection_cpp
[0.754s] -- Found rclcpp: 16.0.5 (/opt/ros/humble/share/rclcpp/cmake)
[0.790s] -- Found rmw_implementation_cmake: 6.1.1 (/opt/ros/humble/share/rmw_implementation_cmake/cmake)
[0.792s] -- Found rmw_cyclonedds_cpp: 1.3.4 (/opt/ros/humble/share/rmw_cyclonedds_cpp/cmake)
[0.812s] -- Using RMW implementation 'rmw_cyclonedds_cpp' as default
[0.818s] -- Performing Test CMAKE_HAVE_LIBC_PTHREAD
[0.852s] -- Performing Test CMAKE_HAVE_LIBC_PTHREAD - Failed
[0.852s] -- Looking for pthread_create in pthreads
[0.882s] -- Looking for pthread_create in pthreads - not found
[0.882s] -- Looking for pthread_create in pthread
[0.924s] -- Looking for pthread_create in pthread - found
[0.925s] -- Found Threads: TRUE  
[1.023s] -- Found rclcpp_action: 16.0.5 (/opt/ros/humble/share/rclcpp_action/cmake)
[1.041s] -- Found rclcpp_components: 16.0.5 (/opt/ros/humble/share/rclcpp_components/cmake)
[1.083s] -- Found ament_lint_auto: 0.12.7 (/opt/ros/humble/share/ament_lint_auto/cmake)
[1.146s] -- Added test 'cppcheck' to perform static code analysis on C / C++ code
[1.146s] -- Configured cppcheck include dirs: $<BUILD_INTERFACE:/home/rohamzn/ros2_test_ws/src/action_tutorials_cpp/include>
[1.146s] -- Configured cppcheck exclude dirs and/or files: 
[1.147s] -- Added test 'lint_cmake' to check CMake code style
[1.147s] -- Added test 'uncrustify' to check C / C++ code style
[1.147s] -- Configured uncrustify additional arguments: 
[1.148s] -- Added test 'xmllint' to check XML markup files
[1.149s] -- Configuring done (1.1s)
[1.155s] [33mCMake Warning at CMakeLists.txt:15 (add_library):
[1.155s]   Cannot generate a safe runtime search path for target action_server because
[1.155s]   files in some directories may conflict with libraries in implicit
[1.155s]   directories:
[1.155s] 
[1.155s]     runtime library [libpython3.10.so.1.0] in /usr/lib/x86_64-linux-gnu may be hidden by files in:
[1.155s]       /home/rohamzn/anaconda3/lib
[1.155s] 
[1.155s]   Some of these libraries may not be found correctly.
[1.155s] 
[1.155s] [0m
[1.157s] [33mCMake Warning at /opt/ros/humble/share/rclcpp_components/cmake/rclcpp_components_register_node.cmake:72 (add_executable):
[1.157s]   Cannot generate a safe runtime search path for target
[1.157s]   fibonacci_action_server because files in some directories may conflict with
[1.157s]   libraries in implicit directories:
[1.157s] 
[1.157s]     runtime library [libpython3.10.so.1.0] in /usr/lib/x86_64-linux-gnu may be hidden by files in:
[1.157s]       /home/rohamzn/anaconda3/lib
[1.157s] 
[1.157s]   Some of these libraries may not be found correctly.
[1.157s] Call Stack (most recent call first):
[1.157s]   CMakeLists.txt:27 (rclcpp_components_register_node)
[1.157s] 
[1.157s] [0m
[1.157s] -- Generating done (0.0s)
[1.158s] -- Build files have been written to: /home/rohamzn/ros2_test_ws/build/action_tutorials_cpp
[1.164s] Invoked command in '/home/rohamzn/ros2_test_ws/build/action_tutorials_cpp' returned '0': AMENT_PREFIX_PATH=/home/rohamzn/ros2_test_ws/install/action_tutorials_interfaces:${AMENT_PREFIX_PATH} CMAKE_PREFIX_PATH=/home/rohamzn/ros2_test_ws/install/action_tutorials_interfaces:/opt/ros/humble CONDA_PROMPT_MODIFIER=(base) LD_LIBRARY_PATH=/home/rohamzn/ros2_test_ws/install/action_tutorials_interfaces/lib:${LD_LIBRARY_PATH} PYTHONPATH=/home/rohamzn/ros2_test_ws/install/action_tutorials_interfaces/lib/python3.10/site-packages:${PYTHONPATH} /home/rohamzn/.local/bin/cmake /home/rohamzn/ros2_test_ws/src/action_tutorials_cpp -DCMAKE_INSTALL_PREFIX=/home/rohamzn/ros2_test_ws/install/action_tutorials_cpp
[1.165s] Invoking command in '/home/rohamzn/ros2_test_ws/build/action_tutorials_cpp': AMENT_PREFIX_PATH=/home/rohamzn/ros2_test_ws/install/action_tutorials_interfaces:${AMENT_PREFIX_PATH} CMAKE_PREFIX_PATH=/home/rohamzn/ros2_test_ws/install/action_tutorials_interfaces:/opt/ros/humble CONDA_PROMPT_MODIFIER=(base) LD_LIBRARY_PATH=/home/rohamzn/ros2_test_ws/install/action_tutorials_interfaces/lib:${LD_LIBRARY_PATH} PYTHONPATH=/home/rohamzn/ros2_test_ws/install/action_tutorials_interfaces/lib/python3.10/site-packages:${PYTHONPATH} /home/rohamzn/.local/bin/cmake --build /home/rohamzn/ros2_test_ws/build/action_tutorials_cpp -- -j20 -l20
[1.192s] [ 25%] [32mBuilding CXX object CMakeFiles/action_server.dir/src/fibonacci_action_server.cpp.o[0m
[1.192s] [ 50%] [32mBuilding CXX object CMakeFiles/fibonacci_action_server.dir/rclcpp_components/node_main_fibonacci_action_server.cpp.o[0m
[2.707s] [ 75%] [32m[1mLinking CXX executable fibonacci_action_server[0m
[2.781s] [ 75%] Built target fibonacci_action_server
[3.064s] [100%] [32m[1mLinking CXX shared library libaction_server.so[0m
[3.145s] [100%] Built target action_server
[3.151s] Invoked command in '/home/rohamzn/ros2_test_ws/build/action_tutorials_cpp' returned '0': AMENT_PREFIX_PATH=/home/rohamzn/ros2_test_ws/install/action_tutorials_interfaces:${AMENT_PREFIX_PATH} CMAKE_PREFIX_PATH=/home/rohamzn/ros2_test_ws/install/action_tutorials_interfaces:/opt/ros/humble CONDA_PROMPT_MODIFIER=(base) LD_LIBRARY_PATH=/home/rohamzn/ros2_test_ws/install/action_tutorials_interfaces/lib:${LD_LIBRARY_PATH} PYTHONPATH=/home/rohamzn/ros2_test_ws/install/action_tutorials_interfaces/lib/python3.10/site-packages:${PYTHONPATH} /home/rohamzn/.local/bin/cmake --build /home/rohamzn/ros2_test_ws/build/action_tutorials_cpp -- -j20 -l20
[3.179s] Invoking command in '/home/rohamzn/ros2_test_ws/build/action_tutorials_cpp': AMENT_PREFIX_PATH=/home/rohamzn/ros2_test_ws/install/action_tutorials_interfaces:${AMENT_PREFIX_PATH} CMAKE_PREFIX_PATH=/home/rohamzn/ros2_test_ws/install/action_tutorials_interfaces:/opt/ros/humble CONDA_PROMPT_MODIFIER=(base) LD_LIBRARY_PATH=/home/rohamzn/ros2_test_ws/install/action_tutorials_interfaces/lib:${LD_LIBRARY_PATH} PYTHONPATH=/home/rohamzn/ros2_test_ws/install/action_tutorials_interfaces/lib/python3.10/site-packages:${PYTHONPATH} /home/rohamzn/.local/bin/cmake --install /home/rohamzn/ros2_test_ws/build/action_tutorials_cpp
[3.194s] -- Install configuration: ""
[3.194s] -- Installing: /home/rohamzn/ros2_test_ws/install/action_tutorials_cpp/lib/action_tutorials_cpp/fibonacci_action_server
[3.194s] -- Set runtime path of "/home/rohamzn/ros2_test_ws/install/action_tutorials_cpp/lib/action_tutorials_cpp/fibonacci_action_server" to ""
[3.194s] -- Installing: /home/rohamzn/ros2_test_ws/install/action_tutorials_cpp/lib/libaction_server.so
[3.195s] -- Set runtime path of "/home/rohamzn/ros2_test_ws/install/action_tutorials_cpp/lib/libaction_server.so" to ""
[3.195s] -- Installing: /home/rohamzn/ros2_test_ws/install/action_tutorials_cpp/share/ament_index/resource_index/package_run_dependencies/action_tutorials_cpp
[3.195s] -- Installing: /home/rohamzn/ros2_test_ws/install/action_tutorials_cpp/share/ament_index/resource_index/parent_prefix_path/action_tutorials_cpp
[3.195s] -- Installing: /home/rohamzn/ros2_test_ws/install/action_tutorials_cpp/share/action_tutorials_cpp/environment/ament_prefix_path.sh
[3.195s] -- Installing: /home/rohamzn/ros2_test_ws/install/action_tutorials_cpp/share/action_tutorials_cpp/environment/ament_prefix_path.dsv
[3.195s] -- Installing: /home/rohamzn/ros2_test_ws/install/action_tutorials_cpp/share/action_tutorials_cpp/environment/path.sh
[3.195s] -- Installing: /home/rohamzn/ros2_test_ws/install/action_tutorials_cpp/share/action_tutorials_cpp/environment/path.dsv
[3.195s] -- Installing: /home/rohamzn/ros2_test_ws/install/action_tutorials_cpp/share/action_tutorials_cpp/local_setup.bash
[3.195s] -- Installing: /home/rohamzn/ros2_test_ws/install/action_tutorials_cpp/share/action_tutorials_cpp/local_setup.sh
[3.195s] -- Installing: /home/rohamzn/ros2_test_ws/install/action_tutorials_cpp/share/action_tutorials_cpp/local_setup.zsh
[3.195s] -- Installing: /home/rohamzn/ros2_test_ws/install/action_tutorials_cpp/share/action_tutorials_cpp/local_setup.dsv
[3.195s] -- Installing: /home/rohamzn/ros2_test_ws/install/action_tutorials_cpp/share/action_tutorials_cpp/package.dsv
[3.195s] -- Installing: /home/rohamzn/ros2_test_ws/install/action_tutorials_cpp/share/ament_index/resource_index/packages/action_tutorials_cpp
[3.195s] -- Installing: /home/rohamzn/ros2_test_ws/install/action_tutorials_cpp/share/ament_index/resource_index/rclcpp_components/action_tutorials_cpp
[3.195s] -- Installing: /home/rohamzn/ros2_test_ws/install/action_tutorials_cpp/share/action_tutorials_cpp/cmake/action_tutorials_cppConfig.cmake
[3.195s] -- Installing: /home/rohamzn/ros2_test_ws/install/action_tutorials_cpp/share/action_tutorials_cpp/cmake/action_tutorials_cppConfig-version.cmake
[3.195s] -- Installing: /home/rohamzn/ros2_test_ws/install/action_tutorials_cpp/share/action_tutorials_cpp/package.xml
[3.199s] Invoked command in '/home/rohamzn/ros2_test_ws/build/action_tutorials_cpp' returned '0': AMENT_PREFIX_PATH=/home/rohamzn/ros2_test_ws/install/action_tutorials_interfaces:${AMENT_PREFIX_PATH} CMAKE_PREFIX_PATH=/home/rohamzn/ros2_test_ws/install/action_tutorials_interfaces:/opt/ros/humble CONDA_PROMPT_MODIFIER=(base) LD_LIBRARY_PATH=/home/rohamzn/ros2_test_ws/install/action_tutorials_interfaces/lib:${LD_LIBRARY_PATH} PYTHONPATH=/home/rohamzn/ros2_test_ws/install/action_tutorials_interfaces/lib/python3.10/site-packages:${PYTHONPATH} /home/rohamzn/.local/bin/cmake --install /home/rohamzn/ros2_test_ws/build/action_tutorials_cpp
