-- Found ament_cmake: 1.3.5 (/opt/ros/humble/share/ament_cmake/cmake)
-- Found rclcpp: 16.0.5 (/opt/ros/humble/share/rclcpp/cmake)
-- Found rosidl_generator_c: 3.1.5 (/opt/ros/humble/share/rosidl_generator_c/cmake)
-- Found rosidl_adapter: 3.1.5 (/opt/ros/humble/share/rosidl_adapter/cmake)
-- Found rosidl_generator_cpp: 3.1.5 (/opt/ros/humble/share/rosidl_generator_cpp/cmake)
-- Using all available rosidl_typesupport_c: rosidl_typesupport_fastrtps_c;rosidl_typesupport_introspection_c
-- Using all available rosidl_typesupport_cpp: rosidl_typesupport_fastrtps_cpp;rosidl_typesupport_introspection_cpp
-- Found rmw_implementation_cmake: 6.1.1 (/opt/ros/humble/share/rmw_implementation_cmake/cmake)
-- Found rmw_cyclonedds_cpp: 1.3.4 (/opt/ros/humble/share/rmw_cyclonedds_cpp/cmake)
-- Using RMW implementation 'rmw_cyclonedds_cpp' as default
-- Found ament_lint_auto: 0.12.7 (/opt/ros/humble/share/ament_lint_auto/cmake)
-- Added test 'cppcheck' to perform static code analysis on C / C++ code
-- Configured cppcheck include dirs: 
-- Configured cppcheck exclude dirs and/or files: 
-- Added test 'flake8' to check Python code syntax and style conventions
-- Added test 'lint_cmake' to check CMake code style
-- Added test 'pep257' to check Python code against some of the docstring style conventions in PEP 257
-- Added test 'uncrustify' to check C / C++ code style
-- Configured uncrustify additional arguments: 
-- Added test 'xmllint' to check XML markup files
-- Configuring done (0.4s)
[33mCMake Warning at CMakeLists.txt:12 (add_executable):
  Cannot generate a safe runtime search path for target minimal_param_node
  because files in some directories may conflict with libraries in implicit
  directories:

    runtime library [libpython3.10.so.1.0] in /usr/lib/x86_64-linux-gnu may be hidden by files in:
      /home/rohamzn/anaconda3/lib

  Some of these libraries may not be found correctly.

[0m
-- Generating done (0.0s)
-- Build files have been written to: /home/rohamzn/ros2_test_ws/build/cpp_parameters
[100%] Built target minimal_param_node
-- Install configuration: ""
-- Up-to-date: /home/rohamzn/ros2_test_ws/install/cpp_parameters/lib/cpp_parameters/minimal_param_node
-- Installing: /home/rohamzn/ros2_test_ws/install/cpp_parameters/share/cpp_parameters/launch
-- Installing: /home/rohamzn/ros2_test_ws/install/cpp_parameters/share/cpp_parameters/launch/cpp_parameters_launch.py
-- Up-to-date: /home/rohamzn/ros2_test_ws/install/cpp_parameters/share/ament_index/resource_index/package_run_dependencies/cpp_parameters
-- Installing: /home/rohamzn/ros2_test_ws/install/cpp_parameters/share/ament_index/resource_index/parent_prefix_path/cpp_parameters
-- Up-to-date: /home/rohamzn/ros2_test_ws/install/cpp_parameters/share/cpp_parameters/environment/ament_prefix_path.sh
-- Installing: /home/rohamzn/ros2_test_ws/install/cpp_parameters/share/cpp_parameters/environment/ament_prefix_path.dsv
-- Up-to-date: /home/rohamzn/ros2_test_ws/install/cpp_parameters/share/cpp_parameters/environment/path.sh
-- Installing: /home/rohamzn/ros2_test_ws/install/cpp_parameters/share/cpp_parameters/environment/path.dsv
-- Up-to-date: /home/rohamzn/ros2_test_ws/install/cpp_parameters/share/cpp_parameters/local_setup.bash
-- Up-to-date: /home/rohamzn/ros2_test_ws/install/cpp_parameters/share/cpp_parameters/local_setup.sh
-- Up-to-date: /home/rohamzn/ros2_test_ws/install/cpp_parameters/share/cpp_parameters/local_setup.zsh
-- Installing: /home/rohamzn/ros2_test_ws/install/cpp_parameters/share/cpp_parameters/local_setup.dsv
-- Installing: /home/rohamzn/ros2_test_ws/install/cpp_parameters/share/cpp_parameters/package.dsv
-- Up-to-date: /home/rohamzn/ros2_test_ws/install/cpp_parameters/share/ament_index/resource_index/packages/cpp_parameters
-- Up-to-date: /home/rohamzn/ros2_test_ws/install/cpp_parameters/share/cpp_parameters/cmake/cpp_parametersConfig.cmake
-- Up-to-date: /home/rohamzn/ros2_test_ws/install/cpp_parameters/share/cpp_parameters/cmake/cpp_parametersConfig-version.cmake
-- Up-to-date: /home/rohamzn/ros2_test_ws/install/cpp_parameters/share/cpp_parameters/package.xml
