[0.007s] Invoking command in '/home/rohamzn/ros2_test_ws/build/cpp_parameters': CMAKE_PREFIX_PATH=${CMAKE_PREFIX_PATH}:/opt/ros/humble CONDA_PROMPT_MODIFIER=(base) /home/rohamzn/.local/bin/cmake --build /home/rohamzn/ros2_test_ws/build/cpp_parameters -- -j20 -l20
[0.030s] -- Found ament_cmake: 1.3.5 (/opt/ros/humble/share/ament_cmake/cmake)
[0.158s] -- Found rclcpp: 16.0.5 (/opt/ros/humble/share/rclcpp/cmake)
[0.176s] -- Found rosidl_generator_c: 3.1.5 (/opt/ros/humble/share/rosidl_generator_c/cmake)
[0.178s] -- Found rosidl_adapter: 3.1.5 (/opt/ros/humble/share/rosidl_adapter/cmake)
[0.182s] -- Found rosidl_generator_cpp: 3.1.5 (/opt/ros/humble/share/rosidl_generator_cpp/cmake)
[0.190s] -- Using all available rosidl_typesupport_c: rosidl_typesupport_fastrtps_c;rosidl_typesupport_introspection_c
[0.200s] -- Using all available rosidl_typesupport_cpp: rosidl_typesupport_fastrtps_cpp;rosidl_typesupport_introspection_cpp
[0.237s] -- Found rmw_implementation_cmake: 6.1.1 (/opt/ros/humble/share/rmw_implementation_cmake/cmake)
[0.238s] -- Found rmw_cyclonedds_cpp: 1.3.4 (/opt/ros/humble/share/rmw_cyclonedds_cpp/cmake)
[0.257s] -- Using RMW implementation 'rmw_cyclonedds_cpp' as default
[0.355s] -- Found ament_lint_auto: 0.12.7 (/opt/ros/humble/share/ament_lint_auto/cmake)
[0.401s] -- Added test 'cppcheck' to perform static code analysis on C / C++ code
[0.401s] -- Configured cppcheck include dirs: 
[0.401s] -- Configured cppcheck exclude dirs and/or files: 
[0.401s] -- Added test 'flake8' to check Python code syntax and style conventions
[0.402s] -- Added test 'lint_cmake' to check CMake code style
[0.402s] -- Added test 'pep257' to check Python code against some of the docstring style conventions in PEP 257
[0.403s] -- Added test 'uncrustify' to check C / C++ code style
[0.403s] -- Configured uncrustify additional arguments: 
[0.403s] -- Added test 'xmllint' to check XML markup files
[0.403s] -- Configuring done (0.4s)
[0.407s] [33mCMake Warning at CMakeLists.txt:12 (add_executable):
[0.407s]   Cannot generate a safe runtime search path for target minimal_param_node
[0.407s]   because files in some directories may conflict with libraries in implicit
[0.407s]   directories:
[0.407s] 
[0.407s]     runtime library [libpython3.10.so.1.0] in /usr/lib/x86_64-linux-gnu may be hidden by files in:
[0.407s]       /home/rohamzn/anaconda3/lib
[0.407s] 
[0.407s]   Some of these libraries may not be found correctly.
[0.407s] 
[0.407s] [0m
[0.408s] -- Generating done (0.0s)
[0.409s] -- Build files have been written to: /home/rohamzn/ros2_test_ws/build/cpp_parameters
[0.422s] [100%] Built target minimal_param_node
[0.427s] Invoked command in '/home/rohamzn/ros2_test_ws/build/cpp_parameters' returned '0': CMAKE_PREFIX_PATH=${CMAKE_PREFIX_PATH}:/opt/ros/humble CONDA_PROMPT_MODIFIER=(base) /home/rohamzn/.local/bin/cmake --build /home/rohamzn/ros2_test_ws/build/cpp_parameters -- -j20 -l20
[0.473s] Invoking command in '/home/rohamzn/ros2_test_ws/build/cpp_parameters': CMAKE_PREFIX_PATH=${CMAKE_PREFIX_PATH}:/opt/ros/humble CONDA_PROMPT_MODIFIER=(base) /home/rohamzn/.local/bin/cmake --install /home/rohamzn/ros2_test_ws/build/cpp_parameters
[0.488s] -- Install configuration: ""
[0.488s] -- Up-to-date: /home/rohamzn/ros2_test_ws/install/cpp_parameters/lib/cpp_parameters/minimal_param_node
[0.488s] -- Installing: /home/rohamzn/ros2_test_ws/install/cpp_parameters/share/cpp_parameters/launch
[0.488s] -- Installing: /home/rohamzn/ros2_test_ws/install/cpp_parameters/share/cpp_parameters/launch/cpp_parameters_launch.py
[0.488s] -- Up-to-date: /home/rohamzn/ros2_test_ws/install/cpp_parameters/share/ament_index/resource_index/package_run_dependencies/cpp_parameters
[0.488s] -- Installing: /home/rohamzn/ros2_test_ws/install/cpp_parameters/share/ament_index/resource_index/parent_prefix_path/cpp_parameters
[0.488s] -- Up-to-date: /home/rohamzn/ros2_test_ws/install/cpp_parameters/share/cpp_parameters/environment/ament_prefix_path.sh
[0.488s] -- Installing: /home/rohamzn/ros2_test_ws/install/cpp_parameters/share/cpp_parameters/environment/ament_prefix_path.dsv
[0.488s] -- Up-to-date: /home/rohamzn/ros2_test_ws/install/cpp_parameters/share/cpp_parameters/environment/path.sh
[0.489s] -- Installing: /home/rohamzn/ros2_test_ws/install/cpp_parameters/share/cpp_parameters/environment/path.dsv
[0.489s] -- Up-to-date: /home/rohamzn/ros2_test_ws/install/cpp_parameters/share/cpp_parameters/local_setup.bash
[0.489s] -- Up-to-date: /home/rohamzn/ros2_test_ws/install/cpp_parameters/share/cpp_parameters/local_setup.sh
[0.489s] -- Up-to-date: /home/rohamzn/ros2_test_ws/install/cpp_parameters/share/cpp_parameters/local_setup.zsh
[0.489s] -- Installing: /home/rohamzn/ros2_test_ws/install/cpp_parameters/share/cpp_parameters/local_setup.dsv
[0.489s] -- Installing: /home/rohamzn/ros2_test_ws/install/cpp_parameters/share/cpp_parameters/package.dsv
[0.489s] -- Up-to-date: /home/rohamzn/ros2_test_ws/install/cpp_parameters/share/ament_index/resource_index/packages/cpp_parameters
[0.489s] -- Up-to-date: /home/rohamzn/ros2_test_ws/install/cpp_parameters/share/cpp_parameters/cmake/cpp_parametersConfig.cmake
[0.489s] -- Up-to-date: /home/rohamzn/ros2_test_ws/install/cpp_parameters/share/cpp_parameters/cmake/cpp_parametersConfig-version.cmake
[0.489s] -- Up-to-date: /home/rohamzn/ros2_test_ws/install/cpp_parameters/share/cpp_parameters/package.xml
[0.492s] Invoked command in '/home/rohamzn/ros2_test_ws/build/cpp_parameters' returned '0': CMAKE_PREFIX_PATH=${CMAKE_PREFIX_PATH}:/opt/ros/humble CONDA_PROMPT_MODIFIER=(base) /home/rohamzn/.local/bin/cmake --install /home/rohamzn/ros2_test_ws/build/cpp_parameters
